<Event xmlns='http://schemas.microsoft.com/win/2004/08/events/event'><System><Provider Name='Microsoft-Windows-Sysmon' Guid='{5770385f-c22a-43e0-bf4c-06f5698ffbd9}'/><EventID>13</EventID><Version>2</Version><Level>4</Level><Task>13</Task><Opcode>0</Opcode><Keywords>0x8000000000000000</Keywords><TimeCreated SystemTime='2023-04-18T17:23:11.660901800Z'/><EventRecordID>13938</EventRecordID><Correlation/><Execution ProcessID='2664' ThreadID='3332'/><Channel>Microsoft-Windows-Sysmon/Operational</Channel><Computer>AttackDefense</Computer><Security UserID='S-1-5-18'/></System><EventData><Data Name='RuleName'>T1042</Data><Data Name='EventType'>SetValue</Data><Data Name='UtcTime'>2023-04-18 17:23:11.646</Data><Data Name='ProcessGuid'>{221ce7aa-d1fc-643e-bd00-00000000e100}</Data><Data Name='ProcessId'>4408</Data><Data Name='Image'>C:\Program Files\Mozilla Firefox\uninstall\helper.exe</Data><Data Name='TargetObject'>HKLM\SOFTWARE\Clients\StartMenuInternet\Firefox-308046B0AF4A39CB\shell\open\command\(Default)</Data><Data Name='Details'>"C:\Program Files\Mozilla Firefox\firefox.exe"</Data><Data Name='User'>ATTACKDEFENSE\Administrator</Data></EventData></Event><Event xmlns='http://schemas.microsoft.com/win/2004/08/events/event'><System><Provider Name='Microsoft-Windows-Sysmon' Guid='{5770385f-c22a-43e0-bf4c-06f5698ffbd9}'/><EventID>13</EventID><Version>2</Version><Level>4</Level><Task>13</Task><Opcode>0</Opcode><Keywords>0x8000000000000000</Keywords><TimeCreated SystemTime='2023-04-18T17:23:11.630965600Z'/><EventRecordID>13937</EventRecordID><Correlation/><Execution ProcessID='2664' ThreadID='3332'/><Channel>Microsoft-Windows-Sysmon/Operational</Channel><Computer>AttackDefense</Computer><Security UserID='S-1-5-18'/></System><EventData><Data Name='RuleName'>-</Data><Data Name='EventType'>SetValue</Data><Data Name='UtcTime'>2023-04-18 17:23:11.615</Data><Data Name='ProcessGuid'>{221ce7aa-d1fc-643e-bd00-00000000e100}</Data><Data Name='ProcessId'>4408</Data><Data Name='Image'>C:\Program Files\Mozilla Firefox\uninstall\helper.exe</Data><Data Name='TargetObject'>HKLM\SOFTWARE\Microsoft\Windows\CurrentVersion\Uninstall\Mozilla Firefox 111.0.1 (x64 en-US)\URLUpdateInfo</Data><Data Name='Details'>https://www.mozilla.org/firefox/111.0.1/releasenotes</Data><Data Name='User'>ATTACKDEFENSE\Administrator</Data></EventData></Event><Event xmlns='http://schemas.microsoft.com/win/2004/08/events/event'><System><Provider Name='Microsoft-Windows-Sysmon' Guid='{5770385f-c22a-43e0-bf4c-06f5698ffbd9}'/><EventID>13</EventID><Version>2</Version><Level>4</Level><Task>13</Task><Opcode>0</Opcode><Keywords>0x8000000000000000</Keywords><TimeCreated SystemTime='2023-04-18T17:23:11.630752700Z'/><EventRecordID>13936</EventRecordID><Correlation/><Execution ProcessID='2664' ThreadID='3332'/><Channel>Microsoft-Windows-Sysmon/Operational</Channel><Computer>AttackDefense</Computer><Security UserID='S-1-5-18'/></System><EventData><Data Name='RuleName'>InvDB-Pub</Data><Data Name='EventType'>SetValue</Data><Data Name='UtcTime'>2023-04-18 17:23:11.615</Data><Data Name='ProcessGuid'>{221ce7aa-d1fc-643e-bd00-00000000e100}</Data><Data Name='ProcessId'>4408</Data><Data Name='Image'>C:\Program Files\Mozilla Firefox\uninstall\helper.exe</Data><Data Name='TargetObject'>HKLM\SOFTWARE\Microsoft\Windows\CurrentVersion\Uninstall\Mozilla Firefox 111.0.1 (x64 en-US)\Publisher</Data><Data Name='Details'>Mozilla</Data><Data Name='User'>ATTACKDEFENSE\Administrator</Data></EventData></Event><Event xmlns='http://schemas.microsoft.com/win/2004/08/events/event'><System><Provider Name='Microsoft-Windows-Sysmon' Guid='{5770385f-c22a-43e0-bf4c-06f5698ffbd9}'/><EventID>11</EventID><Version>2</Version><Level>4</Level><Task>11</Task><Opcode>0</Opcode><Keywords>0x8000000000000000</Keywords><TimeCreated SystemTime='2023-04-18T17:23:11.158437100Z'/><EventRecordID>13935</EventRecordID><Correlation/><Execution ProcessID='2664' ThreadID='3332'/><Channel>Microsoft-Windows-Sysmon/Operational</Channel><Computer>AttackDefense</Computer><Security UserID='S-1-5-18'/></System><EventData><Data Name='RuleName'>DLL</Data><Data Name='UtcTime'>2023-04-18 17:23:11.143</Data><Data Name='ProcessGuid'>{221ce7aa-d1fc-643e-bd00-00000000e100}</Data><Data Name='ProcessId'>4408</Data><Data Name='Image'>C:\Program Files\Mozilla Firefox\uninstall\helper.exe</Data><Data Name='TargetFilename'>C:\Users\ADMINI~1\AppData\Local\Temp\2\nsi26D1.tmp\ApplicationID.dll</Data><Data Name='CreationUtcTime'>2023-04-18 17:23:11.143</Data><Data Name='User'>ATTACKDEFENSE\Administrator</Data></EventData></Event><Event xmlns='http://schemas.microsoft.com/win/2004/08/events/event'><System><Provider Name='Microsoft-Windows-Sysmon' Guid='{5770385f-c22a-43e0-bf4c-06f5698ffbd9}'/><EventID>11</EventID><Version>2</Version><Level>4</Level><Task>11</Task><Opcode>0</Opcode><Keywords>0x8000000000000000</Keywords><TimeCreated SystemTime='2023-04-18T17:23:11.138779400Z'/><EventRecordID>13934</EventRecordID><Correlation/><Execution ProcessID='2664' ThreadID='3332'/><Channel>Microsoft-Windows-Sysmon/Operational</Channel><Computer>AttackDefense</Computer><Security UserID='S-1-5-18'/></System><EventData><Data Name='RuleName'>DLL</Data><Data Name='UtcTime'>2023-04-18 17:23:11.127</Data><Data Name='ProcessGuid'>{221ce7aa-d1fc-643e-bd00-00000000e100}</Data><Data Name='ProcessId'>4408</Data><Data Name='Image'>C:\Program Files\Mozilla Firefox\uninstall\helper.exe</Data><Data Name='TargetFilename'>C:\Users\ADMINI~1\AppData\Local\Temp\2\nsi26D1.tmp\ShellLink.dll</Data><Data Name='CreationUtcTime'>2023-04-18 17:23:11.127</Data><Data Name='User'>ATTACKDEFENSE\Administrator</Data></EventData></Event><Event xmlns='http://schemas.microsoft.com/win/2004/08/events/event'><System><Provider Name='Microsoft-Windows-Sysmon' Guid='{5770385f-c22a-43e0-bf4c-06f5698ffbd9}'/><EventID>11</EventID><Version>2</Version><Level>4</Level><Task>11</Task><Opcode>0</Opcode><Keywords>0x8000000000000000</Keywords><TimeCreated SystemTime='2023-04-18T17:23:10.583002900Z'/><EventRecordID>13933</EventRecordID><Correlation/><Execution ProcessID='2664' ThreadID='3332'/><Channel>Microsoft-Windows-Sysmon/Operational</Channel><Computer>AttackDefense</Computer><Security UserID='S-1-5-18'/></System><EventData><Data Name='RuleName'>DLL</Data><Data Name='UtcTime'>2023-04-18 17:23:10.580</Data><Data Name='ProcessGuid'>{221ce7aa-d1fc-643e-bd00-00000000e100}</Data><Data Name='ProcessId'>4408</Data><Data Name='Image'>C:\Program Files\Mozilla Firefox\uninstall\helper.exe</Data><Data Name='TargetFilename'>C:\Users\ADMINI~1\AppData\Local\Temp\2\nsi26D1.tmp\liteFirewallW.dll</Data><Data Name='CreationUtcTime'>2023-04-18 17:23:10.580</Data><Data Name='User'>ATTACKDEFENSE\Administrator</Data></EventData></Event><Event xmlns='http://schemas.microsoft.com/win/2004/08/events/event'><System><Provider Name='Microsoft-Windows-Sysmon' Guid='{5770385f-c22a-43e0-bf4c-06f5698ffbd9}'/><EventID>12</EventID><Version>2</Version><Level>4</Level><Task>12</Task><Opcode>0</Opcode><Keywords>0x8000000000000000</Keywords><TimeCreated SystemTime='2023-04-18T17:23:10.576609800Z'/><EventRecordID>13932</EventRecordID><Correlation/><Execution ProcessID='2664' ThreadID='3332'/><Channel>Microsoft-Windows-Sysmon/Operational</Channel><Computer>AttackDefense</Computer><Security UserID='S-1-5-18'/></System><EventData><Data Name='RuleName'>-</Data><Data Name='EventType'>DeleteKey</Data><Data Name='UtcTime'>2023-04-18 17:23:10.563</Data><Data Name='ProcessGuid'>{221ce7aa-d1fc-643e-bd00-00000000e100}</Data><Data Name='ProcessId'>4408</Data><Data Name='Image'>C:\Program Files\Mozilla Firefox\uninstall\helper.exe</Data><Data Name='TargetObject'>HKLM\System\CurrentControlSet\Services\WinSock2\Parameters\AppId_Catalog\1F97E3EE</Data><Data Name='User'>ATTACKDEFENSE\Administrator</Data></EventData></Event><Event xmlns='http://schemas.microsoft.com/win/2004/08/events/event'><System><Provider Name='Microsoft-Windows-Sysmon' Guid='{5770385f-c22a-43e0-bf4c-06f5698ffbd9}'/><EventID>13</EventID><Version>2</Version><Level>4</Level><Task>13</Task><Opcode>0</Opcode><Keywords>0x8000000000000000</Keywords><TimeCreated SystemTime='2023-04-18T17:23:10.569866300Z'/><EventRecordID>13931</EventRecordID><Correlation/><Execution ProcessID='2664' ThreadID='3332'/><Channel>Microsoft-Windows-Sysmon/Operational</Channel><Computer>AttackDefense</Computer><Security UserID='S-1-5-18'/></System><EventData><Data Name='RuleName'>T1122</Data><Data Name='EventType'>SetValue</Data><Data Name='UtcTime'>2023-04-18 17:23:10.563</Data><Data Name='ProcessGuid'>{221ce7aa-d1fc-643e-bd00-00000000e100}</Data><Data Name='ProcessId'>4408</Data><Data Name='Image'>C:\Program Files\Mozilla Firefox\uninstall\helper.exe</Data><Data Name='TargetObject'>HKCR\FirefoxURL-308046B0AF4A39CB\shell\open\ddeexec\(Default)</Data><Data Name='Details'>(Empty)</Data><Data Name='User'>ATTACKDEFENSE\Administrator</Data></EventData></Event><Event xmlns='http://schemas.microsoft.com/win/2004/08/events/event'><System><Provider Name='Microsoft-Windows-Sysmon' Guid='{5770385f-c22a-43e0-bf4c-06f5698ffbd9}'/><EventID>13</EventID><Version>2</Version><Level>4</Level><Task>13</Task><Opcode>0</Opcode><Keywords>0x8000000000000000</Keywords><TimeCreated SystemTime='2023-04-18T17:23:10.569727000Z'/><EventRecordID>13930</EventRecordID><Correlation/><Execution ProcessID='2664' ThreadID='3332'/><Channel>Microsoft-Windows-Sysmon/Operational</Channel><Computer>AttackDefense</Computer><Security UserID='S-1-5-18'/></System><EventData><Data Name='RuleName'>T1042</Data><Data Name='EventType'>SetValue</Data><Data Name='UtcTime'>2023-04-18 17:23:10.563</Data><Data Name='ProcessGuid'>{221ce7aa-d1fc-643e-bd00-00000000e100}</Data><Data Name='ProcessId'>4408</Data><Data Name='Image'>C:\Program Files\Mozilla Firefox\uninstall\helper.exe</Data><Data Name='TargetObject'>HKCR\FirefoxURL-308046B0AF4A39CB\shell\open\command\(Default)</Data><Data Name='Details'>"C:\Program Files\Mozilla Firefox\firefox.exe" -osint -url "%%1"</Data><Data Name='User'>ATTACKDEFENSE\Administrator</Data></EventData></Event><Event xmlns='http://schemas.microsoft.com/win/2004/08/events/event'><System><Provider Name='Microsoft-Windows-Sysmon' Guid='{5770385f-c22a-43e0-bf4c-06f5698ffbd9}'/><EventID>13</EventID><Version>2</Version><Level>4</Level><Task>13</Task><Opcode>0</Opcode><Keywords>0x8000000000000000</Keywords><TimeCreated SystemTime='2023-04-18T17:23:10.568818900Z'/><EventRecordID>13929</EventRecordID><Correlation/><Execution ProcessID='2664' ThreadID='3332'/><Channel>Microsoft-Windows-Sysmon/Operational</Channel><Computer>AttackDefense</Computer><Security UserID='S-1-5-18'/></System><EventData><Data Name='RuleName'>T1122</Data><Data Name='EventType'>SetValue</Data><Data Name='UtcTime'>2023-04-18 17:23:10.563</Data><Data Name='ProcessGuid'>{221ce7aa-d1fc-643e-bd00-00000000e100}</Data><Data Name='ProcessId'>4408</Data><Data Name='Image'>C:\Program Files\Mozilla Firefox\uninstall\helper.exe</Data><Data Name='TargetObject'>HKCR\FirefoxPDF-308046B0AF4A39CB\shell\open\ddeexec\(Default)</Data><Data Name='Details'>(Empty)</Data><Data Name='User'>ATTACKDEFENSE\Administrator</Data></EventData></Event><Event xmlns='http://schemas.microsoft.com/win/2004/08/events/event'><System><Provider Name='Microsoft-Windows-Sysmon' Guid='{5770385f-c22a-43e0-bf4c-06f5698ffbd9}'/><EventID>13</EventID><Version>2</Version><Level>4</Level><Task>13</Task><Opcode>0</Opcode><Keywords>0x8000000000000000</Keywords><TimeCreated SystemTime='2023-04-18T17:23:10.568687900Z'/><EventRecordID>13928</EventRecordID><Correlation/><Execution ProcessID='2664' ThreadID='3332'/><Channel>Microsoft-Windows-Sysmon/Operational</Channel><Computer>AttackDefense</Computer><Security UserID='S-1-5-18'/></System><EventData><Data Name='RuleName'>T1042</Data><Data Name='EventType'>SetValue</Data><Data Name='UtcTime'>2023-04-18 17:23:10.563</Data><Data Name='ProcessGuid'>{221ce7aa-d1fc-643e-bd00-00000000e100}</Data><Data Name='ProcessId'>4408</Data><Data Name='Image'>C:\Program Files\Mozilla Firefox\uninstall\helper.exe</Data><Data Name='TargetObject'>HKCR\FirefoxPDF-308046B0AF4A39CB\shell\open\command\(Default)</Data><Data Name='Details'>"C:\Program Files\Mozilla Firefox\firefox.exe" -osint -url "%%1"</Data><Data Name='User'>ATTACKDEFENSE\Administrator</Data></EventData></Event><Event xmlns='http://schemas.microsoft.com/win/2004/08/events/event'><System><Provider Name='Microsoft-Windows-Sysmon' Guid='{5770385f-c22a-43e0-bf4c-06f5698ffbd9}'/><EventID>13</EventID><Version>2</Version><Level>4</Level><Task>13</Task><Opcode>0</Opcode><Keywords>0x8000000000000000</Keywords><TimeCreated SystemTime='2023-04-18T17:23:10.568313900Z'/><EventRecordID>13927</EventRecordID><Correlation/><Execution ProcessID='2664' ThreadID='3332'/><Channel>Microsoft-Windows-Sysmon/Operational</Channel><Computer>AttackDefense</Computer><Security UserID='S-1-5-18'/></System><EventData><Data Name='RuleName'>T1122</Data><Data Name='EventType'>SetValue</Data><Data Name='UtcTime'>2023-04-18 17:23:10.563</Data><Data Name='ProcessGuid'>{221ce7aa-d1fc-643e-bd00-00000000e100}</Data><Data Name='ProcessId'>4408</Data><Data Name='Image'>C:\Program Files\Mozilla Firefox\uninstall\helper.exe</Data><Data Name='TargetObject'>HKCR\FirefoxHTML-308046B0AF4A39CB\shell\open\ddeexec\(Default)</Data><Data Name='Details'>(Empty)</Data><Data Name='User'>ATTACKDEFENSE\Administrator</Data></EventData></Event><Event xmlns='http://schemas.microsoft.com/win/2004/08/events/event'><System><Provider Name='Microsoft-Windows-Sysmon' Guid='{5770385f-c22a-43e0-bf4c-06f5698ffbd9}'/><EventID>13</EventID><Version>2</Version><Level>4</Level><Task>13</Task><Opcode>0</Opcode><Keywords>0x8000000000000000</Keywords><TimeCreated SystemTime='2023-04-18T17:23:10.568115900Z'/><EventRecordID>13926</EventRecordID><Correlation/><Execution ProcessID='2664' ThreadID='3332'/><Channel>Microsoft-Windows-Sysmon/Operational</Channel><Computer>AttackDefense</Computer><Security UserID='S-1-5-18'/></System><EventData><Data Name='RuleName'>T1042</Data><Data Name='EventType'>SetValue</Data><Data Name='UtcTime'>2023-04-18 17:23:10.563</Data><Data Name='ProcessGuid'>{221ce7aa-d1fc-643e-bd00-00000000e100}</Data><Data Name='ProcessId'>4408</Data><Data Name='Image'>C:\Program Files\Mozilla Firefox\uninstall\helper.exe</Data><Data Name='TargetObject'>HKCR\FirefoxHTML-308046B0AF4A39CB\shell\open\command\(Default)</Data><Data Name='Details'>"C:\Program Files\Mozilla Firefox\firefox.exe" -osint -url "%%1"</Data><Data Name='User'>ATTACKDEFENSE\Administrator</Data></EventData></Event><Event xmlns='http://schemas.microsoft.com/win/2004/08/events/event'><System><Provider Name='Microsoft-Windows-Sysmon' Guid='{5770385f-c22a-43e0-bf4c-06f5698ffbd9}'/><EventID>13</EventID><Version>2</Version><Level>4</Level><Task>13</Task><Opcode>0</Opcode><Keywords>0x8000000000000000</Keywords><TimeCreated SystemTime='2023-04-18T17:23:10.559293400Z'/><EventRecordID>13925</EventRecordID><Correlation/><Execution ProcessID='2664' ThreadID='3332'/><Channel>Microsoft-Windows-Sysmon/Operational</Channel><Computer>AttackDefense</Computer><Security UserID='S-1-5-18'/></System><EventData><Data Name='RuleName'>T1122</Data><Data Name='EventType'>SetValue</Data><Data Name='UtcTime'>2023-04-18 17:23:10.551</Data><Data Name='ProcessGuid'>{221ce7aa-d1fc-643e-bd00-00000000e100}</Data><Data Name='ProcessId'>4408</Data><Data Name='Image'>C:\Program Files\Mozilla Firefox\uninstall\helper.exe</Data><Data Name='TargetObject'>HKU\S-1-5-21-3688751335-3073641799-161370460-500_Classes\FirefoxPDF-308046B0AF4A39CB\shell\open\ddeexec\(Default)</Data><Data Name='Details'>(Empty)</Data><Data Name='User'>ATTACKDEFENSE\Administrator</Data></EventData></Event><Event xmlns='http://schemas.microsoft.com/win/2004/08/events/event'><System><Provider Name='Microsoft-Windows-Sysmon' Guid='{5770385f-c22a-43e0-bf4c-06f5698ffbd9}'/><EventID>13</EventID><Version>2</Version><Level>4</Level><Task>13</Task><Opcode>0</Opcode><Keywords>0x8000000000000000</Keywords><TimeCreated SystemTime='2023-04-18T17:23:10.559119200Z'/><EventRecordID>13924</EventRecordID><Correlation/><Execution ProcessID='2664' ThreadID='3332'/><Channel>Microsoft-Windows-Sysmon/Operational</Channel><Computer>AttackDefense</Computer><Security UserID='S-1-5-18'/></System><EventData><Data Name='RuleName'>T1042</Data><Data Name='EventType'>SetValue</Data><Data Name='UtcTime'>2023-04-18 17:23:10.551</Data><Data Name='ProcessGuid'>{221ce7aa-d1fc-643e-bd00-00000000e100}</Data><Data Name='ProcessId'>4408</Data><Data Name='Image'>C:\Program Files\Mozilla Firefox\uninstall\helper.exe</Data><Data Name='TargetObject'>HKU\S-1-5-21-3688751335-3073641799-161370460-500_Classes\FirefoxPDF-308046B0AF4A39CB\shell\open\command\(Default)</Data><Data Name='Details'>"C:\Program Files\Mozilla Firefox\firefox.exe" -osint -url "%%1"</Data><Data Name='User'>ATTACKDEFENSE\Administrator</Data></EventData></Event><Event xmlns='http://schemas.microsoft.com/win/2004/08/events/event'><System><Provider Name='Microsoft-Windows-Sysmon' Guid='{5770385f-c22a-43e0-bf4c-06f5698ffbd9}'/><EventID>11</EventID><Version>2</Version><Level>4</Level><Task>11</Task><Opcode>0</Opcode><Keywords>0x8000000000000000</Keywords><TimeCreated SystemTime='2023-04-18T17:23:10.542634800Z'/><EventRecordID>13923</EventRecordID><Correlation/><Execution ProcessID='2664' ThreadID='3332'/><Channel>Microsoft-Windows-Sysmon/Operational</Channel><Computer>AttackDefense</Computer><Security UserID='S-1-5-18'/></System><EventData><Data Name='RuleName'>DLL</Data><Data Name='UtcTime'>2023-04-18 17:23:10.532</Data><Data Name='ProcessGuid'>{221ce7aa-d1fc-643e-bd00-00000000e100}</Data><Data Name='ProcessId'>4408</Data><Data Name='Image'>C:\Program Files\Mozilla Firefox\uninstall\helper.exe</Data><Data Name='TargetFilename'>C:\Users\ADMINI~1\AppData\Local\Temp\2\nsi26D1.tmp\CityHash.dll</Data><Data Name='CreationUtcTime'>2023-04-18 17:23:10.532</Data><Data Name='User'>ATTACKDEFENSE\Administrator</Data></EventData></Event><Event xmlns='http://schemas.microsoft.com/win/2004/08/events/event'><System><Provider Name='Microsoft-Windows-Sysmon' Guid='{5770385f-c22a-43e0-bf4c-06f5698ffbd9}'/><EventID>11</EventID><Version>2</Version><Level>4</Level><Task>11</Task><Opcode>0</Opcode><Keywords>0x8000000000000000</Keywords><TimeCreated SystemTime='2023-04-18T17:23:10.539246000Z'/><EventRecordID>13922</EventRecordID><Correlation/><Execution ProcessID='2664' ThreadID='3332'/><Channel>Microsoft-Windows-Sysmon/Operational</Channel><Computer>AttackDefense</Computer><Security UserID='S-1-5-18'/></System><EventData><Data Name='RuleName'>DLL</Data><Data Name='UtcTime'>2023-04-18 17:23:10.532</Data><Data Name='ProcessGuid'>{221ce7aa-d1fc-643e-bd00-00000000e100}</Data><Data Name='ProcessId'>4408</Data><Data Name='Image'>C:\Program Files\Mozilla Firefox\uninstall\helper.exe</Data><Data Name='TargetFilename'>C:\Users\ADMINI~1\AppData\Local\Temp\2\nsi26D1.tmp\System.dll</Data><Data Name='CreationUtcTime'>2023-04-18 17:23:10.532</Data><Data Name='User'>ATTACKDEFENSE\Administrator</Data></EventData></Event><Event xmlns='http://schemas.microsoft.com/win/2004/08/events/event'><System><Provider Name='Microsoft-Windows-Sysmon' Guid='{5770385f-c22a-43e0-bf4c-06f5698ffbd9}'/><EventID>1</EventID><Version>5</Version><Level>4</Level><Task>1</Task><Opcode>0</Opcode><Keywords>0x8000000000000000</Keywords><TimeCreated SystemTime='2023-04-18T17:23:08.347019800Z'/><EventRecordID>13921</EventRecordID><Correlation/><Execution ProcessID='2664' ThreadID='3332'/><Channel>Microsoft-Windows-Sysmon/Operational</Channel><Computer>AttackDefense</Computer><Security UserID='S-1-5-18'/></System><EventData><Data Name='RuleName'>-</Data><Data Name='UtcTime'>2023-04-18 17:23:08.328</Data><Data Name='ProcessGuid'>{221ce7aa-d1fc-643e-bd00-00000000e100}</Data><Data Name='ProcessId'>4408</Data><Data Name='Image'>C:\Program Files\Mozilla Firefox\uninstall\helper.exe</Data><Data Name='FileVersion'>111.0.1</Data><Data Name='Description'>Firefox Helper</Data><Data Name='Product'>Firefox</Data><Data Name='Company'>Mozilla Corporation</Data><Data Name='OriginalFileName'>helper.exe</Data><Data Name='CommandLine'>argv0ignored /PostUpdate</Data><Data Name='CurrentDirectory'>C:\Program Files\Mozilla Firefox\</Data><Data Name='User'>ATTACKDEFENSE\Administrator</Data><Data Name='LogonGuid'>{221ce7aa-cfd9-643e-3bad-020000000000}</Data><Data Name='LogonId'>0x2ad3b</Data><Data Name='TerminalSessionId'>2</Data><Data Name='IntegrityLevel'>Medium</Data><Data Name='Hashes'>MD5=2BA34EAFE7D0C5C4C20A36771348BA5D,SHA256=FF0C514D48616239B6BA221E91E6911E29DB518587E66946D0A463C15B799944,IMPHASH=6E7F9A29F2C85394521A08B9F31F6275</Data><Data Name='ParentProcessGuid'>{221ce7aa-d1fc-643e-bc00-00000000e100}</Data><Data Name='ParentProcessId'>4520</Data><Data Name='ParentImage'>C:\Program Files\Mozilla Firefox\updater.exe</Data><Data Name='ParentCommandLine'>"C:\Program Files\Mozilla Firefox\updater.exe" C:\ProgramData\Mozilla-1de4eec8-1241-4177-a864-e594e8d1fb38\updates\308046B0AF4A39CB\updates\0 "C:\Program Files\Mozilla Firefox" "C:\Program Files\Mozilla Firefox\updated" 1808/replace "C:\Program Files\Mozilla Firefox" "C:\Program Files\Mozilla Firefox\firefox.exe"</Data><Data Name='ParentUser'>ATTACKDEFENSE\Administrator</Data></EventData></Event><Event xmlns='http://schemas.microsoft.com/win/2004/08/events/event'><System><Provider Name='Microsoft-Windows-Sysmon' Guid='{5770385f-c22a-43e0-bf4c-06f5698ffbd9}'/><EventID>1</EventID><Version>5</Version><Level>4</Level><Task>1</Task><Opcode>0</Opcode><Keywords>0x8000000000000000</Keywords><TimeCreated SystemTime='2023-04-18T17:23:08.139379800Z'/><EventRecordID>13920</EventRecordID><Correlation/><Execution ProcessID='2664' ThreadID='3332'/><Channel>Microsoft-Windows-Sysmon/Operational</Channel><Computer>AttackDefense</Computer><Security UserID='S-1-5-18'/></System><EventData><Data Name='RuleName'>-</Data><Data Name='UtcTime'>2023-04-18 17:23:08.127</Data><Data Name='ProcessGuid'>{221ce7aa-d1fc-643e-bc00-00000000e100}</Data><Data Name='ProcessId'>4520</Data><Data Name='Image'>C:\Program Files\Mozilla Firefox\updater.exe</Data><Data Name='FileVersion'>110.0.1</Data><Data Name='Description'>Firefox Software Updater</Data><Data Name='Product'>Firefox</Data><Data Name='Company'>Mozilla Foundation</Data><Data Name='OriginalFileName'>updater.exe</Data><Data Name='CommandLine'>"C:\Program Files\Mozilla Firefox\updater.exe" C:\ProgramData\Mozilla-1de4eec8-1241-4177-a864-e594e8d1fb38\updates\308046B0AF4A39CB\updates\0 "C:\Program Files\Mozilla Firefox" "C:\Program Files\Mozilla Firefox\updated" 1808/replace "C:\Program Files\Mozilla Firefox" "C:\Program Files\Mozilla Firefox\firefox.exe"</Data><Data Name='CurrentDirectory'>C:\Program Files\Mozilla Firefox\</Data><Data Name='User'>ATTACKDEFENSE\Administrator</Data><Data Name='LogonGuid'>{221ce7aa-cfd9-643e-3bad-020000000000}</Data><Data Name='LogonId'>0x2ad3b</Data><Data Name='TerminalSessionId'>2</Data><Data Name='IntegrityLevel'>Medium</Data><Data Name='Hashes'>MD5=1FF6AB6C74F373EB2C6658C113BE1AE3,SHA256=0E608E19EDCACF6A5D0BDABF1B6E2547586FE4180DD70656673D47A79D01F4CC,IMPHASH=FBDDC08E47AB33AFE9E6D2E1B369B04E</Data><Data Name='ParentProcessGuid'>{221ce7aa-d1f2-643e-bb00-00000000e100}</Data><Data Name='ParentProcessId'>1808</Data><Data Name='ParentImage'>C:\Program Files\Mozilla Firefox\firefox.exe</Data><Data Name='ParentCommandLine'>"C:\Program Files\Mozilla Firefox\firefox.exe"</Data><Data Name='ParentUser'>ATTACKDEFENSE\Administrator</Data></EventData></Event><Event xmlns='http://schemas.microsoft.com/win/2004/08/events/event'><System><Provider Name='Microsoft-Windows-Sysmon' Guid='{5770385f-c22a-43e0-bf4c-06f5698ffbd9}'/><EventID>1</EventID><Version>5</Version><Level>4</Level><Task>1</Task><Opcode>0</Opcode><Keywords>0x8000000000000000</Keywords><TimeCreated SystemTime='2023-04-18T17:22:58.954055300Z'/><EventRecordID>13919</EventRecordID><Correlation/><Execution ProcessID='2664' ThreadID='3332'/><Channel>Microsoft-Windows-Sysmon/Operational</Channel><Computer>AttackDefense</Computer><Security UserID='S-1-5-18'/></System><EventData><Data Name='RuleName'>-</Data><Data Name='UtcTime'>2023-04-18 17:22:58.953</Data><Data Name='ProcessGuid'>{221ce7aa-d1f2-643e-bb00-00000000e100}</Data><Data Name='ProcessId'>1808</Data><Data Name='Image'>C:\Program Files\Mozilla Firefox\firefox.exe</Data><Data Name='FileVersion'>110.0.1</Data><Data Name='Description'>Firefox</Data><Data Name='Product'>Firefox</Data><Data Name='Company'>Mozilla Corporation</Data><Data Name='OriginalFileName'>firefox.exe</Data><Data Name='CommandLine'>"C:\Program Files\Mozilla Firefox\firefox.exe"</Data><Data Name='CurrentDirectory'>C:\Program Files\Mozilla Firefox\</Data><Data Name='User'>ATTACKDEFENSE\Administrator</Data><Data Name='LogonGuid'>{221ce7aa-cfd9-643e-3bad-020000000000}</Data><Data Name='LogonId'>0x2ad3b</Data><Data Name='TerminalSessionId'>2</Data><Data Name='IntegrityLevel'>Medium</Data><Data Name='Hashes'>MD5=AB63396CB0774AC41107B7B112F81D5A,SHA256=9A43C57F3E98BD69789E8CCBEEF2C1B6B5A3B1D06D63257BB4BD58DFFA23689D,IMPHASH=D1B34C85804B0561CB140EC571B3DE8B</Data><Data Name='ParentProcessGuid'>{221ce7aa-d1f2-643e-b900-00000000e100}</Data><Data Name='ParentProcessId'>2040</Data><Data Name='ParentImage'>C:\Program Files\Mozilla Firefox\firefox.exe</Data><Data Name='ParentCommandLine'>"C:\Program Files\Mozilla Firefox\firefox.exe" </Data><Data Name='ParentUser'>ATTACKDEFENSE\Administrator</Data></EventData></Event><Event xmlns='http://schemas.microsoft.com/win/2004/08/events/event'><System><Provider Name='Microsoft-Windows-Sysmon' Guid='{5770385f-c22a-43e0-bf4c-06f5698ffbd9}'/><EventID>1</EventID><Version>5</Version><Level>4</Level><Task>1</Task><Opcode>0</Opcode><Keywords>0x8000000000000000</Keywords><TimeCreated SystemTime='2023-04-18T17:22:58.911635100Z'/><EventRecordID>13918</EventRecordID><Correlation/><Execution ProcessID='2664' ThreadID='3332'/><Channel>Microsoft-Windows-Sysmon/Operational</Channel><Computer>AttackDefense</Computer><Security UserID='S-1-5-18'/></System><EventData><Data Name='RuleName'>-</Data><Data Name='UtcTime'>2023-04-18 17:22:58.910</Data><Data Name='ProcessGuid'>{221ce7aa-d1f2-643e-ba00-00000000e100}</Data><Data Name='ProcessId'>4524</Data><Data Name='Image'>C:\Windows\System32\svchost.exe</Data><Data Name='FileVersion'>10.0.17763.1 (WinBuild.160101.0800)</Data><Data Name='Description'>Host Process for Windows Services</Data><Data Name='Product'>Microsoft® Windows® Operating System</Data><Data Name='Company'>Microsoft Corporation</Data><Data Name='OriginalFileName'>svchost.exe</Data><Data Name='CommandLine'>C:\Windows\system32\svchost.exe -k LocalSystemNetworkRestricted -p -s PcaSvc</Data><Data Name='CurrentDirectory'>C:\Windows\system32\</Data><Data Name='User'>NT AUTHORITY\SYSTEM</Data><Data Name='LogonGuid'>{221ce7aa-cf67-643e-e703-000000000000}</Data><Data Name='LogonId'>0x3e7</Data><Data Name='TerminalSessionId'>0</Data><Data Name='IntegrityLevel'>System</Data><Data Name='Hashes'>MD5=8A0A29438052FAED8A2532DA50455756,SHA256=7FD065BAC18C5278777AE44908101CDFED72D26FA741367F0AD4D02020787AB6,IMPHASH=247B9220E5D9B720A82B2C8B5069AD69</Data><Data Name='ParentProcessGuid'>{221ce7aa-cf67-643e-0b00-00000000e100}</Data><Data Name='ParentProcessId'>572</Data><Data Name='ParentImage'>C:\Windows\System32\services.exe</Data><Data Name='ParentCommandLine'>C:\Windows\system32\services.exe</Data><Data Name='ParentUser'>NT AUTHORITY\SYSTEM</Data></EventData></Event><Event xmlns='http://schemas.microsoft.com/win/2004/08/events/event'><System><Provider Name='Microsoft-Windows-Sysmon' Guid='{5770385f-c22a-43e0-bf4c-06f5698ffbd9}'/><EventID>1</EventID><Version>5</Version><Level>4</Level><Task>1</Task><Opcode>0</Opcode><Keywords>0x8000000000000000</Keywords><TimeCreated SystemTime='2023-04-18T17:22:58.899598300Z'/><EventRecordID>13917</EventRecordID><Correlation/><Execution ProcessID='2664' ThreadID='3332'/><Channel>Microsoft-Windows-Sysmon/Operational</Channel><Computer>AttackDefense</Computer><Security UserID='S-1-5-18'/></System><EventData><Data Name='RuleName'>-</Data><Data Name='UtcTime'>2023-04-18 17:22:58.888</Data><Data Name='ProcessGuid'>{221ce7aa-d1f2-643e-b900-00000000e100}</Data><Data Name='ProcessId'>2040</Data><Data Name='Image'>C:\Program Files\Mozilla Firefox\firefox.exe</Data><Data Name='FileVersion'>110.0.1</Data><Data Name='Description'>Firefox</Data><Data Name='Product'>Firefox</Data><Data Name='Company'>Mozilla Corporation</Data><Data Name='OriginalFileName'>firefox.exe</Data><Data Name='CommandLine'>"C:\Program Files\Mozilla Firefox\firefox.exe" </Data><Data Name='CurrentDirectory'>C:\Program Files\Mozilla Firefox\</Data><Data Name='User'>ATTACKDEFENSE\Administrator</Data><Data Name='LogonGuid'>{221ce7aa-cfd9-643e-3bad-020000000000}</Data><Data Name='LogonId'>0x2ad3b</Data><Data Name='TerminalSessionId'>2</Data><Data Name='IntegrityLevel'>High</Data><Data Name='Hashes'>MD5=AB63396CB0774AC41107B7B112F81D5A,SHA256=9A43C57F3E98BD69789E8CCBEEF2C1B6B5A3B1D06D63257BB4BD58DFFA23689D,IMPHASH=D1B34C85804B0561CB140EC571B3DE8B</Data><Data Name='ParentProcessGuid'>{221ce7aa-cfdb-643e-6a00-00000000e100}</Data><Data Name='ParentProcessId'>1792</Data><Data Name='ParentImage'>C:\Windows\explorer.exe</Data><Data Name='ParentCommandLine'>C:\Windows\Explorer.EXE</Data><Data Name='ParentUser'>ATTACKDEFENSE\Administrator</Data></EventData></Event><Event xmlns='http://schemas.microsoft.com/win/2004/08/events/event'><System><Provider Name='Microsoft-Windows-Sysmon' Guid='{5770385f-c22a-43e0-bf4c-06f5698ffbd9}'/><EventID>1</EventID><Version>5</Version><Level>4</Level><Task>1</Task><Opcode>0</Opcode><Keywords>0x8000000000000000</Keywords><TimeCreated SystemTime='2023-04-18T17:22:37.445791900Z'/><EventRecordID>13916</EventRecordID><Correlation/><Execution ProcessID='2664' ThreadID='3332'/><Channel>Microsoft-Windows-Sysmon/Operational</Channel><Computer>AttackDefense</Computer><Security UserID='S-1-5-18'/></System><EventData><Data Name='RuleName'>-</Data><Data Name='UtcTime'>2023-04-18 17:22:37.444</Data><Data Name='ProcessGuid'>{221ce7aa-d1dd-643e-b600-00000000e100}</Data><Data Name='ProcessId'>4580</Data><Data Name='Image'>C:\Windows\System32\cmd.exe</Data><Data Name='FileVersion'>10.0.17763.592 (WinBuild.160101.0800)</Data><Data Name='Description'>Windows Command Processor</Data><Data Name='Product'>Microsoft® Windows® Operating System</Data><Data Name='Company'>Microsoft Corporation</Data><Data Name='OriginalFileName'>Cmd.Exe</Data><Data Name='CommandLine'>"C:\Windows\system32\cmd.exe" </Data><Data Name='CurrentDirectory'>C:\Users\Administrator\</Data><Data Name='User'>ATTACKDEFENSE\Administrator</Data><Data Name='LogonGuid'>{221ce7aa-cfd9-643e-3bad-020000000000}</Data><Data Name='LogonId'>0x2ad3b</Data><Data Name='TerminalSessionId'>2</Data><Data Name='IntegrityLevel'>High</Data><Data Name='Hashes'>MD5=975B45B669930B0CC773EAF2B414206F,SHA256=3656F37A1C6951EC4496FABB8EE957D3A6E3C276D5A3785476B482C9C0D32EA2,IMPHASH=272245E2988E1E430500B852C4FB5E18</Data><Data Name='ParentProcessGuid'>{221ce7aa-cfdb-643e-6a00-00000000e100}</Data><Data Name='ParentProcessId'>1792</Data><Data Name='ParentImage'>C:\Windows\explorer.exe</Data><Data Name='ParentCommandLine'>C:\Windows\Explorer.EXE</Data><Data Name='ParentUser'>ATTACKDEFENSE\Administrator</Data></EventData></Event></Events>