<Event xmlns='http://schemas.microsoft.com/win/2004/08/events/event'><System><Provider Name='Microsoft-Windows-Sysmon' Guid='{5770385f-c22a-43e0-bf4c-06f5698ffbd9}'/><EventID>22</EventID><Version>5</Version><Level>4</Level><Task>22</Task><Opcode>0</Opcode><Keywords>0x8000000000000000</Keywords><TimeCreated SystemTime='2023-04-18T17:23:24.130359900Z'/><EventRecordID>13968</EventRecordID><Correlation/><Execution ProcessID='2664' ThreadID='3356'/><Channel>Microsoft-Windows-Sysmon/Operational</Channel><Computer>AttackDefense</Computer><Security UserID='S-1-5-18'/></System><EventData><Data Name='RuleName'>-</Data><Data Name='UtcTime'>2023-04-18 17:23:23.672</Data><Data Name='ProcessGuid'>{221ce7aa-d200-643e-c300-00000000e100}</Data><Data Name='ProcessId'>3932</Data><Data Name='QueryName'>r3.o.lencr.org</Data><Data Name='QueryStatus'>0</Data><Data Name='QueryResults'>type:  5 o.lencr.edgesuite.net;type:  5 a1887.dscq.akamai.net;::ffff:23.52.171.74;::ffff:23.52.171.82;::ffff:23.52.171.91;::ffff:23.52.171.90;</Data><Data Name='Image'>C:\Program Files\Mozilla Firefox\firefox.exe</Data><Data Name='User'>ATTACKDEFENSE\Administrator</Data></EventData></Event><Event xmlns='http://schemas.microsoft.com/win/2004/08/events/event'><System><Provider Name='Microsoft-Windows-Sysmon' Guid='{5770385f-c22a-43e0-bf4c-06f5698ffbd9}'/><EventID>22</EventID><Version>5</Version><Level>4</Level><Task>22</Task><Opcode>0</Opcode><Keywords>0x8000000000000000</Keywords><TimeCreated SystemTime='2023-04-18T17:23:24.130191200Z'/><EventRecordID>13967</EventRecordID><Correlation/><Execution ProcessID='2664' ThreadID='3356'/><Channel>Microsoft-Windows-Sysmon/Operational</Channel><Computer>AttackDefense</Computer><Security UserID='S-1-5-18'/></System><EventData><Data Name='RuleName'>-</Data><Data Name='UtcTime'>2023-04-18 17:23:23.483</Data><Data Name='ProcessGuid'>{221ce7aa-d200-643e-c300-00000000e100}</Data><Data Name='ProcessId'>3932</Data><Data Name='QueryName'>example.org</Data><Data Name='QueryStatus'>0</Data><Data Name='QueryResults'>::ffff:93.184.216.34;</Data><Data Name='Image'>C:\Program Files\Mozilla Firefox\firefox.exe</Data><Data Name='User'>ATTACKDEFENSE\Administrator</Data></EventData></Event><Event xmlns='http://schemas.microsoft.com/win/2004/08/events/event'><System><Provider Name='Microsoft-Windows-Sysmon' Guid='{5770385f-c22a-43e0-bf4c-06f5698ffbd9}'/><EventID>22</EventID><Version>5</Version><Level>4</Level><Task>22</Task><Opcode>0</Opcode><Keywords>0x8000000000000000</Keywords><TimeCreated SystemTime='2023-04-18T17:23:24.130162200Z'/><EventRecordID>13966</EventRecordID><Correlation/><Execution ProcessID='2664' ThreadID='3356'/><Channel>Microsoft-Windows-Sysmon/Operational</Channel><Computer>AttackDefense</Computer><Security UserID='S-1-5-18'/></System><EventData><Data Name='RuleName'>-</Data><Data Name='UtcTime'>2023-04-18 17:23:23.482</Data><Data Name='ProcessGuid'>{221ce7aa-d200-643e-c300-00000000e100}</Data><Data Name='ProcessId'>3932</Data><Data Name='QueryName'>example.org</Data><Data Name='QueryStatus'>0</Data><Data Name='QueryResults'>93.184.216.34;</Data><Data Name='Image'>C:\Program Files\Mozilla Firefox\firefox.exe</Data><Data Name='User'>ATTACKDEFENSE\Administrator</Data></EventData></Event><Event xmlns='http://schemas.microsoft.com/win/2004/08/events/event'><System><Provider Name='Microsoft-Windows-Sysmon' Guid='{5770385f-c22a-43e0-bf4c-06f5698ffbd9}'/><EventID>22</EventID><Version>5</Version><Level>4</Level><Task>22</Task><Opcode>0</Opcode><Keywords>0x8000000000000000</Keywords><TimeCreated SystemTime='2023-04-18T17:23:24.130128400Z'/><EventRecordID>13965</EventRecordID><Correlation/><Execution ProcessID='2664' ThreadID='3356'/><Channel>Microsoft-Windows-Sysmon/Operational</Channel><Computer>AttackDefense</Computer><Security UserID='S-1-5-18'/></System><EventData><Data Name='RuleName'>-</Data><Data Name='UtcTime'>2023-04-18 17:23:23.482</Data><Data Name='ProcessGuid'>{221ce7aa-d200-643e-c300-00000000e100}</Data><Data Name='ProcessId'>3932</Data><Data Name='QueryName'>prod.detectportal.prod.cloudops.mozgcp.net</Data><Data Name='QueryStatus'>0</Data><Data Name='QueryResults'>2600:1901:0:38d7::;</Data><Data Name='Image'>C:\Program Files\Mozilla Firefox\firefox.exe</Data><Data Name='User'>ATTACKDEFENSE\Administrator</Data></EventData></Event><Event xmlns='http://schemas.microsoft.com/win/2004/08/events/event'><System><Provider Name='Microsoft-Windows-Sysmon' Guid='{5770385f-c22a-43e0-bf4c-06f5698ffbd9}'/><EventID>22</EventID><Version>5</Version><Level>4</Level><Task>22</Task><Opcode>0</Opcode><Keywords>0x8000000000000000</Keywords><TimeCreated SystemTime='2023-04-18T17:23:24.129991800Z'/><EventRecordID>13964</EventRecordID><Correlation/><Execution ProcessID='2664' ThreadID='3356'/><Channel>Microsoft-Windows-Sysmon/Operational</Channel><Computer>AttackDefense</Computer><Security UserID='S-1-5-18'/></System><EventData><Data Name='RuleName'>-</Data><Data Name='UtcTime'>2023-04-18 17:23:23.392</Data><Data Name='ProcessGuid'>{221ce7aa-d200-643e-c300-00000000e100}</Data><Data Name='ProcessId'>3932</Data><Data Name='QueryName'>prod.detectportal.prod.cloudops.mozgcp.net</Data><Data Name='QueryStatus'>0</Data><Data Name='QueryResults'>34.107.221.82;</Data><Data Name='Image'>C:\Program Files\Mozilla Firefox\firefox.exe</Data><Data Name='User'>ATTACKDEFENSE\Administrator</Data></EventData></Event><Event xmlns='http://schemas.microsoft.com/win/2004/08/events/event'><System><Provider Name='Microsoft-Windows-Sysmon' Guid='{5770385f-c22a-43e0-bf4c-06f5698ffbd9}'/><EventID>22</EventID><Version>5</Version><Level>4</Level><Task>22</Task><Opcode>0</Opcode><Keywords>0x8000000000000000</Keywords><TimeCreated SystemTime='2023-04-18T17:23:24.122781200Z'/><EventRecordID>13963</EventRecordID><Correlation/><Execution ProcessID='2664' ThreadID='3356'/><Channel>Microsoft-Windows-Sysmon/Operational</Channel><Computer>AttackDefense</Computer><Security UserID='S-1-5-18'/></System><EventData><Data Name='RuleName'>-</Data><Data Name='UtcTime'>2023-04-18 17:23:23.265</Data><Data Name='ProcessGuid'>{221ce7aa-d200-643e-c300-00000000e100}</Data><Data Name='ProcessId'>3932</Data><Data Name='QueryName'>detectportal.firefox.com</Data><Data Name='QueryStatus'>0</Data><Data Name='QueryResults'>type:  5 detectportal.prod.mozaws.net;type:  5 prod.detectportal.prod.cloudops.mozgcp.net;::ffff:34.107.221.82;</Data><Data Name='Image'>C:\Program Files\Mozilla Firefox\firefox.exe</Data><Data Name='User'>ATTACKDEFENSE\Administrator</Data></EventData></Event><Event xmlns='http://schemas.microsoft.com/win/2004/08/events/event'><System><Provider Name='Microsoft-Windows-Sysmon' Guid='{5770385f-c22a-43e0-bf4c-06f5698ffbd9}'/><EventID>1</EventID><Version>5</Version><Level>4</Level><Task>1</Task><Opcode>0</Opcode><Keywords>0x8000000000000000</Keywords><TimeCreated SystemTime='2023-04-18T17:23:23.891663700Z'/><EventRecordID>13962</EventRecordID><Correlation/><Execution ProcessID='2664' ThreadID='3332'/><Channel>Microsoft-Windows-Sysmon/Operational</Channel><Computer>AttackDefense</Computer><Security UserID='S-1-5-18'/></System><EventData><Data Name='RuleName'>-</Data><Data Name='UtcTime'>2023-04-18 17:23:23.827</Data><Data Name='ProcessGuid'>{221ce7aa-d20b-643e-cc00-00000000e100}</Data><Data Name='ProcessId'>2828</Data><Data Name='Image'>C:\Program Files\Mozilla Firefox\firefox.exe</Data><Data Name='FileVersion'>111.0.1</Data><Data Name='Description'>Firefox</Data><Data Name='Product'>Firefox</Data><Data Name='Company'>Mozilla Corporation</Data><Data Name='OriginalFileName'>firefox.exe</Data><Data Name='CommandLine'>"C:\Program Files\Mozilla Firefox\firefox.exe" -contentproc --channel="3932.7.1439549127\1583954802" -parentBuildID 20230321111920 -sandboxingKind 0 -prefsHandle 5216 -prefMapHandle 5212 -prefsLen 34020 -prefMapSize 239071 -win32kLockedDown -appDir "C:\Program Files\Mozilla Firefox\browser" - {83100361-c10f-45ef-a22a-24ff27dc55a9} 3932 "\\.\pipe\gecko-crash-server-pipe.3932" 4884 212a3858 utility</Data><Data Name='CurrentDirectory'>C:\Program Files\Mozilla Firefox\</Data><Data Name='User'>ATTACKDEFENSE\Administrator</Data><Data Name='LogonGuid'>{221ce7aa-cfd9-643e-3bad-020000000000}</Data><Data Name='LogonId'>0x2ad3b</Data><Data Name='TerminalSessionId'>2</Data><Data Name='IntegrityLevel'>Low</Data><Data Name='Hashes'>MD5=FAF5C0F947F90C140A6629A0AB8E03FD,SHA256=5B2ABF9947A12FF9CC3765E48D875D97752193FCBC5E2B89FDB3E138C3232568,IMPHASH=4429FB94219F6E5F4FE338C4C0EA218A</Data><Data Name='ParentProcessGuid'>{221ce7aa-d200-643e-c300-00000000e100}</Data><Data Name='ParentProcessId'>3932</Data><Data Name='ParentImage'>C:\Program Files\Mozilla Firefox\firefox.exe</Data><Data Name='ParentCommandLine'>"C:\Program Files\Mozilla Firefox\firefox.exe"</Data><Data Name='ParentUser'>ATTACKDEFENSE\Administrator</Data></EventData></Event><Event xmlns='http://schemas.microsoft.com/win/2004/08/events/event'><System><Provider Name='Microsoft-Windows-Sysmon' Guid='{5770385f-c22a-43e0-bf4c-06f5698ffbd9}'/><EventID>1</EventID><Version>5</Version><Level>4</Level><Task>1</Task><Opcode>0</Opcode><Keywords>0x8000000000000000</Keywords><TimeCreated SystemTime='2023-04-18T17:23:23.323573700Z'/><EventRecordID>13961</EventRecordID><Correlation/><Execution ProcessID='2664' ThreadID='3332'/><Channel>Microsoft-Windows-Sysmon/Operational</Channel><Computer>AttackDefense</Computer><Security UserID='S-1-5-18'/></System><EventData><Data Name='RuleName'>-</Data><Data Name='UtcTime'>2023-04-18 17:23:23.251</Data><Data Name='ProcessGuid'>{221ce7aa-d20b-643e-cb00-00000000e100}</Data><Data Name='ProcessId'>4664</Data><Data Name='Image'>C:\Program Files\Mozilla Firefox\firefox.exe</Data><Data Name='FileVersion'>111.0.1</Data><Data Name='Description'>Firefox</Data><Data Name='Product'>Firefox</Data><Data Name='Company'>Mozilla Corporation</Data><Data Name='OriginalFileName'>firefox.exe</Data><Data Name='CommandLine'>"C:\Program Files\Mozilla Firefox\firefox.exe" -contentproc --channel="3932.6.86742912\907325946" -parentBuildID 20230321111920 -prefsHandle 3992 -prefMapHandle 3464 -prefsLen 28522 -prefMapSize 239071 -appDir "C:\Program Files\Mozilla Firefox\browser" - {419cef84-adbd-4265-8554-a6a8a22c2161} 3932 "\\.\pipe\gecko-crash-server-pipe.3932" 1064 1d77db58 rdd</Data><Data Name='CurrentDirectory'>C:\Program Files\Mozilla Firefox\</Data><Data Name='User'>ATTACKDEFENSE\Administrator</Data><Data Name='LogonGuid'>{221ce7aa-cfd9-643e-3bad-020000000000}</Data><Data Name='LogonId'>0x2ad3b</Data><Data Name='TerminalSessionId'>2</Data><Data Name='IntegrityLevel'>Low</Data><Data Name='Hashes'>MD5=FAF5C0F947F90C140A6629A0AB8E03FD,SHA256=5B2ABF9947A12FF9CC3765E48D875D97752193FCBC5E2B89FDB3E138C3232568,IMPHASH=4429FB94219F6E5F4FE338C4C0EA218A</Data><Data Name='ParentProcessGuid'>{221ce7aa-d200-643e-c300-00000000e100}</Data><Data Name='ParentProcessId'>3932</Data><Data Name='ParentImage'>C:\Program Files\Mozilla Firefox\firefox.exe</Data><Data Name='ParentCommandLine'>"C:\Program Files\Mozilla Firefox\firefox.exe"</Data><Data Name='ParentUser'>ATTACKDEFENSE\Administrator</Data></EventData></Event><Event xmlns='http://schemas.microsoft.com/win/2004/08/events/event'><System><Provider Name='Microsoft-Windows-Sysmon' Guid='{5770385f-c22a-43e0-bf4c-06f5698ffbd9}'/><EventID>1</EventID><Version>5</Version><Level>4</Level><Task>1</Task><Opcode>0</Opcode><Keywords>0x8000000000000000</Keywords><TimeCreated SystemTime='2023-04-18T17:23:23.096621500Z'/><EventRecordID>13960</EventRecordID><Correlation/><Execution ProcessID='2664' ThreadID='3332'/><Channel>Microsoft-Windows-Sysmon/Operational</Channel><Computer>AttackDefense</Computer><Security UserID='S-1-5-18'/></System><EventData><Data Name='RuleName'>-</Data><Data Name='UtcTime'>2023-04-18 17:23:23.073</Data><Data Name='ProcessGuid'>{221ce7aa-d20b-643e-ca00-00000000e100}</Data><Data Name='ProcessId'>868</Data><Data Name='Image'>C:\Program Files\Mozilla Firefox\firefox.exe</Data><Data Name='FileVersion'>111.0.1</Data><Data Name='Description'>Firefox</Data><Data Name='Product'>Firefox</Data><Data Name='Company'>Mozilla Corporation</Data><Data Name='OriginalFileName'>firefox.exe</Data><Data Name='CommandLine'>"C:\Program Files\Mozilla Firefox\firefox.exe" -contentproc --channel="3932.5.249742017\658669737" -childID 4 -isForBrowser -prefsHandle 3736 -prefMapHandle 3732 -prefsLen 28465 -prefMapSize 239071 -jsInitHandle 1280 -jsInitLen 246560 -a11yResourceId 64 -parentBuildID 20230321111920 -win32kLockedDown -appDir "C:\Program Files\Mozilla Firefox\browser" - {53c08974-1134-43b8-87cc-1993dc1f90db} 3932 "\\.\pipe\gecko-crash-server-pipe.3932" 3748 1c438c58 tab</Data><Data Name='CurrentDirectory'>C:\Program Files\Mozilla Firefox\</Data><Data Name='User'>ATTACKDEFENSE\Administrator</Data><Data Name='LogonGuid'>{221ce7aa-cfd9-643e-3bad-020000000000}</Data><Data Name='LogonId'>0x2ad3b</Data><Data Name='TerminalSessionId'>2</Data><Data Name='IntegrityLevel'>Low</Data><Data Name='Hashes'>MD5=FAF5C0F947F90C140A6629A0AB8E03FD,SHA256=5B2ABF9947A12FF9CC3765E48D875D97752193FCBC5E2B89FDB3E138C3232568,IMPHASH=4429FB94219F6E5F4FE338C4C0EA218A</Data><Data Name='ParentProcessGuid'>{221ce7aa-d200-643e-c300-00000000e100}</Data><Data Name='ParentProcessId'>3932</Data><Data Name='ParentImage'>C:\Program Files\Mozilla Firefox\firefox.exe</Data><Data Name='ParentCommandLine'>"C:\Program Files\Mozilla Firefox\firefox.exe"</Data><Data Name='ParentUser'>ATTACKDEFENSE\Administrator</Data></EventData></Event><Event xmlns='http://schemas.microsoft.com/win/2004/08/events/event'><System><Provider Name='Microsoft-Windows-Sysmon' Guid='{5770385f-c22a-43e0-bf4c-06f5698ffbd9}'/><EventID>1</EventID><Version>5</Version><Level>4</Level><Task>1</Task><Opcode>0</Opcode><Keywords>0x8000000000000000</Keywords><TimeCreated SystemTime='2023-04-18T17:23:22.836004000Z'/><EventRecordID>13959</EventRecordID><Correlation/><Execution ProcessID='2664' ThreadID='3332'/><Channel>Microsoft-Windows-Sysmon/Operational</Channel><Computer>AttackDefense</Computer><Security UserID='S-1-5-18'/></System><EventData><Data Name='RuleName'>-</Data><Data Name='UtcTime'>2023-04-18 17:23:22.811</Data><Data Name='ProcessGuid'>{221ce7aa-d20a-643e-c900-00000000e100}</Data><Data Name='ProcessId'>1092</Data><Data Name='Image'>C:\Program Files\Mozilla Firefox\firefox.exe</Data><Data Name='FileVersion'>111.0.1</Data><Data Name='Description'>Firefox</Data><Data Name='Product'>Firefox</Data><Data Name='Company'>Mozilla Corporation</Data><Data Name='OriginalFileName'>firefox.exe</Data><Data Name='CommandLine'>"C:\Program Files\Mozilla Firefox\firefox.exe" -contentproc --channel="3932.4.1856905735\960438215" -childID 3 -isForBrowser -prefsHandle 3392 -prefMapHandle 2980 -prefsLen 24725 -prefMapSize 239071 -jsInitHandle 1280 -jsInitLen 246560 -a11yResourceId 64 -parentBuildID 20230321111920 -win32kLockedDown -appDir "C:\Program Files\Mozilla Firefox\browser" - {59b65a99-65fb-4670-9eba-f24f81417331} 3932 "\\.\pipe\gecko-crash-server-pipe.3932" 3456 1b473558 tab</Data><Data Name='CurrentDirectory'>C:\Program Files\Mozilla Firefox\</Data><Data Name='User'>ATTACKDEFENSE\Administrator</Data><Data Name='LogonGuid'>{221ce7aa-cfd9-643e-3bad-020000000000}</Data><Data Name='LogonId'>0x2ad3b</Data><Data Name='TerminalSessionId'>2</Data><Data Name='IntegrityLevel'>Low</Data><Data Name='Hashes'>MD5=FAF5C0F947F90C140A6629A0AB8E03FD,SHA256=5B2ABF9947A12FF9CC3765E48D875D97752193FCBC5E2B89FDB3E138C3232568,IMPHASH=4429FB94219F6E5F4FE338C4C0EA218A</Data><Data Name='ParentProcessGuid'>{221ce7aa-d200-643e-c300-00000000e100}</Data><Data Name='ParentProcessId'>3932</Data><Data Name='ParentImage'>C:\Program Files\Mozilla Firefox\firefox.exe</Data><Data Name='ParentCommandLine'>"C:\Program Files\Mozilla Firefox\firefox.exe"</Data><Data Name='ParentUser'>ATTACKDEFENSE\Administrator</Data></EventData></Event><Event xmlns='http://schemas.microsoft.com/win/2004/08/events/event'><System><Provider Name='Microsoft-Windows-Sysmon' Guid='{5770385f-c22a-43e0-bf4c-06f5698ffbd9}'/><EventID>1</EventID><Version>5</Version><Level>4</Level><Task>1</Task><Opcode>0</Opcode><Keywords>0x8000000000000000</Keywords><TimeCreated SystemTime='2023-04-18T17:23:22.715853500Z'/><EventRecordID>13958</EventRecordID><Correlation/><Execution ProcessID='2664' ThreadID='3332'/><Channel>Microsoft-Windows-Sysmon/Operational</Channel><Computer>AttackDefense</Computer><Security UserID='S-1-5-18'/></System><EventData><Data Name='RuleName'>-</Data><Data Name='UtcTime'>2023-04-18 17:23:22.702</Data><Data Name='ProcessGuid'>{221ce7aa-d20a-643e-c800-00000000e100}</Data><Data Name='ProcessId'>3488</Data><Data Name='Image'>C:\Program Files\Mozilla Firefox\firefox.exe</Data><Data Name='FileVersion'>111.0.1</Data><Data Name='Description'>Firefox</Data><Data Name='Product'>Firefox</Data><Data Name='Company'>Mozilla Corporation</Data><Data Name='OriginalFileName'>firefox.exe</Data><Data Name='CommandLine'>"C:\Program Files\Mozilla Firefox\firefox.exe" -contentproc --channel="3932.3.270159119\1749615991" -childID 2 -isForBrowser -prefsHandle 2836 -prefMapHandle 2860 -prefsLen 27506 -prefMapSize 239071 -jsInitHandle 1280 -jsInitLen 246560 -a11yResourceId 64 -parentBuildID 20230321111920 -win32kLockedDown -appDir "C:\Program Files\Mozilla Firefox\browser" - {e1da2610-2353-4362-a225-3bb53bac67d3} 3932 "\\.\pipe\gecko-crash-server-pipe.3932" 2956 1085b58 tab</Data><Data Name='CurrentDirectory'>C:\Program Files\Mozilla Firefox\</Data><Data Name='User'>ATTACKDEFENSE\Administrator</Data><Data Name='LogonGuid'>{221ce7aa-cfd9-643e-3bad-020000000000}</Data><Data Name='LogonId'>0x2ad3b</Data><Data Name='TerminalSessionId'>2</Data><Data Name='IntegrityLevel'>Low</Data><Data Name='Hashes'>MD5=FAF5C0F947F90C140A6629A0AB8E03FD,SHA256=5B2ABF9947A12FF9CC3765E48D875D97752193FCBC5E2B89FDB3E138C3232568,IMPHASH=4429FB94219F6E5F4FE338C4C0EA218A</Data><Data Name='ParentProcessGuid'>{221ce7aa-d200-643e-c300-00000000e100}</Data><Data Name='ParentProcessId'>3932</Data><Data Name='ParentImage'>C:\Program Files\Mozilla Firefox\firefox.exe</Data><Data Name='ParentCommandLine'>"C:\Program Files\Mozilla Firefox\firefox.exe"</Data><Data Name='ParentUser'>ATTACKDEFENSE\Administrator</Data></EventData></Event><Event xmlns='http://schemas.microsoft.com/win/2004/08/events/event'><System><Provider Name='Microsoft-Windows-Sysmon' Guid='{5770385f-c22a-43e0-bf4c-06f5698ffbd9}'/><EventID>1</EventID><Version>5</Version><Level>4</Level><Task>1</Task><Opcode>0</Opcode><Keywords>0x8000000000000000</Keywords><TimeCreated SystemTime='2023-04-18T17:23:22.640187100Z'/><EventRecordID>13957</EventRecordID><Correlation/><Execution ProcessID='2664' ThreadID='3332'/><Channel>Microsoft-Windows-Sysmon/Operational</Channel><Computer>AttackDefense</Computer><Security UserID='S-1-5-18'/></System><EventData><Data Name='RuleName'>-</Data><Data Name='UtcTime'>2023-04-18 17:23:22.639</Data><Data Name='ProcessGuid'>{221ce7aa-d20a-643e-c700-00000000e100}</Data><Data Name='ProcessId'>4976</Data><Data Name='Image'>C:\Program Files\Mozilla Firefox\firefox.exe</Data><Data Name='FileVersion'>111.0.1</Data><Data Name='Description'>Firefox</Data><Data Name='Product'>Firefox</Data><Data Name='Company'>Mozilla Corporation</Data><Data Name='OriginalFileName'>firefox.exe</Data><Data Name='CommandLine'>"C:\Program Files\Mozilla Firefox\firefox.exe" -contentproc --channel="3932.2.1437774168\705203153" -childID 1 -isForBrowser -prefsHandle 3008 -prefMapHandle 3000 -prefsLen 23807 -prefMapSize 239071 -jsInitHandle 1280 -jsInitLen 246560 -a11yResourceId 64 -parentBuildID 20230321111920 -win32kLockedDown -appDir "C:\Program Files\Mozilla Firefox\browser" - {4959990b-b09f-461d-b996-8df9e25f67a0} 3932 "\\.\pipe\gecko-crash-server-pipe.3932" 3020 181ce758 tab</Data><Data Name='CurrentDirectory'>C:\Program Files\Mozilla Firefox\</Data><Data Name='User'>ATTACKDEFENSE\Administrator</Data><Data Name='LogonGuid'>{221ce7aa-cfd9-643e-3bad-020000000000}</Data><Data Name='LogonId'>0x2ad3b</Data><Data Name='TerminalSessionId'>2</Data><Data Name='IntegrityLevel'>Low</Data><Data Name='Hashes'>MD5=FAF5C0F947F90C140A6629A0AB8E03FD,SHA256=5B2ABF9947A12FF9CC3765E48D875D97752193FCBC5E2B89FDB3E138C3232568,IMPHASH=4429FB94219F6E5F4FE338C4C0EA218A</Data><Data Name='ParentProcessGuid'>{221ce7aa-d200-643e-c300-00000000e100}</Data><Data Name='ParentProcessId'>3932</Data><Data Name='ParentImage'>C:\Program Files\Mozilla Firefox\firefox.exe</Data><Data Name='ParentCommandLine'>"C:\Program Files\Mozilla Firefox\firefox.exe"</Data><Data Name='ParentUser'>ATTACKDEFENSE\Administrator</Data></EventData></Event><Event xmlns='http://schemas.microsoft.com/win/2004/08/events/event'><System><Provider Name='Microsoft-Windows-Sysmon' Guid='{5770385f-c22a-43e0-bf4c-06f5698ffbd9}'/><EventID>1</EventID><Version>5</Version><Level>4</Level><Task>1</Task><Opcode>0</Opcode><Keywords>0x8000000000000000</Keywords><TimeCreated SystemTime='2023-04-18T17:23:21.776863300Z'/><EventRecordID>13956</EventRecordID><Correlation/><Execution ProcessID='2664' ThreadID='3332'/><Channel>Microsoft-Windows-Sysmon/Operational</Channel><Computer>AttackDefense</Computer><Security UserID='S-1-5-18'/></System><EventData><Data Name='RuleName'>-</Data><Data Name='UtcTime'>2023-04-18 17:23:21.776</Data><Data Name='ProcessGuid'>{221ce7aa-d209-643e-c600-00000000e100}</Data><Data Name='ProcessId'>3088</Data><Data Name='Image'>C:\Program Files\Mozilla Firefox\firefox.exe</Data><Data Name='FileVersion'>111.0.1</Data><Data Name='Description'>Firefox</Data><Data Name='Product'>Firefox</Data><Data Name='Company'>Mozilla Corporation</Data><Data Name='OriginalFileName'>firefox.exe</Data><Data Name='CommandLine'>"C:\Program Files\Mozilla Firefox\firefox.exe" -contentproc --channel="3932.1.1028118452\1654122139" -parentBuildID 20230321111920 -prefsHandle 2120 -prefMapHandle 2116 -prefsLen 27438 -prefMapSize 239071 -win32kLockedDown -appDir "C:\Program Files\Mozilla Firefox\browser" - {075750ee-1c2e-4e8e-8480-302ceabcdd8d} 3932 "\\.\pipe\gecko-crash-server-pipe.3932" 2132 fce7558 socket</Data><Data Name='CurrentDirectory'>C:\Program Files\Mozilla Firefox\</Data><Data Name='User'>ATTACKDEFENSE\Administrator</Data><Data Name='LogonGuid'>{221ce7aa-cfd9-643e-3bad-020000000000}</Data><Data Name='LogonId'>0x2ad3b</Data><Data Name='TerminalSessionId'>2</Data><Data Name='IntegrityLevel'>Low</Data><Data Name='Hashes'>MD5=FAF5C0F947F90C140A6629A0AB8E03FD,SHA256=5B2ABF9947A12FF9CC3765E48D875D97752193FCBC5E2B89FDB3E138C3232568,IMPHASH=4429FB94219F6E5F4FE338C4C0EA218A</Data><Data Name='ParentProcessGuid'>{221ce7aa-d200-643e-c300-00000000e100}</Data><Data Name='ParentProcessId'>3932</Data><Data Name='ParentImage'>C:\Program Files\Mozilla Firefox\firefox.exe</Data><Data Name='ParentCommandLine'>"C:\Program Files\Mozilla Firefox\firefox.exe"</Data><Data Name='ParentUser'>ATTACKDEFENSE\Administrator</Data></EventData></Event><Event xmlns='http://schemas.microsoft.com/win/2004/08/events/event'><System><Provider Name='Microsoft-Windows-Sysmon' Guid='{5770385f-c22a-43e0-bf4c-06f5698ffbd9}'/><EventID>1</EventID><Version>5</Version><Level>4</Level><Task>1</Task><Opcode>0</Opcode><Keywords>0x8000000000000000</Keywords><TimeCreated SystemTime='2023-04-18T17:23:21.721533300Z'/><EventRecordID>13955</EventRecordID><Correlation/><Execution ProcessID='2664' ThreadID='3332'/><Channel>Microsoft-Windows-Sysmon/Operational</Channel><Computer>AttackDefense</Computer><Security UserID='S-1-5-18'/></System><EventData><Data Name='RuleName'>-</Data><Data Name='UtcTime'>2023-04-18 17:23:21.718</Data><Data Name='ProcessGuid'>{221ce7aa-d209-643e-c500-00000000e100}</Data><Data Name='ProcessId'>1776</Data><Data Name='Image'>C:\Program Files\Mozilla Firefox\firefox.exe</Data><Data Name='FileVersion'>111.0.1</Data><Data Name='Description'>Firefox</Data><Data Name='Product'>Firefox</Data><Data Name='Company'>Mozilla Corporation</Data><Data Name='OriginalFileName'>firefox.exe</Data><Data Name='CommandLine'>"C:\Program Files\Mozilla Firefox\firefox.exe" -contentproc --channel="3932.0.1337040095\135763308" -parentBuildID 20230321111920 -prefsHandle 1540 -prefMapHandle 1516 -prefsLen 27438 -prefMapSize 239071 -appDir "C:\Program Files\Mozilla Firefox\browser" - {c20e5cdd-ada5-4f09-912a-1b59850fea1c} 3932 "\\.\pipe\gecko-crash-server-pipe.3932" 1612 fb9d158 gpu</Data><Data Name='CurrentDirectory'>C:\Program Files\Mozilla Firefox\</Data><Data Name='User'>ATTACKDEFENSE\Administrator</Data><Data Name='LogonGuid'>{221ce7aa-cfd9-643e-3bad-020000000000}</Data><Data Name='LogonId'>0x2ad3b</Data><Data Name='TerminalSessionId'>2</Data><Data Name='IntegrityLevel'>Low</Data><Data Name='Hashes'>MD5=FAF5C0F947F90C140A6629A0AB8E03FD,SHA256=5B2ABF9947A12FF9CC3765E48D875D97752193FCBC5E2B89FDB3E138C3232568,IMPHASH=4429FB94219F6E5F4FE338C4C0EA218A</Data><Data Name='ParentProcessGuid'>{221ce7aa-d200-643e-c300-00000000e100}</Data><Data Name='ParentProcessId'>3932</Data><Data Name='ParentImage'>C:\Program Files\Mozilla Firefox\firefox.exe</Data><Data Name='ParentCommandLine'>"C:\Program Files\Mozilla Firefox\firefox.exe"</Data><Data Name='ParentUser'>ATTACKDEFENSE\Administrator</Data></EventData></Event><Event xmlns='http://schemas.microsoft.com/win/2004/08/events/event'><System><Provider Name='Microsoft-Windows-Sysmon' Guid='{5770385f-c22a-43e0-bf4c-06f5698ffbd9}'/><EventID>1</EventID><Version>5</Version><Level>4</Level><Task>1</Task><Opcode>0</Opcode><Keywords>0x8000000000000000</Keywords><TimeCreated SystemTime='2023-04-18T17:23:12.113917300Z'/><EventRecordID>13954</EventRecordID><Correlation/><Execution ProcessID='2664' ThreadID='3332'/><Channel>Microsoft-Windows-Sysmon/Operational</Channel><Computer>AttackDefense</Computer><Security UserID='S-1-5-18'/></System><EventData><Data Name='RuleName'>-</Data><Data Name='UtcTime'>2023-04-18 17:23:12.113</Data><Data Name='ProcessGuid'>{221ce7aa-d200-643e-c300-00000000e100}</Data><Data Name='ProcessId'>3932</Data><Data Name='Image'>C:\Program Files\Mozilla Firefox\firefox.exe</Data><Data Name='FileVersion'>111.0.1</Data><Data Name='Description'>Firefox</Data><Data Name='Product'>Firefox</Data><Data Name='Company'>Mozilla Corporation</Data><Data Name='OriginalFileName'>firefox.exe</Data><Data Name='CommandLine'>"C:\Program Files\Mozilla Firefox\firefox.exe"</Data><Data Name='CurrentDirectory'>C:\Program Files\Mozilla Firefox\</Data><Data Name='User'>ATTACKDEFENSE\Administrator</Data><Data Name='LogonGuid'>{221ce7aa-cfd9-643e-3bad-020000000000}</Data><Data Name='LogonId'>0x2ad3b</Data><Data Name='TerminalSessionId'>2</Data><Data Name='IntegrityLevel'>Medium</Data><Data Name='Hashes'>MD5=FAF5C0F947F90C140A6629A0AB8E03FD,SHA256=5B2ABF9947A12FF9CC3765E48D875D97752193FCBC5E2B89FDB3E138C3232568,IMPHASH=4429FB94219F6E5F4FE338C4C0EA218A</Data><Data Name='ParentProcessGuid'>{221ce7aa-d200-643e-c200-00000000e100}</Data><Data Name='ParentProcessId'>4736</Data><Data Name='ParentImage'>C:\Program Files\Mozilla Firefox\firefox.exe</Data><Data Name='ParentCommandLine'>"C:\Program Files\Mozilla Firefox\firefox.exe"</Data><Data Name='ParentUser'>ATTACKDEFENSE\Administrator</Data></EventData></Event><Event xmlns='http://schemas.microsoft.com/win/2004/08/events/event'><System><Provider Name='Microsoft-Windows-Sysmon' Guid='{5770385f-c22a-43e0-bf4c-06f5698ffbd9}'/><EventID>11</EventID><Version>2</Version><Level>4</Level><Task>11</Task><Opcode>0</Opcode><Keywords>0x8000000000000000</Keywords><TimeCreated SystemTime='2023-04-18T17:23:12.095950000Z'/><EventRecordID>13953</EventRecordID><Correlation/><Execution ProcessID='2664' ThreadID='3332'/><Channel>Microsoft-Windows-Sysmon/Operational</Channel><Computer>AttackDefense</Computer><Security UserID='S-1-5-18'/></System><EventData><Data Name='RuleName'>EXE</Data><Data Name='UtcTime'>2023-04-18 17:23:12.085</Data><Data Name='ProcessGuid'>{221ce7aa-d200-643e-c100-00000000e100}</Data><Data Name='ProcessId'>3432</Data><Data Name='Image'>C:\Program Files (x86)\Mozilla Maintenance Service\maintenanceservice_tmp.exe</Data><Data Name='TargetFilename'>C:\Program Files (x86)\Mozilla Maintenance Service\maintenanceservice.exe</Data><Data Name='CreationUtcTime'>2020-11-07 07:47:24.967</Data><Data Name='User'>ATTACKDEFENSE\Administrator</Data></EventData></Event><Event xmlns='http://schemas.microsoft.com/win/2004/08/events/event'><System><Provider Name='Microsoft-Windows-Sysmon' Guid='{5770385f-c22a-43e0-bf4c-06f5698ffbd9}'/><EventID>1</EventID><Version>5</Version><Level>4</Level><Task>1</Task><Opcode>0</Opcode><Keywords>0x8000000000000000</Keywords><TimeCreated SystemTime='2023-04-18T17:23:12.089451300Z'/><EventRecordID>13952</EventRecordID><Correlation/><Execution ProcessID='2664' ThreadID='3332'/><Channel>Microsoft-Windows-Sysmon/Operational</Channel><Computer>AttackDefense</Computer><Security UserID='S-1-5-18'/></System><EventData><Data Name='RuleName'>-</Data><Data Name='UtcTime'>2023-04-18 17:23:12.074</Data><Data Name='ProcessGuid'>{221ce7aa-d200-643e-c200-00000000e100}</Data><Data Name='ProcessId'>4736</Data><Data Name='Image'>C:\Program Files\Mozilla Firefox\firefox.exe</Data><Data Name='FileVersion'>111.0.1</Data><Data Name='Description'>Firefox</Data><Data Name='Product'>Firefox</Data><Data Name='Company'>Mozilla Corporation</Data><Data Name='OriginalFileName'>firefox.exe</Data><Data Name='CommandLine'>"C:\Program Files\Mozilla Firefox\firefox.exe"</Data><Data Name='CurrentDirectory'>C:\Program Files\Mozilla Firefox\</Data><Data Name='User'>ATTACKDEFENSE\Administrator</Data><Data Name='LogonGuid'>{221ce7aa-cfd9-643e-3bad-020000000000}</Data><Data Name='LogonId'>0x2ad3b</Data><Data Name='TerminalSessionId'>2</Data><Data Name='IntegrityLevel'>Medium</Data><Data Name='Hashes'>MD5=FAF5C0F947F90C140A6629A0AB8E03FD,SHA256=5B2ABF9947A12FF9CC3765E48D875D97752193FCBC5E2B89FDB3E138C3232568,IMPHASH=4429FB94219F6E5F4FE338C4C0EA218A</Data><Data Name='ParentProcessGuid'>{221ce7aa-d1fc-643e-bc00-00000000e100}</Data><Data Name='ParentProcessId'>4520</Data><Data Name='ParentImage'>C:\Program Files\Mozilla Firefox\updater.exe</Data><Data Name='ParentCommandLine'>"C:\Program Files\Mozilla Firefox\updater.exe" C:\ProgramData\Mozilla-1de4eec8-1241-4177-a864-e594e8d1fb38\updates\308046B0AF4A39CB\updates\0 "C:\Program Files\Mozilla Firefox" "C:\Program Files\Mozilla Firefox\updated" 1808/replace "C:\Program Files\Mozilla Firefox" "C:\Program Files\Mozilla Firefox\firefox.exe"</Data><Data Name='ParentUser'>ATTACKDEFENSE\Administrator</Data></EventData></Event><Event xmlns='http://schemas.microsoft.com/win/2004/08/events/event'><System><Provider Name='Microsoft-Windows-Sysmon' Guid='{5770385f-c22a-43e0-bf4c-06f5698ffbd9}'/><EventID>1</EventID><Version>5</Version><Level>4</Level><Task>1</Task><Opcode>0</Opcode><Keywords>0x8000000000000000</Keywords><TimeCreated SystemTime='2023-04-18T17:23:12.070609400Z'/><EventRecordID>13951</EventRecordID><Correlation/><Execution ProcessID='2664' ThreadID='3332'/><Channel>Microsoft-Windows-Sysmon/Operational</Channel><Computer>AttackDefense</Computer><Security UserID='S-1-5-18'/></System><EventData><Data Name='RuleName'>-</Data><Data Name='UtcTime'>2023-04-18 17:23:12.066</Data><Data Name='ProcessGuid'>{221ce7aa-d200-643e-c100-00000000e100}</Data><Data Name='ProcessId'>3432</Data><Data Name='Image'>C:\Program Files (x86)\Mozilla Maintenance Service\maintenanceservice_tmp.exe</Data><Data Name='FileVersion'>111.0.1</Data><Data Name='Description'>-</Data><Data Name='Product'>Firefox</Data><Data Name='Company'>Mozilla Foundation</Data><Data Name='OriginalFileName'>maintenanceservice.exe</Data><Data Name='CommandLine'>dummyparam.exe upgrade</Data><Data Name='CurrentDirectory'>C:\Program Files\Mozilla Firefox\</Data><Data Name='User'>ATTACKDEFENSE\Administrator</Data><Data Name='LogonGuid'>{221ce7aa-cfd9-643e-3bad-020000000000}</Data><Data Name='LogonId'>0x2ad3b</Data><Data Name='TerminalSessionId'>2</Data><Data Name='IntegrityLevel'>Medium</Data><Data Name='Hashes'>MD5=D4BD7D45ECC626F1D8E0FC0F756D6417,SHA256=DE347A4835373EE9DAC01A885BC2C92BE46EF423243E6D6EBFD49E9726F23DC8,IMPHASH=88CC9CA6A08F159E71D50DB227FC3109</Data><Data Name='ParentProcessGuid'>{221ce7aa-d1fc-643e-bc00-00000000e100}</Data><Data Name='ParentProcessId'>4520</Data><Data Name='ParentImage'>C:\Program Files\Mozilla Firefox\updater.exe</Data><Data Name='ParentCommandLine'>"C:\Program Files\Mozilla Firefox\updater.exe" C:\ProgramData\Mozilla-1de4eec8-1241-4177-a864-e594e8d1fb38\updates\308046B0AF4A39CB\updates\0 "C:\Program Files\Mozilla Firefox" "C:\Program Files\Mozilla Firefox\updated" 1808/replace "C:\Program Files\Mozilla Firefox" "C:\Program Files\Mozilla Firefox\firefox.exe"</Data><Data Name='ParentUser'>ATTACKDEFENSE\Administrator</Data></EventData></Event><Event xmlns='http://schemas.microsoft.com/win/2004/08/events/event'><System><Provider Name='Microsoft-Windows-Sysmon' Guid='{5770385f-c22a-43e0-bf4c-06f5698ffbd9}'/><EventID>11</EventID><Version>2</Version><Level>4</Level><Task>11</Task><Opcode>0</Opcode><Keywords>0x8000000000000000</Keywords><TimeCreated SystemTime='2023-04-18T17:23:12.002778600Z'/><EventRecordID>13950</EventRecordID><Correlation/><Execution ProcessID='2664' ThreadID='3332'/><Channel>Microsoft-Windows-Sysmon/Operational</Channel><Computer>AttackDefense</Computer><Security UserID='S-1-5-18'/></System><EventData><Data Name='RuleName'>EXE</Data><Data Name='UtcTime'>2023-04-18 17:23:11.991</Data><Data Name='ProcessGuid'>{221ce7aa-d1fc-643e-bc00-00000000e100}</Data><Data Name='ProcessId'>4520</Data><Data Name='Image'>C:\Program Files\Mozilla Firefox\updater.exe</Data><Data Name='TargetFilename'>C:\Program Files (x86)\Mozilla Maintenance Service\maintenanceservice_tmp.exe</Data><Data Name='CreationUtcTime'>2023-04-18 17:23:11.991</Data><Data Name='User'>ATTACKDEFENSE\Administrator</Data></EventData></Event><Event xmlns='http://schemas.microsoft.com/win/2004/08/events/event'><System><Provider Name='Microsoft-Windows-Sysmon' Guid='{5770385f-c22a-43e0-bf4c-06f5698ffbd9}'/><EventID>1</EventID><Version>5</Version><Level>4</Level><Task>1</Task><Opcode>0</Opcode><Keywords>0x8000000000000000</Keywords><TimeCreated SystemTime='2023-04-18T17:23:11.946766700Z'/><EventRecordID>13949</EventRecordID><Correlation/><Execution ProcessID='2664' ThreadID='3332'/><Channel>Microsoft-Windows-Sysmon/Operational</Channel><Computer>AttackDefense</Computer><Security UserID='S-1-5-18'/></System><EventData><Data Name='RuleName'>-</Data><Data Name='UtcTime'>2023-04-18 17:23:11.934</Data><Data Name='ProcessGuid'>{221ce7aa-d1ff-643e-c000-00000000e100}</Data><Data Name='ProcessId'>656</Data><Data Name='Image'>C:\Program Files\Mozilla Firefox\default-browser-agent.exe</Data><Data Name='FileVersion'>111.0.1</Data><Data Name='Description'>Firefox Default Browser Agent</Data><Data Name='Product'>Firefox</Data><Data Name='Company'>Mozilla Foundation</Data><Data Name='OriginalFileName'>default-browser-agent.exe</Data><Data Name='CommandLine'>"C:\Program Files\Mozilla Firefox\default-browser-agent.exe" unregister-task 308046B0AF4A39CB</Data><Data Name='CurrentDirectory'>C:\Program Files\Mozilla Firefox\</Data><Data Name='User'>ATTACKDEFENSE\Administrator</Data><Data Name='LogonGuid'>{221ce7aa-cfd9-643e-3bad-020000000000}</Data><Data Name='LogonId'>0x2ad3b</Data><Data Name='TerminalSessionId'>2</Data><Data Name='IntegrityLevel'>Medium</Data><Data Name='Hashes'>MD5=4C62D76F7815C09CF0BE0F00D463EA15,SHA256=12FA08796EB2E6C2432143DCF908AF6309C8A7832C9B8CAD83CC37CD07CFEF2B,IMPHASH=CFA03FEFEB7843AECEF3FD6F7C762253</Data><Data Name='ParentProcessGuid'>{221ce7aa-d1fc-643e-bd00-00000000e100}</Data><Data Name='ParentProcessId'>4408</Data><Data Name='ParentImage'>C:\Program Files\Mozilla Firefox\uninstall\helper.exe</Data><Data Name='ParentCommandLine'>argv0ignored /PostUpdate</Data><Data Name='ParentUser'>ATTACKDEFENSE\Administrator</Data></EventData></Event><Event xmlns='http://schemas.microsoft.com/win/2004/08/events/event'><System><Provider Name='Microsoft-Windows-Sysmon' Guid='{5770385f-c22a-43e0-bf4c-06f5698ffbd9}'/><EventID>13</EventID><Version>2</Version><Level>4</Level><Task>13</Task><Opcode>0</Opcode><Keywords>0x8000000000000000</Keywords><TimeCreated SystemTime='2023-04-18T17:23:11.932600300Z'/><EventRecordID>13948</EventRecordID><Correlation/><Execution ProcessID='2664' ThreadID='3332'/><Channel>Microsoft-Windows-Sysmon/Operational</Channel><Computer>AttackDefense</Computer><Security UserID='S-1-5-18'/></System><EventData><Data Name='RuleName'>T1122</Data><Data Name='EventType'>SetValue</Data><Data Name='UtcTime'>2023-04-18 17:23:11.929</Data><Data Name='ProcessGuid'>{221ce7aa-d1fc-643e-bd00-00000000e100}</Data><Data Name='ProcessId'>4408</Data><Data Name='Image'>C:\Program Files\Mozilla Firefox\uninstall\helper.exe</Data><Data Name='TargetObject'>HKCR\CLSID\{D85EE8FD-F7D0-42B6-9789-21F0B289A86F}\InProcServer32\(Default)</Data><Data Name='Details'>C:\Program Files\Mozilla Firefox\notificationserver.dll</Data><Data Name='User'>ATTACKDEFENSE\Administrator</Data></EventData></Event><Event xmlns='http://schemas.microsoft.com/win/2004/08/events/event'><System><Provider Name='Microsoft-Windows-Sysmon' Guid='{5770385f-c22a-43e0-bf4c-06f5698ffbd9}'/><EventID>11</EventID><Version>2</Version><Level>4</Level><Task>11</Task><Opcode>0</Opcode><Keywords>0x8000000000000000</Keywords><TimeCreated SystemTime='2023-04-18T17:23:11.919266200Z'/><EventRecordID>13947</EventRecordID><Correlation/><Execution ProcessID='2664' ThreadID='3332'/><Channel>Microsoft-Windows-Sysmon/Operational</Channel><Computer>AttackDefense</Computer><Security UserID='S-1-5-18'/></System><EventData><Data Name='RuleName'>DLL</Data><Data Name='UtcTime'>2023-04-18 17:23:11.913</Data><Data Name='ProcessGuid'>{221ce7aa-d1fc-643e-bd00-00000000e100}</Data><Data Name='ProcessId'>4408</Data><Data Name='Image'>C:\Program Files\Mozilla Firefox\uninstall\helper.exe</Data><Data Name='TargetFilename'>C:\Users\ADMINI~1\AppData\Local\Temp\2\nsi26D1.tmp\ServicesHelper.dll</Data><Data Name='CreationUtcTime'>2023-04-18 17:23:11.913</Data><Data Name='User'>ATTACKDEFENSE\Administrator</Data></EventData></Event><Event xmlns='http://schemas.microsoft.com/win/2004/08/events/event'><System><Provider Name='Microsoft-Windows-Sysmon' Guid='{5770385f-c22a-43e0-bf4c-06f5698ffbd9}'/><EventID>11</EventID><Version>2</Version><Level>4</Level><Task>11</Task><Opcode>0</Opcode><Keywords>0x8000000000000000</Keywords><TimeCreated SystemTime='2023-04-18T17:23:11.915370700Z'/><EventRecordID>13946</EventRecordID><Correlation/><Execution ProcessID='2664' ThreadID='3332'/><Channel>Microsoft-Windows-Sysmon/Operational</Channel><Computer>AttackDefense</Computer><Security UserID='S-1-5-18'/></System><EventData><Data Name='RuleName'>DLL</Data><Data Name='UtcTime'>2023-04-18 17:23:11.913</Data><Data Name='ProcessGuid'>{221ce7aa-d1fc-643e-bd00-00000000e100}</Data><Data Name='ProcessId'>4408</Data><Data Name='Image'>C:\Program Files\Mozilla Firefox\uninstall\helper.exe</Data><Data Name='TargetFilename'>C:\Users\ADMINI~1\AppData\Local\Temp\2\nsi26D1.tmp\UserInfo.dll</Data><Data Name='CreationUtcTime'>2023-04-18 17:23:11.913</Data><Data Name='User'>ATTACKDEFENSE\Administrator</Data></EventData></Event><Event xmlns='http://schemas.microsoft.com/win/2004/08/events/event'><System><Provider Name='Microsoft-Windows-Sysmon' Guid='{5770385f-c22a-43e0-bf4c-06f5698ffbd9}'/><EventID>13</EventID><Version>2</Version><Level>4</Level><Task>13</Task><Opcode>0</Opcode><Keywords>0x8000000000000000</Keywords><TimeCreated SystemTime='2023-04-18T17:23:11.910884100Z'/><EventRecordID>13945</EventRecordID><Correlation/><Execution ProcessID='2664' ThreadID='3332'/><Channel>Microsoft-Windows-Sysmon/Operational</Channel><Computer>AttackDefense</Computer><Security UserID='S-1-5-18'/></System><EventData><Data Name='RuleName'>T1122</Data><Data Name='EventType'>SetValue</Data><Data Name='UtcTime'>2023-04-18 17:23:11.897</Data><Data Name='ProcessGuid'>{221ce7aa-d1ff-643e-bf00-00000000e100}</Data><Data Name='ProcessId'>1360</Data><Data Name='Image'>C:\Windows\system32\regsvr32.exe</Data><Data Name='TargetObject'>HKCR\CLSID\{1814CEEB-49E2-407F-AF99-FA755A7D2607}\InProcServer32\(Default)</Data><Data Name='Details'>C:\Program Files\Mozilla Firefox\AccessibleMarshal.dll</Data><Data Name='User'>ATTACKDEFENSE\Administrator</Data></EventData></Event><Event xmlns='http://schemas.microsoft.com/win/2004/08/events/event'><System><Provider Name='Microsoft-Windows-Sysmon' Guid='{5770385f-c22a-43e0-bf4c-06f5698ffbd9}'/><EventID>1</EventID><Version>5</Version><Level>4</Level><Task>1</Task><Opcode>0</Opcode><Keywords>0x8000000000000000</Keywords><TimeCreated SystemTime='2023-04-18T17:23:11.892534500Z'/><EventRecordID>13944</EventRecordID><Correlation/><Execution ProcessID='2664' ThreadID='3332'/><Channel>Microsoft-Windows-Sysmon/Operational</Channel><Computer>AttackDefense</Computer><Security UserID='S-1-5-18'/></System><EventData><Data Name='RuleName'>-</Data><Data Name='UtcTime'>2023-04-18 17:23:11.891</Data><Data Name='ProcessGuid'>{221ce7aa-d1ff-643e-bf00-00000000e100}</Data><Data Name='ProcessId'>1360</Data><Data Name='Image'>C:\Windows\System32\regsvr32.exe</Data><Data Name='FileVersion'>10.0.17763.1 (WinBuild.160101.0800)</Data><Data Name='Description'>Microsoft(C) Register Server</Data><Data Name='Product'>Microsoft® Windows® Operating System</Data><Data Name='Company'>Microsoft Corporation</Data><Data Name='OriginalFileName'>REGSVR32.EXE</Data><Data Name='CommandLine'>"C:\Windows\system32\regsvr32.exe" /s "C:\Program Files\Mozilla Firefox\AccessibleMarshal.dll"</Data><Data Name='CurrentDirectory'>C:\Program Files\Mozilla Firefox\</Data><Data Name='User'>ATTACKDEFENSE\Administrator</Data><Data Name='LogonGuid'>{221ce7aa-cfd9-643e-3bad-020000000000}</Data><Data Name='LogonId'>0x2ad3b</Data><Data Name='TerminalSessionId'>2</Data><Data Name='IntegrityLevel'>Medium</Data><Data Name='Hashes'>MD5=DA0E9A7777D16AE18BD9C642A9F42223,SHA256=F098FA150D9199732B4EC2E81528A951503A30F75AFEBF7E7A48360301758C67,IMPHASH=0235FF9A007804882636BCCCFB4D1A2F</Data><Data Name='ParentProcessGuid'>{221ce7aa-d1fc-643e-bd00-00000000e100}</Data><Data Name='ParentProcessId'>4408</Data><Data Name='ParentImage'>C:\Program Files\Mozilla Firefox\uninstall\helper.exe</Data><Data Name='ParentCommandLine'>argv0ignored /PostUpdate</Data><Data Name='ParentUser'>ATTACKDEFENSE\Administrator</Data></EventData></Event><Event xmlns='http://schemas.microsoft.com/win/2004/08/events/event'><System><Provider Name='Microsoft-Windows-Sysmon' Guid='{5770385f-c22a-43e0-bf4c-06f5698ffbd9}'/><EventID>13</EventID><Version>2</Version><Level>4</Level><Task>13</Task><Opcode>0</Opcode><Keywords>0x8000000000000000</Keywords><TimeCreated SystemTime='2023-04-18T17:23:11.883631900Z'/><EventRecordID>13943</EventRecordID><Correlation/><Execution ProcessID='2664' ThreadID='3332'/><Channel>Microsoft-Windows-Sysmon/Operational</Channel><Computer>AttackDefense</Computer><Security UserID='S-1-5-18'/></System><EventData><Data Name='RuleName'>T1122</Data><Data Name='EventType'>SetValue</Data><Data Name='UtcTime'>2023-04-18 17:23:11.882</Data><Data Name='ProcessGuid'>{221ce7aa-d1ff-643e-be00-00000000e100}</Data><Data Name='ProcessId'>4388</Data><Data Name='Image'>C:\Windows\system32\regsvr32.exe</Data><Data Name='TargetObject'>HKCR\CLSID\{DCA8D857-1A63-4045-8F36-8809EB093D04}\InProcServer32\(Default)</Data><Data Name='Details'>C:\Program Files\Mozilla Firefox\AccessibleHandler.dll</Data><Data Name='User'>ATTACKDEFENSE\Administrator</Data></EventData></Event><Event xmlns='http://schemas.microsoft.com/win/2004/08/events/event'><System><Provider Name='Microsoft-Windows-Sysmon' Guid='{5770385f-c22a-43e0-bf4c-06f5698ffbd9}'/><EventID>1</EventID><Version>5</Version><Level>4</Level><Task>1</Task><Opcode>0</Opcode><Keywords>0x8000000000000000</Keywords><TimeCreated SystemTime='2023-04-18T17:23:11.669053300Z'/><EventRecordID>13942</EventRecordID><Correlation/><Execution ProcessID='2664' ThreadID='3332'/><Channel>Microsoft-Windows-Sysmon/Operational</Channel><Computer>AttackDefense</Computer><Security UserID='S-1-5-18'/></System><EventData><Data Name='RuleName'>-</Data><Data Name='UtcTime'>2023-04-18 17:23:11.667</Data><Data Name='ProcessGuid'>{221ce7aa-d1ff-643e-be00-00000000e100}</Data><Data Name='ProcessId'>4388</Data><Data Name='Image'>C:\Windows\System32\regsvr32.exe</Data><Data Name='FileVersion'>10.0.17763.1 (WinBuild.160101.0800)</Data><Data Name='Description'>Microsoft(C) Register Server</Data><Data Name='Product'>Microsoft® Windows® Operating System</Data><Data Name='Company'>Microsoft Corporation</Data><Data Name='OriginalFileName'>REGSVR32.EXE</Data><Data Name='CommandLine'>"C:\Windows\system32\regsvr32.exe" /s "C:\Program Files\Mozilla Firefox\AccessibleHandler.dll"</Data><Data Name='CurrentDirectory'>C:\Program Files\Mozilla Firefox\</Data><Data Name='User'>ATTACKDEFENSE\Administrator</Data><Data Name='LogonGuid'>{221ce7aa-cfd9-643e-3bad-020000000000}</Data><Data Name='LogonId'>0x2ad3b</Data><Data Name='TerminalSessionId'>2</Data><Data Name='IntegrityLevel'>Medium</Data><Data Name='Hashes'>MD5=DA0E9A7777D16AE18BD9C642A9F42223,SHA256=F098FA150D9199732B4EC2E81528A951503A30F75AFEBF7E7A48360301758C67,IMPHASH=0235FF9A007804882636BCCCFB4D1A2F</Data><Data Name='ParentProcessGuid'>{221ce7aa-d1fc-643e-bd00-00000000e100}</Data><Data Name='ParentProcessId'>4408</Data><Data Name='ParentImage'>C:\Program Files\Mozilla Firefox\uninstall\helper.exe</Data><Data Name='ParentCommandLine'>argv0ignored /PostUpdate</Data><Data Name='ParentUser'>ATTACKDEFENSE\Administrator</Data></EventData></Event><Event xmlns='http://schemas.microsoft.com/win/2004/08/events/event'><System><Provider Name='Microsoft-Windows-Sysmon' Guid='{5770385f-c22a-43e0-bf4c-06f5698ffbd9}'/><EventID>13</EventID><Version>2</Version><Level>4</Level><Task>13</Task><Opcode>0</Opcode><Keywords>0x8000000000000000</Keywords><TimeCreated SystemTime='2023-04-18T17:23:11.664766600Z'/><EventRecordID>13941</EventRecordID><Correlation/><Execution ProcessID='2664' ThreadID='3332'/><Channel>Microsoft-Windows-Sysmon/Operational</Channel><Computer>AttackDefense</Computer><Security UserID='S-1-5-18'/></System><EventData><Data Name='RuleName'>T1042</Data><Data Name='EventType'>SetValue</Data><Data Name='UtcTime'>2023-04-18 17:23:11.646</Data><Data Name='ProcessGuid'>{221ce7aa-d1fc-643e-bd00-00000000e100}</Data><Data Name='ProcessId'>4408</Data><Data Name='Image'>C:\Program Files\Mozilla Firefox\uninstall\helper.exe</Data><Data Name='TargetObject'>HKCR\Applications\firefox.exe\shell\open\command\(Default)</Data><Data Name='Details'>"C:\Program Files\Mozilla Firefox\firefox.exe" -osint -url "%%1"</Data><Data Name='User'>ATTACKDEFENSE\Administrator</Data></EventData></Event><Event xmlns='http://schemas.microsoft.com/win/2004/08/events/event'><System><Provider Name='Microsoft-Windows-Sysmon' Guid='{5770385f-c22a-43e0-bf4c-06f5698ffbd9}'/><EventID>13</EventID><Version>2</Version><Level>4</Level><Task>13</Task><Opcode>0</Opcode><Keywords>0x8000000000000000</Keywords><TimeCreated SystemTime='2023-04-18T17:23:11.661922300Z'/><EventRecordID>13940</EventRecordID><Correlation/><Execution ProcessID='2664' ThreadID='3332'/><Channel>Microsoft-Windows-Sysmon/Operational</Channel><Computer>AttackDefense</Computer><Security UserID='S-1-5-18'/></System><EventData><Data Name='RuleName'>T1042</Data><Data Name='EventType'>SetValue</Data><Data Name='UtcTime'>2023-04-18 17:23:11.646</Data><Data Name='ProcessGuid'>{221ce7aa-d1fc-643e-bd00-00000000e100}</Data><Data Name='ProcessId'>4408</Data><Data Name='Image'>C:\Program Files\Mozilla Firefox\uninstall\helper.exe</Data><Data Name='TargetObject'>HKLM\SOFTWARE\Clients\StartMenuInternet\Firefox-308046B0AF4A39CB\shell\safemode\command\(Default)</Data><Data Name='Details'>"C:\Program Files\Mozilla Firefox\firefox.exe" -safe-mode</Data><Data Name='User'>ATTACKDEFENSE\Administrator</Data></EventData></Event><Event xmlns='http://schemas.microsoft.com/win/2004/08/events/event'><System><Provider Name='Microsoft-Windows-Sysmon' Guid='{5770385f-c22a-43e0-bf4c-06f5698ffbd9}'/><EventID>13</EventID><Version>2</Version><Level>4</Level><Task>13</Task><Opcode>0</Opcode><Keywords>0x8000000000000000</Keywords><TimeCreated SystemTime='2023-04-18T17:23:11.661684600Z'/><EventRecordID>13939</EventRecordID><Correlation/><Execution ProcessID='2664' ThreadID='3332'/><Channel>Microsoft-Windows-Sysmon/Operational</Channel><Computer>AttackDefense</Computer><Security UserID='S-1-5-18'/></System><EventData><Data Name='RuleName'>T1042</Data><Data Name='EventType'>SetValue</Data><Data Name='UtcTime'>2023-04-18 17:23:11.646</Data><Data Name='ProcessGuid'>{221ce7aa-d1fc-643e-bd00-00000000e100}</Data><Data Name='ProcessId'>4408</Data><Data Name='Image'>C:\Program Files\Mozilla Firefox\uninstall\helper.exe</Data><Data Name='TargetObject'>HKLM\SOFTWARE\Clients\StartMenuInternet\Firefox-308046B0AF4A39CB\shell\properties\command\(Default)</Data><Data Name='Details'>"C:\Program Files\Mozilla Firefox\firefox.exe" -preferences</Data><Data Name='User'>ATTACKDEFENSE\Administrator</Data></EventData></Event>