<?xml version="1.0" encoding="utf-8" standalone="yes"?>
<Events><Event xmlns='http://schemas.microsoft.com/win/2004/08/events/event'><System><Provider Name='Microsoft-Windows-Sysmon' Guid='{5770385f-c22a-43e0-bf4c-06f5698ffbd9}'/><EventID>1</EventID><Version>5</Version><Level>4</Level><Task>1</Task><Opcode>0</Opcode><Keywords>0x8000000000000000</Keywords><TimeCreated SystemTime='2023-04-18T17:24:20.091668100Z'/><EventRecordID>14008</EventRecordID><Correlation/><Execution ProcessID='2664' ThreadID='3332'/><Channel>Microsoft-Windows-Sysmon/Operational</Channel><Computer>AttackDefense</Computer><Security UserID='S-1-5-18'/></System><EventData><Data Name='RuleName'>-</Data><Data Name='UtcTime'>2023-04-18 17:24:20.090</Data><Data Name='ProcessGuid'>{221ce7aa-d244-643e-d100-00000000e100}</Data><Data Name='ProcessId'>5424</Data><Data Name='Image'>C:\Windows\System32\svchost.exe</Data><Data Name='FileVersion'>10.0.17763.1 (WinBuild.160101.0800)</Data><Data Name='Description'>Host Process for Windows Services</Data><Data Name='Product'>Microsoft® Windows® Operating System</Data><Data Name='Company'>Microsoft Corporation</Data><Data Name='OriginalFileName'>svchost.exe</Data><Data Name='CommandLine'>C:\Windows\System32\svchost.exe -k LocalSystemNetworkRestricted -p -s StorSvc</Data><Data Name='CurrentDirectory'>C:\Windows\system32\</Data><Data Name='User'>NT AUTHORITY\SYSTEM</Data><Data Name='LogonGuid'>{221ce7aa-cf67-643e-e703-000000000000}</Data><Data Name='LogonId'>0x3e7</Data><Data Name='TerminalSessionId'>0</Data><Data Name='IntegrityLevel'>System</Data><Data Name='Hashes'>MD5=8A0A29438052FAED8A2532DA50455756,SHA256=7FD065BAC18C5278777AE44908101CDFED72D26FA741367F0AD4D02020787AB6,IMPHASH=247B9220E5D9B720A82B2C8B5069AD69</Data><Data Name='ParentProcessGuid'>{221ce7aa-cf67-643e-0b00-00000000e100}</Data><Data Name='ParentProcessId'>572</Data><Data Name='ParentImage'>C:\Windows\System32\services.exe</Data><Data Name='ParentCommandLine'>C:\Windows\system32\services.exe</Data><Data Name='ParentUser'>NT AUTHORITY\SYSTEM</Data></EventData></Event><Event xmlns='http://schemas.microsoft.com/win/2004/08/events/event'><System><Provider Name='Microsoft-Windows-Sysmon' Guid='{5770385f-c22a-43e0-bf4c-06f5698ffbd9}'/><EventID>1</EventID><Version>5</Version><Level>4</Level><Task>1</Task><Opcode>0</Opcode><Keywords>0x8000000000000000</Keywords><TimeCreated SystemTime='2023-04-18T17:24:15.824090200Z'/><EventRecordID>14007</EventRecordID><Correlation/><Execution ProcessID='2664' ThreadID='3332'/><Channel>Microsoft-Windows-Sysmon/Operational</Channel><Computer>AttackDefense</Computer><Security UserID='S-1-5-18'/></System><EventData><Data Name='RuleName'>-</Data><Data Name='UtcTime'>2023-04-18 17:24:15.823</Data><Data Name='ProcessGuid'>{221ce7aa-d23f-643e-d000-00000000e100}</Data><Data Name='ProcessId'>5388</Data><Data Name='Image'>C:\Users\viktor\Downloads\mimikatz.exe</Data><Data Name='FileVersion'>2.2.0.0</Data><Data Name='Description'>mimikatz for Windows</Data><Data Name='Product'>mimikatz</Data><Data Name='Company'>gentilkiwi (Benjamin DELPY)</Data><Data Name='OriginalFileName'>mimikatz.exe</Data><Data Name='CommandLine'>"C:\Users\viktor\Downloads\mimikatz.exe"</Data><Data Name='CurrentDirectory'>C:\Users\viktor\Downloads\</Data><Data Name='User'>ATTACKDEFENSE\viktor</Data><Data Name='LogonGuid'>{221ce7aa-d0dc-643e-26b3-060000000000}</Data><Data Name='LogonId'>0x6b326</Data><Data Name='TerminalSessionId'>2</Data><Data Name='IntegrityLevel'>Medium</Data><Data Name='Hashes'>MD5=E930B05EFE23891D19BC354A4209BE3E,SHA256=92804FAAAB2175DC501D73E814663058C78C0A042675A8937266357BCFB96C50,IMPHASH=1355327F6CA3430B3DDBE6E0ACDA71EA</Data><Data Name='ParentProcessGuid'>{221ce7aa-d0dc-643e-8b00-00000000e100}</Data><Data Name='ParentProcessId'>1612</Data><Data Name='ParentImage'>C:\Windows\System32\WindowsPowerShell\v1.0\powershell.exe</Data><Data Name='ParentCommandLine'>"C:\Windows\System32\WindowsPowerShell\v1.0\powershell.exe" </Data><Data Name='ParentUser'>ATTACKDEFENSE\viktor</Data></EventData></Event><Event xmlns='http://schemas.microsoft.com/win/2004/08/events/event'><System><Provider Name='Microsoft-Windows-Sysmon' Guid='{5770385f-c22a-43e0-bf4c-06f5698ffbd9}'/><EventID>22</EventID><Version>5</Version><Level>4</Level><Task>22</Task><Opcode>0</Opcode><Keywords>0x8000000000000000</Keywords><TimeCreated SystemTime='2023-04-18T17:23:46.635533600Z'/><EventRecordID>14006</EventRecordID><Correlation/><Execution ProcessID='2664' ThreadID='3356'/><Channel>Microsoft-Windows-Sysmon/Operational</Channel><Computer>AttackDefense</Computer><Security UserID='S-1-5-18'/></System><EventData><Data Name='RuleName'>-</Data><Data Name='UtcTime'>2023-04-18 17:23:45.302</Data><Data Name='ProcessGuid'>{221ce7aa-d200-643e-c300-00000000e100}</Data><Data Name='ProcessId'>3932</Data><Data Name='QueryName'>a19.dscg10.akamai.net</Data><Data Name='QueryStatus'>0</Data><Data Name='QueryResults'>2600:140f:4::1736:5169;</Data><Data Name='Image'>C:\Program Files\Mozilla Firefox\firefox.exe</Data><Data Name='User'>ATTACKDEFENSE\Administrator</Data></EventData></Event><Event xmlns='http://schemas.microsoft.com/win/2004/08/events/event'><System><Provider Name='Microsoft-Windows-Sysmon' Guid='{5770385f-c22a-43e0-bf4c-06f5698ffbd9}'/><EventID>22</EventID><Version>5</Version><Level>4</Level><Task>22</Task><Opcode>0</Opcode><Keywords>0x8000000000000000</Keywords><TimeCreated SystemTime='2023-04-18T17:23:45.631895400Z'/><EventRecordID>14005</EventRecordID><Correlation/><Execution ProcessID='2664' ThreadID='3356'/><Channel>Microsoft-Windows-Sysmon/Operational</Channel><Computer>AttackDefense</Computer><Security UserID='S-1-5-18'/></System><EventData><Data Name='RuleName'>-</Data><Data Name='UtcTime'>2023-04-18 17:23:45.294</Data><Data Name='ProcessGuid'>{221ce7aa-d200-643e-c300-00000000e100}</Data><Data Name='ProcessId'>3932</Data><Data Name='QueryName'>a19.dscg10.akamai.net</Data><Data Name='QueryStatus'>0</Data><Data Name='QueryResults'>23.192.44.224;23.192.44.217;</Data><Data Name='Image'>C:\Program Files\Mozilla Firefox\firefox.exe</Data><Data Name='User'>ATTACKDEFENSE\Administrator</Data></EventData></Event><Event xmlns='http://schemas.microsoft.com/win/2004/08/events/event'><System><Provider Name='Microsoft-Windows-Sysmon' Guid='{5770385f-c22a-43e0-bf4c-06f5698ffbd9}'/><EventID>22</EventID><Version>5</Version><Level>4</Level><Task>22</Task><Opcode>0</Opcode><Keywords>0x8000000000000000</Keywords><TimeCreated SystemTime='2023-04-18T17:23:45.631798800Z'/><EventRecordID>14004</EventRecordID><Correlation/><Execution ProcessID='2664' ThreadID='3356'/><Channel>Microsoft-Windows-Sysmon/Operational</Channel><Computer>AttackDefense</Computer><Security UserID='S-1-5-18'/></System><EventData><Data Name='RuleName'>-</Data><Data Name='UtcTime'>2023-04-18 17:23:45.293</Data><Data Name='ProcessGuid'>{221ce7aa-d200-643e-c300-00000000e100}</Data><Data Name='ProcessId'>3932</Data><Data Name='QueryName'>ciscobinary.openh264.org</Data><Data Name='QueryStatus'>0</Data><Data Name='QueryResults'>type:  5 a21ed24aedde648804e7-228765c84088fef4ff5e70f2710398e9.r17.cf1.rackcdn.com;type:  5 a17.rackcdn.com;type:  5 a17.rackcdn.com.mdc.edgesuite.net;type:  5 a19.dscg10.akamai.net;::ffff:23.192.44.217;::ffff:23.192.44.224;</Data><Data Name='Image'>C:\Program Files\Mozilla Firefox\firefox.exe</Data><Data Name='User'>ATTACKDEFENSE\Administrator</Data></EventData></Event><Event xmlns='http://schemas.microsoft.com/win/2004/08/events/event'><System><Provider Name='Microsoft-Windows-Sysmon' Guid='{5770385f-c22a-43e0-bf4c-06f5698ffbd9}'/><EventID>22</EventID><Version>5</Version><Level>4</Level><Task>22</Task><Opcode>0</Opcode><Keywords>0x8000000000000000</Keywords><TimeCreated SystemTime='2023-04-18T17:23:30.439812600Z'/><EventRecordID>14003</EventRecordID><Correlation/><Execution ProcessID='2664' ThreadID='3356'/><Channel>Microsoft-Windows-Sysmon/Operational</Channel><Computer>AttackDefense</Computer><Security UserID='S-1-5-18'/></System><EventData><Data Name='RuleName'>-</Data><Data Name='UtcTime'>2023-04-18 17:23:28.424</Data><Data Name='ProcessGuid'>{221ce7aa-cf68-643e-2e00-00000000e100}</Data><Data Name='ProcessId'>1936</Data><Data Name='QueryName'>wpad</Data><Data Name='QueryStatus'>9003</Data><Data Name='QueryResults'>-</Data><Data Name='Image'>C:\Windows\system32\svchost.exe</Data><Data Name='User'>NT AUTHORITY\LOCAL SERVICE</Data></EventData></Event><Event xmlns='http://schemas.microsoft.com/win/2004/08/events/event'><System><Provider Name='Microsoft-Windows-Sysmon' Guid='{5770385f-c22a-43e0-bf4c-06f5698ffbd9}'/><EventID>22</EventID><Version>5</Version><Level>4</Level><Task>22</Task><Opcode>0</Opcode><Keywords>0x8000000000000000</Keywords><TimeCreated SystemTime='2023-04-18T17:23:26.910123400Z'/><EventRecordID>14002</EventRecordID><Correlation/><Execution ProcessID='2664' ThreadID='3356'/><Channel>Microsoft-Windows-Sysmon/Operational</Channel><Computer>AttackDefense</Computer><Security UserID='S-1-5-18'/></System><EventData><Data Name='RuleName'>-</Data><Data Name='UtcTime'>2023-04-18 17:23:26.245</Data><Data Name='ProcessGuid'>{221ce7aa-d200-643e-c300-00000000e100}</Data><Data Name='ProcessId'>3932</Data><Data Name='QueryName'>twitter.com</Data><Data Name='QueryStatus'>9501</Data><Data Name='QueryResults'>-</Data><Data Name='Image'>C:\Program Files\Mozilla Firefox\firefox.exe</Data><Data Name='User'>ATTACKDEFENSE\Administrator</Data></EventData></Event><Event xmlns='http://schemas.microsoft.com/win/2004/08/events/event'><System><Provider Name='Microsoft-Windows-Sysmon' Guid='{5770385f-c22a-43e0-bf4c-06f5698ffbd9}'/><EventID>22</EventID><Version>5</Version><Level>4</Level><Task>22</Task><Opcode>0</Opcode><Keywords>0x8000000000000000</Keywords><TimeCreated SystemTime='2023-04-18T17:23:26.910091100Z'/><EventRecordID>14001</EventRecordID><Correlation/><Execution ProcessID='2664' ThreadID='3356'/><Channel>Microsoft-Windows-Sysmon/Operational</Channel><Computer>AttackDefense</Computer><Security UserID='S-1-5-18'/></System><EventData><Data Name='RuleName'>-</Data><Data Name='UtcTime'>2023-04-18 17:23:26.199</Data><Data Name='ProcessGuid'>{221ce7aa-d200-643e-c300-00000000e100}</Data><Data Name='ProcessId'>3932</Data><Data Name='QueryName'>twitter.com</Data><Data Name='QueryStatus'>0</Data><Data Name='QueryResults'>104.244.42.1;104.244.42.129;104.244.42.65;104.244.42.193;</Data><Data Name='Image'>C:\Program Files\Mozilla Firefox\firefox.exe</Data><Data Name='User'>ATTACKDEFENSE\Administrator</Data></EventData></Event><Event xmlns='http://schemas.microsoft.com/win/2004/08/events/event'><System><Provider Name='Microsoft-Windows-Sysmon' Guid='{5770385f-c22a-43e0-bf4c-06f5698ffbd9}'/><EventID>22</EventID><Version>5</Version><Level>4</Level><Task>22</Task><Opcode>0</Opcode><Keywords>0x8000000000000000</Keywords><TimeCreated SystemTime='2023-04-18T17:23:26.910059000Z'/><EventRecordID>14000</EventRecordID><Correlation/><Execution ProcessID='2664' ThreadID='3356'/><Channel>Microsoft-Windows-Sysmon/Operational</Channel><Computer>AttackDefense</Computer><Security UserID='S-1-5-18'/></System><EventData><Data Name='RuleName'>-</Data><Data Name='UtcTime'>2023-04-18 17:23:26.197</Data><Data Name='ProcessGuid'>{221ce7aa-d200-643e-c300-00000000e100}</Data><Data Name='ProcessId'>3932</Data><Data Name='QueryName'>reddit.map.fastly.net</Data><Data Name='QueryStatus'>9501</Data><Data Name='QueryResults'>-</Data><Data Name='Image'>C:\Program Files\Mozilla Firefox\firefox.exe</Data><Data Name='User'>ATTACKDEFENSE\Administrator</Data></EventData></Event><Event xmlns='http://schemas.microsoft.com/win/2004/08/events/event'><System><Provider Name='Microsoft-Windows-Sysmon' Guid='{5770385f-c22a-43e0-bf4c-06f5698ffbd9}'/><EventID>22</EventID><Version>5</Version><Level>4</Level><Task>22</Task><Opcode>0</Opcode><Keywords>0x8000000000000000</Keywords><TimeCreated SystemTime='2023-04-18T17:23:26.910025600Z'/><EventRecordID>13999</EventRecordID><Correlation/><Execution ProcessID='2664' ThreadID='3356'/><Channel>Microsoft-Windows-Sysmon/Operational</Channel><Computer>AttackDefense</Computer><Security UserID='S-1-5-18'/></System><EventData><Data Name='RuleName'>-</Data><Data Name='UtcTime'>2023-04-18 17:23:26.196</Data><Data Name='ProcessGuid'>{221ce7aa-d200-643e-c300-00000000e100}</Data><Data Name='ProcessId'>3932</Data><Data Name='QueryName'>twitter.com</Data><Data Name='QueryStatus'>0</Data><Data Name='QueryResults'>::ffff:104.244.42.193;::ffff:104.244.42.65;::ffff:104.244.42.129;::ffff:104.244.42.1;</Data><Data Name='Image'>C:\Program Files\Mozilla Firefox\firefox.exe</Data><Data Name='User'>ATTACKDEFENSE\Administrator</Data></EventData></Event><Event xmlns='http://schemas.microsoft.com/win/2004/08/events/event'><System><Provider Name='Microsoft-Windows-Sysmon' Guid='{5770385f-c22a-43e0-bf4c-06f5698ffbd9}'/><EventID>22</EventID><Version>5</Version><Level>4</Level><Task>22</Task><Opcode>0</Opcode><Keywords>0x8000000000000000</Keywords><TimeCreated SystemTime='2023-04-18T17:23:26.909992800Z'/><EventRecordID>13998</EventRecordID><Correlation/><Execution ProcessID='2664' ThreadID='3356'/><Channel>Microsoft-Windows-Sysmon/Operational</Channel><Computer>AttackDefense</Computer><Security UserID='S-1-5-18'/></System><EventData><Data Name='RuleName'>-</Data><Data Name='UtcTime'>2023-04-18 17:23:26.195</Data><Data Name='ProcessGuid'>{221ce7aa-d200-643e-c300-00000000e100}</Data><Data Name='ProcessId'>3932</Data><Data Name='QueryName'>reddit.map.fastly.net</Data><Data Name='QueryStatus'>0</Data><Data Name='QueryResults'>199.232.45.140;</Data><Data Name='Image'>C:\Program Files\Mozilla Firefox\firefox.exe</Data><Data Name='User'>ATTACKDEFENSE\Administrator</Data></EventData></Event><Event xmlns='http://schemas.microsoft.com/win/2004/08/events/event'><System><Provider Name='Microsoft-Windows-Sysmon' Guid='{5770385f-c22a-43e0-bf4c-06f5698ffbd9}'/><EventID>22</EventID><Version>5</Version><Level>4</Level><Task>22</Task><Opcode>0</Opcode><Keywords>0x8000000000000000</Keywords><TimeCreated SystemTime='2023-04-18T17:23:26.909959200Z'/><EventRecordID>13997</EventRecordID><Correlation/><Execution ProcessID='2664' ThreadID='3356'/><Channel>Microsoft-Windows-Sysmon/Operational</Channel><Computer>AttackDefense</Computer><Security UserID='S-1-5-18'/></System><EventData><Data Name='RuleName'>-</Data><Data Name='UtcTime'>2023-04-18 17:23:26.195</Data><Data Name='ProcessGuid'>{221ce7aa-d200-643e-c300-00000000e100}</Data><Data Name='ProcessId'>3932</Data><Data Name='QueryName'>star-mini.c10r.facebook.com</Data><Data Name='QueryStatus'>0</Data><Data Name='QueryResults'>2a03:2880:f15c:183:face:b00c:0:25de;</Data><Data Name='Image'>C:\Program Files\Mozilla Firefox\firefox.exe</Data><Data Name='User'>ATTACKDEFENSE\Administrator</Data></EventData></Event><Event xmlns='http://schemas.microsoft.com/win/2004/08/events/event'><System><Provider Name='Microsoft-Windows-Sysmon' Guid='{5770385f-c22a-43e0-bf4c-06f5698ffbd9}'/><EventID>22</EventID><Version>5</Version><Level>4</Level><Task>22</Task><Opcode>0</Opcode><Keywords>0x8000000000000000</Keywords><TimeCreated SystemTime='2023-04-18T17:23:26.909923200Z'/><EventRecordID>13996</EventRecordID><Correlation/><Execution ProcessID='2664' ThreadID='3356'/><Channel>Microsoft-Windows-Sysmon/Operational</Channel><Computer>AttackDefense</Computer><Security UserID='S-1-5-18'/></System><EventData><Data Name='RuleName'>-</Data><Data Name='UtcTime'>2023-04-18 17:23:26.192</Data><Data Name='ProcessGuid'>{221ce7aa-d200-643e-c300-00000000e100}</Data><Data Name='ProcessId'>3932</Data><Data Name='QueryName'>www.reddit.com</Data><Data Name='QueryStatus'>0</Data><Data Name='QueryResults'>type:  5 reddit.map.fastly.net;::ffff:199.232.45.140;</Data><Data Name='Image'>C:\Program Files\Mozilla Firefox\firefox.exe</Data><Data Name='User'>ATTACKDEFENSE\Administrator</Data></EventData></Event><Event xmlns='http://schemas.microsoft.com/win/2004/08/events/event'><System><Provider Name='Microsoft-Windows-Sysmon' Guid='{5770385f-c22a-43e0-bf4c-06f5698ffbd9}'/><EventID>22</EventID><Version>5</Version><Level>4</Level><Task>22</Task><Opcode>0</Opcode><Keywords>0x8000000000000000</Keywords><TimeCreated SystemTime='2023-04-18T17:23:26.909882100Z'/><EventRecordID>13995</EventRecordID><Correlation/><Execution ProcessID='2664' ThreadID='3356'/><Channel>Microsoft-Windows-Sysmon/Operational</Channel><Computer>AttackDefense</Computer><Security UserID='S-1-5-18'/></System><EventData><Data Name='RuleName'>-</Data><Data Name='UtcTime'>2023-04-18 17:23:26.192</Data><Data Name='ProcessGuid'>{221ce7aa-d200-643e-c300-00000000e100}</Data><Data Name='ProcessId'>3932</Data><Data Name='QueryName'>youtube-ui.l.google.com</Data><Data Name='QueryStatus'>0</Data><Data Name='QueryResults'>2404:6800:4003:c0f::be;2404:6800:4003:c0f::5d;2404:6800:4003:c11::5b;2404:6800:4003:c11::be;</Data><Data Name='Image'>C:\Program Files\Mozilla Firefox\firefox.exe</Data><Data Name='User'>ATTACKDEFENSE\Administrator</Data></EventData></Event><Event xmlns='http://schemas.microsoft.com/win/2004/08/events/event'><System><Provider Name='Microsoft-Windows-Sysmon' Guid='{5770385f-c22a-43e0-bf4c-06f5698ffbd9}'/><EventID>22</EventID><Version>5</Version><Level>4</Level><Task>22</Task><Opcode>0</Opcode><Keywords>0x8000000000000000</Keywords><TimeCreated SystemTime='2023-04-18T17:23:26.909846200Z'/><EventRecordID>13994</EventRecordID><Correlation/><Execution ProcessID='2664' ThreadID='3356'/><Channel>Microsoft-Windows-Sysmon/Operational</Channel><Computer>AttackDefense</Computer><Security UserID='S-1-5-18'/></System><EventData><Data Name='RuleName'>-</Data><Data Name='UtcTime'>2023-04-18 17:23:26.192</Data><Data Name='ProcessGuid'>{221ce7aa-d200-643e-c300-00000000e100}</Data><Data Name='ProcessId'>3932</Data><Data Name='QueryName'>star-mini.c10r.facebook.com</Data><Data Name='QueryStatus'>0</Data><Data Name='QueryResults'>157.240.217.35;</Data><Data Name='Image'>C:\Program Files\Mozilla Firefox\firefox.exe</Data><Data Name='User'>ATTACKDEFENSE\Administrator</Data></EventData></Event><Event xmlns='http://schemas.microsoft.com/win/2004/08/events/event'><System><Provider Name='Microsoft-Windows-Sysmon' Guid='{5770385f-c22a-43e0-bf4c-06f5698ffbd9}'/><EventID>22</EventID><Version>5</Version><Level>4</Level><Task>22</Task><Opcode>0</Opcode><Keywords>0x8000000000000000</Keywords><TimeCreated SystemTime='2023-04-18T17:23:26.909803400Z'/><EventRecordID>13993</EventRecordID><Correlation/><Execution ProcessID='2664' ThreadID='3356'/><Channel>Microsoft-Windows-Sysmon/Operational</Channel><Computer>AttackDefense</Computer><Security UserID='S-1-5-18'/></System><EventData><Data Name='RuleName'>-</Data><Data Name='UtcTime'>2023-04-18 17:23:26.188</Data><Data Name='ProcessGuid'>{221ce7aa-d200-643e-c300-00000000e100}</Data><Data Name='ProcessId'>3932</Data><Data Name='QueryName'>dyna.wikimedia.org</Data><Data Name='QueryStatus'>0</Data><Data Name='QueryResults'>2001:df2:e500:ed1a::1;</Data><Data Name='Image'>C:\Program Files\Mozilla Firefox\firefox.exe</Data><Data Name='User'>ATTACKDEFENSE\Administrator</Data></EventData></Event><Event xmlns='http://schemas.microsoft.com/win/2004/08/events/event'><System><Provider Name='Microsoft-Windows-Sysmon' Guid='{5770385f-c22a-43e0-bf4c-06f5698ffbd9}'/><EventID>22</EventID><Version>5</Version><Level>4</Level><Task>22</Task><Opcode>0</Opcode><Keywords>0x8000000000000000</Keywords><TimeCreated SystemTime='2023-04-18T17:23:26.909767800Z'/><EventRecordID>13992</EventRecordID><Correlation/><Execution ProcessID='2664' ThreadID='3356'/><Channel>Microsoft-Windows-Sysmon/Operational</Channel><Computer>AttackDefense</Computer><Security UserID='S-1-5-18'/></System><EventData><Data Name='RuleName'>-</Data><Data Name='UtcTime'>2023-04-18 17:23:26.187</Data><Data Name='ProcessGuid'>{221ce7aa-d200-643e-c300-00000000e100}</Data><Data Name='ProcessId'>3932</Data><Data Name='QueryName'>www.facebook.com</Data><Data Name='QueryStatus'>0</Data><Data Name='QueryResults'>type:  5 star-mini.c10r.facebook.com;::ffff:157.240.217.35;</Data><Data Name='Image'>C:\Program Files\Mozilla Firefox\firefox.exe</Data><Data Name='User'>ATTACKDEFENSE\Administrator</Data></EventData></Event><Event xmlns='http://schemas.microsoft.com/win/2004/08/events/event'><System><Provider Name='Microsoft-Windows-Sysmon' Guid='{5770385f-c22a-43e0-bf4c-06f5698ffbd9}'/><EventID>22</EventID><Version>5</Version><Level>4</Level><Task>22</Task><Opcode>0</Opcode><Keywords>0x8000000000000000</Keywords><TimeCreated SystemTime='2023-04-18T17:23:26.909731700Z'/><EventRecordID>13991</EventRecordID><Correlation/><Execution ProcessID='2664' ThreadID='3356'/><Channel>Microsoft-Windows-Sysmon/Operational</Channel><Computer>AttackDefense</Computer><Security UserID='S-1-5-18'/></System><EventData><Data Name='RuleName'>-</Data><Data Name='UtcTime'>2023-04-18 17:23:26.187</Data><Data Name='ProcessGuid'>{221ce7aa-d200-643e-c300-00000000e100}</Data><Data Name='ProcessId'>3932</Data><Data Name='QueryName'>youtube-ui.l.google.com</Data><Data Name='QueryStatus'>0</Data><Data Name='QueryResults'>142.250.4.190;74.125.24.93;172.253.118.136;172.217.194.93;172.217.194.190;172.217.194.91;172.217.194.136;142.251.12.190;142.251.12.136;142.251.12.91;142.251.12.93;142.251.10.91;142.251.10.93;142.251.10.136;142.251.10.190;142.250.4.93;</Data><Data Name='Image'>C:\Program Files\Mozilla Firefox\firefox.exe</Data><Data Name='User'>ATTACKDEFENSE\Administrator</Data></EventData></Event><Event xmlns='http://schemas.microsoft.com/win/2004/08/events/event'><System><Provider Name='Microsoft-Windows-Sysmon' Guid='{5770385f-c22a-43e0-bf4c-06f5698ffbd9}'/><EventID>22</EventID><Version>5</Version><Level>4</Level><Task>22</Task><Opcode>0</Opcode><Keywords>0x8000000000000000</Keywords><TimeCreated SystemTime='2023-04-18T17:23:26.909693900Z'/><EventRecordID>13990</EventRecordID><Correlation/><Execution ProcessID='2664' ThreadID='3356'/><Channel>Microsoft-Windows-Sysmon/Operational</Channel><Computer>AttackDefense</Computer><Security UserID='S-1-5-18'/></System><EventData><Data Name='RuleName'>-</Data><Data Name='UtcTime'>2023-04-18 17:23:26.186</Data><Data Name='ProcessGuid'>{221ce7aa-d200-643e-c300-00000000e100}</Data><Data Name='ProcessId'>3932</Data><Data Name='QueryName'>dyna.wikimedia.org</Data><Data Name='QueryStatus'>0</Data><Data Name='QueryResults'>103.102.166.224;</Data><Data Name='Image'>C:\Program Files\Mozilla Firefox\firefox.exe</Data><Data Name='User'>ATTACKDEFENSE\Administrator</Data></EventData></Event><Event xmlns='http://schemas.microsoft.com/win/2004/08/events/event'><System><Provider Name='Microsoft-Windows-Sysmon' Guid='{5770385f-c22a-43e0-bf4c-06f5698ffbd9}'/><EventID>22</EventID><Version>5</Version><Level>4</Level><Task>22</Task><Opcode>0</Opcode><Keywords>0x8000000000000000</Keywords><TimeCreated SystemTime='2023-04-18T17:23:26.909656600Z'/><EventRecordID>13989</EventRecordID><Correlation/><Execution ProcessID='2664' ThreadID='3356'/><Channel>Microsoft-Windows-Sysmon/Operational</Channel><Computer>AttackDefense</Computer><Security UserID='S-1-5-18'/></System><EventData><Data Name='RuleName'>-</Data><Data Name='UtcTime'>2023-04-18 17:23:26.186</Data><Data Name='ProcessGuid'>{221ce7aa-d200-643e-c300-00000000e100}</Data><Data Name='ProcessId'>3932</Data><Data Name='QueryName'>www.youtube.com</Data><Data Name='QueryStatus'>0</Data><Data Name='QueryResults'>type:  5 youtube-ui.l.google.com;::ffff:142.250.4.93;::ffff:142.251.10.190;::ffff:142.251.10.136;::ffff:142.251.10.93;::ffff:142.251.10.91;::ffff:142.251.12.93;::ffff:142.251.12.91;::ffff:142.251.12.136;::ffff:142.251.12.190;::ffff:172.217.194.136;::ffff:172.217.194.91;::ffff:172.217.194.190;::ffff:172.217.194.93;::ffff:172.253.118.136;::ffff:74.125.24.93;::ffff:142.250.4.190;</Data><Data Name='Image'>C:\Program Files\Mozilla Firefox\firefox.exe</Data><Data Name='User'>ATTACKDEFENSE\Administrator</Data></EventData></Event><Event xmlns='http://schemas.microsoft.com/win/2004/08/events/event'><System><Provider Name='Microsoft-Windows-Sysmon' Guid='{5770385f-c22a-43e0-bf4c-06f5698ffbd9}'/><EventID>22</EventID><Version>5</Version><Level>4</Level><Task>22</Task><Opcode>0</Opcode><Keywords>0x8000000000000000</Keywords><TimeCreated SystemTime='2023-04-18T17:23:26.909613100Z'/><EventRecordID>13988</EventRecordID><Correlation/><Execution ProcessID='2664' ThreadID='3356'/><Channel>Microsoft-Windows-Sysmon/Operational</Channel><Computer>AttackDefense</Computer><Security UserID='S-1-5-18'/></System><EventData><Data Name='RuleName'>-</Data><Data Name='UtcTime'>2023-04-18 17:23:26.185</Data><Data Name='ProcessGuid'>{221ce7aa-d200-643e-c300-00000000e100}</Data><Data Name='ProcessId'>3932</Data><Data Name='QueryName'>www.wikipedia.org</Data><Data Name='QueryStatus'>0</Data><Data Name='QueryResults'>type:  5 dyna.wikimedia.org;::ffff:103.102.166.224;</Data><Data Name='Image'>C:\Program Files\Mozilla Firefox\firefox.exe</Data><Data Name='User'>ATTACKDEFENSE\Administrator</Data></EventData></Event><Event xmlns='http://schemas.microsoft.com/win/2004/08/events/event'><System><Provider Name='Microsoft-Windows-Sysmon' Guid='{5770385f-c22a-43e0-bf4c-06f5698ffbd9}'/><EventID>22</EventID><Version>5</Version><Level>4</Level><Task>22</Task><Opcode>0</Opcode><Keywords>0x8000000000000000</Keywords><TimeCreated SystemTime='2023-04-18T17:23:24.933289800Z'/><EventRecordID>13987</EventRecordID><Correlation/><Execution ProcessID='2664' ThreadID='3356'/><Channel>Microsoft-Windows-Sysmon/Operational</Channel><Computer>AttackDefense</Computer><Security UserID='S-1-5-18'/></System><EventData><Data Name='RuleName'>-</Data><Data Name='UtcTime'>2023-04-18 17:23:24.548</Data><Data Name='ProcessGuid'>{221ce7aa-d200-643e-c300-00000000e100}</Data><Data Name='ProcessId'>3932</Data><Data Name='QueryName'>fp2e7a.wpc.phicdn.net</Data><Data Name='QueryStatus'>9501</Data><Data Name='QueryResults'>-</Data><Data Name='Image'>C:\Program Files\Mozilla Firefox\firefox.exe</Data><Data Name='User'>ATTACKDEFENSE\Administrator</Data></EventData></Event><Event xmlns='http://schemas.microsoft.com/win/2004/08/events/event'><System><Provider Name='Microsoft-Windows-Sysmon' Guid='{5770385f-c22a-43e0-bf4c-06f5698ffbd9}'/><EventID>22</EventID><Version>5</Version><Level>4</Level><Task>22</Task><Opcode>0</Opcode><Keywords>0x8000000000000000</Keywords><TimeCreated SystemTime='2023-04-18T17:23:24.933238900Z'/><EventRecordID>13986</EventRecordID><Correlation/><Execution ProcessID='2664' ThreadID='3356'/><Channel>Microsoft-Windows-Sysmon/Operational</Channel><Computer>AttackDefense</Computer><Security UserID='S-1-5-18'/></System><EventData><Data Name='RuleName'>-</Data><Data Name='UtcTime'>2023-04-18 17:23:24.538</Data><Data Name='ProcessGuid'>{221ce7aa-d200-643e-c300-00000000e100}</Data><Data Name='ProcessId'>3932</Data><Data Name='QueryName'>fp2e7a.wpc.phicdn.net</Data><Data Name='QueryStatus'>0</Data><Data Name='QueryResults'>152.195.38.76;</Data><Data Name='Image'>C:\Program Files\Mozilla Firefox\firefox.exe</Data><Data Name='User'>ATTACKDEFENSE\Administrator</Data></EventData></Event><Event xmlns='http://schemas.microsoft.com/win/2004/08/events/event'><System><Provider Name='Microsoft-Windows-Sysmon' Guid='{5770385f-c22a-43e0-bf4c-06f5698ffbd9}'/><EventID>22</EventID><Version>5</Version><Level>4</Level><Task>22</Task><Opcode>0</Opcode><Keywords>0x8000000000000000</Keywords><TimeCreated SystemTime='2023-04-18T17:23:24.932980500Z'/><EventRecordID>13985</EventRecordID><Correlation/><Execution ProcessID='2664' ThreadID='3356'/><Channel>Microsoft-Windows-Sysmon/Operational</Channel><Computer>AttackDefense</Computer><Security UserID='S-1-5-18'/></System><EventData><Data Name='RuleName'>-</Data><Data Name='UtcTime'>2023-04-18 17:23:24.364</Data><Data Name='ProcessGuid'>{221ce7aa-d200-643e-c300-00000000e100}</Data><Data Name='ProcessId'>3932</Data><Data Name='QueryName'>prod.balrog.prod.cloudops.mozgcp.net</Data><Data Name='QueryStatus'>9501</Data><Data Name='QueryResults'>-</Data><Data Name='Image'>C:\Program Files\Mozilla Firefox\firefox.exe</Data><Data Name='User'>ATTACKDEFENSE\Administrator</Data></EventData></Event><Event xmlns='http://schemas.microsoft.com/win/2004/08/events/event'><System><Provider Name='Microsoft-Windows-Sysmon' Guid='{5770385f-c22a-43e0-bf4c-06f5698ffbd9}'/><EventID>22</EventID><Version>5</Version><Level>4</Level><Task>22</Task><Opcode>0</Opcode><Keywords>0x8000000000000000</Keywords><TimeCreated SystemTime='2023-04-18T17:23:24.932901100Z'/><EventRecordID>13984</EventRecordID><Correlation/><Execution ProcessID='2664' ThreadID='3356'/><Channel>Microsoft-Windows-Sysmon/Operational</Channel><Computer>AttackDefense</Computer><Security UserID='S-1-5-18'/></System><EventData><Data Name='RuleName'>-</Data><Data Name='UtcTime'>2023-04-18 17:23:24.181</Data><Data Name='ProcessGuid'>{221ce7aa-d200-643e-c300-00000000e100}</Data><Data Name='ProcessId'>3932</Data><Data Name='QueryName'>prod.ingestion-edge.prod.dataops.mozgcp.net</Data><Data Name='QueryStatus'>9501</Data><Data Name='QueryResults'>-</Data><Data Name='Image'>C:\Program Files\Mozilla Firefox\firefox.exe</Data><Data Name='User'>ATTACKDEFENSE\Administrator</Data></EventData></Event><Event xmlns='http://schemas.microsoft.com/win/2004/08/events/event'><System><Provider Name='Microsoft-Windows-Sysmon' Guid='{5770385f-c22a-43e0-bf4c-06f5698ffbd9}'/><EventID>22</EventID><Version>5</Version><Level>4</Level><Task>22</Task><Opcode>0</Opcode><Keywords>0x8000000000000000</Keywords><TimeCreated SystemTime='2023-04-18T17:23:24.932845500Z'/><EventRecordID>13983</EventRecordID><Correlation/><Execution ProcessID='2664' ThreadID='3356'/><Channel>Microsoft-Windows-Sysmon/Operational</Channel><Computer>AttackDefense</Computer><Security UserID='S-1-5-18'/></System><EventData><Data Name='RuleName'>-</Data><Data Name='UtcTime'>2023-04-18 17:23:24.172</Data><Data Name='ProcessGuid'>{221ce7aa-d200-643e-c300-00000000e100}</Data><Data Name='ProcessId'>3932</Data><Data Name='QueryName'>prod.balrog.prod.cloudops.mozgcp.net</Data><Data Name='QueryStatus'>0</Data><Data Name='QueryResults'>35.244.181.201;</Data><Data Name='Image'>C:\Program Files\Mozilla Firefox\firefox.exe</Data><Data Name='User'>ATTACKDEFENSE\Administrator</Data></EventData></Event><Event xmlns='http://schemas.microsoft.com/win/2004/08/events/event'><System><Provider Name='Microsoft-Windows-Sysmon' Guid='{5770385f-c22a-43e0-bf4c-06f5698ffbd9}'/><EventID>22</EventID><Version>5</Version><Level>4</Level><Task>22</Task><Opcode>0</Opcode><Keywords>0x8000000000000000</Keywords><TimeCreated SystemTime='2023-04-18T17:23:24.932790400Z'/><EventRecordID>13982</EventRecordID><Correlation/><Execution ProcessID='2664' ThreadID='3356'/><Channel>Microsoft-Windows-Sysmon/Operational</Channel><Computer>AttackDefense</Computer><Security UserID='S-1-5-18'/></System><EventData><Data Name='RuleName'>-</Data><Data Name='UtcTime'>2023-04-18 17:23:24.141</Data><Data Name='ProcessGuid'>{221ce7aa-d200-643e-c300-00000000e100}</Data><Data Name='ProcessId'>3932</Data><Data Name='QueryName'>www.mozorg.moz.works</Data><Data Name='QueryStatus'>9501</Data><Data Name='QueryResults'>-</Data><Data Name='Image'>C:\Program Files\Mozilla Firefox\firefox.exe</Data><Data Name='User'>ATTACKDEFENSE\Administrator</Data></EventData></Event><Event xmlns='http://schemas.microsoft.com/win/2004/08/events/event'><System><Provider Name='Microsoft-Windows-Sysmon' Guid='{5770385f-c22a-43e0-bf4c-06f5698ffbd9}'/><EventID>22</EventID><Version>5</Version><Level>4</Level><Task>22</Task><Opcode>0</Opcode><Keywords>0x8000000000000000</Keywords><TimeCreated SystemTime='2023-04-18T17:23:24.932712600Z'/><EventRecordID>13981</EventRecordID><Correlation/><Execution ProcessID='2664' ThreadID='3356'/><Channel>Microsoft-Windows-Sysmon/Operational</Channel><Computer>AttackDefense</Computer><Security UserID='S-1-5-18'/></System><EventData><Data Name='RuleName'>-</Data><Data Name='UtcTime'>2023-04-18 17:23:23.931</Data><Data Name='ProcessGuid'>{221ce7aa-d200-643e-c300-00000000e100}</Data><Data Name='ProcessId'>3932</Data><Data Name='QueryName'>www.mozorg.moz.works</Data><Data Name='QueryStatus'>0</Data><Data Name='QueryResults'>18.155.63.114;</Data><Data Name='Image'>C:\Program Files\Mozilla Firefox\firefox.exe</Data><Data Name='User'>ATTACKDEFENSE\Administrator</Data></EventData></Event><Event xmlns='http://schemas.microsoft.com/win/2004/08/events/event'><System><Provider Name='Microsoft-Windows-Sysmon' Guid='{5770385f-c22a-43e0-bf4c-06f5698ffbd9}'/><EventID>22</EventID><Version>5</Version><Level>4</Level><Task>22</Task><Opcode>0</Opcode><Keywords>0x8000000000000000</Keywords><TimeCreated SystemTime='2023-04-18T17:23:24.932679400Z'/><EventRecordID>13980</EventRecordID><Correlation/><Execution ProcessID='2664' ThreadID='3356'/><Channel>Microsoft-Windows-Sysmon/Operational</Channel><Computer>AttackDefense</Computer><Security UserID='S-1-5-18'/></System><EventData><Data Name='RuleName'>-</Data><Data Name='UtcTime'>2023-04-18 17:23:23.931</Data><Data Name='ProcessGuid'>{221ce7aa-d200-643e-c300-00000000e100}</Data><Data Name='ProcessId'>3932</Data><Data Name='QueryName'>prod.ingestion-edge.prod.dataops.mozgcp.net</Data><Data Name='QueryStatus'>0</Data><Data Name='QueryResults'>34.120.208.123;</Data><Data Name='Image'>C:\Program Files\Mozilla Firefox\firefox.exe</Data><Data Name='User'>ATTACKDEFENSE\Administrator</Data></EventData></Event><Event xmlns='http://schemas.microsoft.com/win/2004/08/events/event'><System><Provider Name='Microsoft-Windows-Sysmon' Guid='{5770385f-c22a-43e0-bf4c-06f5698ffbd9}'/><EventID>22</EventID><Version>5</Version><Level>4</Level><Task>22</Task><Opcode>0</Opcode><Keywords>0x8000000000000000</Keywords><TimeCreated SystemTime='2023-04-18T17:23:24.932613300Z'/><EventRecordID>13979</EventRecordID><Correlation/><Execution ProcessID='2664' ThreadID='3356'/><Channel>Microsoft-Windows-Sysmon/Operational</Channel><Computer>AttackDefense</Computer><Security UserID='S-1-5-18'/></System><EventData><Data Name='RuleName'>-</Data><Data Name='UtcTime'>2023-04-18 17:23:23.922</Data><Data Name='ProcessGuid'>{221ce7aa-d200-643e-c300-00000000e100}</Data><Data Name='ProcessId'>3932</Data><Data Name='QueryName'>prod-classifyclient.normandy.prod.cloudops.mozgcp.net</Data><Data Name='QueryStatus'>9501</Data><Data Name='QueryResults'>-</Data><Data Name='Image'>C:\Program Files\Mozilla Firefox\firefox.exe</Data><Data Name='User'>ATTACKDEFENSE\Administrator</Data></EventData></Event><Event xmlns='http://schemas.microsoft.com/win/2004/08/events/event'><System><Provider Name='Microsoft-Windows-Sysmon' Guid='{5770385f-c22a-43e0-bf4c-06f5698ffbd9}'/><EventID>22</EventID><Version>5</Version><Level>4</Level><Task>22</Task><Opcode>0</Opcode><Keywords>0x8000000000000000</Keywords><TimeCreated SystemTime='2023-04-18T17:23:24.932542800Z'/><EventRecordID>13978</EventRecordID><Correlation/><Execution ProcessID='2664' ThreadID='3356'/><Channel>Microsoft-Windows-Sysmon/Operational</Channel><Computer>AttackDefense</Computer><Security UserID='S-1-5-18'/></System><EventData><Data Name='RuleName'>-</Data><Data Name='UtcTime'>2023-04-18 17:23:23.892</Data><Data Name='ProcessGuid'>{221ce7aa-d200-643e-c300-00000000e100}</Data><Data Name='ProcessId'>3932</Data><Data Name='QueryName'>prod-classifyclient.normandy.prod.cloudops.mozgcp.net</Data><Data Name='QueryStatus'>0</Data><Data Name='QueryResults'>34.98.75.36;</Data><Data Name='Image'>C:\Program Files\Mozilla Firefox\firefox.exe</Data><Data Name='User'>ATTACKDEFENSE\Administrator</Data></EventData></Event><Event xmlns='http://schemas.microsoft.com/win/2004/08/events/event'><System><Provider Name='Microsoft-Windows-Sysmon' Guid='{5770385f-c22a-43e0-bf4c-06f5698ffbd9}'/><EventID>1</EventID><Version>5</Version><Level>4</Level><Task>1</Task><Opcode>0</Opcode><Keywords>0x8000000000000000</Keywords><TimeCreated SystemTime='2023-04-18T17:23:24.872866400Z'/><EventRecordID>13977</EventRecordID><Correlation/><Execution ProcessID='2664' ThreadID='3332'/><Channel>Microsoft-Windows-Sysmon/Operational</Channel><Computer>AttackDefense</Computer><Security UserID='S-1-5-18'/></System><EventData><Data Name='RuleName'>-</Data><Data Name='UtcTime'>2023-04-18 17:23:24.867</Data><Data Name='ProcessGuid'>{221ce7aa-d20c-643e-cf00-00000000e100}</Data><Data Name='ProcessId'>1424</Data><Data Name='Image'>C:\Program Files\Mozilla Firefox\firefox.exe</Data><Data Name='FileVersion'>111.0.1</Data><Data Name='Description'>Firefox</Data><Data Name='Product'>Firefox</Data><Data Name='Company'>Mozilla Corporation</Data><Data Name='OriginalFileName'>firefox.exe</Data><Data Name='CommandLine'>"C:\Program Files\Mozilla Firefox\firefox.exe" -contentproc --channel="3932.10.1768694024\599380576" -childID 7 -isForBrowser -prefsHandle 5944 -prefMapHandle 5940 -prefsLen 29546 -prefMapSize 239071 -jsInitHandle 1280 -jsInitLen 246560 -a11yResourceId 64 -parentBuildID 20230321111920 -win32kLockedDown -appDir "C:\Program Files\Mozilla Firefox\browser" - {63b5dfc9-39b8-44ea-9656-395e55cc891b} 3932 "\\.\pipe\gecko-crash-server-pipe.3932" 5952 1a6de958 tab</Data><Data Name='CurrentDirectory'>C:\Program Files\Mozilla Firefox\</Data><Data Name='User'>ATTACKDEFENSE\Administrator</Data><Data Name='LogonGuid'>{221ce7aa-cfd9-643e-3bad-020000000000}</Data><Data Name='LogonId'>0x2ad3b</Data><Data Name='TerminalSessionId'>2</Data><Data Name='IntegrityLevel'>Low</Data><Data Name='Hashes'>MD5=FAF5C0F947F90C140A6629A0AB8E03FD,SHA256=5B2ABF9947A12FF9CC3765E48D875D97752193FCBC5E2B89FDB3E138C3232568,IMPHASH=4429FB94219F6E5F4FE338C4C0EA218A</Data><Data Name='ParentProcessGuid'>{221ce7aa-d200-643e-c300-00000000e100}</Data><Data Name='ParentProcessId'>3932</Data><Data Name='ParentImage'>C:\Program Files\Mozilla Firefox\firefox.exe</Data><Data Name='ParentCommandLine'>"C:\Program Files\Mozilla Firefox\firefox.exe"</Data><Data Name='ParentUser'>ATTACKDEFENSE\Administrator</Data></EventData></Event><Event xmlns='http://schemas.microsoft.com/win/2004/08/events/event'><System><Provider Name='Microsoft-Windows-Sysmon' Guid='{5770385f-c22a-43e0-bf4c-06f5698ffbd9}'/><EventID>1</EventID><Version>5</Version><Level>4</Level><Task>1</Task><Opcode>0</Opcode><Keywords>0x8000000000000000</Keywords><TimeCreated SystemTime='2023-04-18T17:23:24.872223300Z'/><EventRecordID>13976</EventRecordID><Correlation/><Execution ProcessID='2664' ThreadID='3332'/><Channel>Microsoft-Windows-Sysmon/Operational</Channel><Computer>AttackDefense</Computer><Security UserID='S-1-5-18'/></System><EventData><Data Name='RuleName'>-</Data><Data Name='UtcTime'>2023-04-18 17:23:24.859</Data><Data Name='ProcessGuid'>{221ce7aa-d20c-643e-ce00-00000000e100}</Data><Data Name='ProcessId'>1480</Data><Data Name='Image'>C:\Program Files\Mozilla Firefox\firefox.exe</Data><Data Name='FileVersion'>111.0.1</Data><Data Name='Description'>Firefox</Data><Data Name='Product'>Firefox</Data><Data Name='Company'>Mozilla Corporation</Data><Data Name='OriginalFileName'>firefox.exe</Data><Data Name='CommandLine'>"C:\Program Files\Mozilla Firefox\firefox.exe" -contentproc --channel="3932.9.1513275609\1672428029" -childID 6 -isForBrowser -prefsHandle 5668 -prefMapHandle 5672 -prefsLen 29546 -prefMapSize 239071 -jsInitHandle 1280 -jsInitLen 246560 -a11yResourceId 64 -parentBuildID 20230321111920 -win32kLockedDown -appDir "C:\Program Files\Mozilla Firefox\browser" - {01e1720d-b7c8-4927-baf2-98513dcc8603} 3932 "\\.\pipe\gecko-crash-server-pipe.3932" 5660 1a6dc558 tab</Data><Data Name='CurrentDirectory'>C:\Program Files\Mozilla Firefox\</Data><Data Name='User'>ATTACKDEFENSE\Administrator</Data><Data Name='LogonGuid'>{221ce7aa-cfd9-643e-3bad-020000000000}</Data><Data Name='LogonId'>0x2ad3b</Data><Data Name='TerminalSessionId'>2</Data><Data Name='IntegrityLevel'>Low</Data><Data Name='Hashes'>MD5=FAF5C0F947F90C140A6629A0AB8E03FD,SHA256=5B2ABF9947A12FF9CC3765E48D875D97752193FCBC5E2B89FDB3E138C3232568,IMPHASH=4429FB94219F6E5F4FE338C4C0EA218A</Data><Data Name='ParentProcessGuid'>{221ce7aa-d200-643e-c300-00000000e100}</Data><Data Name='ParentProcessId'>3932</Data><Data Name='ParentImage'>C:\Program Files\Mozilla Firefox\firefox.exe</Data><Data Name='ParentCommandLine'>"C:\Program Files\Mozilla Firefox\firefox.exe"</Data><Data Name='ParentUser'>ATTACKDEFENSE\Administrator</Data></EventData></Event><Event xmlns='http://schemas.microsoft.com/win/2004/08/events/event'><System><Provider Name='Microsoft-Windows-Sysmon' Guid='{5770385f-c22a-43e0-bf4c-06f5698ffbd9}'/><EventID>1</EventID><Version>5</Version><Level>4</Level><Task>1</Task><Opcode>0</Opcode><Keywords>0x8000000000000000</Keywords><TimeCreated SystemTime='2023-04-18T17:23:24.871532600Z'/><EventRecordID>13975</EventRecordID><Correlation/><Execution ProcessID='2664' ThreadID='3332'/><Channel>Microsoft-Windows-Sysmon/Operational</Channel><Computer>AttackDefense</Computer><Security UserID='S-1-5-18'/></System><EventData><Data Name='RuleName'>-</Data><Data Name='UtcTime'>2023-04-18 17:23:24.851</Data><Data Name='ProcessGuid'>{221ce7aa-d20c-643e-cd00-00000000e100}</Data><Data Name='ProcessId'>1044</Data><Data Name='Image'>C:\Program Files\Mozilla Firefox\firefox.exe</Data><Data Name='FileVersion'>111.0.1</Data><Data Name='Description'>Firefox</Data><Data Name='Product'>Firefox</Data><Data Name='Company'>Mozilla Corporation</Data><Data Name='OriginalFileName'>firefox.exe</Data><Data Name='CommandLine'>"C:\Program Files\Mozilla Firefox\firefox.exe" -contentproc --channel="3932.8.904774682\1403972819" -childID 5 -isForBrowser -prefsHandle 5552 -prefMapHandle 5548 -prefsLen 29546 -prefMapSize 239071 -jsInitHandle 1280 -jsInitLen 246560 -a11yResourceId 64 -parentBuildID 20230321111920 -win32kLockedDown -appDir "C:\Program Files\Mozilla Firefox\browser" - {c334af0e-efd5-4e97-b9e1-d805ec5002b4} 3932 "\\.\pipe\gecko-crash-server-pipe.3932" 5540 1c437a58 tab</Data><Data Name='CurrentDirectory'>C:\Program Files\Mozilla Firefox\</Data><Data Name='User'>ATTACKDEFENSE\Administrator</Data><Data Name='LogonGuid'>{221ce7aa-cfd9-643e-3bad-020000000000}</Data><Data Name='LogonId'>0x2ad3b</Data><Data Name='TerminalSessionId'>2</Data><Data Name='IntegrityLevel'>Low</Data><Data Name='Hashes'>MD5=FAF5C0F947F90C140A6629A0AB8E03FD,SHA256=5B2ABF9947A12FF9CC3765E48D875D97752193FCBC5E2B89FDB3E138C3232568,IMPHASH=4429FB94219F6E5F4FE338C4C0EA218A</Data><Data Name='ParentProcessGuid'>{221ce7aa-d200-643e-c300-00000000e100}</Data><Data Name='ParentProcessId'>3932</Data><Data Name='ParentImage'>C:\Program Files\Mozilla Firefox\firefox.exe</Data><Data Name='ParentCommandLine'>"C:\Program Files\Mozilla Firefox\firefox.exe"</Data><Data Name='ParentUser'>ATTACKDEFENSE\Administrator</Data></EventData></Event><Event xmlns='http://schemas.microsoft.com/win/2004/08/events/event'><System><Provider Name='Microsoft-Windows-Sysmon' Guid='{5770385f-c22a-43e0-bf4c-06f5698ffbd9}'/><EventID>22</EventID><Version>5</Version><Level>4</Level><Task>22</Task><Opcode>0</Opcode><Keywords>0x8000000000000000</Keywords><TimeCreated SystemTime='2023-04-18T17:23:24.131003500Z'/><EventRecordID>13974</EventRecordID><Correlation/><Execution ProcessID='2664' ThreadID='3356'/><Channel>Microsoft-Windows-Sysmon/Operational</Channel><Computer>AttackDefense</Computer><Security UserID='S-1-5-18'/></System><EventData><Data Name='RuleName'>-</Data><Data Name='UtcTime'>2023-04-18 17:23:23.840</Data><Data Name='ProcessGuid'>{221ce7aa-d200-643e-c300-00000000e100}</Data><Data Name='ProcessId'>3932</Data><Data Name='QueryName'>a1887.dscq.akamai.net</Data><Data Name='QueryStatus'>0</Data><Data Name='QueryResults'>2600:1417:5e::1731:3c33;2600:1417:5e::1731:3c32;</Data><Data Name='Image'>C:\Program Files\Mozilla Firefox\firefox.exe</Data><Data Name='User'>ATTACKDEFENSE\Administrator</Data></EventData></Event><Event xmlns='http://schemas.microsoft.com/win/2004/08/events/event'><System><Provider Name='Microsoft-Windows-Sysmon' Guid='{5770385f-c22a-43e0-bf4c-06f5698ffbd9}'/><EventID>22</EventID><Version>5</Version><Level>4</Level><Task>22</Task><Opcode>0</Opcode><Keywords>0x8000000000000000</Keywords><TimeCreated SystemTime='2023-04-18T17:23:24.130929300Z'/><EventRecordID>13973</EventRecordID><Correlation/><Execution ProcessID='2664' ThreadID='3356'/><Channel>Microsoft-Windows-Sysmon/Operational</Channel><Computer>AttackDefense</Computer><Security UserID='S-1-5-18'/></System><EventData><Data Name='RuleName'>-</Data><Data Name='UtcTime'>2023-04-18 17:23:23.836</Data><Data Name='ProcessGuid'>{221ce7aa-d200-643e-c300-00000000e100}</Data><Data Name='ProcessId'>3932</Data><Data Name='QueryName'>a1887.dscq.akamai.net</Data><Data Name='QueryStatus'>0</Data><Data Name='QueryResults'>23.220.203.27;23.220.203.25;</Data><Data Name='Image'>C:\Program Files\Mozilla Firefox\firefox.exe</Data><Data Name='User'>ATTACKDEFENSE\Administrator</Data></EventData></Event><Event xmlns='http://schemas.microsoft.com/win/2004/08/events/event'><System><Provider Name='Microsoft-Windows-Sysmon' Guid='{5770385f-c22a-43e0-bf4c-06f5698ffbd9}'/><EventID>22</EventID><Version>5</Version><Level>4</Level><Task>22</Task><Opcode>0</Opcode><Keywords>0x8000000000000000</Keywords><TimeCreated SystemTime='2023-04-18T17:23:24.130880100Z'/><EventRecordID>13972</EventRecordID><Correlation/><Execution ProcessID='2664' ThreadID='3356'/><Channel>Microsoft-Windows-Sysmon/Operational</Channel><Computer>AttackDefense</Computer><Security UserID='S-1-5-18'/></System><EventData><Data Name='RuleName'>-</Data><Data Name='UtcTime'>2023-04-18 17:23:23.835</Data><Data Name='ProcessGuid'>{221ce7aa-d200-643e-c300-00000000e100}</Data><Data Name='ProcessId'>3932</Data><Data Name='QueryName'>prod.content-signature-chains.prod.webservices.mozgcp.net</Data><Data Name='QueryStatus'>0</Data><Data Name='QueryResults'>2600:1901:0:92a9::;</Data><Data Name='Image'>C:\Program Files\Mozilla Firefox\firefox.exe</Data><Data Name='User'>ATTACKDEFENSE\Administrator</Data></EventData></Event><Event xmlns='http://schemas.microsoft.com/win/2004/08/events/event'><System><Provider Name='Microsoft-Windows-Sysmon' Guid='{5770385f-c22a-43e0-bf4c-06f5698ffbd9}'/><EventID>22</EventID><Version>5</Version><Level>4</Level><Task>22</Task><Opcode>0</Opcode><Keywords>0x8000000000000000</Keywords><TimeCreated SystemTime='2023-04-18T17:23:24.130799300Z'/><EventRecordID>13971</EventRecordID><Correlation/><Execution ProcessID='2664' ThreadID='3356'/><Channel>Microsoft-Windows-Sysmon/Operational</Channel><Computer>AttackDefense</Computer><Security UserID='S-1-5-18'/></System><EventData><Data Name='RuleName'>-</Data><Data Name='UtcTime'>2023-04-18 17:23:23.820</Data><Data Name='ProcessGuid'>{221ce7aa-d200-643e-c300-00000000e100}</Data><Data Name='ProcessId'>3932</Data><Data Name='QueryName'>r3.o.lencr.org</Data><Data Name='QueryStatus'>0</Data><Data Name='QueryResults'>type:  5 o.lencr.edgesuite.net;type:  5 a1887.dscq.akamai.net;::ffff:23.220.203.25;::ffff:23.220.203.27;</Data><Data Name='Image'>C:\Program Files\Mozilla Firefox\firefox.exe</Data><Data Name='User'>ATTACKDEFENSE\Administrator</Data></EventData></Event><Event xmlns='http://schemas.microsoft.com/win/2004/08/events/event'><System><Provider Name='Microsoft-Windows-Sysmon' Guid='{5770385f-c22a-43e0-bf4c-06f5698ffbd9}'/><EventID>22</EventID><Version>5</Version><Level>4</Level><Task>22</Task><Opcode>0</Opcode><Keywords>0x8000000000000000</Keywords><TimeCreated SystemTime='2023-04-18T17:23:24.130765700Z'/><EventRecordID>13970</EventRecordID><Correlation/><Execution ProcessID='2664' ThreadID='3356'/><Channel>Microsoft-Windows-Sysmon/Operational</Channel><Computer>AttackDefense</Computer><Security UserID='S-1-5-18'/></System><EventData><Data Name='RuleName'>-</Data><Data Name='UtcTime'>2023-04-18 17:23:23.818</Data><Data Name='ProcessGuid'>{221ce7aa-d200-643e-c300-00000000e100}</Data><Data Name='ProcessId'>3932</Data><Data Name='QueryName'>prod.content-signature-chains.prod.webservices.mozgcp.net</Data><Data Name='QueryStatus'>0</Data><Data Name='QueryResults'>34.160.144.191;</Data><Data Name='Image'>C:\Program Files\Mozilla Firefox\firefox.exe</Data><Data Name='User'>ATTACKDEFENSE\Administrator</Data></EventData></Event><Event xmlns='http://schemas.microsoft.com/win/2004/08/events/event'><System><Provider Name='Microsoft-Windows-Sysmon' Guid='{5770385f-c22a-43e0-bf4c-06f5698ffbd9}'/><EventID>22</EventID><Version>5</Version><Level>4</Level><Task>22</Task><Opcode>0</Opcode><Keywords>0x8000000000000000</Keywords><TimeCreated SystemTime='2023-04-18T17:23:24.130446400Z'/><EventRecordID>13969</EventRecordID><Correlation/><Execution ProcessID='2664' ThreadID='3356'/><Channel>Microsoft-Windows-Sysmon/Operational</Channel><Computer>AttackDefense</Computer><Security UserID='S-1-5-18'/></System><EventData><Data Name='RuleName'>-</Data><Data Name='UtcTime'>2023-04-18 17:23:23.674</Data><Data Name='ProcessGuid'>{221ce7aa-d200-643e-c300-00000000e100}</Data><Data Name='ProcessId'>3932</Data><Data Name='QueryName'>detectportal.firefox.com</Data><Data Name='QueryStatus'>0</Data><Data Name='QueryResults'>type:  5 detectportal.prod.mozaws.net;type:  5 prod.detectportal.prod.cloudops.mozgcp.net;34.107.221.82;</Data><Data Name='Image'>C:\Program Files\Mozilla Firefox\firefox.exe</Data><Data Name='User'>ATTACKDEFENSE\Administrator</Data></EventData></Event>