<Event xmlns='http://schemas.microsoft.com/win/2004/08/events/event'><System><Provider Name='Microsoft-Windows-Sysmon' Guid='{5770385f-c22a-43e0-bf4c-06f5698ffbd9}'/><EventID>1</EventID><Version>5</Version><Level>4</Level><Task>1</Task><Opcode>0</Opcode><Keywords>0x8000000000000000</Keywords><TimeCreated SystemTime='2023-03-10T12:00:00.702317600Z'/><EventRecordID>1429</EventRecordID><Correlation/><Execution ProcessID='2472' ThreadID='3180'/><Channel>Microsoft-Windows-Sysmon/Operational</Channel><Computer>AttackDefense</Computer><Security UserID='S-1-5-18'/></System><EventData><Data Name='RuleName'>-</Data><Data Name='UtcTime'>2023-03-10 12:00:00.700</Data><Data Name='ProcessGuid'>{221ce7aa-1bc0-640b-aa01-00000000dd00}</Data><Data Name='ProcessId'>3520</Data><Data Name='Image'>C:\Windows\System32\wsqmcons.exe</Data><Data Name='FileVersion'>10.0.17763.1369 (WinBuild.160101.0800)</Data><Data Name='Description'>Windows SQM Consolidator</Data><Data Name='Product'>Microsoft® Windows® Operating System</Data><Data Name='Company'>Microsoft Corporation</Data><Data Name='OriginalFileName'>wsqmcons.exe</Data><Data Name='CommandLine'>C:\Windows\System32\wsqmcons.exe</Data><Data Name='CurrentDirectory'>C:\Windows\system32\</Data><Data Name='User'>NT AUTHORITY\SYSTEM</Data><Data Name='LogonGuid'>{221ce7aa-6c88-6409-e703-000000000000}</Data><Data Name='LogonId'>0x3e7</Data><Data Name='TerminalSessionId'>0</Data><Data Name='IntegrityLevel'>System</Data><Data Name='Hashes'>MD5=207A52DB4D9CB6A252722D51E54AB01D,SHA256=C1D4CE55169A1EE0FB5E11DBF907DF52EBBA5A3914A754F4557CBEC96A857C20,IMPHASH=D704D43E51FEE7E15E186F930CEF45D0</Data><Data Name='ParentProcessGuid'>{00000000-0000-0000-0000-000000000000}</Data><Data Name='ParentProcessId'>1464</Data><Data Name='ParentImage'>-</Data><Data Name='ParentCommandLine'>-</Data><Data Name='ParentUser'>-</Data></EventData></Event><Event xmlns='http://schemas.microsoft.com/win/2004/08/events/event'><System><Provider Name='Microsoft-Windows-Sysmon' Guid='{5770385f-c22a-43e0-bf4c-06f5698ffbd9}'/><EventID>1</EventID><Version>5</Version><Level>4</Level><Task>1</Task><Opcode>0</Opcode><Keywords>0x8000000000000000</Keywords><TimeCreated SystemTime='2023-03-10T11:01:51.309768700Z'/><EventRecordID>1424</EventRecordID><Correlation/><Execution ProcessID='2472' ThreadID='3180'/><Channel>Microsoft-Windows-Sysmon/Operational</Channel><Computer>AttackDefense</Computer><Security UserID='S-1-5-18'/></System><EventData><Data Name='RuleName'>-</Data><Data Name='UtcTime'>2023-03-10 11:01:51.305</Data><Data Name='ProcessGuid'>{221ce7aa-0e1f-640b-a701-00000000dd00}</Data><Data Name='ProcessId'>1804</Data><Data Name='Image'>C:\Windows\System32\wscript.exe</Data><Data Name='FileVersion'>5.812.10240.16384</Data><Data Name='Description'>Microsoft ® Windows Based Script Host</Data><Data Name='Product'>Microsoft ® Windows Script Host</Data><Data Name='Company'>Microsoft Corporation</Data><Data Name='OriginalFileName'>wscript.exe</Data><Data Name='CommandLine'>"C:\Windows\system32\wscript.exe" C:\Users\Public\Downloads\malicious.vbs</Data><Data Name='CurrentDirectory'>C:\Users\Administrator\</Data><Data Name='User'>ATTACKDEFENSE\Administrator</Data><Data Name='LogonGuid'>{221ce7aa-6da3-6409-795a-050000000000}</Data><Data Name='LogonId'>0x55a79</Data><Data Name='TerminalSessionId'>2</Data><Data Name='IntegrityLevel'>High</Data><Data Name='Hashes'>MD5=F5E5DF6C9D62F4E940B334954A2046FC,SHA256=47CACD60D91441137D055184614B1A418C0457992977857A76CA05C75BBC1B56,IMPHASH=0F71D5F6F4CBB935CE1B09754102419C</Data><Data Name='ParentProcessGuid'>{221ce7aa-0c49-640b-9f01-00000000dd00}</Data><Data Name='ParentProcessId'>3524</Data><Data Name='ParentImage'>C:\Windows\System32\WindowsPowerShell\v1.0\powershell.exe</Data><Data Name='ParentCommandLine'>"C:\Windows\System32\WindowsPowerShell\v1.0\powershell.exe" </Data><Data Name='ParentUser'>ATTACKDEFENSE\Administrator</Data></EventData></Event><Event xmlns='http://schemas.microsoft.com/win/2004/08/events/event'><System><Provider Name='Microsoft-Windows-Sysmon' Guid='{5770385f-c22a-43e0-bf4c-06f5698ffbd9}'/><EventID>1</EventID><Version>5</Version><Level>4</Level><Task>1</Task><Opcode>0</Opcode><Keywords>0x8000000000000000</Keywords><TimeCreated SystemTime='2023-03-10T11:02:13.854668800Z'/><EventRecordID>1425</EventRecordID><Correlation/><Execution ProcessID='2472' ThreadID='3180'/><Channel>Microsoft-Windows-Sysmon/Operational</Channel><Computer>AttackDefense</Computer><Security UserID='S-1-5-18'/></System><EventData><Data Name='RuleName'>-</Data><Data Name='UtcTime'>2023-03-10 11:02:13.853</Data><Data Name='ProcessGuid'>{221ce7aa-0e35-640b-a801-00000000dd00}</Data><Data Name='ProcessId'>4584</Data><Data Name='Image'>C:\Windows\System32\rundll32.exe</Data><Data Name='FileVersion'>10.0.17763.1 (WinBuild.160101.0800)</Data><Data Name='Description'>Windows host process (Rundll32)</Data><Data Name='Product'>Microsoft® Windows® Operating System</Data><Data Name='Company'>Microsoft Corporation</Data><Data Name='OriginalFileName'>RUNDLL32.EXE</Data><Data Name='CommandLine'>"C:\Windows\system32\rundll32.exe" PowerShdll</Data><Data Name='CurrentDirectory'>C:\Users\Administrator\</Data><Data Name='User'>ATTACKDEFENSE\Administrator</Data><Data Name='LogonGuid'>{221ce7aa-6da3-6409-795a-050000000000}</Data><Data Name='LogonId'>0x55a79</Data><Data Name='TerminalSessionId'>2</Data><Data Name='IntegrityLevel'>High</Data><Data Name='Hashes'>MD5=C73BA51880F5A7FB20C84185A23212EF,SHA256=01B407AF0200B66A34D9B1FA6D9EAAB758EFA36A36BB99B554384F59F8690B1A,IMPHASH=F27A7FC3A53E74F45BE370131953896A</Data><Data Name='ParentProcessGuid'>{221ce7aa-0c49-640b-9f01-00000000dd00}</Data><Data Name='ParentProcessId'>3524</Data><Data Name='ParentImage'>C:\Windows\System32\WindowsPowerShell\v1.0\powershell.exe</Data><Data Name='ParentCommandLine'>"C:\Windows\System32\WindowsPowerShell\v1.0\powershell.exe" </Data><Data Name='ParentUser'>ATTACKDEFENSE\Administrator</Data></EventData></Event><Event xmlns='http://schemas.microsoft.com/win/2004/08/events/event'><System><Provider Name='Microsoft-Windows-Sysmon' Guid='{5770385f-c22a-43e0-bf4c-06f5698ffbd9}'/><EventID>1</EventID><Version>5</Version><Level>4</Level><Task>1</Task><Opcode>0</Opcode><Keywords>0x8000000000000000</Keywords><TimeCreated SystemTime='2023-03-10T12:10:15.252695400Z'/><EventRecordID>1430</EventRecordID><Correlation/><Execution ProcessID='2472' ThreadID='3180'/><Channel>Microsoft-Windows-Sysmon/Operational</Channel><Computer>AttackDefense</Computer><Security UserID='S-1-5-18'/></System><EventData><Data Name='RuleName'>-</Data><Data Name='UtcTime'>2023-03-10 12:10:15.241</Data><Data Name='ProcessGuid'>{221ce7aa-1e27-640b-ab01-00000000dd00}</Data><Data Name='ProcessId'>1764</Data><Data Name='Image'>C:\Windows\System32\LogonUI.exe</Data><Data Name='FileVersion'>10.0.17763.1 (WinBuild.160101.0800)</Data><Data Name='Description'>Windows Logon User Interface Host</Data><Data Name='Product'>Microsoft® Windows® Operating System</Data><Data Name='Company'>Microsoft Corporation</Data><Data Name='OriginalFileName'>logonui.exe</Data><Data Name='CommandLine'>"LogonUI.exe" /flags:0x0 /state0:0xa3ec0055 /state1:0x41c64e6d</Data><Data Name='CurrentDirectory'>C:\Windows\system32\</Data><Data Name='User'>NT AUTHORITY\SYSTEM</Data><Data Name='LogonGuid'>{221ce7aa-6c88-6409-e703-000000000000}</Data><Data Name='LogonId'>0x3e7</Data><Data Name='TerminalSessionId'>2</Data><Data Name='IntegrityLevel'>System</Data><Data Name='Hashes'>MD5=33F89DD9629CB0422A2C17268376232D,SHA256=9358EF8CB7FB08581D74274005263BD8FA2E6E0FC443930B25FD345CF6CE9071,IMPHASH=B9B0B64B08B38276711093CA94348D39</Data><Data Name='ParentProcessGuid'>{221ce7aa-6da2-6409-7000-00000000dd00}</Data><Data Name='ParentProcessId'>1620</Data><Data Name='ParentImage'>C:\Windows\System32\winlogon.exe</Data><Data Name='ParentCommandLine'>winlogon.exe</Data><Data Name='ParentUser'>NT AUTHORITY\SYSTEM</Data></EventData></Event><Event xmlns='http://schemas.microsoft.com/win/2004/08/events/event'><System><Provider Name='Microsoft-Windows-Sysmon' Guid='{5770385f-c22a-43e0-bf4c-06f5698ffbd9}'/><EventID>1</EventID><Version>5</Version><Level>4</Level><Task>1</Task><Opcode>0</Opcode><Keywords>0x8000000000000000</Keywords><TimeCreated SystemTime='2023-03-10T12:22:18.941922700Z'/><EventRecordID>1433</EventRecordID><Correlation/><Execution ProcessID='2472' ThreadID='3180'/><Channel>Microsoft-Windows-Sysmon/Operational</Channel><Computer>AttackDefense</Computer><Security UserID='S-1-5-18'/></System><EventData><Data Name='RuleName'>-</Data><Data Name='UtcTime'>2023-03-10 12:22:18.940</Data><Data Name='ProcessGuid'>{221ce7aa-20fa-640b-ae01-00000000dd00}</Data><Data Name='ProcessId'>3736</Data><Data Name='Image'>C:\Windows\System32\svchost.exe</Data><Data Name='FileVersion'>10.0.17763.1 (WinBuild.160101.0800)</Data><Data Name='Description'>Host Process for Windows Services</Data><Data Name='Product'>Microsoft® Windows® Operating System</Data><Data Name='Company'>Microsoft Corporation</Data><Data Name='OriginalFileName'>svchost.exe</Data><Data Name='CommandLine'>C:\Windows\System32\svchost.exe -k netsvcs -p -s NetSetupSvc</Data><Data Name='CurrentDirectory'>C:\Windows\system32\</Data><Data Name='User'>NT AUTHORITY\SYSTEM</Data><Data Name='LogonGuid'>{221ce7aa-6c88-6409-e703-000000000000}</Data><Data Name='LogonId'>0x3e7</Data><Data Name='TerminalSessionId'>0</Data><Data Name='IntegrityLevel'>System</Data><Data Name='Hashes'>MD5=8A0A29438052FAED8A2532DA50455756,SHA256=7FD065BAC18C5278777AE44908101CDFED72D26FA741367F0AD4D02020787AB6,IMPHASH=247B9220E5D9B720A82B2C8B5069AD69</Data><Data Name='ParentProcessGuid'>{221ce7aa-6c87-6409-0b00-00000000dd00}</Data><Data Name='ParentProcessId'>580</Data><Data Name='ParentImage'>C:\Windows\System32\services.exe</Data><Data Name='ParentCommandLine'>C:\Windows\system32\services.exe</Data><Data Name='ParentUser'>NT AUTHORITY\SYSTEM</Data></EventData></Event><Event xmlns='http://schemas.microsoft.com/win/2004/08/events/event'><System><Provider Name='Microsoft-Windows-Sysmon' Guid='{5770385f-c22a-43e0-bf4c-06f5698ffbd9}'/><EventID>1</EventID><Version>5</Version><Level>4</Level><Task>1</Task><Opcode>0</Opcode><Keywords>0x8000000000000000</Keywords><TimeCreated SystemTime='2023-03-10T13:20:23.060252000Z'/><EventRecordID>1439</EventRecordID><Correlation/><Execution ProcessID='2472' ThreadID='3180'/><Channel>Microsoft-Windows-Sysmon/Operational</Channel><Computer>AttackDefense</Computer><Security UserID='S-1-5-18'/></System><EventData><Data Name='RuleName'>-</Data><Data Name='UtcTime'>2023-03-10 13:20:23.058</Data><Data Name='ProcessGuid'>{221ce7aa-2e97-640b-af01-00000000dd00}</Data><Data Name='ProcessId'>4200</Data><Data Name='Image'>C:\Windows\System32\taskhostw.exe</Data><Data Name='FileVersion'>10.0.17763.831 (WinBuild.160101.0800)</Data><Data Name='Description'>Host Process for Windows Tasks</Data><Data Name='Product'>Microsoft® Windows® Operating System</Data><Data Name='Company'>Microsoft Corporation</Data><Data Name='OriginalFileName'>taskhostw.exe</Data><Data Name='CommandLine'>taskhostw.exe SYSTEM</Data><Data Name='CurrentDirectory'>C:\Windows\system32\</Data><Data Name='User'>NT AUTHORITY\SYSTEM</Data><Data Name='LogonGuid'>{221ce7aa-6c88-6409-e703-000000000000}</Data><Data Name='LogonId'>0x3e7</Data><Data Name='TerminalSessionId'>0</Data><Data Name='IntegrityLevel'>System</Data><Data Name='Hashes'>MD5=106B2AEC107DFD22DB51C7A1B29623F8,SHA256=CA620F4DE4A426F129445E4D8A545B7B08B021080E7375A3EA3ED8C8A7212A8F,IMPHASH=9839C7FD9649496B162F72128209528A</Data><Data Name='ParentProcessGuid'>{00000000-0000-0000-0000-000000000000}</Data><Data Name='ParentProcessId'>1464</Data><Data Name='ParentImage'>-</Data><Data Name='ParentCommandLine'>-</Data><Data Name='ParentUser'>-</Data></EventData></Event><Event xmlns='http://schemas.microsoft.com/win/2004/08/events/event'><System><Provider Name='Microsoft-Windows-Sysmon' Guid='{5770385f-c22a-43e0-bf4c-06f5698ffbd9}'/><EventID>1</EventID><Version>5</Version><Level>4</Level><Task>1</Task><Opcode>0</Opcode><Keywords>0x8000000000000000</Keywords><TimeCreated SystemTime='2023-03-10T12:10:15.266341000Z'/><EventRecordID>1431</EventRecordID><Correlation/><Execution ProcessID='2472' ThreadID='3180'/><Channel>Microsoft-Windows-Sysmon/Operational</Channel><Computer>AttackDefense</Computer><Security UserID='S-1-5-18'/></System><EventData><Data Name='RuleName'>-</Data><Data Name='UtcTime'>2023-03-10 12:10:15.265</Data><Data Name='ProcessGuid'>{221ce7aa-1e27-640b-ac01-00000000dd00}</Data><Data Name='ProcessId'>4332</Data><Data Name='Image'>C:\Windows\System32\TSTheme.exe</Data><Data Name='FileVersion'>10.0.17763.771 (WinBuild.160101.0800)</Data><Data Name='Description'>TSTheme Server Module</Data><Data Name='Product'>Microsoft® Windows® Operating System</Data><Data Name='Company'>Microsoft Corporation</Data><Data Name='OriginalFileName'>TSThemeS.exe</Data><Data Name='CommandLine'>C:\Windows\system32\TSTheme.exe -Embedding</Data><Data Name='CurrentDirectory'>C:\Windows\system32\</Data><Data Name='User'>ATTACKDEFENSE\Administrator</Data><Data Name='LogonGuid'>{221ce7aa-6da3-6409-795a-050000000000}</Data><Data Name='LogonId'>0x55a79</Data><Data Name='TerminalSessionId'>2</Data><Data Name='IntegrityLevel'>High</Data><Data Name='Hashes'>MD5=7F664C2449A91878B131716D2DD79553,SHA256=0DA195AECD8794062AB5CB3BDEF2BE0230C1E76050C7B11CF609E4F3F23A9DDC,IMPHASH=B70390445EE6DE87340DFE5CB7439893</Data><Data Name='ParentProcessGuid'>{00000000-0000-0000-0000-000000000000}</Data><Data Name='ParentProcessId'>732</Data><Data Name='ParentImage'>-</Data><Data Name='ParentCommandLine'>-</Data><Data Name='ParentUser'>-</Data></EventData></Event><Event xmlns='http://schemas.microsoft.com/win/2004/08/events/event'><System><Provider Name='Microsoft-Windows-Sysmon' Guid='{5770385f-c22a-43e0-bf4c-06f5698ffbd9}'/><EventID>1</EventID><Version>5</Version><Level>4</Level><Task>1</Task><Opcode>0</Opcode><Keywords>0x8000000000000000</Keywords><TimeCreated SystemTime='2023-03-10T12:10:15.424700200Z'/><EventRecordID>1432</EventRecordID><Correlation/><Execution ProcessID='2472' ThreadID='3180'/><Channel>Microsoft-Windows-Sysmon/Operational</Channel><Computer>AttackDefense</Computer><Security UserID='S-1-5-18'/></System><EventData><Data Name='RuleName'>-</Data><Data Name='UtcTime'>2023-03-10 12:10:15.394</Data><Data Name='ProcessGuid'>{221ce7aa-1e27-640b-ad01-00000000dd00}</Data><Data Name='ProcessId'>2824</Data><Data Name='Image'>C:\Windows\System32\taskhostw.exe</Data><Data Name='FileVersion'>10.0.17763.831 (WinBuild.160101.0800)</Data><Data Name='Description'>Host Process for Windows Tasks</Data><Data Name='Product'>Microsoft® Windows® Operating System</Data><Data Name='Company'>Microsoft Corporation</Data><Data Name='OriginalFileName'>taskhostw.exe</Data><Data Name='CommandLine'>taskhostw.exe KEYROAMING</Data><Data Name='CurrentDirectory'>C:\Windows\system32\</Data><Data Name='User'>ATTACKDEFENSE\Administrator</Data><Data Name='LogonGuid'>{221ce7aa-6da3-6409-795a-050000000000}</Data><Data Name='LogonId'>0x55a79</Data><Data Name='TerminalSessionId'>2</Data><Data Name='IntegrityLevel'>High</Data><Data Name='Hashes'>MD5=106B2AEC107DFD22DB51C7A1B29623F8,SHA256=CA620F4DE4A426F129445E4D8A545B7B08B021080E7375A3EA3ED8C8A7212A8F,IMPHASH=9839C7FD9649496B162F72128209528A</Data><Data Name='ParentProcessGuid'>{00000000-0000-0000-0000-000000000000}</Data><Data Name='ParentProcessId'>1464</Data><Data Name='ParentImage'>-</Data><Data Name='ParentCommandLine'>-</Data><Data Name='ParentUser'>-</Data></EventData></Event><Event xmlns='http://schemas.microsoft.com/win/2004/08/events/event'><System><Provider Name='Microsoft-Windows-Sysmon' Guid='{5770385f-c22a-43e0-bf4c-06f5698ffbd9}'/><EventID>1</EventID><Version>5</Version><Level>4</Level><Task>1</Task><Opcode>0</Opcode><Keywords>0x8000000000000000</Keywords><TimeCreated SystemTime='2023-03-11T10:44:02.110612500Z'/><EventRecordID>1628</EventRecordID><Correlation/><Execution ProcessID='2472' ThreadID='3180'/><Channel>Microsoft-Windows-Sysmon/Operational</Channel><Computer>AttackDefense</Computer><Security UserID='S-1-5-18'/></System><EventData><Data Name='RuleName'>-</Data><Data Name='UtcTime'>2023-03-11 10:44:01.902</Data><Data Name='ProcessGuid'>{221ce7aa-5b71-640c-0c02-00000000dd00}</Data><Data Name='ProcessId'>3276</Data><Data Name='Image'>C:\Program Files (x86)\Internet Explorer\iexplore.exe</Data><Data Name='FileVersion'>11.00.17763.771 (WinBuild.160101.0800)</Data><Data Name='Description'>Internet Explorer</Data><Data Name='Product'>Internet Explorer</Data><Data Name='Company'>Microsoft Corporation</Data><Data Name='OriginalFileName'>IEXPLORE.EXE</Data><Data Name='CommandLine'>"C:\Program Files (x86)\Internet Explorer\IEXPLORE.EXE" SCODEF:4832 CREDAT:17410 /prefetch:2</Data><Data Name='CurrentDirectory'>C:\Users\Administrator\Desktop\</Data><Data Name='User'>ATTACKDEFENSE\Administrator</Data><Data Name='LogonGuid'>{221ce7aa-6da3-6409-795a-050000000000}</Data><Data Name='LogonId'>0x55a79</Data><Data Name='TerminalSessionId'>2</Data><Data Name='IntegrityLevel'>High</Data><Data Name='Hashes'>MD5=A2CD9CF67DEB267D7A2813F00D47245C,SHA256=3BE1ABC6DAF27760A91413B77C4BA0A73EF92115FDA35FF6947B8AD937F54DF9,IMPHASH=2C2E1D73CA9132FDC123B09EF74BD684</Data><Data Name='ParentProcessGuid'>{221ce7aa-5b6e-640c-0b02-00000000dd00}</Data><Data Name='ParentProcessId'>4832</Data><Data Name='ParentImage'>C:\Program Files\internet explorer\iexplore.exe</Data><Data Name='ParentCommandLine'>"C:\Program Files\Internet Explorer\iexplore.exe" C:\Users\Administrator\Documents\test123.xml</Data><Data Name='ParentUser'>ATTACKDEFENSE\Administrator</Data></EventData></Event><Event xmlns='http://schemas.microsoft.com/win/2004/08/events/event'><System><Provider Name='Microsoft-Windows-Sysmon' Guid='{5770385f-c22a-43e0-bf4c-06f5698ffbd9}'/><EventID>1</EventID><Version>5</Version><Level>4</Level><Task>1</Task><Opcode>0</Opcode><Keywords>0x8000000000000000</Keywords><TimeCreated SystemTime='2023-03-11T10:44:23.724690500Z'/><EventRecordID>1629</EventRecordID><Correlation/><Execution ProcessID='2472' ThreadID='3180'/><Channel>Microsoft-Windows-Sysmon/Operational</Channel><Computer>AttackDefense</Computer><Security UserID='S-1-5-18'/></System><EventData><Data Name='RuleName'>-</Data><Data Name='UtcTime'>2023-03-11 10:44:23.719</Data><Data Name='ProcessGuid'>{221ce7aa-5b87-640c-0d02-00000000dd00}</Data><Data Name='ProcessId'>3044</Data><Data Name='Image'>C:\Windows\System32\rundll32.exe</Data><Data Name='FileVersion'>10.0.17763.1 (WinBuild.160101.0800)</Data><Data Name='Description'>Windows host process (Rundll32)</Data><Data Name='Product'>Microsoft® Windows® Operating System</Data><Data Name='Company'>Microsoft Corporation</Data><Data Name='OriginalFileName'>RUNDLL32.EXE</Data><Data Name='CommandLine'>C:\Windows\system32\rundll32.exe C:\Windows\system32\inetcpl.cpl,ClearMyTracksByProcess Flags:8388616 WinX:0 WinY:0 IEFrame:0000000000000000</Data><Data Name='CurrentDirectory'>C:\Users\Administrator\Desktop\</Data><Data Name='User'>ATTACKDEFENSE\Administrator</Data><Data Name='LogonGuid'>{221ce7aa-6da3-6409-795a-050000000000}</Data><Data Name='LogonId'>0x55a79</Data><Data Name='TerminalSessionId'>2</Data><Data Name='IntegrityLevel'>Low</Data><Data Name='Hashes'>MD5=C73BA51880F5A7FB20C84185A23212EF,SHA256=01B407AF0200B66A34D9B1FA6D9EAAB758EFA36A36BB99B554384F59F8690B1A,IMPHASH=F27A7FC3A53E74F45BE370131953896A</Data><Data Name='ParentProcessGuid'>{221ce7aa-5b6e-640c-0b02-00000000dd00}</Data><Data Name='ParentProcessId'>4832</Data><Data Name='ParentImage'>C:\Program Files\internet explorer\iexplore.exe</Data><Data Name='ParentCommandLine'>"C:\Program Files\Internet Explorer\iexplore.exe" C:\Users\Administrator\Documents\test123.xml</Data><Data Name='ParentUser'>ATTACKDEFENSE\Administrator</Data></EventData></Event><Event xmlns='http://schemas.microsoft.com/win/2004/08/events/event'><System><Provider Name='Microsoft-Windows-Sysmon' Guid='{5770385f-c22a-43e0-bf4c-06f5698ffbd9}'/><EventID>1</EventID><Version>5</Version><Level>4</Level><Task>1</Task><Opcode>0</Opcode><Keywords>0x8000000000000000</Keywords><TimeCreated SystemTime='2023-03-11T10:44:23.725380700Z'/><EventRecordID>1630</EventRecordID><Correlation/><Execution ProcessID='2472' ThreadID='3180'/><Channel>Microsoft-Windows-Sysmon/Operational</Channel><Computer>AttackDefense</Computer><Security UserID='S-1-5-18'/></System><EventData><Data Name='RuleName'>-</Data><Data Name='UtcTime'>2023-03-11 10:44:23.721</Data><Data Name='ProcessGuid'>{221ce7aa-5b87-640c-0e02-00000000dd00}</Data><Data Name='ProcessId'>5048</Data><Data Name='Image'>C:\Windows\System32\rundll32.exe</Data><Data Name='FileVersion'>10.0.17763.1 (WinBuild.160101.0800)</Data><Data Name='Description'>Windows host process (Rundll32)</Data><Data Name='Product'>Microsoft® Windows® Operating System</Data><Data Name='Company'>Microsoft Corporation</Data><Data Name='OriginalFileName'>RUNDLL32.EXE</Data><Data Name='CommandLine'>C:\Windows\system32\rundll32.exe C:\Windows\system32\inetcpl.cpl,ClearMyTracksByProcess Flags:276824072 WinX:0 WinY:0 IEFrame:0000000000000000</Data><Data Name='CurrentDirectory'>C:\Users\Administrator\Desktop\</Data><Data Name='User'>ATTACKDEFENSE\Administrator</Data><Data Name='LogonGuid'>{221ce7aa-6da3-6409-795a-050000000000}</Data><Data Name='LogonId'>0x55a79</Data><Data Name='TerminalSessionId'>2</Data><Data Name='IntegrityLevel'>Medium</Data><Data Name='Hashes'>MD5=C73BA51880F5A7FB20C84185A23212EF,SHA256=01B407AF0200B66A34D9B1FA6D9EAAB758EFA36A36BB99B554384F59F8690B1A,IMPHASH=F27A7FC3A53E74F45BE370131953896A</Data><Data Name='ParentProcessGuid'>{221ce7aa-5b6e-640c-0b02-00000000dd00}</Data><Data Name='ParentProcessId'>4832</Data><Data Name='ParentImage'>C:\Program Files\internet explorer\iexplore.exe</Data><Data Name='ParentCommandLine'>"C:\Program Files\Internet Explorer\iexplore.exe" C:\Users\Administrator\Documents\test123.xml</Data><Data Name='ParentUser'>ATTACKDEFENSE\Administrator</Data></EventData></Event><Event xmlns='http://schemas.microsoft.com/win/2004/08/events/event'><System><Provider Name='Microsoft-Windows-Sysmon' Guid='{5770385f-c22a-43e0-bf4c-06f5698ffbd9}'/><EventID>1</EventID><Version>5</Version><Level>4</Level><Task>1</Task><Opcode>0</Opcode><Keywords>0x8000000000000000</Keywords><TimeCreated SystemTime='2023-03-11T10:31:32.837821100Z'/><EventRecordID>1600</EventRecordID><Correlation/><Execution ProcessID='2472' ThreadID='3180'/><Channel>Microsoft-Windows-Sysmon/Operational</Channel><Computer>AttackDefense</Computer><Security UserID='S-1-5-18'/></System><EventData><Data Name='RuleName'>-</Data><Data Name='UtcTime'>2023-03-11 10:31:32.833</Data><Data Name='ProcessGuid'>{221ce7aa-5884-640c-f901-00000000dd00}</Data><Data Name='ProcessId'>2336</Data><Data Name='Image'>C:\Windows\System32\taskhostw.exe</Data><Data Name='FileVersion'>10.0.17763.831 (WinBuild.160101.0800)</Data><Data Name='Description'>Host Process for Windows Tasks</Data><Data Name='Product'>Microsoft® Windows® Operating System</Data><Data Name='Company'>Microsoft Corporation</Data><Data Name='OriginalFileName'>taskhostw.exe</Data><Data Name='CommandLine'>taskhostw.exe KEYROAMING</Data><Data Name='CurrentDirectory'>C:\Windows\system32\</Data><Data Name='User'>ATTACKDEFENSE\Administrator</Data><Data Name='LogonGuid'>{221ce7aa-6da3-6409-795a-050000000000}</Data><Data Name='LogonId'>0x55a79</Data><Data Name='TerminalSessionId'>2</Data><Data Name='IntegrityLevel'>High</Data><Data Name='Hashes'>MD5=106B2AEC107DFD22DB51C7A1B29623F8,SHA256=CA620F4DE4A426F129445E4D8A545B7B08B021080E7375A3EA3ED8C8A7212A8F,IMPHASH=9839C7FD9649496B162F72128209528A</Data><Data Name='ParentProcessGuid'>{00000000-0000-0000-0000-000000000000}</Data><Data Name='ParentProcessId'>1464</Data><Data Name='ParentImage'>-</Data><Data Name='ParentCommandLine'>-</Data><Data Name='ParentUser'>-</Data></EventData></Event><Event xmlns='http://schemas.microsoft.com/win/2004/08/events/event'><System><Provider Name='Microsoft-Windows-Sysmon' Guid='{5770385f-c22a-43e0-bf4c-06f5698ffbd9}'/><EventID>1</EventID><Version>5</Version><Level>4</Level><Task>1</Task><Opcode>0</Opcode><Keywords>0x8000000000000000</Keywords><TimeCreated SystemTime='2023-03-11T10:31:32.641143100Z'/><EventRecordID>1599</EventRecordID><Correlation/><Execution ProcessID='2472' ThreadID='3180'/><Channel>Microsoft-Windows-Sysmon/Operational</Channel><Computer>AttackDefense</Computer><Security UserID='S-1-5-18'/></System><EventData><Data Name='RuleName'>-</Data><Data Name='UtcTime'>2023-03-11 10:31:32.639</Data><Data Name='ProcessGuid'>{221ce7aa-5884-640c-f801-00000000dd00}</Data><Data Name='ProcessId'>836</Data><Data Name='Image'>C:\Windows\System32\TSTheme.exe</Data><Data Name='FileVersion'>10.0.17763.771 (WinBuild.160101.0800)</Data><Data Name='Description'>TSTheme Server Module</Data><Data Name='Product'>Microsoft® Windows® Operating System</Data><Data Name='Company'>Microsoft Corporation</Data><Data Name='OriginalFileName'>TSThemeS.exe</Data><Data Name='CommandLine'>C:\Windows\system32\TSTheme.exe -Embedding</Data><Data Name='CurrentDirectory'>C:\Windows\system32\</Data><Data Name='User'>ATTACKDEFENSE\Administrator</Data><Data Name='LogonGuid'>{221ce7aa-6da3-6409-795a-050000000000}</Data><Data Name='LogonId'>0x55a79</Data><Data Name='TerminalSessionId'>2</Data><Data Name='IntegrityLevel'>High</Data><Data Name='Hashes'>MD5=7F664C2449A91878B131716D2DD79553,SHA256=0DA195AECD8794062AB5CB3BDEF2BE0230C1E76050C7B11CF609E4F3F23A9DDC,IMPHASH=B70390445EE6DE87340DFE5CB7439893</Data><Data Name='ParentProcessGuid'>{00000000-0000-0000-0000-000000000000}</Data><Data Name='ParentProcessId'>732</Data><Data Name='ParentImage'>-</Data><Data Name='ParentCommandLine'>-</Data><Data Name='ParentUser'>-</Data></EventData></Event><Event xmlns='http://schemas.microsoft.com/win/2004/08/events/event'><System><Provider Name='Microsoft-Windows-Sysmon' Guid='{5770385f-c22a-43e0-bf4c-06f5698ffbd9}'/><EventID>1</EventID><Version>5</Version><Level>4</Level><Task>1</Task><Opcode>0</Opcode><Keywords>0x8000000000000000</Keywords><TimeCreated SystemTime='2023-03-11T10:42:36.704725900Z'/><EventRecordID>1626</EventRecordID><Correlation/><Execution ProcessID='2472' ThreadID='3180'/><Channel>Microsoft-Windows-Sysmon/Operational</Channel><Computer>AttackDefense</Computer><Security UserID='S-1-5-18'/></System><EventData><Data Name='RuleName'>-</Data><Data Name='UtcTime'>2023-03-11 10:42:36.506</Data><Data Name='ProcessGuid'>{221ce7aa-5b1c-640c-0a02-00000000dd00}</Data><Data Name='ProcessId'>4352</Data><Data Name='Image'>C:\Windows\System32\rundll32.exe</Data><Data Name='FileVersion'>10.0.17763.1 (WinBuild.160101.0800)</Data><Data Name='Description'>Windows host process (Rundll32)</Data><Data Name='Product'>Microsoft® Windows® Operating System</Data><Data Name='Company'>Microsoft Corporation</Data><Data Name='OriginalFileName'>RUNDLL32.EXE</Data><Data Name='CommandLine'>C:\Windows\system32\rundll32.exe C:\Windows\system32\inetcpl.cpl,ClearMyTracksByProcess Flags:276824072 WinX:0 WinY:0 IEFrame:0000000000000000</Data><Data Name='CurrentDirectory'>C:\Users\Administrator\Desktop\</Data><Data Name='User'>ATTACKDEFENSE\Administrator</Data><Data Name='LogonGuid'>{221ce7aa-6da3-6409-795a-050000000000}</Data><Data Name='LogonId'>0x55a79</Data><Data Name='TerminalSessionId'>2</Data><Data Name='IntegrityLevel'>High</Data><Data Name='Hashes'>MD5=C73BA51880F5A7FB20C84185A23212EF,SHA256=01B407AF0200B66A34D9B1FA6D9EAAB758EFA36A36BB99B554384F59F8690B1A,IMPHASH=F27A7FC3A53E74F45BE370131953896A</Data><Data Name='ParentProcessGuid'>{221ce7aa-5a6a-640c-0102-00000000dd00}</Data><Data Name='ParentProcessId'>4292</Data><Data Name='ParentImage'>C:\Program Files\internet explorer\iexplore.exe</Data><Data Name='ParentCommandLine'>"C:\Program Files\Internet Explorer\iexplore.exe" C:\Users\Administrator\Documents\test.xml</Data><Data Name='ParentUser'>ATTACKDEFENSE\Administrator</Data></EventData></Event><Event xmlns='http://schemas.microsoft.com/win/2004/08/events/event'><System><Provider Name='Microsoft-Windows-Sysmon' Guid='{5770385f-c22a-43e0-bf4c-06f5698ffbd9}'/><EventID>1</EventID><Version>5</Version><Level>4</Level><Task>1</Task><Opcode>0</Opcode><Keywords>0x8000000000000000</Keywords><TimeCreated SystemTime='2023-03-11T10:43:58.355167600Z'/><EventRecordID>1627</EventRecordID><Correlation/><Execution ProcessID='2472' ThreadID='3180'/><Channel>Microsoft-Windows-Sysmon/Operational</Channel><Computer>AttackDefense</Computer><Security UserID='S-1-5-18'/></System><EventData><Data Name='RuleName'>-</Data><Data Name='UtcTime'>2023-03-11 10:43:58.159</Data><Data Name='ProcessGuid'>{221ce7aa-5b6e-640c-0b02-00000000dd00}</Data><Data Name='ProcessId'>4832</Data><Data Name='Image'>C:\Program Files\internet explorer\iexplore.exe</Data><Data Name='FileVersion'>11.00.17763.771 (WinBuild.160101.0800)</Data><Data Name='Description'>Internet Explorer</Data><Data Name='Product'>Internet Explorer</Data><Data Name='Company'>Microsoft Corporation</Data><Data Name='OriginalFileName'>IEXPLORE.EXE</Data><Data Name='CommandLine'>"C:\Program Files\Internet Explorer\iexplore.exe" C:\Users\Administrator\Documents\test123.xml</Data><Data Name='CurrentDirectory'>C:\Users\Administrator\Documents\</Data><Data Name='User'>ATTACKDEFENSE\Administrator</Data><Data Name='LogonGuid'>{221ce7aa-6da3-6409-795a-050000000000}</Data><Data Name='LogonId'>0x55a79</Data><Data Name='TerminalSessionId'>2</Data><Data Name='IntegrityLevel'>High</Data><Data Name='Hashes'>MD5=F640445694FD65DEC07CA3A84F560534,SHA256=28FD5F83C7A2ED53C284BA791F0668C309E287576744530B6E9FC4C228D4B33B,IMPHASH=BF1B4238FCDBB117EDF39418CA0D205C</Data><Data Name='ParentProcessGuid'>{221ce7aa-6da4-6409-8400-00000000dd00}</Data><Data Name='ParentProcessId'>3064</Data><Data Name='ParentImage'>C:\Windows\explorer.exe</Data><Data Name='ParentCommandLine'>C:\Windows\Explorer.EXE</Data><Data Name='ParentUser'>ATTACKDEFENSE\Administrator</Data></EventData></Event><Event xmlns='http://schemas.microsoft.com/win/2004/08/events/event'><System><Provider Name='Microsoft-Windows-Sysmon' Guid='{5770385f-c22a-43e0-bf4c-06f5698ffbd9}'/><EventID>1</EventID><Version>5</Version><Level>4</Level><Task>1</Task><Opcode>0</Opcode><Keywords>0x8000000000000000</Keywords><TimeCreated SystemTime='2023-03-11T09:22:19.041652200Z'/><EventRecordID>1583</EventRecordID><Correlation/><Execution ProcessID='2472' ThreadID='3180'/><Channel>Microsoft-Windows-Sysmon/Operational</Channel><Computer>AttackDefense</Computer><Security UserID='S-1-5-18'/></System><EventData><Data Name='RuleName'>-</Data><Data Name='UtcTime'>2023-03-11 09:22:19.039</Data><Data Name='ProcessGuid'>{221ce7aa-484b-640c-ed01-00000000dd00}</Data><Data Name='ProcessId'>3408</Data><Data Name='Image'>C:\Windows\System32\svchost.exe</Data><Data Name='FileVersion'>10.0.17763.1 (WinBuild.160101.0800)</Data><Data Name='Description'>Host Process for Windows Services</Data><Data Name='Product'>Microsoft® Windows® Operating System</Data><Data Name='Company'>Microsoft Corporation</Data><Data Name='OriginalFileName'>svchost.exe</Data><Data Name='CommandLine'>C:\Windows\System32\svchost.exe -k netsvcs -p -s NetSetupSvc</Data><Data Name='CurrentDirectory'>C:\Windows\system32\</Data><Data Name='User'>NT AUTHORITY\SYSTEM</Data><Data Name='LogonGuid'>{221ce7aa-6c88-6409-e703-000000000000}</Data><Data Name='LogonId'>0x3e7</Data><Data Name='TerminalSessionId'>0</Data><Data Name='IntegrityLevel'>System</Data><Data Name='Hashes'>MD5=8A0A29438052FAED8A2532DA50455756,SHA256=7FD065BAC18C5278777AE44908101CDFED72D26FA741367F0AD4D02020787AB6,IMPHASH=247B9220E5D9B720A82B2C8B5069AD69</Data><Data Name='ParentProcessGuid'>{221ce7aa-6c87-6409-0b00-00000000dd00}</Data><Data Name='ParentProcessId'>580</Data><Data Name='ParentImage'>C:\Windows\System32\services.exe</Data><Data Name='ParentCommandLine'>C:\Windows\system32\services.exe</Data><Data Name='ParentUser'>NT AUTHORITY\SYSTEM</Data></EventData></Event><Event xmlns='http://schemas.microsoft.com/win/2004/08/events/event'><System><Provider Name='Microsoft-Windows-Sysmon' Guid='{5770385f-c22a-43e0-bf4c-06f5698ffbd9}'/><EventID>1</EventID><Version>5</Version><Level>4</Level><Task>1</Task><Opcode>0</Opcode><Keywords>0x8000000000000000</Keywords><TimeCreated SystemTime='2023-03-11T10:39:48.248297600Z'/><EventRecordID>1619</EventRecordID><Correlation/><Execution ProcessID='2472' ThreadID='3180'/><Channel>Microsoft-Windows-Sysmon/Operational</Channel><Computer>AttackDefense</Computer><Security UserID='S-1-5-18'/></System><EventData><Data Name='RuleName'>-</Data><Data Name='UtcTime'>2023-03-11 10:39:48.052</Data><Data Name='ProcessGuid'>{221ce7aa-5a74-640c-0402-00000000dd00}</Data><Data Name='ProcessId'>3140</Data><Data Name='Image'>C:\Program Files (x86)\Internet Explorer\iexplore.exe</Data><Data Name='FileVersion'>11.00.17763.771 (WinBuild.160101.0800)</Data><Data Name='Description'>Internet Explorer</Data><Data Name='Product'>Internet Explorer</Data><Data Name='Company'>Microsoft Corporation</Data><Data Name='OriginalFileName'>IEXPLORE.EXE</Data><Data Name='CommandLine'>"C:\Program Files (x86)\Internet Explorer\IEXPLORE.EXE" SCODEF:4292 CREDAT:17412 /prefetch:2</Data><Data Name='CurrentDirectory'>C:\Users\Administrator\Desktop\</Data><Data Name='User'>ATTACKDEFENSE\Administrator</Data><Data Name='LogonGuid'>{221ce7aa-6da3-6409-795a-050000000000}</Data><Data Name='LogonId'>0x55a79</Data><Data Name='TerminalSessionId'>2</Data><Data Name='IntegrityLevel'>High</Data><Data Name='Hashes'>MD5=A2CD9CF67DEB267D7A2813F00D47245C,SHA256=3BE1ABC6DAF27760A91413B77C4BA0A73EF92115FDA35FF6947B8AD937F54DF9,IMPHASH=2C2E1D73CA9132FDC123B09EF74BD684</Data><Data Name='ParentProcessGuid'>{221ce7aa-5a6a-640c-0102-00000000dd00}</Data><Data Name='ParentProcessId'>4292</Data><Data Name='ParentImage'>C:\Program Files\internet explorer\iexplore.exe</Data><Data Name='ParentCommandLine'>"C:\Program Files\Internet Explorer\iexplore.exe" C:\Users\Administrator\Documents\test.xml</Data><Data Name='ParentUser'>ATTACKDEFENSE\Administrator</Data></EventData></Event><Event xmlns='http://schemas.microsoft.com/win/2004/08/events/event'><System><Provider Name='Microsoft-Windows-Sysmon' Guid='{5770385f-c22a-43e0-bf4c-06f5698ffbd9}'/><EventID>1</EventID><Version>5</Version><Level>4</Level><Task>1</Task><Opcode>0</Opcode><Keywords>0x8000000000000000</Keywords><TimeCreated SystemTime='2023-03-11T10:38:48.960415900Z'/><EventRecordID>1604</EventRecordID><Correlation/><Execution ProcessID='2472' ThreadID='3180'/><Channel>Microsoft-Windows-Sysmon/Operational</Channel><Computer>AttackDefense</Computer><Security UserID='S-1-5-18'/></System><EventData><Data Name='RuleName'>-</Data><Data Name='UtcTime'>2023-03-11 10:38:48.940</Data><Data Name='ProcessGuid'>{221ce7aa-5a38-640c-fc01-00000000dd00}</Data><Data Name='ProcessId'>4736</Data><Data Name='Image'>C:\Windows\System32\AtBroker.exe</Data><Data Name='FileVersion'>10.0.17763.1 (WinBuild.160101.0800)</Data><Data Name='Description'>Windows Assistive Technology Manager</Data><Data Name='Product'>Microsoft® Windows® Operating System</Data><Data Name='Company'>Microsoft Corporation</Data><Data Name='OriginalFileName'>ATBroker.exe</Data><Data Name='CommandLine'>atbroker.exe</Data><Data Name='CurrentDirectory'>C:\Windows\system32\</Data><Data Name='User'>NT AUTHORITY\SYSTEM</Data><Data Name='LogonGuid'>{221ce7aa-6c88-6409-e703-000000000000}</Data><Data Name='LogonId'>0x3e7</Data><Data Name='TerminalSessionId'>2</Data><Data Name='IntegrityLevel'>System</Data><Data Name='Hashes'>MD5=0E175C40A722407F804F30BFB45CEDA8,SHA256=6837E1C70823796EB24D9E5E0209BEA5C857A34F70B936D6D1CF5791C4F74961,IMPHASH=587B1C3FD47818346FB8557408E17403</Data><Data Name='ParentProcessGuid'>{221ce7aa-6da2-6409-7000-00000000dd00}</Data><Data Name='ParentProcessId'>1620</Data><Data Name='ParentImage'>C:\Windows\System32\winlogon.exe</Data><Data Name='ParentCommandLine'>winlogon.exe</Data><Data Name='ParentUser'>NT AUTHORITY\SYSTEM</Data></EventData></Event><Event xmlns='http://schemas.microsoft.com/win/2004/08/events/event'><System><Provider Name='Microsoft-Windows-Sysmon' Guid='{5770385f-c22a-43e0-bf4c-06f5698ffbd9}'/><EventID>1</EventID><Version>5</Version><Level>4</Level><Task>1</Task><Opcode>0</Opcode><Keywords>0x8000000000000000</Keywords><TimeCreated SystemTime='2023-03-11T10:38:48.959933300Z'/><EventRecordID>1603</EventRecordID><Correlation/><Execution ProcessID='2472' ThreadID='3180'/><Channel>Microsoft-Windows-Sysmon/Operational</Channel><Computer>AttackDefense</Computer><Security UserID='S-1-5-18'/></System><EventData><Data Name='RuleName'>-</Data><Data Name='UtcTime'>2023-03-11 10:38:48.934</Data><Data Name='ProcessGuid'>{221ce7aa-5a38-640c-fb01-00000000dd00}</Data><Data Name='ProcessId'>320</Data><Data Name='Image'>C:\Windows\System32\rdpclip.exe</Data><Data Name='FileVersion'>10.0.17763.1131 (WinBuild.160101.0800)</Data><Data Name='Description'>RDP Clipboard Monitor</Data><Data Name='Product'>Microsoft® Windows® Operating System</Data><Data Name='Company'>Microsoft Corporation</Data><Data Name='OriginalFileName'>rdpclip.exe</Data><Data Name='CommandLine'>rdpclip</Data><Data Name='CurrentDirectory'>C:\Windows\system32\</Data><Data Name='User'>ATTACKDEFENSE\Administrator</Data><Data Name='LogonGuid'>{221ce7aa-6da3-6409-795a-050000000000}</Data><Data Name='LogonId'>0x55a79</Data><Data Name='TerminalSessionId'>2</Data><Data Name='IntegrityLevel'>High</Data><Data Name='Hashes'>MD5=9E089ECF8B86983B7A77E3844CD02BB5,SHA256=AF5CAE4B514215E530643A7FEA2D7A47A1B15F6E5610347B217D1ABFA4AE0F92,IMPHASH=E3F33CEBF67721DAC951AFBD20321206</Data><Data Name='ParentProcessGuid'>{221ce7aa-6c89-6409-1600-00000000dd00}</Data><Data Name='ParentProcessId'>1020</Data><Data Name='ParentImage'>C:\Windows\System32\svchost.exe</Data><Data Name='ParentCommandLine'>C:\Windows\System32\svchost.exe -k termsvcs -s TermService</Data><Data Name='ParentUser'>NT AUTHORITY\NETWORK SERVICE</Data></EventData></Event><Event xmlns='http://schemas.microsoft.com/win/2004/08/events/event'><System><Provider Name='Microsoft-Windows-Sysmon' Guid='{5770385f-c22a-43e0-bf4c-06f5698ffbd9}'/><EventID>1</EventID><Version>5</Version><Level>4</Level><Task>1</Task><Opcode>0</Opcode><Keywords>0x8000000000000000</Keywords><TimeCreated SystemTime='2023-03-11T10:38:48.344467500Z'/><EventRecordID>1602</EventRecordID><Correlation/><Execution ProcessID='2472' ThreadID='3180'/><Channel>Microsoft-Windows-Sysmon/Operational</Channel><Computer>AttackDefense</Computer><Security UserID='S-1-5-18'/></System><EventData><Data Name='RuleName'>-</Data><Data Name='UtcTime'>2023-03-11 10:38:48.343</Data><Data Name='ProcessGuid'>{221ce7aa-5a38-640c-fa01-00000000dd00}</Data><Data Name='ProcessId'>2568</Data><Data Name='Image'>C:\Windows\System32\TSTheme.exe</Data><Data Name='FileVersion'>10.0.17763.771 (WinBuild.160101.0800)</Data><Data Name='Description'>TSTheme Server Module</Data><Data Name='Product'>Microsoft® Windows® Operating System</Data><Data Name='Company'>Microsoft Corporation</Data><Data Name='OriginalFileName'>TSThemeS.exe</Data><Data Name='CommandLine'>C:\Windows\system32\TSTheme.exe -Embedding</Data><Data Name='CurrentDirectory'>C:\Windows\system32\</Data><Data Name='User'>ATTACKDEFENSE\Administrator</Data><Data Name='LogonGuid'>{221ce7aa-6da3-6409-795a-050000000000}</Data><Data Name='LogonId'>0x55a79</Data><Data Name='TerminalSessionId'>2</Data><Data Name='IntegrityLevel'>High</Data><Data Name='Hashes'>MD5=7F664C2449A91878B131716D2DD79553,SHA256=0DA195AECD8794062AB5CB3BDEF2BE0230C1E76050C7B11CF609E4F3F23A9DDC,IMPHASH=B70390445EE6DE87340DFE5CB7439893</Data><Data Name='ParentProcessGuid'>{00000000-0000-0000-0000-000000000000}</Data><Data Name='ParentProcessId'>732</Data><Data Name='ParentImage'>-</Data><Data Name='ParentCommandLine'>-</Data><Data Name='ParentUser'>-</Data></EventData></Event><Event xmlns='http://schemas.microsoft.com/win/2004/08/events/event'><System><Provider Name='Microsoft-Windows-Sysmon' Guid='{5770385f-c22a-43e0-bf4c-06f5698ffbd9}'/><EventID>1</EventID><Version>5</Version><Level>4</Level><Task>1</Task><Opcode>0</Opcode><Keywords>0x8000000000000000</Keywords><TimeCreated SystemTime='2023-03-11T10:44:23.729690500Z'/><EventRecordID>1631</EventRecordID><Correlation/><Execution ProcessID='2472' ThreadID='3180'/><Channel>Microsoft-Windows-Sysmon/Operational</Channel><Computer>AttackDefense</Computer><Security UserID='S-1-5-18'/></System><EventData><Data Name='RuleName'>-</Data><Data Name='UtcTime'>2023-03-11 10:44:23.722</Data><Data Name='ProcessGuid'>{221ce7aa-5b87-640c-0f02-00000000dd00}</Data><Data Name='ProcessId'>4008</Data><Data Name='Image'>C:\Windows\System32\rundll32.exe</Data><Data Name='FileVersion'>10.0.17763.1 (WinBuild.160101.0800)</Data><Data Name='Description'>Windows host process (Rundll32)</Data><Data Name='Product'>Microsoft® Windows® Operating System</Data><Data Name='Company'>Microsoft Corporation</Data><Data Name='OriginalFileName'>RUNDLL32.EXE</Data><Data Name='CommandLine'>C:\Windows\system32\rundll32.exe C:\Windows\system32\inetcpl.cpl,ClearMyTracksByProcess Flags:276824072 WinX:0 WinY:0 IEFrame:0000000000000000</Data><Data Name='CurrentDirectory'>C:\Users\Administrator\Desktop\</Data><Data Name='User'>ATTACKDEFENSE\Administrator</Data><Data Name='LogonGuid'>{221ce7aa-6da3-6409-795a-050000000000}</Data><Data Name='LogonId'>0x55a79</Data><Data Name='TerminalSessionId'>2</Data><Data Name='IntegrityLevel'>High</Data><Data Name='Hashes'>MD5=C73BA51880F5A7FB20C84185A23212EF,SHA256=01B407AF0200B66A34D9B1FA6D9EAAB758EFA36A36BB99B554384F59F8690B1A,IMPHASH=F27A7FC3A53E74F45BE370131953896A</Data><Data Name='ParentProcessGuid'>{221ce7aa-5b6e-640c-0b02-00000000dd00}</Data><Data Name='ParentProcessId'>4832</Data><Data Name='ParentImage'>C:\Program Files\internet explorer\iexplore.exe</Data><Data Name='ParentCommandLine'>"C:\Program Files\Internet Explorer\iexplore.exe" C:\Users\Administrator\Documents\test123.xml</Data><Data Name='ParentUser'>ATTACKDEFENSE\Administrator</Data></EventData></Event><Event xmlns='http://schemas.microsoft.com/win/2004/08/events/event'><System><Provider Name='Microsoft-Windows-Sysmon' Guid='{5770385f-c22a-43e0-bf4c-06f5698ffbd9}'/><EventID>1</EventID><Version>5</Version><Level>4</Level><Task>1</Task><Opcode>0</Opcode><Keywords>0x8000000000000000</Keywords><TimeCreated SystemTime='2023-03-11T10:41:20.323606000Z'/><EventRecordID>1621</EventRecordID><Correlation/><Execution ProcessID='2472' ThreadID='3180'/><Channel>Microsoft-Windows-Sysmon/Operational</Channel><Computer>AttackDefense</Computer><Security UserID='S-1-5-18'/></System><EventData><Data Name='RuleName'>-</Data><Data Name='UtcTime'>2023-03-11 10:41:20.155</Data><Data Name='ProcessGuid'>{221ce7aa-5ad0-640c-0502-00000000dd00}</Data><Data Name='ProcessId'>3776</Data><Data Name='Image'>C:\Program Files\internet explorer\iexplore.exe</Data><Data Name='FileVersion'>11.00.17763.771 (WinBuild.160101.0800)</Data><Data Name='Description'>Internet Explorer</Data><Data Name='Product'>Internet Explorer</Data><Data Name='Company'>Microsoft Corporation</Data><Data Name='OriginalFileName'>IEXPLORE.EXE</Data><Data Name='CommandLine'>"C:\Program Files\Internet Explorer\iexplore.exe" C:\Users\Administrator\Documents\sysmonconfig-export.xml</Data><Data Name='CurrentDirectory'>C:\Users\Administrator\Documents\</Data><Data Name='User'>ATTACKDEFENSE\Administrator</Data><Data Name='LogonGuid'>{221ce7aa-6da3-6409-795a-050000000000}</Data><Data Name='LogonId'>0x55a79</Data><Data Name='TerminalSessionId'>2</Data><Data Name='IntegrityLevel'>High</Data><Data Name='Hashes'>MD5=F640445694FD65DEC07CA3A84F560534,SHA256=28FD5F83C7A2ED53C284BA791F0668C309E287576744530B6E9FC4C228D4B33B,IMPHASH=BF1B4238FCDBB117EDF39418CA0D205C</Data><Data Name='ParentProcessGuid'>{221ce7aa-6da4-6409-8400-00000000dd00}</Data><Data Name='ParentProcessId'>3064</Data><Data Name='ParentImage'>C:\Windows\explorer.exe</Data><Data Name='ParentCommandLine'>C:\Windows\Explorer.EXE</Data><Data Name='ParentUser'>ATTACKDEFENSE\Administrator</Data></EventData></Event><Event xmlns='http://schemas.microsoft.com/win/2004/08/events/event'><System><Provider Name='Microsoft-Windows-Sysmon' Guid='{5770385f-c22a-43e0-bf4c-06f5698ffbd9}'/><EventID>1</EventID><Version>5</Version><Level>4</Level><Task>1</Task><Opcode>0</Opcode><Keywords>0x8000000000000000</Keywords><TimeCreated SystemTime='2023-03-11T10:12:29.289518200Z'/><EventRecordID>1588</EventRecordID><Correlation/><Execution ProcessID='2472' ThreadID='3180'/><Channel>Microsoft-Windows-Sysmon/Operational</Channel><Computer>AttackDefense</Computer><Security UserID='S-1-5-18'/></System><EventData><Data Name='RuleName'>-</Data><Data Name='UtcTime'>2023-03-11 10:12:29.265</Data><Data Name='ProcessGuid'>{221ce7aa-540d-640c-f101-00000000dd00}</Data><Data Name='ProcessId'>748</Data><Data Name='Image'>C:\Windows\System32\LogonUI.exe</Data><Data Name='FileVersion'>10.0.17763.1 (WinBuild.160101.0800)</Data><Data Name='Description'>Windows Logon User Interface Host</Data><Data Name='Product'>Microsoft® Windows® Operating System</Data><Data Name='Company'>Microsoft Corporation</Data><Data Name='OriginalFileName'>logonui.exe</Data><Data Name='CommandLine'>"LogonUI.exe" /flags:0x0 /state0:0xa3d5d855 /state1:0x41c64e6d</Data><Data Name='CurrentDirectory'>C:\Windows\system32\</Data><Data Name='User'>NT AUTHORITY\SYSTEM</Data><Data Name='LogonGuid'>{221ce7aa-6c88-6409-e703-000000000000}</Data><Data Name='LogonId'>0x3e7</Data><Data Name='TerminalSessionId'>2</Data><Data Name='IntegrityLevel'>System</Data><Data Name='Hashes'>MD5=33F89DD9629CB0422A2C17268376232D,SHA256=9358EF8CB7FB08581D74274005263BD8FA2E6E0FC443930B25FD345CF6CE9071,IMPHASH=B9B0B64B08B38276711093CA94348D39</Data><Data Name='ParentProcessGuid'>{221ce7aa-6da2-6409-7000-00000000dd00}</Data><Data Name='ParentProcessId'>1620</Data><Data Name='ParentImage'>C:\Windows\System32\winlogon.exe</Data><Data Name='ParentCommandLine'>winlogon.exe</Data><Data Name='ParentUser'>NT AUTHORITY\SYSTEM</Data></EventData></Event><Event xmlns='http://schemas.microsoft.com/win/2004/08/events/event'><System><Provider Name='Microsoft-Windows-Sysmon' Guid='{5770385f-c22a-43e0-bf4c-06f5698ffbd9}'/><EventID>1</EventID><Version>5</Version><Level>4</Level><Task>1</Task><Opcode>0</Opcode><Keywords>0x8000000000000000</Keywords><TimeCreated SystemTime='2023-03-11T10:12:29.288828300Z'/><EventRecordID>1587</EventRecordID><Correlation/><Execution ProcessID='2472' ThreadID='3180'/><Channel>Microsoft-Windows-Sysmon/Operational</Channel><Computer>AttackDefense</Computer><Security UserID='S-1-5-18'/></System><EventData><Data Name='RuleName'>-</Data><Data Name='UtcTime'>2023-03-11 10:12:29.263</Data><Data Name='ProcessGuid'>{221ce7aa-540d-640c-f001-00000000dd00}</Data><Data Name='ProcessId'>4636</Data><Data Name='Image'>C:\Windows\System32\AtBroker.exe</Data><Data Name='FileVersion'>10.0.17763.1 (WinBuild.160101.0800)</Data><Data Name='Description'>Windows Assistive Technology Manager</Data><Data Name='Product'>Microsoft® Windows® Operating System</Data><Data Name='Company'>Microsoft Corporation</Data><Data Name='OriginalFileName'>ATBroker.exe</Data><Data Name='CommandLine'>atbroker.exe</Data><Data Name='CurrentDirectory'>C:\Windows\system32\</Data><Data Name='User'>NT AUTHORITY\SYSTEM</Data><Data Name='LogonGuid'>{221ce7aa-6c88-6409-e703-000000000000}</Data><Data Name='LogonId'>0x3e7</Data><Data Name='TerminalSessionId'>2</Data><Data Name='IntegrityLevel'>System</Data><Data Name='Hashes'>MD5=0E175C40A722407F804F30BFB45CEDA8,SHA256=6837E1C70823796EB24D9E5E0209BEA5C857A34F70B936D6D1CF5791C4F74961,IMPHASH=587B1C3FD47818346FB8557408E17403</Data><Data Name='ParentProcessGuid'>{221ce7aa-6da2-6409-7000-00000000dd00}</Data><Data Name='ParentProcessId'>1620</Data><Data Name='ParentImage'>C:\Windows\System32\winlogon.exe</Data><Data Name='ParentCommandLine'>winlogon.exe</Data><Data Name='ParentUser'>NT AUTHORITY\SYSTEM</Data></EventData></Event>