<Event xmlns='http://schemas.microsoft.com/win/2004/08/events/event'><System><Provider Name='Microsoft-Windows-Sysmon' Guid='{5770385f-c22a-43e0-bf4c-06f5698ffbd9}'/><EventID>3</EventID><Version>5</Version><Level>4</Level><Task>3</Task><Opcode>0</Opcode><Keywords>0x8000000000000000</Keywords><TimeCreated SystemTime='2023-03-11T00:52:58.160287900Z'/><EventRecordID>1513</EventRecordID><Correlation/><Execution ProcessID='2472' ThreadID='3188'/><Channel>Microsoft-Windows-Sysmon/Operational</Channel><Computer>AttackDefense</Computer><Security UserID='S-1-5-18'/></System><EventData><Data Name='RuleName'>RDP</Data><Data Name='UtcTime'>2023-03-11 00:52:54.807</Data><Data Name='ProcessGuid'>{221ce7aa-6c89-6409-1600-00000000dd00}</Data><Data Name='ProcessId'>1020</Data><Data Name='Image'>C:\Windows\System32\svchost.exe</Data><Data Name='User'>NT AUTHORITY\NETWORK SERVICE</Data><Data Name='Protocol'>tcp</Data><Data Name='Initiated'>false</Data><Data Name='SourceIsIpv6'>false</Data><Data Name='SourceIp'>3.239.52.238</Data><Data Name='SourceHostname'>ec2-3-239-52-238.compute-1.amazonaws.com</Data><Data Name='SourcePort'>49157</Data><Data Name='SourcePortName'>-</Data><Data Name='DestinationIsIpv6'>false</Data><Data Name='DestinationIp'>172.31.41.2</Data><Data Name='DestinationHostname'>AttackDefense.ap-southeast-1.compute.internal</Data><Data Name='DestinationPort'>3389</Data><Data Name='DestinationPortName'>ms-wbt-server</Data></EventData></Event><Event xmlns='http://schemas.microsoft.com/win/2004/08/events/event'><System><Provider Name='Microsoft-Windows-Sysmon' Guid='{5770385f-c22a-43e0-bf4c-06f5698ffbd9}'/><EventID>3</EventID><Version>5</Version><Level>4</Level><Task>3</Task><Opcode>0</Opcode><Keywords>0x8000000000000000</Keywords><TimeCreated SystemTime='2023-03-11T06:51:48.105684800Z'/><EventRecordID>1551</EventRecordID><Correlation/><Execution ProcessID='2472' ThreadID='3188'/><Channel>Microsoft-Windows-Sysmon/Operational</Channel><Computer>AttackDefense</Computer><Security UserID='S-1-5-18'/></System><EventData><Data Name='RuleName'>RDP</Data><Data Name='UtcTime'>2023-03-11 06:51:45.793</Data><Data Name='ProcessGuid'>{221ce7aa-6c89-6409-1600-00000000dd00}</Data><Data Name='ProcessId'>1020</Data><Data Name='Image'>C:\Windows\System32\svchost.exe</Data><Data Name='User'>NT AUTHORITY\NETWORK SERVICE</Data><Data Name='Protocol'>tcp</Data><Data Name='Initiated'>false</Data><Data Name='SourceIsIpv6'>false</Data><Data Name='SourceIp'>27.115.124.3</Data><Data Name='SourceHostname'>-</Data><Data Name='SourcePort'>3311</Data><Data Name='SourcePortName'>-</Data><Data Name='DestinationIsIpv6'>false</Data><Data Name='DestinationIp'>172.31.41.2</Data><Data Name='DestinationHostname'>AttackDefense.ap-southeast-1.compute.internal</Data><Data Name='DestinationPort'>3389</Data><Data Name='DestinationPortName'>ms-wbt-server</Data></EventData></Event><Event xmlns='http://schemas.microsoft.com/win/2004/08/events/event'><System><Provider Name='Microsoft-Windows-Sysmon' Guid='{5770385f-c22a-43e0-bf4c-06f5698ffbd9}'/><EventID>3</EventID><Version>5</Version><Level>4</Level><Task>3</Task><Opcode>0</Opcode><Keywords>0x8000000000000000</Keywords><TimeCreated SystemTime='2023-03-11T01:22:29.762360700Z'/><EventRecordID>1532</EventRecordID><Correlation/><Execution ProcessID='2472' ThreadID='3188'/><Channel>Microsoft-Windows-Sysmon/Operational</Channel><Computer>AttackDefense</Computer><Security UserID='S-1-5-18'/></System><EventData><Data Name='RuleName'>RDP</Data><Data Name='UtcTime'>2023-03-11 01:22:26.595</Data><Data Name='ProcessGuid'>{221ce7aa-6c89-6409-1600-00000000dd00}</Data><Data Name='ProcessId'>1020</Data><Data Name='Image'>C:\Windows\System32\svchost.exe</Data><Data Name='User'>NT AUTHORITY\NETWORK SERVICE</Data><Data Name='Protocol'>tcp</Data><Data Name='Initiated'>false</Data><Data Name='SourceIsIpv6'>false</Data><Data Name='SourceIp'>184.105.139.68</Data><Data Name='SourceHostname'>scan-02.shadowserver.org</Data><Data Name='SourcePort'>4324</Data><Data Name='SourcePortName'>-</Data><Data Name='DestinationIsIpv6'>false</Data><Data Name='DestinationIp'>172.31.41.2</Data><Data Name='DestinationHostname'>AttackDefense.ap-southeast-1.compute.internal</Data><Data Name='DestinationPort'>3389</Data><Data Name='DestinationPortName'>ms-wbt-server</Data></EventData></Event><Event xmlns='http://schemas.microsoft.com/win/2004/08/events/event'><System><Provider Name='Microsoft-Windows-Sysmon' Guid='{5770385f-c22a-43e0-bf4c-06f5698ffbd9}'/><EventID>3</EventID><Version>5</Version><Level>4</Level><Task>3</Task><Opcode>0</Opcode><Keywords>0x8000000000000000</Keywords><TimeCreated SystemTime='2023-03-11T01:22:21.371130600Z'/><EventRecordID>1531</EventRecordID><Correlation/><Execution ProcessID='2472' ThreadID='3188'/><Channel>Microsoft-Windows-Sysmon/Operational</Channel><Computer>AttackDefense</Computer><Security UserID='S-1-5-18'/></System><EventData><Data Name='RuleName'>RDP</Data><Data Name='UtcTime'>2023-03-11 01:22:18.535</Data><Data Name='ProcessGuid'>{221ce7aa-6c89-6409-1600-00000000dd00}</Data><Data Name='ProcessId'>1020</Data><Data Name='Image'>C:\Windows\System32\svchost.exe</Data><Data Name='User'>NT AUTHORITY\NETWORK SERVICE</Data><Data Name='Protocol'>tcp</Data><Data Name='Initiated'>false</Data><Data Name='SourceIsIpv6'>false</Data><Data Name='SourceIp'>184.105.139.68</Data><Data Name='SourceHostname'>scan-02.shadowserver.org</Data><Data Name='SourcePort'>8218</Data><Data Name='SourcePortName'>-</Data><Data Name='DestinationIsIpv6'>false</Data><Data Name='DestinationIp'>172.31.41.2</Data><Data Name='DestinationHostname'>AttackDefense.ap-southeast-1.compute.internal</Data><Data Name='DestinationPort'>3389</Data><Data Name='DestinationPortName'>ms-wbt-server</Data></EventData></Event><Event xmlns='http://schemas.microsoft.com/win/2004/08/events/event'><System><Provider Name='Microsoft-Windows-Sysmon' Guid='{5770385f-c22a-43e0-bf4c-06f5698ffbd9}'/><EventID>3</EventID><Version>5</Version><Level>4</Level><Task>3</Task><Opcode>0</Opcode><Keywords>0x8000000000000000</Keywords><TimeCreated SystemTime='2023-03-11T01:06:27.984042500Z'/><EventRecordID>1529</EventRecordID><Correlation/><Execution ProcessID='2472' ThreadID='3188'/><Channel>Microsoft-Windows-Sysmon/Operational</Channel><Computer>AttackDefense</Computer><Security UserID='S-1-5-18'/></System><EventData><Data Name='RuleName'>RDP</Data><Data Name='UtcTime'>2023-03-11 01:06:25.321</Data><Data Name='ProcessGuid'>{221ce7aa-6c89-6409-1600-00000000dd00}</Data><Data Name='ProcessId'>1020</Data><Data Name='Image'>C:\Windows\System32\svchost.exe</Data><Data Name='User'>NT AUTHORITY\NETWORK SERVICE</Data><Data Name='Protocol'>tcp</Data><Data Name='Initiated'>false</Data><Data Name='SourceIsIpv6'>false</Data><Data Name='SourceIp'>3.239.52.238</Data><Data Name='SourceHostname'>ec2-3-239-52-238.compute-1.amazonaws.com</Data><Data Name='SourcePort'>55385</Data><Data Name='SourcePortName'>-</Data><Data Name='DestinationIsIpv6'>false</Data><Data Name='DestinationIp'>172.31.41.2</Data><Data Name='DestinationHostname'>AttackDefense.ap-southeast-1.compute.internal</Data><Data Name='DestinationPort'>3389</Data><Data Name='DestinationPortName'>ms-wbt-server</Data></EventData></Event><Event xmlns='http://schemas.microsoft.com/win/2004/08/events/event'><System><Provider Name='Microsoft-Windows-Sysmon' Guid='{5770385f-c22a-43e0-bf4c-06f5698ffbd9}'/><EventID>3</EventID><Version>5</Version><Level>4</Level><Task>3</Task><Opcode>0</Opcode><Keywords>0x8000000000000000</Keywords><TimeCreated SystemTime='2023-03-11T06:22:43.734980700Z'/><EventRecordID>1550</EventRecordID><Correlation/><Execution ProcessID='2472' ThreadID='3188'/><Channel>Microsoft-Windows-Sysmon/Operational</Channel><Computer>AttackDefense</Computer><Security UserID='S-1-5-18'/></System><EventData><Data Name='RuleName'>RDP</Data><Data Name='UtcTime'>2023-03-11 06:22:41.530</Data><Data Name='ProcessGuid'>{221ce7aa-6c89-6409-1600-00000000dd00}</Data><Data Name='ProcessId'>1020</Data><Data Name='Image'>C:\Windows\System32\svchost.exe</Data><Data Name='User'>NT AUTHORITY\NETWORK SERVICE</Data><Data Name='Protocol'>tcp</Data><Data Name='Initiated'>false</Data><Data Name='SourceIsIpv6'>false</Data><Data Name='SourceIp'>198.199.94.61</Data><Data Name='SourceHostname'>zg-1220g-152.stretchoid.com</Data><Data Name='SourcePort'>55522</Data><Data Name='SourcePortName'>-</Data><Data Name='DestinationIsIpv6'>false</Data><Data Name='DestinationIp'>172.31.41.2</Data><Data Name='DestinationHostname'>AttackDefense.ap-southeast-1.compute.internal</Data><Data Name='DestinationPort'>3389</Data><Data Name='DestinationPortName'>ms-wbt-server</Data></EventData></Event><Event xmlns='http://schemas.microsoft.com/win/2004/08/events/event'><System><Provider Name='Microsoft-Windows-Sysmon' Guid='{5770385f-c22a-43e0-bf4c-06f5698ffbd9}'/><EventID>3</EventID><Version>5</Version><Level>4</Level><Task>3</Task><Opcode>0</Opcode><Keywords>0x8000000000000000</Keywords><TimeCreated SystemTime='2023-03-11T06:19:52.822164600Z'/><EventRecordID>1548</EventRecordID><Correlation/><Execution ProcessID='2472' ThreadID='3188'/><Channel>Microsoft-Windows-Sysmon/Operational</Channel><Computer>AttackDefense</Computer><Security UserID='S-1-5-18'/></System><EventData><Data Name='RuleName'>RDP</Data><Data Name='UtcTime'>2023-03-11 06:19:49.713</Data><Data Name='ProcessGuid'>{221ce7aa-6c89-6409-1600-00000000dd00}</Data><Data Name='ProcessId'>1020</Data><Data Name='Image'>C:\Windows\System32\svchost.exe</Data><Data Name='User'>NT AUTHORITY\NETWORK SERVICE</Data><Data Name='Protocol'>tcp</Data><Data Name='Initiated'>false</Data><Data Name='SourceIsIpv6'>false</Data><Data Name='SourceIp'>205.210.31.28</Data><Data Name='SourceHostname'>-</Data><Data Name='SourcePort'>53330</Data><Data Name='SourcePortName'>-</Data><Data Name='DestinationIsIpv6'>false</Data><Data Name='DestinationIp'>172.31.41.2</Data><Data Name='DestinationHostname'>AttackDefense.ap-southeast-1.compute.internal</Data><Data Name='DestinationPort'>3389</Data><Data Name='DestinationPortName'>ms-wbt-server</Data></EventData></Event><Event xmlns='http://schemas.microsoft.com/win/2004/08/events/event'><System><Provider Name='Microsoft-Windows-Sysmon' Guid='{5770385f-c22a-43e0-bf4c-06f5698ffbd9}'/><EventID>3</EventID><Version>5</Version><Level>4</Level><Task>3</Task><Opcode>0</Opcode><Keywords>0x8000000000000000</Keywords><TimeCreated SystemTime='2023-03-11T01:51:26.802859300Z'/><EventRecordID>1533</EventRecordID><Correlation/><Execution ProcessID='2472' ThreadID='3188'/><Channel>Microsoft-Windows-Sysmon/Operational</Channel><Computer>AttackDefense</Computer><Security UserID='S-1-5-18'/></System><EventData><Data Name='RuleName'>RDP</Data><Data Name='UtcTime'>2023-03-11 01:51:24.165</Data><Data Name='ProcessGuid'>{221ce7aa-6c89-6409-1600-00000000dd00}</Data><Data Name='ProcessId'>1020</Data><Data Name='Image'>C:\Windows\System32\svchost.exe</Data><Data Name='User'>NT AUTHORITY\NETWORK SERVICE</Data><Data Name='Protocol'>tcp</Data><Data Name='Initiated'>false</Data><Data Name='SourceIsIpv6'>false</Data><Data Name='SourceIp'>103.203.57.12</Data><Data Name='SourceHostname'>scan-57-12.security.ipip.net</Data><Data Name='SourcePort'>60512</Data><Data Name='SourcePortName'>-</Data><Data Name='DestinationIsIpv6'>false</Data><Data Name='DestinationIp'>172.31.41.2</Data><Data Name='DestinationHostname'>AttackDefense.ap-southeast-1.compute.internal</Data><Data Name='DestinationPort'>3389</Data><Data Name='DestinationPortName'>ms-wbt-server</Data></EventData></Event><Event xmlns='http://schemas.microsoft.com/win/2004/08/events/event'><System><Provider Name='Microsoft-Windows-Sysmon' Guid='{5770385f-c22a-43e0-bf4c-06f5698ffbd9}'/><EventID>3</EventID><Version>5</Version><Level>4</Level><Task>3</Task><Opcode>0</Opcode><Keywords>0x8000000000000000</Keywords><TimeCreated SystemTime='2023-03-10T23:58:34.027081300Z'/><EventRecordID>1501</EventRecordID><Correlation/><Execution ProcessID='2472' ThreadID='3188'/><Channel>Microsoft-Windows-Sysmon/Operational</Channel><Computer>AttackDefense</Computer><Security UserID='S-1-5-18'/></System><EventData><Data Name='RuleName'>RDP</Data><Data Name='UtcTime'>2023-03-10 23:58:30.823</Data><Data Name='ProcessGuid'>{221ce7aa-6c89-6409-1600-00000000dd00}</Data><Data Name='ProcessId'>1020</Data><Data Name='Image'>C:\Windows\System32\svchost.exe</Data><Data Name='User'>NT AUTHORITY\NETWORK SERVICE</Data><Data Name='Protocol'>tcp</Data><Data Name='Initiated'>false</Data><Data Name='SourceIsIpv6'>false</Data><Data Name='SourceIp'>3.239.52.238</Data><Data Name='SourceHostname'>ec2-3-239-52-238.compute-1.amazonaws.com</Data><Data Name='SourcePort'>56979</Data><Data Name='SourcePortName'>-</Data><Data Name='DestinationIsIpv6'>false</Data><Data Name='DestinationIp'>172.31.41.2</Data><Data Name='DestinationHostname'>AttackDefense.ap-southeast-1.compute.internal</Data><Data Name='DestinationPort'>3389</Data><Data Name='DestinationPortName'>ms-wbt-server</Data></EventData></Event><Event xmlns='http://schemas.microsoft.com/win/2004/08/events/event'><System><Provider Name='Microsoft-Windows-Sysmon' Guid='{5770385f-c22a-43e0-bf4c-06f5698ffbd9}'/><EventID>3</EventID><Version>5</Version><Level>4</Level><Task>3</Task><Opcode>0</Opcode><Keywords>0x8000000000000000</Keywords><TimeCreated SystemTime='2023-03-10T23:17:58.492963700Z'/><EventRecordID>1497</EventRecordID><Correlation/><Execution ProcessID='2472' ThreadID='3188'/><Channel>Microsoft-Windows-Sysmon/Operational</Channel><Computer>AttackDefense</Computer><Security UserID='S-1-5-18'/></System><EventData><Data Name='RuleName'>RDP</Data><Data Name='UtcTime'>2023-03-10 23:17:55.163</Data><Data Name='ProcessGuid'>{221ce7aa-6c89-6409-1600-00000000dd00}</Data><Data Name='ProcessId'>1020</Data><Data Name='Image'>C:\Windows\System32\svchost.exe</Data><Data Name='User'>NT AUTHORITY\NETWORK SERVICE</Data><Data Name='Protocol'>tcp</Data><Data Name='Initiated'>false</Data><Data Name='SourceIsIpv6'>false</Data><Data Name='SourceIp'>3.239.52.238</Data><Data Name='SourceHostname'>ec2-3-239-52-238.compute-1.amazonaws.com</Data><Data Name='SourcePort'>54723</Data><Data Name='SourcePortName'>-</Data><Data Name='DestinationIsIpv6'>false</Data><Data Name='DestinationIp'>172.31.41.2</Data><Data Name='DestinationHostname'>AttackDefense.ap-southeast-1.compute.internal</Data><Data Name='DestinationPort'>3389</Data><Data Name='DestinationPortName'>ms-wbt-server</Data></EventData></Event><Event xmlns='http://schemas.microsoft.com/win/2004/08/events/event'><System><Provider Name='Microsoft-Windows-Sysmon' Guid='{5770385f-c22a-43e0-bf4c-06f5698ffbd9}'/><EventID>3</EventID><Version>5</Version><Level>4</Level><Task>3</Task><Opcode>0</Opcode><Keywords>0x8000000000000000</Keywords><TimeCreated SystemTime='2023-03-10T23:44:57.603005200Z'/><EventRecordID>1500</EventRecordID><Correlation/><Execution ProcessID='2472' ThreadID='3188'/><Channel>Microsoft-Windows-Sysmon/Operational</Channel><Computer>AttackDefense</Computer><Security UserID='S-1-5-18'/></System><EventData><Data Name='RuleName'>RDP</Data><Data Name='UtcTime'>2023-03-10 23:44:54.388</Data><Data Name='ProcessGuid'>{221ce7aa-6c89-6409-1600-00000000dd00}</Data><Data Name='ProcessId'>1020</Data><Data Name='Image'>C:\Windows\System32\svchost.exe</Data><Data Name='User'>NT AUTHORITY\NETWORK SERVICE</Data><Data Name='Protocol'>tcp</Data><Data Name='Initiated'>false</Data><Data Name='SourceIsIpv6'>false</Data><Data Name='SourceIp'>3.239.52.238</Data><Data Name='SourceHostname'>ec2-3-239-52-238.compute-1.amazonaws.com</Data><Data Name='SourcePort'>50748</Data><Data Name='SourcePortName'>-</Data><Data Name='DestinationIsIpv6'>false</Data><Data Name='DestinationIp'>172.31.41.2</Data><Data Name='DestinationHostname'>AttackDefense.ap-southeast-1.compute.internal</Data><Data Name='DestinationPort'>3389</Data><Data Name='DestinationPortName'>ms-wbt-server</Data></EventData></Event><Event xmlns='http://schemas.microsoft.com/win/2004/08/events/event'><System><Provider Name='Microsoft-Windows-Sysmon' Guid='{5770385f-c22a-43e0-bf4c-06f5698ffbd9}'/><EventID>3</EventID><Version>5</Version><Level>4</Level><Task>3</Task><Opcode>0</Opcode><Keywords>0x8000000000000000</Keywords><TimeCreated SystemTime='2023-03-10T23:04:28.259080400Z'/><EventRecordID>1496</EventRecordID><Correlation/><Execution ProcessID='2472' ThreadID='3188'/><Channel>Microsoft-Windows-Sysmon/Operational</Channel><Computer>AttackDefense</Computer><Security UserID='S-1-5-18'/></System><EventData><Data Name='RuleName'>RDP</Data><Data Name='UtcTime'>2023-03-10 23:04:25.882</Data><Data Name='ProcessGuid'>{221ce7aa-6c89-6409-1600-00000000dd00}</Data><Data Name='ProcessId'>1020</Data><Data Name='Image'>C:\Windows\System32\svchost.exe</Data><Data Name='User'>NT AUTHORITY\NETWORK SERVICE</Data><Data Name='Protocol'>tcp</Data><Data Name='Initiated'>false</Data><Data Name='SourceIsIpv6'>false</Data><Data Name='SourceIp'>3.239.52.238</Data><Data Name='SourceHostname'>ec2-3-239-52-238.compute-1.amazonaws.com</Data><Data Name='SourcePort'>64900</Data><Data Name='SourcePortName'>-</Data><Data Name='DestinationIsIpv6'>false</Data><Data Name='DestinationIp'>172.31.41.2</Data><Data Name='DestinationHostname'>AttackDefense.ap-southeast-1.compute.internal</Data><Data Name='DestinationPort'>3389</Data><Data Name='DestinationPortName'>ms-wbt-server</Data></EventData></Event><Event xmlns='http://schemas.microsoft.com/win/2004/08/events/event'><System><Provider Name='Microsoft-Windows-Sysmon' Guid='{5770385f-c22a-43e0-bf4c-06f5698ffbd9}'/><EventID>3</EventID><Version>5</Version><Level>4</Level><Task>3</Task><Opcode>0</Opcode><Keywords>0x8000000000000000</Keywords><TimeCreated SystemTime='2023-03-10T22:58:29.074158300Z'/><EventRecordID>1495</EventRecordID><Correlation/><Execution ProcessID='2472' ThreadID='3188'/><Channel>Microsoft-Windows-Sysmon/Operational</Channel><Computer>AttackDefense</Computer><Security UserID='S-1-5-18'/></System><EventData><Data Name='RuleName'>RDP</Data><Data Name='UtcTime'>2023-03-10 22:58:26.351</Data><Data Name='ProcessGuid'>{221ce7aa-6c89-6409-1600-00000000dd00}</Data><Data Name='ProcessId'>1020</Data><Data Name='Image'>C:\Windows\System32\svchost.exe</Data><Data Name='User'>NT AUTHORITY\NETWORK SERVICE</Data><Data Name='Protocol'>tcp</Data><Data Name='Initiated'>false</Data><Data Name='SourceIsIpv6'>false</Data><Data Name='SourceIp'>44.210.35.186</Data><Data Name='SourceHostname'>ec2-44-210-35-186.compute-1.amazonaws.com</Data><Data Name='SourcePort'>60565</Data><Data Name='SourcePortName'>-</Data><Data Name='DestinationIsIpv6'>false</Data><Data Name='DestinationIp'>172.31.41.2</Data><Data Name='DestinationHostname'>AttackDefense.ap-southeast-1.compute.internal</Data><Data Name='DestinationPort'>3389</Data><Data Name='DestinationPortName'>ms-wbt-server</Data></EventData></Event><Event xmlns='http://schemas.microsoft.com/win/2004/08/events/event'><System><Provider Name='Microsoft-Windows-Sysmon' Guid='{5770385f-c22a-43e0-bf4c-06f5698ffbd9}'/><EventID>3</EventID><Version>5</Version><Level>4</Level><Task>3</Task><Opcode>0</Opcode><Keywords>0x8000000000000000</Keywords><TimeCreated SystemTime='2023-03-11T00:12:09.309909800Z'/><EventRecordID>1505</EventRecordID><Correlation/><Execution ProcessID='2472' ThreadID='3188'/><Channel>Microsoft-Windows-Sysmon/Operational</Channel><Computer>AttackDefense</Computer><Security UserID='S-1-5-18'/></System><EventData><Data Name='RuleName'>RDP</Data><Data Name='UtcTime'>2023-03-11 00:12:06.122</Data><Data Name='ProcessGuid'>{221ce7aa-6c89-6409-1600-00000000dd00}</Data><Data Name='ProcessId'>1020</Data><Data Name='Image'>C:\Windows\System32\svchost.exe</Data><Data Name='User'>NT AUTHORITY\NETWORK SERVICE</Data><Data Name='Protocol'>tcp</Data><Data Name='Initiated'>false</Data><Data Name='SourceIsIpv6'>false</Data><Data Name='SourceIp'>3.239.52.238</Data><Data Name='SourceHostname'>ec2-3-239-52-238.compute-1.amazonaws.com</Data><Data Name='SourcePort'>63199</Data><Data Name='SourcePortName'>-</Data><Data Name='DestinationIsIpv6'>false</Data><Data Name='DestinationIp'>172.31.41.2</Data><Data Name='DestinationHostname'>AttackDefense.ap-southeast-1.compute.internal</Data><Data Name='DestinationPort'>3389</Data><Data Name='DestinationPortName'>ms-wbt-server</Data></EventData></Event><Event xmlns='http://schemas.microsoft.com/win/2004/08/events/event'><System><Provider Name='Microsoft-Windows-Sysmon' Guid='{5770385f-c22a-43e0-bf4c-06f5698ffbd9}'/><EventID>3</EventID><Version>5</Version><Level>4</Level><Task>3</Task><Opcode>0</Opcode><Keywords>0x8000000000000000</Keywords><TimeCreated SystemTime='2023-03-10T23:31:27.135399600Z'/><EventRecordID>1499</EventRecordID><Correlation/><Execution ProcessID='2472' ThreadID='3188'/><Channel>Microsoft-Windows-Sysmon/Operational</Channel><Computer>AttackDefense</Computer><Security UserID='S-1-5-18'/></System><EventData><Data Name='RuleName'>RDP</Data><Data Name='UtcTime'>2023-03-10 23:31:23.916</Data><Data Name='ProcessGuid'>{221ce7aa-6c89-6409-1600-00000000dd00}</Data><Data Name='ProcessId'>1020</Data><Data Name='Image'>C:\Windows\System32\svchost.exe</Data><Data Name='User'>NT AUTHORITY\NETWORK SERVICE</Data><Data Name='Protocol'>tcp</Data><Data Name='Initiated'>false</Data><Data Name='SourceIsIpv6'>false</Data><Data Name='SourceIp'>3.239.52.238</Data><Data Name='SourceHostname'>ec2-3-239-52-238.compute-1.amazonaws.com</Data><Data Name='SourcePort'>60923</Data><Data Name='SourcePortName'>-</Data><Data Name='DestinationIsIpv6'>false</Data><Data Name='DestinationIp'>172.31.41.2</Data><Data Name='DestinationHostname'>AttackDefense.ap-southeast-1.compute.internal</Data><Data Name='DestinationPort'>3389</Data><Data Name='DestinationPortName'>ms-wbt-server</Data></EventData></Event><Event xmlns='http://schemas.microsoft.com/win/2004/08/events/event'><System><Provider Name='Microsoft-Windows-Sysmon' Guid='{5770385f-c22a-43e0-bf4c-06f5698ffbd9}'/><EventID>3</EventID><Version>5</Version><Level>4</Level><Task>3</Task><Opcode>0</Opcode><Keywords>0x8000000000000000</Keywords><TimeCreated SystemTime='2023-03-11T00:03:28.533123200Z'/><EventRecordID>1504</EventRecordID><Correlation/><Execution ProcessID='2472' ThreadID='3188'/><Channel>Microsoft-Windows-Sysmon/Operational</Channel><Computer>AttackDefense</Computer><Security UserID='S-1-5-18'/></System><EventData><Data Name='RuleName'>RDP</Data><Data Name='UtcTime'>2023-03-11 00:03:25.293</Data><Data Name='ProcessGuid'>{221ce7aa-6c89-6409-1600-00000000dd00}</Data><Data Name='ProcessId'>1020</Data><Data Name='Image'>C:\Windows\System32\svchost.exe</Data><Data Name='User'>NT AUTHORITY\NETWORK SERVICE</Data><Data Name='Protocol'>tcp</Data><Data Name='Initiated'>false</Data><Data Name='SourceIsIpv6'>false</Data><Data Name='SourceIp'>106.116.169.71</Data><Data Name='SourceHostname'>-</Data><Data Name='SourcePort'>1695</Data><Data Name='SourcePortName'>-</Data><Data Name='DestinationIsIpv6'>false</Data><Data Name='DestinationIp'>172.31.41.2</Data><Data Name='DestinationHostname'>AttackDefense.ap-southeast-1.compute.internal</Data><Data Name='DestinationPort'>3389</Data><Data Name='DestinationPortName'>ms-wbt-server</Data></EventData></Event><Event xmlns='http://schemas.microsoft.com/win/2004/08/events/event'><System><Provider Name='Microsoft-Windows-Sysmon' Guid='{5770385f-c22a-43e0-bf4c-06f5698ffbd9}'/><EventID>3</EventID><Version>5</Version><Level>4</Level><Task>3</Task><Opcode>0</Opcode><Keywords>0x8000000000000000</Keywords><TimeCreated SystemTime='2023-03-11T00:03:28.533097400Z'/><EventRecordID>1503</EventRecordID><Correlation/><Execution ProcessID='2472' ThreadID='3188'/><Channel>Microsoft-Windows-Sysmon/Operational</Channel><Computer>AttackDefense</Computer><Security UserID='S-1-5-18'/></System><EventData><Data Name='RuleName'>RDP</Data><Data Name='UtcTime'>2023-03-11 00:03:25.200</Data><Data Name='ProcessGuid'>{221ce7aa-6c89-6409-1600-00000000dd00}</Data><Data Name='ProcessId'>1020</Data><Data Name='Image'>C:\Windows\System32\svchost.exe</Data><Data Name='User'>NT AUTHORITY\NETWORK SERVICE</Data><Data Name='Protocol'>tcp</Data><Data Name='Initiated'>false</Data><Data Name='SourceIsIpv6'>false</Data><Data Name='SourceIp'>106.116.169.71</Data><Data Name='SourceHostname'>-</Data><Data Name='SourcePort'>1680</Data><Data Name='SourcePortName'>-</Data><Data Name='DestinationIsIpv6'>false</Data><Data Name='DestinationIp'>172.31.41.2</Data><Data Name='DestinationHostname'>AttackDefense.ap-southeast-1.compute.internal</Data><Data Name='DestinationPort'>3389</Data><Data Name='DestinationPortName'>ms-wbt-server</Data></EventData></Event><Event xmlns='http://schemas.microsoft.com/win/2004/08/events/event'><System><Provider Name='Microsoft-Windows-Sysmon' Guid='{5770385f-c22a-43e0-bf4c-06f5698ffbd9}'/><EventID>11</EventID><Version>2</Version><Level>4</Level><Task>11</Task><Opcode>0</Opcode><Keywords>0x8000000000000000</Keywords><TimeCreated SystemTime='2023-03-10T10:52:06.377302800Z'/><EventRecordID>1399</EventRecordID><Correlation/><Execution ProcessID='2472' ThreadID='3180'/><Channel>Microsoft-Windows-Sysmon/Operational</Channel><Computer>AttackDefense</Computer><Security UserID='S-1-5-18'/></System><EventData><Data Name='RuleName'>-</Data><Data Name='UtcTime'>2023-03-10 10:52:06.366</Data><Data Name='ProcessGuid'>{221ce7aa-0bd6-640b-9d01-00000000dd00}</Data><Data Name='ProcessId'>3388</Data><Data Name='Image'>C:\Windows\System32\WindowsPowerShell\v1.0\powershell.exe</Data><Data Name='TargetFilename'>C:\Users\Administrator\AppData\Local\Temp\2\__PSScriptPolicyTest_vnchwgf5.d25.ps1</Data><Data Name='CreationUtcTime'>2023-03-10 10:52:06.366</Data><Data Name='User'>ATTACKDEFENSE\Administrator</Data></EventData></Event><Event xmlns='http://schemas.microsoft.com/win/2004/08/events/event'><System><Provider Name='Microsoft-Windows-Sysmon' Guid='{5770385f-c22a-43e0-bf4c-06f5698ffbd9}'/><EventID>11</EventID><Version>2</Version><Level>4</Level><Task>11</Task><Opcode>0</Opcode><Keywords>0x8000000000000000</Keywords><TimeCreated SystemTime='2023-03-10T10:52:03.584642700Z'/><EventRecordID>1397</EventRecordID><Correlation/><Execution ProcessID='2472' ThreadID='3180'/><Channel>Microsoft-Windows-Sysmon/Operational</Channel><Computer>AttackDefense</Computer><Security UserID='S-1-5-18'/></System><EventData><Data Name='RuleName'>-</Data><Data Name='UtcTime'>2023-03-10 10:52:03.569</Data><Data Name='ProcessGuid'>{221ce7aa-0bd3-640b-9c01-00000000dd00}</Data><Data Name='ProcessId'>3408</Data><Data Name='Image'>C:\Windows\System32\WindowsPowerShell\v1.0\powershell.exe</Data><Data Name='TargetFilename'>C:\Users\Administrator\AppData\Local\Temp\2\__PSScriptPolicyTest_sk1yh2zv.1af.ps1</Data><Data Name='CreationUtcTime'>2023-03-10 10:52:03.569</Data><Data Name='User'>ATTACKDEFENSE\Administrator</Data></EventData></Event><Event xmlns='http://schemas.microsoft.com/win/2004/08/events/event'><System><Provider Name='Microsoft-Windows-Sysmon' Guid='{5770385f-c22a-43e0-bf4c-06f5698ffbd9}'/><EventID>11</EventID><Version>2</Version><Level>4</Level><Task>11</Task><Opcode>0</Opcode><Keywords>0x8000000000000000</Keywords><TimeCreated SystemTime='2023-03-10T10:52:00.348848800Z'/><EventRecordID>1395</EventRecordID><Correlation/><Execution ProcessID='2472' ThreadID='3180'/><Channel>Microsoft-Windows-Sysmon/Operational</Channel><Computer>AttackDefense</Computer><Security UserID='S-1-5-18'/></System><EventData><Data Name='RuleName'>-</Data><Data Name='UtcTime'>2023-03-10 10:52:00.327</Data><Data Name='ProcessGuid'>{221ce7aa-0bd0-640b-9b01-00000000dd00}</Data><Data Name='ProcessId'>4628</Data><Data Name='Image'>C:\Windows\System32\WindowsPowerShell\v1.0\powershell.exe</Data><Data Name='TargetFilename'>C:\Users\Administrator\AppData\Local\Temp\2\__PSScriptPolicyTest_khhw3gpl.yle.ps1</Data><Data Name='CreationUtcTime'>2023-03-10 10:52:00.327</Data><Data Name='User'>ATTACKDEFENSE\Administrator</Data></EventData></Event><Event xmlns='http://schemas.microsoft.com/win/2004/08/events/event'><System><Provider Name='Microsoft-Windows-Sysmon' Guid='{5770385f-c22a-43e0-bf4c-06f5698ffbd9}'/><EventID>11</EventID><Version>2</Version><Level>4</Level><Task>11</Task><Opcode>0</Opcode><Keywords>0x8000000000000000</Keywords><TimeCreated SystemTime='2023-03-10T10:44:55.186821100Z'/><EventRecordID>1375</EventRecordID><Correlation/><Execution ProcessID='2472' ThreadID='3180'/><Channel>Microsoft-Windows-Sysmon/Operational</Channel><Computer>AttackDefense</Computer><Security UserID='S-1-5-18'/></System><EventData><Data Name='RuleName'>-</Data><Data Name='UtcTime'>2023-03-10 10:44:55.162</Data><Data Name='ProcessGuid'>{221ce7aa-0a27-640b-9101-00000000dd00}</Data><Data Name='ProcessId'>3468</Data><Data Name='Image'>C:\Windows\System32\WindowsPowerShell\v1.0\powershell.exe</Data><Data Name='TargetFilename'>C:\Users\Administrator\AppData\Local\Temp\2\__PSScriptPolicyTest_0h1nootz.fcs.ps1</Data><Data Name='CreationUtcTime'>2023-03-10 10:44:55.162</Data><Data Name='User'>ATTACKDEFENSE\Administrator</Data></EventData></Event><Event xmlns='http://schemas.microsoft.com/win/2004/08/events/event'><System><Provider Name='Microsoft-Windows-Sysmon' Guid='{5770385f-c22a-43e0-bf4c-06f5698ffbd9}'/><EventID>11</EventID><Version>2</Version><Level>4</Level><Task>11</Task><Opcode>0</Opcode><Keywords>0x8000000000000000</Keywords><TimeCreated SystemTime='2023-03-10T10:45:19.193359900Z'/><EventRecordID>1379</EventRecordID><Correlation/><Execution ProcessID='2472' ThreadID='3180'/><Channel>Microsoft-Windows-Sysmon/Operational</Channel><Computer>AttackDefense</Computer><Security UserID='S-1-5-18'/></System><EventData><Data Name='RuleName'>-</Data><Data Name='UtcTime'>2023-03-10 10:45:19.165</Data><Data Name='ProcessGuid'>{221ce7aa-0a3f-640b-9301-00000000dd00}</Data><Data Name='ProcessId'>4872</Data><Data Name='Image'>C:\Windows\System32\WindowsPowerShell\v1.0\powershell.exe</Data><Data Name='TargetFilename'>C:\Users\Administrator\AppData\Local\Temp\2\__PSScriptPolicyTest_znszjv3x.ix2.ps1</Data><Data Name='CreationUtcTime'>2023-03-10 10:45:19.165</Data><Data Name='User'>ATTACKDEFENSE\Administrator</Data></EventData></Event><Event xmlns='http://schemas.microsoft.com/win/2004/08/events/event'><System><Provider Name='Microsoft-Windows-Sysmon' Guid='{5770385f-c22a-43e0-bf4c-06f5698ffbd9}'/><EventID>11</EventID><Version>2</Version><Level>4</Level><Task>11</Task><Opcode>0</Opcode><Keywords>0x8000000000000000</Keywords><TimeCreated SystemTime='2023-03-11T10:50:30.202739600Z'/><EventRecordID>1639</EventRecordID><Correlation/><Execution ProcessID='2472' ThreadID='3180'/><Channel>Microsoft-Windows-Sysmon/Operational</Channel><Computer>AttackDefense</Computer><Security UserID='S-1-5-18'/></System><EventData><Data Name='RuleName'>T1053</Data><Data Name='UtcTime'>2023-03-11 10:50:30.200</Data><Data Name='ProcessGuid'>{221ce7aa-6c8a-6409-2500-00000000dd00}</Data><Data Name='ProcessId'>1464</Data><Data Name='Image'>C:\Windows\system32\svchost.exe</Data><Data Name='TargetFilename'>C:\Windows\System32\Tasks\Event Viewer Tasks</Data><Data Name='CreationUtcTime'>2023-03-11 10:50:30.185</Data><Data Name='User'>NT AUTHORITY\SYSTEM</Data></EventData></Event><Event xmlns='http://schemas.microsoft.com/win/2004/08/events/event'><System><Provider Name='Microsoft-Windows-Sysmon' Guid='{5770385f-c22a-43e0-bf4c-06f5698ffbd9}'/><EventID>11</EventID><Version>2</Version><Level>4</Level><Task>11</Task><Opcode>0</Opcode><Keywords>0x8000000000000000</Keywords><TimeCreated SystemTime='2023-03-10T10:45:37.484670400Z'/><EventRecordID>1382</EventRecordID><Correlation/><Execution ProcessID='2472' ThreadID='3180'/><Channel>Microsoft-Windows-Sysmon/Operational</Channel><Computer>AttackDefense</Computer><Security UserID='S-1-5-18'/></System><EventData><Data Name='RuleName'>-</Data><Data Name='UtcTime'>2023-03-10 10:45:37.464</Data><Data Name='ProcessGuid'>{221ce7aa-0a51-640b-9501-00000000dd00}</Data><Data Name='ProcessId'>1992</Data><Data Name='Image'>C:\Windows\System32\WindowsPowerShell\v1.0\powershell.exe</Data><Data Name='TargetFilename'>C:\Users\Administrator\AppData\Local\Temp\2\__PSScriptPolicyTest_t24stcbt.cbx.ps1</Data><Data Name='CreationUtcTime'>2023-03-10 10:45:37.464</Data><Data Name='User'>ATTACKDEFENSE\Administrator</Data></EventData></Event><Event xmlns='http://schemas.microsoft.com/win/2004/08/events/event'><System><Provider Name='Microsoft-Windows-Sysmon' Guid='{5770385f-c22a-43e0-bf4c-06f5698ffbd9}'/><EventID>11</EventID><Version>2</Version><Level>4</Level><Task>11</Task><Opcode>0</Opcode><Keywords>0x8000000000000000</Keywords><TimeCreated SystemTime='2023-03-10T10:48:41.771174800Z'/><EventRecordID>1390</EventRecordID><Correlation/><Execution ProcessID='2472' ThreadID='3180'/><Channel>Microsoft-Windows-Sysmon/Operational</Channel><Computer>AttackDefense</Computer><Security UserID='S-1-5-18'/></System><EventData><Data Name='RuleName'>-</Data><Data Name='UtcTime'>2023-03-10 10:48:41.723</Data><Data Name='ProcessGuid'>{221ce7aa-0b09-640b-9901-00000000dd00}</Data><Data Name='ProcessId'>4936</Data><Data Name='Image'>C:\Windows\System32\WindowsPowerShell\v1.0\powershell.exe</Data><Data Name='TargetFilename'>C:\Users\Administrator\AppData\Local\Temp\2\__PSScriptPolicyTest_pypokugl.uxf.ps1</Data><Data Name='CreationUtcTime'>2023-03-10 10:48:41.723</Data><Data Name='User'>ATTACKDEFENSE\Administrator</Data></EventData></Event><Event xmlns='http://schemas.microsoft.com/win/2004/08/events/event'><System><Provider Name='Microsoft-Windows-Sysmon' Guid='{5770385f-c22a-43e0-bf4c-06f5698ffbd9}'/><EventID>11</EventID><Version>2</Version><Level>4</Level><Task>11</Task><Opcode>0</Opcode><Keywords>0x8000000000000000</Keywords><TimeCreated SystemTime='2023-03-10T10:46:01.623524700Z'/><EventRecordID>1385</EventRecordID><Correlation/><Execution ProcessID='2472' ThreadID='3180'/><Channel>Microsoft-Windows-Sysmon/Operational</Channel><Computer>AttackDefense</Computer><Security UserID='S-1-5-18'/></System><EventData><Data Name='RuleName'>-</Data><Data Name='UtcTime'>2023-03-10 10:46:01.603</Data><Data Name='ProcessGuid'>{221ce7aa-0a69-640b-9601-00000000dd00}</Data><Data Name='ProcessId'>1660</Data><Data Name='Image'>C:\Windows\System32\WindowsPowerShell\v1.0\powershell.exe</Data><Data Name='TargetFilename'>C:\Users\Administrator\AppData\Local\Temp\2\__PSScriptPolicyTest_ikimayuq.xvu.ps1</Data><Data Name='CreationUtcTime'>2023-03-10 10:46:01.603</Data><Data Name='User'>ATTACKDEFENSE\Administrator</Data></EventData></Event><Event xmlns='http://schemas.microsoft.com/win/2004/08/events/event'><System><Provider Name='Microsoft-Windows-Sysmon' Guid='{5770385f-c22a-43e0-bf4c-06f5698ffbd9}'/><EventID>11</EventID><Version>2</Version><Level>4</Level><Task>11</Task><Opcode>0</Opcode><Keywords>0x8000000000000000</Keywords><TimeCreated SystemTime='2023-03-11T10:52:31.345640200Z'/><EventRecordID>1641</EventRecordID><Correlation/><Execution ProcessID='2472' ThreadID='3180'/><Channel>Microsoft-Windows-Sysmon/Operational</Channel><Computer>AttackDefense</Computer><Security UserID='S-1-5-18'/></System><EventData><Data Name='RuleName'>-</Data><Data Name='UtcTime'>2023-03-11 10:52:31.300</Data><Data Name='ProcessGuid'>{221ce7aa-5d6f-640c-1802-00000000dd00}</Data><Data Name='ProcessId'>4632</Data><Data Name='Image'>C:\Windows\System32\WindowsPowerShell\v1.0\powershell.exe</Data><Data Name='TargetFilename'>C:\Users\Administrator\AppData\Local\Temp\2\__PSScriptPolicyTest_usofth1b.pra.ps1</Data><Data Name='CreationUtcTime'>2023-03-11 10:52:31.300</Data><Data Name='User'>ATTACKDEFENSE\Administrator</Data></EventData></Event><Event xmlns='http://schemas.microsoft.com/win/2004/08/events/event'><System><Provider Name='Microsoft-Windows-Sysmon' Guid='{5770385f-c22a-43e0-bf4c-06f5698ffbd9}'/><EventID>11</EventID><Version>2</Version><Level>4</Level><Task>11</Task><Opcode>0</Opcode><Keywords>0x8000000000000000</Keywords><TimeCreated SystemTime='2023-03-10T10:54:12.381671600Z'/><EventRecordID>1405</EventRecordID><Correlation/><Execution ProcessID='2472' ThreadID='3180'/><Channel>Microsoft-Windows-Sysmon/Operational</Channel><Computer>AttackDefense</Computer><Security UserID='S-1-5-18'/></System><EventData><Data Name='RuleName'>-</Data><Data Name='UtcTime'>2023-03-10 10:54:12.360</Data><Data Name='ProcessGuid'>{221ce7aa-0c54-640b-a201-00000000dd00}</Data><Data Name='ProcessId'>4248</Data><Data Name='Image'>C:\Windows\System32\WindowsPowerShell\v1.0\powershell.exe</Data><Data Name='TargetFilename'>C:\Users\Administrator\AppData\Local\Temp\2\__PSScriptPolicyTest_lbmpmpro.td3.ps1</Data><Data Name='CreationUtcTime'>2023-03-10 10:54:12.360</Data><Data Name='User'>ATTACKDEFENSE\Administrator</Data></EventData></Event><Event xmlns='http://schemas.microsoft.com/win/2004/08/events/event'><System><Provider Name='Microsoft-Windows-Sysmon' Guid='{5770385f-c22a-43e0-bf4c-06f5698ffbd9}'/><EventID>11</EventID><Version>2</Version><Level>4</Level><Task>11</Task><Opcode>0</Opcode><Keywords>0x8000000000000000</Keywords><TimeCreated SystemTime='2023-03-10T10:54:01.813529900Z'/><EventRecordID>1402</EventRecordID><Correlation/><Execution ProcessID='2472' ThreadID='3180'/><Channel>Microsoft-Windows-Sysmon/Operational</Channel><Computer>AttackDefense</Computer><Security UserID='S-1-5-18'/></System><EventData><Data Name='RuleName'>-</Data><Data Name='UtcTime'>2023-03-10 10:54:01.793</Data><Data Name='ProcessGuid'>{221ce7aa-0c49-640b-9f01-00000000dd00}</Data><Data Name='ProcessId'>3524</Data><Data Name='Image'>C:\Windows\System32\WindowsPowerShell\v1.0\powershell.exe</Data><Data Name='TargetFilename'>C:\Users\Administrator\AppData\Local\Temp\2\__PSScriptPolicyTest_ak2menps.icx.ps1</Data><Data Name='CreationUtcTime'>2023-03-10 10:54:01.793</Data><Data Name='User'>ATTACKDEFENSE\Administrator</Data></EventData></Event><Event xmlns='http://schemas.microsoft.com/win/2004/08/events/event'><System><Provider Name='Microsoft-Windows-Sysmon' Guid='{5770385f-c22a-43e0-bf4c-06f5698ffbd9}'/><EventID>12</EventID><Version>2</Version><Level>4</Level><Task>12</Task><Opcode>0</Opcode><Keywords>0x8000000000000000</Keywords><TimeCreated SystemTime='2023-03-11T10:12:30.033135700Z'/><EventRecordID>1592</EventRecordID><Correlation/><Execution ProcessID='2472' ThreadID='3180'/><Channel>Microsoft-Windows-Sysmon/Operational</Channel><Computer>AttackDefense</Computer><Security UserID='S-1-5-18'/></System><EventData><Data Name='RuleName'>-</Data><Data Name='EventType'>DeleteValue</Data><Data Name='UtcTime'>2023-03-11 10:12:29.993</Data><Data Name='ProcessGuid'>{221ce7aa-540d-640c-f101-00000000dd00}</Data><Data Name='ProcessId'>748</Data><Data Name='Image'>C:\Windows\system32\LogonUI.exe</Data><Data Name='TargetObject'>HKU\.DEFAULT\Keyboard Layout\Preload\1</Data><Data Name='User'>NT AUTHORITY\SYSTEM</Data></EventData></Event><Event xmlns='http://schemas.microsoft.com/win/2004/08/events/event'><System><Provider Name='Microsoft-Windows-Sysmon' Guid='{5770385f-c22a-43e0-bf4c-06f5698ffbd9}'/><EventID>12</EventID><Version>2</Version><Level>4</Level><Task>12</Task><Opcode>0</Opcode><Keywords>0x8000000000000000</Keywords><TimeCreated SystemTime='2023-03-11T10:38:49.134317900Z'/><EventRecordID>1606</EventRecordID><Correlation/><Execution ProcessID='2472' ThreadID='3180'/><Channel>Microsoft-Windows-Sysmon/Operational</Channel><Computer>AttackDefense</Computer><Security UserID='S-1-5-18'/></System><EventData><Data Name='RuleName'>-</Data><Data Name='EventType'>DeleteValue</Data><Data Name='UtcTime'>2023-03-11 10:38:49.124</Data><Data Name='ProcessGuid'>{221ce7aa-5a38-640c-fd01-00000000dd00}</Data><Data Name='ProcessId'>4224</Data><Data Name='Image'>C:\Windows\system32\LogonUI.exe</Data><Data Name='TargetObject'>HKU\.DEFAULT\Keyboard Layout\Preload\1</Data><Data Name='User'>NT AUTHORITY\SYSTEM</Data></EventData></Event><Event xmlns='http://schemas.microsoft.com/win/2004/08/events/event'><System><Provider Name='Microsoft-Windows-Sysmon' Guid='{5770385f-c22a-43e0-bf4c-06f5698ffbd9}'/><EventID>12</EventID><Version>2</Version><Level>4</Level><Task>12</Task><Opcode>0</Opcode><Keywords>0x8000000000000000</Keywords><TimeCreated SystemTime='2023-03-11T10:12:29.670211100Z'/><EventRecordID>1589</EventRecordID><Correlation/><Execution ProcessID='2472' ThreadID='3180'/><Channel>Microsoft-Windows-Sysmon/Operational</Channel><Computer>AttackDefense</Computer><Security UserID='S-1-5-18'/></System><EventData><Data Name='RuleName'>-</Data><Data Name='EventType'>DeleteValue</Data><Data Name='UtcTime'>2023-03-11 10:12:29.478</Data><Data Name='ProcessGuid'>{221ce7aa-540d-640c-f101-00000000dd00}</Data><Data Name='ProcessId'>748</Data><Data Name='Image'>C:\Windows\system32\LogonUI.exe</Data><Data Name='TargetObject'>HKU\.DEFAULT\Keyboard Layout\Preload\1</Data><Data Name='User'>NT AUTHORITY\SYSTEM</Data></EventData></Event><Event xmlns='http://schemas.microsoft.com/win/2004/08/events/event'><System><Provider Name='Microsoft-Windows-Sysmon' Guid='{5770385f-c22a-43e0-bf4c-06f5698ffbd9}'/><EventID>12</EventID><Version>2</Version><Level>4</Level><Task>12</Task><Opcode>0</Opcode><Keywords>0x8000000000000000</Keywords><TimeCreated SystemTime='2023-03-11T10:38:49.760703800Z'/><EventRecordID>1609</EventRecordID><Correlation/><Execution ProcessID='2472' ThreadID='3180'/><Channel>Microsoft-Windows-Sysmon/Operational</Channel><Computer>AttackDefense</Computer><Security UserID='S-1-5-18'/></System><EventData><Data Name='RuleName'>-</Data><Data Name='EventType'>DeleteValue</Data><Data Name='UtcTime'>2023-03-11 10:38:49.719</Data><Data Name='ProcessGuid'>{221ce7aa-5a38-640c-fd01-00000000dd00}</Data><Data Name='ProcessId'>4224</Data><Data Name='Image'>C:\Windows\system32\LogonUI.exe</Data><Data Name='TargetObject'>HKU\.DEFAULT\Keyboard Layout\Preload\1</Data><Data Name='User'>NT AUTHORITY\SYSTEM</Data></EventData></Event><Event xmlns='http://schemas.microsoft.com/win/2004/08/events/event'><System><Provider Name='Microsoft-Windows-Sysmon' Guid='{5770385f-c22a-43e0-bf4c-06f5698ffbd9}'/><EventID>13</EventID><Version>2</Version><Level>4</Level><Task>13</Task><Opcode>0</Opcode><Keywords>0x8000000000000000</Keywords><TimeCreated SystemTime='2023-03-11T10:38:49.134379400Z'/><EventRecordID>1607</EventRecordID><Correlation/><Execution ProcessID='2472' ThreadID='3180'/><Channel>Microsoft-Windows-Sysmon/Operational</Channel><Computer>AttackDefense</Computer><Security UserID='S-1-5-18'/></System><EventData><Data Name='RuleName'>-</Data><Data Name='EventType'>SetValue</Data><Data Name='UtcTime'>2023-03-11 10:38:49.124</Data><Data Name='ProcessGuid'>{221ce7aa-5a38-640c-fd01-00000000dd00}</Data><Data Name='ProcessId'>4224</Data><Data Name='Image'>C:\Windows\system32\LogonUI.exe</Data><Data Name='TargetObject'>HKU\.DEFAULT\Keyboard Layout\Preload\1</Data><Data Name='Details'>00000409</Data><Data Name='User'>NT AUTHORITY\SYSTEM</Data></EventData></Event><Event xmlns='http://schemas.microsoft.com/win/2004/08/events/event'><System><Provider Name='Microsoft-Windows-Sysmon' Guid='{5770385f-c22a-43e0-bf4c-06f5698ffbd9}'/><EventID>13</EventID><Version>2</Version><Level>4</Level><Task>13</Task><Opcode>0</Opcode><Keywords>0x8000000000000000</Keywords><TimeCreated SystemTime='2023-03-11T10:12:29.670270100Z'/><EventRecordID>1590</EventRecordID><Correlation/><Execution ProcessID='2472' ThreadID='3180'/><Channel>Microsoft-Windows-Sysmon/Operational</Channel><Computer>AttackDefense</Computer><Security UserID='S-1-5-18'/></System><EventData><Data Name='RuleName'>-</Data><Data Name='EventType'>SetValue</Data><Data Name='UtcTime'>2023-03-11 10:12:29.478</Data><Data Name='ProcessGuid'>{221ce7aa-540d-640c-f101-00000000dd00}</Data><Data Name='ProcessId'>748</Data><Data Name='Image'>C:\Windows\system32\LogonUI.exe</Data><Data Name='TargetObject'>HKU\.DEFAULT\Keyboard Layout\Preload\1</Data><Data Name='Details'>00000409</Data><Data Name='User'>NT AUTHORITY\SYSTEM</Data></EventData></Event><Event xmlns='http://schemas.microsoft.com/win/2004/08/events/event'><System><Provider Name='Microsoft-Windows-Sysmon' Guid='{5770385f-c22a-43e0-bf4c-06f5698ffbd9}'/><EventID>13</EventID><Version>2</Version><Level>4</Level><Task>13</Task><Opcode>0</Opcode><Keywords>0x8000000000000000</Keywords><TimeCreated SystemTime='2023-03-11T10:39:38.778711800Z'/><EventRecordID>1613</EventRecordID><Correlation/><Execution ProcessID='2472' ThreadID='3180'/><Channel>Microsoft-Windows-Sysmon/Operational</Channel><Computer>AttackDefense</Computer><Security UserID='S-1-5-18'/></System><EventData><Data Name='RuleName'>-</Data><Data Name='EventType'>SetValue</Data><Data Name='UtcTime'>2023-03-11 10:39:38.758</Data><Data Name='ProcessGuid'>{221ce7aa-6da4-6409-8400-00000000dd00}</Data><Data Name='ProcessId'>3064</Data><Data Name='Image'>C:\Windows\Explorer.EXE</Data><Data Name='TargetObject'>HKU\S-1-5-21-3688751335-3073641799-161370460-500\Software\Microsoft\Windows\CurrentVersion\Shell Extensions\Cached\{17FE9752-0B5A-4665-84CD-569794602F5C} {7F9185B0-CB92-43C5-80A9-92277A4F7B54} 0xFFFF</Data><Data Name='Details'>Binary Data</Data><Data Name='User'>ATTACKDEFENSE\Administrator</Data></EventData></Event><Event xmlns='http://schemas.microsoft.com/win/2004/08/events/event'><System><Provider Name='Microsoft-Windows-Sysmon' Guid='{5770385f-c22a-43e0-bf4c-06f5698ffbd9}'/><EventID>13</EventID><Version>2</Version><Level>4</Level><Task>13</Task><Opcode>0</Opcode><Keywords>0x8000000000000000</Keywords><TimeCreated SystemTime='2023-03-11T10:12:30.033199400Z'/><EventRecordID>1593</EventRecordID><Correlation/><Execution ProcessID='2472' ThreadID='3180'/><Channel>Microsoft-Windows-Sysmon/Operational</Channel><Computer>AttackDefense</Computer><Security UserID='S-1-5-18'/></System><EventData><Data Name='RuleName'>-</Data><Data Name='EventType'>SetValue</Data><Data Name='UtcTime'>2023-03-11 10:12:29.993</Data><Data Name='ProcessGuid'>{221ce7aa-540d-640c-f101-00000000dd00}</Data><Data Name='ProcessId'>748</Data><Data Name='Image'>C:\Windows\system32\LogonUI.exe</Data><Data Name='TargetObject'>HKU\.DEFAULT\Keyboard Layout\Preload\1</Data><Data Name='Details'>00000409</Data><Data Name='User'>NT AUTHORITY\SYSTEM</Data></EventData></Event><Event xmlns='http://schemas.microsoft.com/win/2004/08/events/event'><System><Provider Name='Microsoft-Windows-Sysmon' Guid='{5770385f-c22a-43e0-bf4c-06f5698ffbd9}'/><EventID>13</EventID><Version>2</Version><Level>4</Level><Task>13</Task><Opcode>0</Opcode><Keywords>0x8000000000000000</Keywords><TimeCreated SystemTime='2023-03-11T10:38:49.760765900Z'/><EventRecordID>1610</EventRecordID><Correlation/><Execution ProcessID='2472' ThreadID='3180'/><Channel>Microsoft-Windows-Sysmon/Operational</Channel><Computer>AttackDefense</Computer><Security UserID='S-1-5-18'/></System><EventData><Data Name='RuleName'>-</Data><Data Name='EventType'>SetValue</Data><Data Name='UtcTime'>2023-03-11 10:38:49.719</Data><Data Name='ProcessGuid'>{221ce7aa-5a38-640c-fd01-00000000dd00}</Data><Data Name='ProcessId'>4224</Data><Data Name='Image'>C:\Windows\system32\LogonUI.exe</Data><Data Name='TargetObject'>HKU\.DEFAULT\Keyboard Layout\Preload\1</Data><Data Name='Details'>00000409</Data><Data Name='User'>NT AUTHORITY\SYSTEM</Data></EventData></Event><Event xmlns='http://schemas.microsoft.com/win/2004/08/events/event'><System><Provider Name='Microsoft-Windows-Sysmon' Guid='{5770385f-c22a-43e0-bf4c-06f5698ffbd9}'/><EventID>13</EventID><Version>2</Version><Level>4</Level><Task>13</Task><Opcode>0</Opcode><Keywords>0x8000000000000000</Keywords><TimeCreated SystemTime='2023-03-11T10:39:38.982051100Z'/><EventRecordID>1615</EventRecordID><Correlation/><Execution ProcessID='2472' ThreadID='3180'/><Channel>Microsoft-Windows-Sysmon/Operational</Channel><Computer>AttackDefense</Computer><Security UserID='S-1-5-18'/></System><EventData><Data Name='RuleName'>InvDB</Data><Data Name='EventType'>SetValue</Data><Data Name='UtcTime'>2023-03-11 10:39:38.966</Data><Data Name='ProcessGuid'>{221ce7aa-e650-6409-1901-00000000dd00}</Data><Data Name='ProcessId'>4880</Data><Data Name='Image'>C:\Windows\system32\svchost.exe</Data><Data Name='TargetObject'>HKU\S-1-5-21-3688751335-3073641799-161370460-500\Software\Microsoft\Windows NT\CurrentVersion\AppCompatFlags\Compatibility Assistant\Store\C:\Program Files\internet explorer\iexplore.exe</Data><Data Name='Details'>Binary Data</Data><Data Name='User'>NT AUTHORITY\SYSTEM</Data></EventData></Event></Events>