<Event xmlns='http://schemas.microsoft.com/win/2004/08/events/event'><System><Provider Name='Microsoft-Windows-Sysmon' Guid='{5770385f-c22a-43e0-bf4c-06f5698ffbd9}'/><EventID>1</EventID><Version>5</Version><Level>4</Level><Task>1</Task><Opcode>0</Opcode><Keywords>0x8000000000000000</Keywords><TimeCreated SystemTime='2023-03-11T10:41:48.261868800Z'/><EventRecordID>1623</EventRecordID><Correlation/><Execution ProcessID='2472' ThreadID='3180'/><Channel>Microsoft-Windows-Sysmon/Operational</Channel><Computer>AttackDefense</Computer><Security UserID='S-1-5-18'/></System><EventData><Data Name='RuleName'>-</Data><Data Name='UtcTime'>2023-03-11 10:41:48.038</Data><Data Name='ProcessGuid'>{221ce7aa-5aec-640c-0702-00000000dd00}</Data><Data Name='ProcessId'>4248</Data><Data Name='Image'>C:\Program Files (x86)\Internet Explorer\iexplore.exe</Data><Data Name='FileVersion'>11.00.17763.771 (WinBuild.160101.0800)</Data><Data Name='Description'>Internet Explorer</Data><Data Name='Product'>Internet Explorer</Data><Data Name='Company'>Microsoft Corporation</Data><Data Name='OriginalFileName'>IEXPLORE.EXE</Data><Data Name='CommandLine'>"C:\Program Files (x86)\Internet Explorer\IEXPLORE.EXE" SCODEF:4292 CREDAT:82960 /prefetch:2</Data><Data Name='CurrentDirectory'>C:\Users\Administrator\Desktop\</Data><Data Name='User'>ATTACKDEFENSE\Administrator</Data><Data Name='LogonGuid'>{221ce7aa-6da3-6409-795a-050000000000}</Data><Data Name='LogonId'>0x55a79</Data><Data Name='TerminalSessionId'>2</Data><Data Name='IntegrityLevel'>High</Data><Data Name='Hashes'>MD5=A2CD9CF67DEB267D7A2813F00D47245C,SHA256=3BE1ABC6DAF27760A91413B77C4BA0A73EF92115FDA35FF6947B8AD937F54DF9,IMPHASH=2C2E1D73CA9132FDC123B09EF74BD684</Data><Data Name='ParentProcessGuid'>{221ce7aa-5a6a-640c-0102-00000000dd00}</Data><Data Name='ParentProcessId'>4292</Data><Data Name='ParentImage'>C:\Program Files\internet explorer\iexplore.exe</Data><Data Name='ParentCommandLine'>"C:\Program Files\Internet Explorer\iexplore.exe" C:\Users\Administrator\Documents\test.xml</Data><Data Name='ParentUser'>ATTACKDEFENSE\Administrator</Data></EventData></Event><Event xmlns='http://schemas.microsoft.com/win/2004/08/events/event'><System><Provider Name='Microsoft-Windows-Sysmon' Guid='{5770385f-c22a-43e0-bf4c-06f5698ffbd9}'/><EventID>1</EventID><Version>5</Version><Level>4</Level><Task>1</Task><Opcode>0</Opcode><Keywords>0x8000000000000000</Keywords><TimeCreated SystemTime='2023-03-11T10:22:19.050254400Z'/><EventRecordID>1596</EventRecordID><Correlation/><Execution ProcessID='2472' ThreadID='3180'/><Channel>Microsoft-Windows-Sysmon/Operational</Channel><Computer>AttackDefense</Computer><Security UserID='S-1-5-18'/></System><EventData><Data Name='RuleName'>-</Data><Data Name='UtcTime'>2023-03-11 10:22:19.048</Data><Data Name='ProcessGuid'>{221ce7aa-565b-640c-f501-00000000dd00}</Data><Data Name='ProcessId'>2852</Data><Data Name='Image'>C:\Windows\System32\svchost.exe</Data><Data Name='FileVersion'>10.0.17763.1 (WinBuild.160101.0800)</Data><Data Name='Description'>Host Process for Windows Services</Data><Data Name='Product'>Microsoft® Windows® Operating System</Data><Data Name='Company'>Microsoft Corporation</Data><Data Name='OriginalFileName'>svchost.exe</Data><Data Name='CommandLine'>C:\Windows\System32\svchost.exe -k netsvcs -p -s NetSetupSvc</Data><Data Name='CurrentDirectory'>C:\Windows\system32\</Data><Data Name='User'>NT AUTHORITY\SYSTEM</Data><Data Name='LogonGuid'>{221ce7aa-6c88-6409-e703-000000000000}</Data><Data Name='LogonId'>0x3e7</Data><Data Name='TerminalSessionId'>0</Data><Data Name='IntegrityLevel'>System</Data><Data Name='Hashes'>MD5=8A0A29438052FAED8A2532DA50455756,SHA256=7FD065BAC18C5278777AE44908101CDFED72D26FA741367F0AD4D02020787AB6,IMPHASH=247B9220E5D9B720A82B2C8B5069AD69</Data><Data Name='ParentProcessGuid'>{221ce7aa-6c87-6409-0b00-00000000dd00}</Data><Data Name='ParentProcessId'>580</Data><Data Name='ParentImage'>C:\Windows\System32\services.exe</Data><Data Name='ParentCommandLine'>C:\Windows\system32\services.exe</Data><Data Name='ParentUser'>NT AUTHORITY\SYSTEM</Data></EventData></Event><Event xmlns='http://schemas.microsoft.com/win/2004/08/events/event'><System><Provider Name='Microsoft-Windows-Sysmon' Guid='{5770385f-c22a-43e0-bf4c-06f5698ffbd9}'/><EventID>1</EventID><Version>5</Version><Level>4</Level><Task>1</Task><Opcode>0</Opcode><Keywords>0x8000000000000000</Keywords><TimeCreated SystemTime='2023-03-11T10:12:29.905557900Z'/><EventRecordID>1591</EventRecordID><Correlation/><Execution ProcessID='2472' ThreadID='3180'/><Channel>Microsoft-Windows-Sysmon/Operational</Channel><Computer>AttackDefense</Computer><Security UserID='S-1-5-18'/></System><EventData><Data Name='RuleName'>-</Data><Data Name='UtcTime'>2023-03-11 10:12:29.849</Data><Data Name='ProcessGuid'>{221ce7aa-540d-640c-f201-00000000dd00}</Data><Data Name='ProcessId'>4852</Data><Data Name='Image'>C:\Windows\System32\sethc.exe</Data><Data Name='FileVersion'>10.0.17763.1339 (WinBuild.160101.0800)</Data><Data Name='Description'>Accessibility shortcut keys</Data><Data Name='Product'>Microsoft® Windows® Operating System</Data><Data Name='Company'>Microsoft Corporation</Data><Data Name='OriginalFileName'>sethc.exe</Data><Data Name='CommandLine'>"C:\Windows\System32\Sethc.exe" /AccessibilitySoundAgent</Data><Data Name='CurrentDirectory'>C:\Windows\system32\</Data><Data Name='User'>NT AUTHORITY\SYSTEM</Data><Data Name='LogonGuid'>{221ce7aa-6c88-6409-e703-000000000000}</Data><Data Name='LogonId'>0x3e7</Data><Data Name='TerminalSessionId'>2</Data><Data Name='IntegrityLevel'>System</Data><Data Name='Hashes'>MD5=062940BA26F1204EBD5F62DF37D0C3A7,SHA256=52A9E16B777D1FFBBA54A686F9D77AE0AA622EC2FD7A501CEA398B7A53E64793,IMPHASH=22FF4F8C831128EFE52978F175ADCEC0</Data><Data Name='ParentProcessGuid'>{221ce7aa-540d-640c-f001-00000000dd00}</Data><Data Name='ParentProcessId'>4636</Data><Data Name='ParentImage'>C:\Windows\System32\AtBroker.exe</Data><Data Name='ParentCommandLine'>atbroker.exe</Data><Data Name='ParentUser'>NT AUTHORITY\SYSTEM</Data></EventData></Event><Event xmlns='http://schemas.microsoft.com/win/2004/08/events/event'><System><Provider Name='Microsoft-Windows-Sysmon' Guid='{5770385f-c22a-43e0-bf4c-06f5698ffbd9}'/><EventID>1</EventID><Version>5</Version><Level>4</Level><Task>1</Task><Opcode>0</Opcode><Keywords>0x8000000000000000</Keywords><TimeCreated SystemTime='2023-03-11T10:12:30.198275500Z'/><EventRecordID>1594</EventRecordID><Correlation/><Execution ProcessID='2472' ThreadID='3180'/><Channel>Microsoft-Windows-Sysmon/Operational</Channel><Computer>AttackDefense</Computer><Security UserID='S-1-5-18'/></System><EventData><Data Name='RuleName'>-</Data><Data Name='UtcTime'>2023-03-11 10:12:30.156</Data><Data Name='ProcessGuid'>{221ce7aa-540e-640c-f301-00000000dd00}</Data><Data Name='ProcessId'>4304</Data><Data Name='Image'>C:\Windows\System32\taskhostw.exe</Data><Data Name='FileVersion'>10.0.17763.831 (WinBuild.160101.0800)</Data><Data Name='Description'>Host Process for Windows Tasks</Data><Data Name='Product'>Microsoft® Windows® Operating System</Data><Data Name='Company'>Microsoft Corporation</Data><Data Name='OriginalFileName'>taskhostw.exe</Data><Data Name='CommandLine'>taskhostw.exe KEYROAMING</Data><Data Name='CurrentDirectory'>C:\Windows\system32\</Data><Data Name='User'>ATTACKDEFENSE\Administrator</Data><Data Name='LogonGuid'>{221ce7aa-6da3-6409-795a-050000000000}</Data><Data Name='LogonId'>0x55a79</Data><Data Name='TerminalSessionId'>2</Data><Data Name='IntegrityLevel'>High</Data><Data Name='Hashes'>MD5=106B2AEC107DFD22DB51C7A1B29623F8,SHA256=CA620F4DE4A426F129445E4D8A545B7B08B021080E7375A3EA3ED8C8A7212A8F,IMPHASH=9839C7FD9649496B162F72128209528A</Data><Data Name='ParentProcessGuid'>{00000000-0000-0000-0000-000000000000}</Data><Data Name='ParentProcessId'>1464</Data><Data Name='ParentImage'>-</Data><Data Name='ParentCommandLine'>-</Data><Data Name='ParentUser'>-</Data></EventData></Event><Event xmlns='http://schemas.microsoft.com/win/2004/08/events/event'><System><Provider Name='Microsoft-Windows-Sysmon' Guid='{5770385f-c22a-43e0-bf4c-06f5698ffbd9}'/><EventID>1</EventID><Version>5</Version><Level>4</Level><Task>1</Task><Opcode>0</Opcode><Keywords>0x8000000000000000</Keywords><TimeCreated SystemTime='2023-03-11T10:12:30.255282400Z'/><EventRecordID>1595</EventRecordID><Correlation/><Execution ProcessID='2472' ThreadID='3180'/><Channel>Microsoft-Windows-Sysmon/Operational</Channel><Computer>AttackDefense</Computer><Security UserID='S-1-5-18'/></System><EventData><Data Name='RuleName'>-</Data><Data Name='UtcTime'>2023-03-11 10:12:30.207</Data><Data Name='ProcessGuid'>{221ce7aa-540e-640c-f401-00000000dd00}</Data><Data Name='ProcessId'>3284</Data><Data Name='Image'>C:\Windows\System32\AtBroker.exe</Data><Data Name='FileVersion'>10.0.17763.1 (WinBuild.160101.0800)</Data><Data Name='Description'>Windows Assistive Technology Manager</Data><Data Name='Product'>Microsoft® Windows® Operating System</Data><Data Name='Company'>Microsoft Corporation</Data><Data Name='OriginalFileName'>ATBroker.exe</Data><Data Name='CommandLine'>atbroker.exe</Data><Data Name='CurrentDirectory'>C:\Windows\system32\</Data><Data Name='User'>ATTACKDEFENSE\Administrator</Data><Data Name='LogonGuid'>{221ce7aa-6da3-6409-795a-050000000000}</Data><Data Name='LogonId'>0x55a79</Data><Data Name='TerminalSessionId'>2</Data><Data Name='IntegrityLevel'>High</Data><Data Name='Hashes'>MD5=0E175C40A722407F804F30BFB45CEDA8,SHA256=6837E1C70823796EB24D9E5E0209BEA5C857A34F70B936D6D1CF5791C4F74961,IMPHASH=587B1C3FD47818346FB8557408E17403</Data><Data Name='ParentProcessGuid'>{221ce7aa-6da2-6409-7000-00000000dd00}</Data><Data Name='ParentProcessId'>1620</Data><Data Name='ParentImage'>C:\Windows\System32\winlogon.exe</Data><Data Name='ParentCommandLine'>winlogon.exe</Data><Data Name='ParentUser'>NT AUTHORITY\SYSTEM</Data></EventData></Event><Event xmlns='http://schemas.microsoft.com/win/2004/08/events/event'><System><Provider Name='Microsoft-Windows-Sysmon' Guid='{5770385f-c22a-43e0-bf4c-06f5698ffbd9}'/><EventID>1</EventID><Version>5</Version><Level>4</Level><Task>1</Task><Opcode>0</Opcode><Keywords>0x8000000000000000</Keywords><TimeCreated SystemTime='2023-03-11T10:12:28.537157500Z'/><EventRecordID>1585</EventRecordID><Correlation/><Execution ProcessID='2472' ThreadID='3180'/><Channel>Microsoft-Windows-Sysmon/Operational</Channel><Computer>AttackDefense</Computer><Security UserID='S-1-5-18'/></System><EventData><Data Name='RuleName'>-</Data><Data Name='UtcTime'>2023-03-11 10:12:28.535</Data><Data Name='ProcessGuid'>{221ce7aa-540c-640c-ee01-00000000dd00}</Data><Data Name='ProcessId'>3340</Data><Data Name='Image'>C:\Windows\System32\TSTheme.exe</Data><Data Name='FileVersion'>10.0.17763.771 (WinBuild.160101.0800)</Data><Data Name='Description'>TSTheme Server Module</Data><Data Name='Product'>Microsoft® Windows® Operating System</Data><Data Name='Company'>Microsoft Corporation</Data><Data Name='OriginalFileName'>TSThemeS.exe</Data><Data Name='CommandLine'>C:\Windows\system32\TSTheme.exe -Embedding</Data><Data Name='CurrentDirectory'>C:\Windows\system32\</Data><Data Name='User'>ATTACKDEFENSE\Administrator</Data><Data Name='LogonGuid'>{221ce7aa-6da3-6409-795a-050000000000}</Data><Data Name='LogonId'>0x55a79</Data><Data Name='TerminalSessionId'>2</Data><Data Name='IntegrityLevel'>High</Data><Data Name='Hashes'>MD5=7F664C2449A91878B131716D2DD79553,SHA256=0DA195AECD8794062AB5CB3BDEF2BE0230C1E76050C7B11CF609E4F3F23A9DDC,IMPHASH=B70390445EE6DE87340DFE5CB7439893</Data><Data Name='ParentProcessGuid'>{00000000-0000-0000-0000-000000000000}</Data><Data Name='ParentProcessId'>732</Data><Data Name='ParentImage'>-</Data><Data Name='ParentCommandLine'>-</Data><Data Name='ParentUser'>-</Data></EventData></Event><Event xmlns='http://schemas.microsoft.com/win/2004/08/events/event'><System><Provider Name='Microsoft-Windows-Sysmon' Guid='{5770385f-c22a-43e0-bf4c-06f5698ffbd9}'/><EventID>1</EventID><Version>5</Version><Level>4</Level><Task>1</Task><Opcode>0</Opcode><Keywords>0x8000000000000000</Keywords><TimeCreated SystemTime='2023-03-11T10:41:22.768779300Z'/><EventRecordID>1622</EventRecordID><Correlation/><Execution ProcessID='2472' ThreadID='3180'/><Channel>Microsoft-Windows-Sysmon/Operational</Channel><Computer>AttackDefense</Computer><Security UserID='S-1-5-18'/></System><EventData><Data Name='RuleName'>-</Data><Data Name='UtcTime'>2023-03-11 10:41:22.566</Data><Data Name='ProcessGuid'>{221ce7aa-5ad2-640c-0602-00000000dd00}</Data><Data Name='ProcessId'>2960</Data><Data Name='Image'>C:\Program Files (x86)\Internet Explorer\iexplore.exe</Data><Data Name='FileVersion'>11.00.17763.771 (WinBuild.160101.0800)</Data><Data Name='Description'>Internet Explorer</Data><Data Name='Product'>Internet Explorer</Data><Data Name='Company'>Microsoft Corporation</Data><Data Name='OriginalFileName'>IEXPLORE.EXE</Data><Data Name='CommandLine'>"C:\Program Files (x86)\Internet Explorer\IEXPLORE.EXE" SCODEF:4292 CREDAT:82956 /prefetch:2</Data><Data Name='CurrentDirectory'>C:\Users\Administrator\Desktop\</Data><Data Name='User'>ATTACKDEFENSE\Administrator</Data><Data Name='LogonGuid'>{221ce7aa-6da3-6409-795a-050000000000}</Data><Data Name='LogonId'>0x55a79</Data><Data Name='TerminalSessionId'>2</Data><Data Name='IntegrityLevel'>High</Data><Data Name='Hashes'>MD5=A2CD9CF67DEB267D7A2813F00D47245C,SHA256=3BE1ABC6DAF27760A91413B77C4BA0A73EF92115FDA35FF6947B8AD937F54DF9,IMPHASH=2C2E1D73CA9132FDC123B09EF74BD684</Data><Data Name='ParentProcessGuid'>{221ce7aa-5a6a-640c-0102-00000000dd00}</Data><Data Name='ParentProcessId'>4292</Data><Data Name='ParentImage'>C:\Program Files\internet explorer\iexplore.exe</Data><Data Name='ParentCommandLine'>"C:\Program Files\Internet Explorer\iexplore.exe" C:\Users\Administrator\Documents\test.xml</Data><Data Name='ParentUser'>ATTACKDEFENSE\Administrator</Data></EventData></Event><Event xmlns='http://schemas.microsoft.com/win/2004/08/events/event'><System><Provider Name='Microsoft-Windows-Sysmon' Guid='{5770385f-c22a-43e0-bf4c-06f5698ffbd9}'/><EventID>1</EventID><Version>5</Version><Level>4</Level><Task>1</Task><Opcode>0</Opcode><Keywords>0x8000000000000000</Keywords><TimeCreated SystemTime='2023-03-11T10:42:36.704042000Z'/><EventRecordID>1625</EventRecordID><Correlation/><Execution ProcessID='2472' ThreadID='3180'/><Channel>Microsoft-Windows-Sysmon/Operational</Channel><Computer>AttackDefense</Computer><Security UserID='S-1-5-18'/></System><EventData><Data Name='RuleName'>-</Data><Data Name='UtcTime'>2023-03-11 10:42:36.505</Data><Data Name='ProcessGuid'>{221ce7aa-5b1c-640c-0902-00000000dd00}</Data><Data Name='ProcessId'>4996</Data><Data Name='Image'>C:\Windows\System32\rundll32.exe</Data><Data Name='FileVersion'>10.0.17763.1 (WinBuild.160101.0800)</Data><Data Name='Description'>Windows host process (Rundll32)</Data><Data Name='Product'>Microsoft® Windows® Operating System</Data><Data Name='Company'>Microsoft Corporation</Data><Data Name='OriginalFileName'>RUNDLL32.EXE</Data><Data Name='CommandLine'>C:\Windows\system32\rundll32.exe C:\Windows\system32\inetcpl.cpl,ClearMyTracksByProcess Flags:276824072 WinX:0 WinY:0 IEFrame:0000000000000000</Data><Data Name='CurrentDirectory'>C:\Users\Administrator\Desktop\</Data><Data Name='User'>ATTACKDEFENSE\Administrator</Data><Data Name='LogonGuid'>{221ce7aa-6da3-6409-795a-050000000000}</Data><Data Name='LogonId'>0x55a79</Data><Data Name='TerminalSessionId'>2</Data><Data Name='IntegrityLevel'>Medium</Data><Data Name='Hashes'>MD5=C73BA51880F5A7FB20C84185A23212EF,SHA256=01B407AF0200B66A34D9B1FA6D9EAAB758EFA36A36BB99B554384F59F8690B1A,IMPHASH=F27A7FC3A53E74F45BE370131953896A</Data><Data Name='ParentProcessGuid'>{221ce7aa-5a6a-640c-0102-00000000dd00}</Data><Data Name='ParentProcessId'>4292</Data><Data Name='ParentImage'>C:\Program Files\internet explorer\iexplore.exe</Data><Data Name='ParentCommandLine'>"C:\Program Files\Internet Explorer\iexplore.exe" C:\Users\Administrator\Documents\test.xml</Data><Data Name='ParentUser'>ATTACKDEFENSE\Administrator</Data></EventData></Event><Event xmlns='http://schemas.microsoft.com/win/2004/08/events/event'><System><Provider Name='Microsoft-Windows-Sysmon' Guid='{5770385f-c22a-43e0-bf4c-06f5698ffbd9}'/><EventID>1</EventID><Version>5</Version><Level>4</Level><Task>1</Task><Opcode>0</Opcode><Keywords>0x8000000000000000</Keywords><TimeCreated SystemTime='2023-03-11T10:12:29.109394700Z'/><EventRecordID>1586</EventRecordID><Correlation/><Execution ProcessID='2472' ThreadID='3180'/><Channel>Microsoft-Windows-Sysmon/Operational</Channel><Computer>AttackDefense</Computer><Security UserID='S-1-5-18'/></System><EventData><Data Name='RuleName'>-</Data><Data Name='UtcTime'>2023-03-11 10:12:29.072</Data><Data Name='ProcessGuid'>{221ce7aa-540d-640c-ef01-00000000dd00}</Data><Data Name='ProcessId'>2800</Data><Data Name='Image'>C:\Windows\System32\rdpclip.exe</Data><Data Name='FileVersion'>10.0.17763.1131 (WinBuild.160101.0800)</Data><Data Name='Description'>RDP Clipboard Monitor</Data><Data Name='Product'>Microsoft® Windows® Operating System</Data><Data Name='Company'>Microsoft Corporation</Data><Data Name='OriginalFileName'>rdpclip.exe</Data><Data Name='CommandLine'>rdpclip</Data><Data Name='CurrentDirectory'>C:\Windows\system32\</Data><Data Name='User'>ATTACKDEFENSE\Administrator</Data><Data Name='LogonGuid'>{221ce7aa-6da3-6409-795a-050000000000}</Data><Data Name='LogonId'>0x55a79</Data><Data Name='TerminalSessionId'>2</Data><Data Name='IntegrityLevel'>High</Data><Data Name='Hashes'>MD5=9E089ECF8B86983B7A77E3844CD02BB5,SHA256=AF5CAE4B514215E530643A7FEA2D7A47A1B15F6E5610347B217D1ABFA4AE0F92,IMPHASH=E3F33CEBF67721DAC951AFBD20321206</Data><Data Name='ParentProcessGuid'>{221ce7aa-6c89-6409-1600-00000000dd00}</Data><Data Name='ParentProcessId'>1020</Data><Data Name='ParentImage'>C:\Windows\System32\svchost.exe</Data><Data Name='ParentCommandLine'>C:\Windows\System32\svchost.exe -k termsvcs -s TermService</Data><Data Name='ParentUser'>NT AUTHORITY\NETWORK SERVICE</Data></EventData></Event><Event xmlns='http://schemas.microsoft.com/win/2004/08/events/event'><System><Provider Name='Microsoft-Windows-Sysmon' Guid='{5770385f-c22a-43e0-bf4c-06f5698ffbd9}'/><EventID>1</EventID><Version>5</Version><Level>4</Level><Task>1</Task><Opcode>0</Opcode><Keywords>0x8000000000000000</Keywords><TimeCreated SystemTime='2023-03-11T10:42:36.703325800Z'/><EventRecordID>1624</EventRecordID><Correlation/><Execution ProcessID='2472' ThreadID='3180'/><Channel>Microsoft-Windows-Sysmon/Operational</Channel><Computer>AttackDefense</Computer><Security UserID='S-1-5-18'/></System><EventData><Data Name='RuleName'>-</Data><Data Name='UtcTime'>2023-03-11 10:42:36.502</Data><Data Name='ProcessGuid'>{221ce7aa-5b1c-640c-0802-00000000dd00}</Data><Data Name='ProcessId'>3600</Data><Data Name='Image'>C:\Windows\System32\rundll32.exe</Data><Data Name='FileVersion'>10.0.17763.1 (WinBuild.160101.0800)</Data><Data Name='Description'>Windows host process (Rundll32)</Data><Data Name='Product'>Microsoft® Windows® Operating System</Data><Data Name='Company'>Microsoft Corporation</Data><Data Name='OriginalFileName'>RUNDLL32.EXE</Data><Data Name='CommandLine'>C:\Windows\system32\rundll32.exe C:\Windows\system32\inetcpl.cpl,ClearMyTracksByProcess Flags:8388616 WinX:0 WinY:0 IEFrame:0000000000000000</Data><Data Name='CurrentDirectory'>C:\Users\Administrator\Desktop\</Data><Data Name='User'>ATTACKDEFENSE\Administrator</Data><Data Name='LogonGuid'>{221ce7aa-6da3-6409-795a-050000000000}</Data><Data Name='LogonId'>0x55a79</Data><Data Name='TerminalSessionId'>2</Data><Data Name='IntegrityLevel'>Low</Data><Data Name='Hashes'>MD5=C73BA51880F5A7FB20C84185A23212EF,SHA256=01B407AF0200B66A34D9B1FA6D9EAAB758EFA36A36BB99B554384F59F8690B1A,IMPHASH=F27A7FC3A53E74F45BE370131953896A</Data><Data Name='ParentProcessGuid'>{221ce7aa-5a6a-640c-0102-00000000dd00}</Data><Data Name='ParentProcessId'>4292</Data><Data Name='ParentImage'>C:\Program Files\internet explorer\iexplore.exe</Data><Data Name='ParentCommandLine'>"C:\Program Files\Internet Explorer\iexplore.exe" C:\Users\Administrator\Documents\test.xml</Data><Data Name='ParentUser'>ATTACKDEFENSE\Administrator</Data></EventData></Event><Event xmlns='http://schemas.microsoft.com/win/2004/08/events/event'><System><Provider Name='Microsoft-Windows-Sysmon' Guid='{5770385f-c22a-43e0-bf4c-06f5698ffbd9}'/><EventID>1</EventID><Version>5</Version><Level>4</Level><Task>1</Task><Opcode>0</Opcode><Keywords>0x8000000000000000</Keywords><TimeCreated SystemTime='2023-03-11T10:22:30.655329500Z'/><EventRecordID>1597</EventRecordID><Correlation/><Execution ProcessID='2472' ThreadID='3180'/><Channel>Microsoft-Windows-Sysmon/Operational</Channel><Computer>AttackDefense</Computer><Security UserID='S-1-5-18'/></System><EventData><Data Name='RuleName'>-</Data><Data Name='UtcTime'>2023-03-11 10:22:30.653</Data><Data Name='ProcessGuid'>{221ce7aa-5666-640c-f601-00000000dd00}</Data><Data Name='ProcessId'>560</Data><Data Name='Image'>C:\Windows\System32\taskhostw.exe</Data><Data Name='FileVersion'>10.0.17763.831 (WinBuild.160101.0800)</Data><Data Name='Description'>Host Process for Windows Tasks</Data><Data Name='Product'>Microsoft® Windows® Operating System</Data><Data Name='Company'>Microsoft Corporation</Data><Data Name='OriginalFileName'>taskhostw.exe</Data><Data Name='CommandLine'>taskhostw.exe NGCKeyPregen</Data><Data Name='CurrentDirectory'>C:\Windows\system32\</Data><Data Name='User'>NT AUTHORITY\SYSTEM</Data><Data Name='LogonGuid'>{221ce7aa-6c88-6409-e703-000000000000}</Data><Data Name='LogonId'>0x3e7</Data><Data Name='TerminalSessionId'>0</Data><Data Name='IntegrityLevel'>System</Data><Data Name='Hashes'>MD5=106B2AEC107DFD22DB51C7A1B29623F8,SHA256=CA620F4DE4A426F129445E4D8A545B7B08B021080E7375A3EA3ED8C8A7212A8F,IMPHASH=9839C7FD9649496B162F72128209528A</Data><Data Name='ParentProcessGuid'>{00000000-0000-0000-0000-000000000000}</Data><Data Name='ParentProcessId'>1464</Data><Data Name='ParentImage'>-</Data><Data Name='ParentCommandLine'>-</Data><Data Name='ParentUser'>-</Data></EventData></Event><Event xmlns='http://schemas.microsoft.com/win/2004/08/events/event'><System><Provider Name='Microsoft-Windows-Sysmon' Guid='{5770385f-c22a-43e0-bf4c-06f5698ffbd9}'/><EventID>1</EventID><Version>5</Version><Level>4</Level><Task>1</Task><Opcode>0</Opcode><Keywords>0x8000000000000000</Keywords><TimeCreated SystemTime='2023-03-11T10:31:32.640662100Z'/><EventRecordID>1598</EventRecordID><Correlation/><Execution ProcessID='2472' ThreadID='3180'/><Channel>Microsoft-Windows-Sysmon/Operational</Channel><Computer>AttackDefense</Computer><Security UserID='S-1-5-18'/></System><EventData><Data Name='RuleName'>-</Data><Data Name='UtcTime'>2023-03-11 10:31:32.634</Data><Data Name='ProcessGuid'>{221ce7aa-5884-640c-f701-00000000dd00}</Data><Data Name='ProcessId'>2668</Data><Data Name='Image'>C:\Windows\System32\LogonUI.exe</Data><Data Name='FileVersion'>10.0.17763.1 (WinBuild.160101.0800)</Data><Data Name='Description'>Windows Logon User Interface Host</Data><Data Name='Product'>Microsoft® Windows® Operating System</Data><Data Name='Company'>Microsoft Corporation</Data><Data Name='OriginalFileName'>logonui.exe</Data><Data Name='CommandLine'>"LogonUI.exe" /flags:0x0 /state0:0xa3d64055 /state1:0x41c64e6d</Data><Data Name='CurrentDirectory'>C:\Windows\system32\</Data><Data Name='User'>NT AUTHORITY\SYSTEM</Data><Data Name='LogonGuid'>{221ce7aa-6c88-6409-e703-000000000000}</Data><Data Name='LogonId'>0x3e7</Data><Data Name='TerminalSessionId'>2</Data><Data Name='IntegrityLevel'>System</Data><Data Name='Hashes'>MD5=33F89DD9629CB0422A2C17268376232D,SHA256=9358EF8CB7FB08581D74274005263BD8FA2E6E0FC443930B25FD345CF6CE9071,IMPHASH=B9B0B64B08B38276711093CA94348D39</Data><Data Name='ParentProcessGuid'>{221ce7aa-6da2-6409-7000-00000000dd00}</Data><Data Name='ParentProcessId'>1620</Data><Data Name='ParentImage'>C:\Windows\System32\winlogon.exe</Data><Data Name='ParentCommandLine'>winlogon.exe</Data><Data Name='ParentUser'>NT AUTHORITY\SYSTEM</Data></EventData></Event><Event xmlns='http://schemas.microsoft.com/win/2004/08/events/event'><System><Provider Name='Microsoft-Windows-Sysmon' Guid='{5770385f-c22a-43e0-bf4c-06f5698ffbd9}'/><EventID>1</EventID><Version>5</Version><Level>4</Level><Task>1</Task><Opcode>0</Opcode><Keywords>0x8000000000000000</Keywords><TimeCreated SystemTime='2023-03-11T08:36:21.526878300Z'/><EventRecordID>1582</EventRecordID><Correlation/><Execution ProcessID='2472' ThreadID='3180'/><Channel>Microsoft-Windows-Sysmon/Operational</Channel><Computer>AttackDefense</Computer><Security UserID='S-1-5-18'/></System><EventData><Data Name='RuleName'>-</Data><Data Name='UtcTime'>2023-03-11 08:36:21.525</Data><Data Name='ProcessGuid'>{221ce7aa-3d85-640c-ec01-00000000dd00}</Data><Data Name='ProcessId'>2692</Data><Data Name='Image'>C:\Windows\System32\UsoClient.exe</Data><Data Name='FileVersion'>10.0.17763.1007 (WinBuild.160101.0800)</Data><Data Name='Description'>UsoClient</Data><Data Name='Product'>Microsoft® Windows® Operating System</Data><Data Name='Company'>Microsoft Corporation</Data><Data Name='OriginalFileName'>UsoClient</Data><Data Name='CommandLine'>C:\Windows\system32\usoclient.exe StartScan</Data><Data Name='CurrentDirectory'>C:\Windows\system32\</Data><Data Name='User'>NT AUTHORITY\SYSTEM</Data><Data Name='LogonGuid'>{221ce7aa-6c88-6409-e703-000000000000}</Data><Data Name='LogonId'>0x3e7</Data><Data Name='TerminalSessionId'>0</Data><Data Name='IntegrityLevel'>System</Data><Data Name='Hashes'>MD5=39750D33D277617B322ADBB917F7B626,SHA256=DF3900CDC3C6F023037AAF2D4407C4E8AAA909013A69539FB4688E2BD099DB85,IMPHASH=2510E8A4554AEF2CAF0A913BE015929F</Data><Data Name='ParentProcessGuid'>{00000000-0000-0000-0000-000000000000}</Data><Data Name='ParentProcessId'>1464</Data><Data Name='ParentImage'>-</Data><Data Name='ParentCommandLine'>-</Data><Data Name='ParentUser'>-</Data></EventData></Event><Event xmlns='http://schemas.microsoft.com/win/2004/08/events/event'><System><Provider Name='Microsoft-Windows-Sysmon' Guid='{5770385f-c22a-43e0-bf4c-06f5698ffbd9}'/><EventID>1</EventID><Version>5</Version><Level>4</Level><Task>1</Task><Opcode>0</Opcode><Keywords>0x8000000000000000</Keywords><TimeCreated SystemTime='2023-03-11T10:39:38.968857900Z'/><EventRecordID>1614</EventRecordID><Correlation/><Execution ProcessID='2472' ThreadID='3180'/><Channel>Microsoft-Windows-Sysmon/Operational</Channel><Computer>AttackDefense</Computer><Security UserID='S-1-5-18'/></System><EventData><Data Name='RuleName'>-</Data><Data Name='UtcTime'>2023-03-11 10:39:38.784</Data><Data Name='ProcessGuid'>{221ce7aa-5a6a-640c-0102-00000000dd00}</Data><Data Name='ProcessId'>4292</Data><Data Name='Image'>C:\Program Files\internet explorer\iexplore.exe</Data><Data Name='FileVersion'>11.00.17763.771 (WinBuild.160101.0800)</Data><Data Name='Description'>Internet Explorer</Data><Data Name='Product'>Internet Explorer</Data><Data Name='Company'>Microsoft Corporation</Data><Data Name='OriginalFileName'>IEXPLORE.EXE</Data><Data Name='CommandLine'>"C:\Program Files\Internet Explorer\iexplore.exe" C:\Users\Administrator\Documents\test.xml</Data><Data Name='CurrentDirectory'>C:\Users\Administrator\Documents\</Data><Data Name='User'>ATTACKDEFENSE\Administrator</Data><Data Name='LogonGuid'>{221ce7aa-6da3-6409-795a-050000000000}</Data><Data Name='LogonId'>0x55a79</Data><Data Name='TerminalSessionId'>2</Data><Data Name='IntegrityLevel'>High</Data><Data Name='Hashes'>MD5=F640445694FD65DEC07CA3A84F560534,SHA256=28FD5F83C7A2ED53C284BA791F0668C309E287576744530B6E9FC4C228D4B33B,IMPHASH=BF1B4238FCDBB117EDF39418CA0D205C</Data><Data Name='ParentProcessGuid'>{221ce7aa-6da4-6409-8400-00000000dd00}</Data><Data Name='ParentProcessId'>3064</Data><Data Name='ParentImage'>C:\Windows\explorer.exe</Data><Data Name='ParentCommandLine'>C:\Windows\Explorer.EXE</Data><Data Name='ParentUser'>ATTACKDEFENSE\Administrator</Data></EventData></Event><Event xmlns='http://schemas.microsoft.com/win/2004/08/events/event'><System><Provider Name='Microsoft-Windows-Sysmon' Guid='{5770385f-c22a-43e0-bf4c-06f5698ffbd9}'/><EventID>1</EventID><Version>5</Version><Level>4</Level><Task>1</Task><Opcode>0</Opcode><Keywords>0x8000000000000000</Keywords><TimeCreated SystemTime='2023-03-11T10:47:00.230837400Z'/><EventRecordID>1637</EventRecordID><Correlation/><Execution ProcessID='2472' ThreadID='3180'/><Channel>Microsoft-Windows-Sysmon/Operational</Channel><Computer>AttackDefense</Computer><Security UserID='S-1-5-18'/></System><EventData><Data Name='RuleName'>-</Data><Data Name='UtcTime'>2023-03-11 10:47:00.227</Data><Data Name='ProcessGuid'>{221ce7aa-5c24-640c-1502-00000000dd00}</Data><Data Name='ProcessId'>1180</Data><Data Name='Image'>C:\Windows\System32\mmc.exe</Data><Data Name='FileVersion'>10.0.17763.1282 (WinBuild.160101.0800)</Data><Data Name='Description'>Microsoft Management Console</Data><Data Name='Product'>Microsoft® Windows® Operating System</Data><Data Name='Company'>Microsoft Corporation</Data><Data Name='OriginalFileName'>mmc.exe</Data><Data Name='CommandLine'>"C:\Windows\system32\mmc.exe" "C:\Windows\system32\eventvwr.msc" /s</Data><Data Name='CurrentDirectory'>C:\Windows\system32\</Data><Data Name='User'>ATTACKDEFENSE\Administrator</Data><Data Name='LogonGuid'>{221ce7aa-6da3-6409-795a-050000000000}</Data><Data Name='LogonId'>0x55a79</Data><Data Name='TerminalSessionId'>2</Data><Data Name='IntegrityLevel'>High</Data><Data Name='Hashes'>MD5=9317AC7FF7ED5E614E17E49D1EB474CB,SHA256=B82E5D5E2EEBE6EE0AFD1C233148BF5A46DC83A7358FEB86C83E46A388D23B13,IMPHASH=B8EE2D6252332A68B70B22E3D6E377D2</Data><Data Name='ParentProcessGuid'>{221ce7aa-6da4-6409-8400-00000000dd00}</Data><Data Name='ParentProcessId'>3064</Data><Data Name='ParentImage'>C:\Windows\explorer.exe</Data><Data Name='ParentCommandLine'>C:\Windows\Explorer.EXE</Data><Data Name='ParentUser'>ATTACKDEFENSE\Administrator</Data></EventData></Event><Event xmlns='http://schemas.microsoft.com/win/2004/08/events/event'><System><Provider Name='Microsoft-Windows-Sysmon' Guid='{5770385f-c22a-43e0-bf4c-06f5698ffbd9}'/><EventID>1</EventID><Version>5</Version><Level>4</Level><Task>1</Task><Opcode>0</Opcode><Keywords>0x8000000000000000</Keywords><TimeCreated SystemTime='2023-03-11T10:39:41.827106500Z'/><EventRecordID>1617</EventRecordID><Correlation/><Execution ProcessID='2472' ThreadID='3180'/><Channel>Microsoft-Windows-Sysmon/Operational</Channel><Computer>AttackDefense</Computer><Security UserID='S-1-5-18'/></System><EventData><Data Name='RuleName'>-</Data><Data Name='UtcTime'>2023-03-11 10:39:41.628</Data><Data Name='ProcessGuid'>{221ce7aa-5a6d-640c-0302-00000000dd00}</Data><Data Name='ProcessId'>3736</Data><Data Name='Image'>C:\Program Files (x86)\Internet Explorer\iexplore.exe</Data><Data Name='FileVersion'>11.00.17763.771 (WinBuild.160101.0800)</Data><Data Name='Description'>Internet Explorer</Data><Data Name='Product'>Internet Explorer</Data><Data Name='Company'>Microsoft Corporation</Data><Data Name='OriginalFileName'>IEXPLORE.EXE</Data><Data Name='CommandLine'>"C:\Program Files (x86)\Internet Explorer\IEXPLORE.EXE" SCODEF:4292 CREDAT:17410 /prefetch:2</Data><Data Name='CurrentDirectory'>C:\Users\Administrator\Desktop\</Data><Data Name='User'>ATTACKDEFENSE\Administrator</Data><Data Name='LogonGuid'>{221ce7aa-6da3-6409-795a-050000000000}</Data><Data Name='LogonId'>0x55a79</Data><Data Name='TerminalSessionId'>2</Data><Data Name='IntegrityLevel'>High</Data><Data Name='Hashes'>MD5=A2CD9CF67DEB267D7A2813F00D47245C,SHA256=3BE1ABC6DAF27760A91413B77C4BA0A73EF92115FDA35FF6947B8AD937F54DF9,IMPHASH=2C2E1D73CA9132FDC123B09EF74BD684</Data><Data Name='ParentProcessGuid'>{221ce7aa-5a6a-640c-0102-00000000dd00}</Data><Data Name='ParentProcessId'>4292</Data><Data Name='ParentImage'>C:\Program Files\internet explorer\iexplore.exe</Data><Data Name='ParentCommandLine'>"C:\Program Files\Internet Explorer\iexplore.exe" C:\Users\Administrator\Documents\test.xml</Data><Data Name='ParentUser'>ATTACKDEFENSE\Administrator</Data></EventData></Event><Event xmlns='http://schemas.microsoft.com/win/2004/08/events/event'><System><Provider Name='Microsoft-Windows-Sysmon' Guid='{5770385f-c22a-43e0-bf4c-06f5698ffbd9}'/><EventID>1</EventID><Version>5</Version><Level>4</Level><Task>1</Task><Opcode>0</Opcode><Keywords>0x8000000000000000</Keywords><TimeCreated SystemTime='2023-03-11T10:46:48.223233700Z'/><EventRecordID>1636</EventRecordID><Correlation/><Execution ProcessID='2472' ThreadID='3180'/><Channel>Microsoft-Windows-Sysmon/Operational</Channel><Computer>AttackDefense</Computer><Security UserID='S-1-5-18'/></System><EventData><Data Name='RuleName'>-</Data><Data Name='UtcTime'>2023-03-11 10:46:48.200</Data><Data Name='ProcessGuid'>{221ce7aa-5c18-640c-1402-00000000dd00}</Data><Data Name='ProcessId'>2404</Data><Data Name='Image'>C:\Windows\System32\rundll32.exe</Data><Data Name='FileVersion'>10.0.17763.1 (WinBuild.160101.0800)</Data><Data Name='Description'>Windows host process (Rundll32)</Data><Data Name='Product'>Microsoft® Windows® Operating System</Data><Data Name='Company'>Microsoft Corporation</Data><Data Name='OriginalFileName'>RUNDLL32.EXE</Data><Data Name='CommandLine'>C:\Windows\system32\rundll32.exe C:\Windows\system32\inetcpl.cpl,ClearMyTracksByProcess Flags:276824072 WinX:0 WinY:0 IEFrame:0000000000000000</Data><Data Name='CurrentDirectory'>C:\Users\Administrator\Desktop\</Data><Data Name='User'>ATTACKDEFENSE\Administrator</Data><Data Name='LogonGuid'>{221ce7aa-6da3-6409-795a-050000000000}</Data><Data Name='LogonId'>0x55a79</Data><Data Name='TerminalSessionId'>2</Data><Data Name='IntegrityLevel'>High</Data><Data Name='Hashes'>MD5=C73BA51880F5A7FB20C84185A23212EF,SHA256=01B407AF0200B66A34D9B1FA6D9EAAB758EFA36A36BB99B554384F59F8690B1A,IMPHASH=F27A7FC3A53E74F45BE370131953896A</Data><Data Name='ParentProcessGuid'>{221ce7aa-5b89-640c-1002-00000000dd00}</Data><Data Name='ParentProcessId'>4812</Data><Data Name='ParentImage'>C:\Program Files\internet explorer\iexplore.exe</Data><Data Name='ParentCommandLine'>"C:\Program Files\Internet Explorer\iexplore.exe" C:\Users\Administrator\Documents\sysmonconfig-export.xml</Data><Data Name='ParentUser'>ATTACKDEFENSE\Administrator</Data></EventData></Event><Event xmlns='http://schemas.microsoft.com/win/2004/08/events/event'><System><Provider Name='Microsoft-Windows-Sysmon' Guid='{5770385f-c22a-43e0-bf4c-06f5698ffbd9}'/><EventID>1</EventID><Version>5</Version><Level>4</Level><Task>1</Task><Opcode>0</Opcode><Keywords>0x8000000000000000</Keywords><TimeCreated SystemTime='2023-03-11T10:48:50.443454500Z'/><EventRecordID>1638</EventRecordID><Correlation/><Execution ProcessID='2472' ThreadID='3180'/><Channel>Microsoft-Windows-Sysmon/Operational</Channel><Computer>AttackDefense</Computer><Security UserID='S-1-5-18'/></System><EventData><Data Name='RuleName'>-</Data><Data Name='UtcTime'>2023-03-11 10:48:50.441</Data><Data Name='ProcessGuid'>{221ce7aa-5c92-640c-1702-00000000dd00}</Data><Data Name='ProcessId'>4512</Data><Data Name='Image'>C:\Windows\System32\taskhostw.exe</Data><Data Name='FileVersion'>10.0.17763.831 (WinBuild.160101.0800)</Data><Data Name='Description'>Host Process for Windows Tasks</Data><Data Name='Product'>Microsoft® Windows® Operating System</Data><Data Name='Company'>Microsoft Corporation</Data><Data Name='OriginalFileName'>taskhostw.exe</Data><Data Name='CommandLine'>taskhostw.exe NGCKeyPregen</Data><Data Name='CurrentDirectory'>C:\Windows\system32\</Data><Data Name='User'>NT AUTHORITY\SYSTEM</Data><Data Name='LogonGuid'>{221ce7aa-6c88-6409-e703-000000000000}</Data><Data Name='LogonId'>0x3e7</Data><Data Name='TerminalSessionId'>0</Data><Data Name='IntegrityLevel'>System</Data><Data Name='Hashes'>MD5=106B2AEC107DFD22DB51C7A1B29623F8,SHA256=CA620F4DE4A426F129445E4D8A545B7B08B021080E7375A3EA3ED8C8A7212A8F,IMPHASH=9839C7FD9649496B162F72128209528A</Data><Data Name='ParentProcessGuid'>{00000000-0000-0000-0000-000000000000}</Data><Data Name='ParentProcessId'>1464</Data><Data Name='ParentImage'>-</Data><Data Name='ParentCommandLine'>-</Data><Data Name='ParentUser'>-</Data></EventData></Event><Event xmlns='http://schemas.microsoft.com/win/2004/08/events/event'><System><Provider Name='Microsoft-Windows-Sysmon' Guid='{5770385f-c22a-43e0-bf4c-06f5698ffbd9}'/><EventID>1</EventID><Version>5</Version><Level>4</Level><Task>1</Task><Opcode>0</Opcode><Keywords>0x8000000000000000</Keywords><TimeCreated SystemTime='2023-03-11T10:38:49.928200100Z'/><EventRecordID>1611</EventRecordID><Correlation/><Execution ProcessID='2472' ThreadID='3180'/><Channel>Microsoft-Windows-Sysmon/Operational</Channel><Computer>AttackDefense</Computer><Security UserID='S-1-5-18'/></System><EventData><Data Name='RuleName'>-</Data><Data Name='UtcTime'>2023-03-11 10:38:49.815</Data><Data Name='ProcessGuid'>{221ce7aa-5a39-640c-ff01-00000000dd00}</Data><Data Name='ProcessId'>2856</Data><Data Name='Image'>C:\Windows\System32\AtBroker.exe</Data><Data Name='FileVersion'>10.0.17763.1 (WinBuild.160101.0800)</Data><Data Name='Description'>Windows Assistive Technology Manager</Data><Data Name='Product'>Microsoft® Windows® Operating System</Data><Data Name='Company'>Microsoft Corporation</Data><Data Name='OriginalFileName'>ATBroker.exe</Data><Data Name='CommandLine'>atbroker.exe</Data><Data Name='CurrentDirectory'>C:\Windows\system32\</Data><Data Name='User'>ATTACKDEFENSE\Administrator</Data><Data Name='LogonGuid'>{221ce7aa-6da3-6409-795a-050000000000}</Data><Data Name='LogonId'>0x55a79</Data><Data Name='TerminalSessionId'>2</Data><Data Name='IntegrityLevel'>High</Data><Data Name='Hashes'>MD5=0E175C40A722407F804F30BFB45CEDA8,SHA256=6837E1C70823796EB24D9E5E0209BEA5C857A34F70B936D6D1CF5791C4F74961,IMPHASH=587B1C3FD47818346FB8557408E17403</Data><Data Name='ParentProcessGuid'>{221ce7aa-6da2-6409-7000-00000000dd00}</Data><Data Name='ParentProcessId'>1620</Data><Data Name='ParentImage'>C:\Windows\System32\winlogon.exe</Data><Data Name='ParentCommandLine'>winlogon.exe</Data><Data Name='ParentUser'>NT AUTHORITY\SYSTEM</Data></EventData></Event><Event xmlns='http://schemas.microsoft.com/win/2004/08/events/event'><System><Provider Name='Microsoft-Windows-Sysmon' Guid='{5770385f-c22a-43e0-bf4c-06f5698ffbd9}'/><EventID>1</EventID><Version>5</Version><Level>4</Level><Task>1</Task><Opcode>0</Opcode><Keywords>0x8000000000000000</Keywords><TimeCreated SystemTime='2023-03-11T10:38:49.942252900Z'/><EventRecordID>1612</EventRecordID><Correlation/><Execution ProcessID='2472' ThreadID='3180'/><Channel>Microsoft-Windows-Sysmon/Operational</Channel><Computer>AttackDefense</Computer><Security UserID='S-1-5-18'/></System><EventData><Data Name='RuleName'>-</Data><Data Name='UtcTime'>2023-03-11 10:38:49.940</Data><Data Name='ProcessGuid'>{221ce7aa-5a39-640c-0002-00000000dd00}</Data><Data Name='ProcessId'>2404</Data><Data Name='Image'>C:\Windows\System32\taskhostw.exe</Data><Data Name='FileVersion'>10.0.17763.831 (WinBuild.160101.0800)</Data><Data Name='Description'>Host Process for Windows Tasks</Data><Data Name='Product'>Microsoft® Windows® Operating System</Data><Data Name='Company'>Microsoft Corporation</Data><Data Name='OriginalFileName'>taskhostw.exe</Data><Data Name='CommandLine'>taskhostw.exe KEYROAMING</Data><Data Name='CurrentDirectory'>C:\Windows\system32\</Data><Data Name='User'>ATTACKDEFENSE\Administrator</Data><Data Name='LogonGuid'>{221ce7aa-6da3-6409-795a-050000000000}</Data><Data Name='LogonId'>0x55a79</Data><Data Name='TerminalSessionId'>2</Data><Data Name='IntegrityLevel'>High</Data><Data Name='Hashes'>MD5=106B2AEC107DFD22DB51C7A1B29623F8,SHA256=CA620F4DE4A426F129445E4D8A545B7B08B021080E7375A3EA3ED8C8A7212A8F,IMPHASH=9839C7FD9649496B162F72128209528A</Data><Data Name='ParentProcessGuid'>{00000000-0000-0000-0000-000000000000}</Data><Data Name='ParentProcessId'>1464</Data><Data Name='ParentImage'>-</Data><Data Name='ParentCommandLine'>-</Data><Data Name='ParentUser'>-</Data></EventData></Event><Event xmlns='http://schemas.microsoft.com/win/2004/08/events/event'><System><Provider Name='Microsoft-Windows-Sysmon' Guid='{5770385f-c22a-43e0-bf4c-06f5698ffbd9}'/><EventID>1</EventID><Version>5</Version><Level>4</Level><Task>1</Task><Opcode>0</Opcode><Keywords>0x8000000000000000</Keywords><TimeCreated SystemTime='2023-03-11T10:38:49.662803500Z'/><EventRecordID>1608</EventRecordID><Correlation/><Execution ProcessID='2472' ThreadID='3180'/><Channel>Microsoft-Windows-Sysmon/Operational</Channel><Computer>AttackDefense</Computer><Security UserID='S-1-5-18'/></System><EventData><Data Name='RuleName'>-</Data><Data Name='UtcTime'>2023-03-11 10:38:49.648</Data><Data Name='ProcessGuid'>{221ce7aa-5a39-640c-fe01-00000000dd00}</Data><Data Name='ProcessId'>4120</Data><Data Name='Image'>C:\Windows\System32\sethc.exe</Data><Data Name='FileVersion'>10.0.17763.1339 (WinBuild.160101.0800)</Data><Data Name='Description'>Accessibility shortcut keys</Data><Data Name='Product'>Microsoft® Windows® Operating System</Data><Data Name='Company'>Microsoft Corporation</Data><Data Name='OriginalFileName'>sethc.exe</Data><Data Name='CommandLine'>"C:\Windows\System32\Sethc.exe" /AccessibilitySoundAgent</Data><Data Name='CurrentDirectory'>C:\Windows\system32\</Data><Data Name='User'>NT AUTHORITY\SYSTEM</Data><Data Name='LogonGuid'>{221ce7aa-6c88-6409-e703-000000000000}</Data><Data Name='LogonId'>0x3e7</Data><Data Name='TerminalSessionId'>2</Data><Data Name='IntegrityLevel'>System</Data><Data Name='Hashes'>MD5=062940BA26F1204EBD5F62DF37D0C3A7,SHA256=52A9E16B777D1FFBBA54A686F9D77AE0AA622EC2FD7A501CEA398B7A53E64793,IMPHASH=22FF4F8C831128EFE52978F175ADCEC0</Data><Data Name='ParentProcessGuid'>{221ce7aa-5a38-640c-fc01-00000000dd00}</Data><Data Name='ParentProcessId'>4736</Data><Data Name='ParentImage'>C:\Windows\System32\AtBroker.exe</Data><Data Name='ParentCommandLine'>atbroker.exe</Data><Data Name='ParentUser'>NT AUTHORITY\SYSTEM</Data></EventData></Event><Event xmlns='http://schemas.microsoft.com/win/2004/08/events/event'><System><Provider Name='Microsoft-Windows-Sysmon' Guid='{5770385f-c22a-43e0-bf4c-06f5698ffbd9}'/><EventID>1</EventID><Version>5</Version><Level>4</Level><Task>1</Task><Opcode>0</Opcode><Keywords>0x8000000000000000</Keywords><TimeCreated SystemTime='2023-03-11T10:39:41.435368400Z'/><EventRecordID>1616</EventRecordID><Correlation/><Execution ProcessID='2472' ThreadID='3180'/><Channel>Microsoft-Windows-Sysmon/Operational</Channel><Computer>AttackDefense</Computer><Security UserID='S-1-5-18'/></System><EventData><Data Name='RuleName'>-</Data><Data Name='UtcTime'>2023-03-11 10:39:41.408</Data><Data Name='ProcessGuid'>{221ce7aa-5a6d-640c-0202-00000000dd00}</Data><Data Name='ProcessId'>5116</Data><Data Name='Image'>C:\Windows\System32\svchost.exe</Data><Data Name='FileVersion'>10.0.17763.1 (WinBuild.160101.0800)</Data><Data Name='Description'>Host Process for Windows Services</Data><Data Name='Product'>Microsoft® Windows® Operating System</Data><Data Name='Company'>Microsoft Corporation</Data><Data Name='OriginalFileName'>svchost.exe</Data><Data Name='CommandLine'>C:\Windows\system32\svchost.exe -k LocalServiceNetworkRestricted -p -s WinHttpAutoProxySvc</Data><Data Name='CurrentDirectory'>C:\Windows\system32\</Data><Data Name='User'>NT AUTHORITY\LOCAL SERVICE</Data><Data Name='LogonGuid'>{221ce7aa-6c89-6409-e503-000000000000}</Data><Data Name='LogonId'>0x3e5</Data><Data Name='TerminalSessionId'>0</Data><Data Name='IntegrityLevel'>System</Data><Data Name='Hashes'>MD5=8A0A29438052FAED8A2532DA50455756,SHA256=7FD065BAC18C5278777AE44908101CDFED72D26FA741367F0AD4D02020787AB6,IMPHASH=247B9220E5D9B720A82B2C8B5069AD69</Data><Data Name='ParentProcessGuid'>{221ce7aa-6c87-6409-0b00-00000000dd00}</Data><Data Name='ParentProcessId'>580</Data><Data Name='ParentImage'>C:\Windows\System32\services.exe</Data><Data Name='ParentCommandLine'>C:\Windows\system32\services.exe</Data><Data Name='ParentUser'>NT AUTHORITY\SYSTEM</Data></EventData></Event><Event xmlns='http://schemas.microsoft.com/win/2004/08/events/event'><System><Provider Name='Microsoft-Windows-Sysmon' Guid='{5770385f-c22a-43e0-bf4c-06f5698ffbd9}'/><EventID>1</EventID><Version>5</Version><Level>4</Level><Task>1</Task><Opcode>0</Opcode><Keywords>0x8000000000000000</Keywords><TimeCreated SystemTime='2023-03-11T10:44:25.618807200Z'/><EventRecordID>1632</EventRecordID><Correlation/><Execution ProcessID='2472' ThreadID='3180'/><Channel>Microsoft-Windows-Sysmon/Operational</Channel><Computer>AttackDefense</Computer><Security UserID='S-1-5-18'/></System><EventData><Data Name='RuleName'>-</Data><Data Name='UtcTime'>2023-03-11 10:44:25.564</Data><Data Name='ProcessGuid'>{221ce7aa-5b89-640c-1002-00000000dd00}</Data><Data Name='ProcessId'>4812</Data><Data Name='Image'>C:\Program Files\internet explorer\iexplore.exe</Data><Data Name='FileVersion'>11.00.17763.771 (WinBuild.160101.0800)</Data><Data Name='Description'>Internet Explorer</Data><Data Name='Product'>Internet Explorer</Data><Data Name='Company'>Microsoft Corporation</Data><Data Name='OriginalFileName'>IEXPLORE.EXE</Data><Data Name='CommandLine'>"C:\Program Files\Internet Explorer\iexplore.exe" C:\Users\Administrator\Documents\sysmonconfig-export.xml</Data><Data Name='CurrentDirectory'>C:\Users\Administrator\Documents\</Data><Data Name='User'>ATTACKDEFENSE\Administrator</Data><Data Name='LogonGuid'>{221ce7aa-6da3-6409-795a-050000000000}</Data><Data Name='LogonId'>0x55a79</Data><Data Name='TerminalSessionId'>2</Data><Data Name='IntegrityLevel'>High</Data><Data Name='Hashes'>MD5=F640445694FD65DEC07CA3A84F560534,SHA256=28FD5F83C7A2ED53C284BA791F0668C309E287576744530B6E9FC4C228D4B33B,IMPHASH=BF1B4238FCDBB117EDF39418CA0D205C</Data><Data Name='ParentProcessGuid'>{221ce7aa-6da4-6409-8400-00000000dd00}</Data><Data Name='ParentProcessId'>3064</Data><Data Name='ParentImage'>C:\Windows\explorer.exe</Data><Data Name='ParentCommandLine'>C:\Windows\Explorer.EXE</Data><Data Name='ParentUser'>ATTACKDEFENSE\Administrator</Data></EventData></Event><Event xmlns='http://schemas.microsoft.com/win/2004/08/events/event'><System><Provider Name='Microsoft-Windows-Sysmon' Guid='{5770385f-c22a-43e0-bf4c-06f5698ffbd9}'/><EventID>1</EventID><Version>5</Version><Level>4</Level><Task>1</Task><Opcode>0</Opcode><Keywords>0x8000000000000000</Keywords><TimeCreated SystemTime='2023-03-11T10:44:29.379644200Z'/><EventRecordID>1633</EventRecordID><Correlation/><Execution ProcessID='2472' ThreadID='3180'/><Channel>Microsoft-Windows-Sysmon/Operational</Channel><Computer>AttackDefense</Computer><Security UserID='S-1-5-18'/></System><EventData><Data Name='RuleName'>-</Data><Data Name='UtcTime'>2023-03-11 10:44:29.177</Data><Data Name='ProcessGuid'>{221ce7aa-5b8d-640c-1102-00000000dd00}</Data><Data Name='ProcessId'>1016</Data><Data Name='Image'>C:\Program Files (x86)\Internet Explorer\iexplore.exe</Data><Data Name='FileVersion'>11.00.17763.771 (WinBuild.160101.0800)</Data><Data Name='Description'>Internet Explorer</Data><Data Name='Product'>Internet Explorer</Data><Data Name='Company'>Microsoft Corporation</Data><Data Name='OriginalFileName'>IEXPLORE.EXE</Data><Data Name='CommandLine'>"C:\Program Files (x86)\Internet Explorer\IEXPLORE.EXE" SCODEF:4812 CREDAT:17410 /prefetch:2</Data><Data Name='CurrentDirectory'>C:\Users\Administrator\Desktop\</Data><Data Name='User'>ATTACKDEFENSE\Administrator</Data><Data Name='LogonGuid'>{221ce7aa-6da3-6409-795a-050000000000}</Data><Data Name='LogonId'>0x55a79</Data><Data Name='TerminalSessionId'>2</Data><Data Name='IntegrityLevel'>High</Data><Data Name='Hashes'>MD5=A2CD9CF67DEB267D7A2813F00D47245C,SHA256=3BE1ABC6DAF27760A91413B77C4BA0A73EF92115FDA35FF6947B8AD937F54DF9,IMPHASH=2C2E1D73CA9132FDC123B09EF74BD684</Data><Data Name='ParentProcessGuid'>{221ce7aa-5b89-640c-1002-00000000dd00}</Data><Data Name='ParentProcessId'>4812</Data><Data Name='ParentImage'>C:\Program Files\internet explorer\iexplore.exe</Data><Data Name='ParentCommandLine'>"C:\Program Files\Internet Explorer\iexplore.exe" C:\Users\Administrator\Documents\sysmonconfig-export.xml</Data><Data Name='ParentUser'>ATTACKDEFENSE\Administrator</Data></EventData></Event><Event xmlns='http://schemas.microsoft.com/win/2004/08/events/event'><System><Provider Name='Microsoft-Windows-Sysmon' Guid='{5770385f-c22a-43e0-bf4c-06f5698ffbd9}'/><EventID>1</EventID><Version>5</Version><Level>4</Level><Task>1</Task><Opcode>0</Opcode><Keywords>0x8000000000000000</Keywords><TimeCreated SystemTime='2023-03-11T00:34:46.014111900Z'/><EventRecordID>1508</EventRecordID><Correlation/><Execution ProcessID='2472' ThreadID='3180'/><Channel>Microsoft-Windows-Sysmon/Operational</Channel><Computer>AttackDefense</Computer><Security UserID='S-1-5-18'/></System><EventData><Data Name='RuleName'>-</Data><Data Name='UtcTime'>2023-03-11 00:34:46.012</Data><Data Name='ProcessGuid'>{221ce7aa-cca6-640b-cc01-00000000dd00}</Data><Data Name='ProcessId'>1028</Data><Data Name='Image'>C:\Windows\System32\taskhostw.exe</Data><Data Name='FileVersion'>10.0.17763.831 (WinBuild.160101.0800)</Data><Data Name='Description'>Host Process for Windows Tasks</Data><Data Name='Product'>Microsoft® Windows® Operating System</Data><Data Name='Company'>Microsoft Corporation</Data><Data Name='OriginalFileName'>taskhostw.exe</Data><Data Name='CommandLine'>taskhostw.exe</Data><Data Name='CurrentDirectory'>C:\Windows\system32\</Data><Data Name='User'>NT AUTHORITY\SYSTEM</Data><Data Name='LogonGuid'>{221ce7aa-6c88-6409-e703-000000000000}</Data><Data Name='LogonId'>0x3e7</Data><Data Name='TerminalSessionId'>0</Data><Data Name='IntegrityLevel'>System</Data><Data Name='Hashes'>MD5=106B2AEC107DFD22DB51C7A1B29623F8,SHA256=CA620F4DE4A426F129445E4D8A545B7B08B021080E7375A3EA3ED8C8A7212A8F,IMPHASH=9839C7FD9649496B162F72128209528A</Data><Data Name='ParentProcessGuid'>{00000000-0000-0000-0000-000000000000}</Data><Data Name='ParentProcessId'>1464</Data><Data Name='ParentImage'>-</Data><Data Name='ParentCommandLine'>-</Data><Data Name='ParentUser'>-</Data></EventData></Event>